Running 30s test @ https://bench-eth2.netdev-lab.org/300k.bin
  4 threads and 100 connections
  Thread calibration: mean lat.: 128.935ms, rate sampling interval: 435ms
  Thread calibration: mean lat.: 118.800ms, rate sampling interval: 400ms
  Thread calibration: mean lat.: 123.867ms, rate sampling interval: 403ms
  Thread calibration: mean lat.: 117.952ms, rate sampling interval: 360ms
  Thread Stats   Avg      Stdev     Max   +/- Stdev
    Latency   117.10ms   85.24ms   1.07s    81.66%
    Req/Sec    62.85      7.24    83.00     78.79%
  Latency Distribution (HdrHistogram - Recorded Latency)
 50.000%  109.06ms
 75.000%  154.24ms
 90.000%  187.78ms
 99.000%  505.34ms
 99.900%  641.53ms
 99.990%    1.07s 
 99.999%    1.07s 
100.000%    1.07s 

  Detailed Percentile spectrum:
       Value   Percentile   TotalCount 1/(1-Percentile)

       5.555     0.000000            2         1.00
      29.663     0.100000          504         1.11
      48.447     0.200000         1006         1.25
      67.199     0.300000         1508         1.43
      87.103     0.400000         2011         1.67
     109.055     0.500000         2514         2.00
     122.047     0.550000         2769         2.22
     133.247     0.600000         3024         2.50
     141.567     0.650000         3268         2.86
     147.071     0.700000         3520         3.33
     154.239     0.750000         3771         4.00
     157.951     0.775000         3897         4.44
     162.303     0.800000         4024         5.00
     166.655     0.825000         4151         5.71
     172.159     0.850000         4274         6.67
     178.687     0.875000         4398         8.00
     182.911     0.887500         4461         8.89
     187.903     0.900000         4524        10.00
     193.023     0.912500         4587        11.43
     199.807     0.925000         4650        13.33
     215.679     0.937500         4712        16.00
     228.991     0.943750         4744        17.78
     251.647     0.950000         4775        20.00
     263.679     0.956250         4807        22.86
     277.503     0.962500         4840        26.67
     289.791     0.968750         4869        32.00
     299.263     0.971875         4885        35.56
     311.551     0.975000         4902        40.00
     326.399     0.978125         4917        45.71
     378.879     0.981250         4932        53.33
     411.391     0.984375         4948        64.00
     423.679     0.985938         4956        71.11
     473.599     0.987500         4964        80.00
     488.191     0.989062         4972        91.43
     512.255     0.990625         4979       106.67
     525.311     0.992188         4987       128.00
     532.479     0.992969         4991       142.22
     540.671     0.993750         4995       160.00
     561.151     0.994531         4999       182.86
     567.807     0.995313         5003       213.33
     569.343     0.996094         5007       256.00
     571.903     0.996484         5009       284.44
     573.439     0.996875         5011       320.00
     575.999     0.997266         5013       365.71
     580.607     0.997656         5015       426.67
     585.727     0.998047         5017       512.00
     597.503     0.998242         5018       568.89
     600.575     0.998437         5019       640.00
     623.103     0.998633         5020       731.43
     641.535     0.998828         5021       853.33
     670.719     0.999023         5022      1024.00
     670.719     0.999121         5022      1137.78
     683.007     0.999219         5023      1280.00
     683.007     0.999316         5023      1462.86
    1008.639     0.999414         5024      1706.67
    1008.639     0.999512         5024      2048.00
    1008.639     0.999561         5024      2275.56
    1069.055     0.999609         5026      2560.00
    1069.055     1.000000         5026          inf
#[Mean    =      117.100, StdDeviation   =       85.240]
#[Max     =     1068.032, Total count    =         5026]
#[Buckets =           27, SubBuckets     =         2048]
----------------------------------------------------------
  7627 requests in 30.05s, 2.19GB read
Requests/sec:    253.83
Transfer/sec:     74.49MB
