Running 30s test @ https://bench-eth2.netdev-lab.org/1024k.bin
  4 threads and 100 connections
  Thread calibration: mean lat.: 665.826ms, rate sampling interval: 1795ms
  Thread calibration: mean lat.: 654.584ms, rate sampling interval: 1765ms
  Thread calibration: mean lat.: 659.281ms, rate sampling interval: 1767ms
  Thread calibration: mean lat.: 663.711ms, rate sampling interval: 1771ms
  Thread Stats   Avg      Stdev     Max   +/- Stdev
    Latency   663.62ms  238.01ms   1.10s    75.96%
    Req/Sec    17.41      3.59    25.00     84.09%
  Latency Distribution (HdrHistogram - Recorded Latency)
 50.000%  740.86ms
 75.000%  856.58ms
 90.000%  889.86ms
 99.000%  941.05ms
 99.900%    1.06s 
 99.990%    1.10s 
 99.999%    1.10s 
100.000%    1.10s 

  Detailed Percentile spectrum:
       Value   Percentile   TotalCount 1/(1-Percentile)

      36.319     0.000000            1         1.00
     250.623     0.100000          141         1.11
     477.951     0.200000          282         1.25
     584.191     0.300000          424         1.43
     669.183     0.400000          565         1.67
     740.863     0.500000          705         2.00
     778.751     0.550000          777         2.22
     800.767     0.600000          846         2.50
     823.807     0.650000          920         2.86
     845.823     0.700000          987         3.33
     856.575     0.750000         1059         4.00
     860.671     0.775000         1095         4.44
     864.767     0.800000         1129         5.00
     868.863     0.825000         1168         5.71
     873.471     0.850000         1201         6.67
     883.199     0.875000         1238         8.00
     886.271     0.887500         1252         8.89
     889.855     0.900000         1269        10.00
     895.999     0.912500         1288        11.43
     899.583     0.925000         1305        13.33
     904.191     0.937500         1324        16.00
     906.239     0.943750         1331        17.78
     908.799     0.950000         1341        20.00
     910.335     0.956250         1349        22.86
     912.895     0.962500         1359        26.67
     916.479     0.968750         1367        32.00
     919.039     0.971875         1371        35.56
     921.599     0.975000         1376        40.00
     923.135     0.978125         1380        45.71
     926.207     0.981250         1385        53.33
     928.255     0.984375         1388        64.00
     934.399     0.985938         1391        71.11
     935.935     0.987500         1393        80.00
     940.031     0.989062         1395        91.43
     943.103     0.990625         1398       106.67
     943.615     0.992188         1399       128.00
     950.783     0.992969         1402       142.22
     950.783     0.993750         1402       160.00
     951.295     0.994531         1403       182.86
     954.879     0.995313         1404       213.33
     956.415     0.996094         1405       256.00
    1005.055     0.996484         1406       284.44
    1005.055     0.996875         1406       320.00
    1009.151     0.997266         1407       365.71
    1009.151     0.997656         1407       426.67
    1051.647     0.998047         1408       512.00
    1051.647     0.998242         1408       568.89
    1051.647     0.998437         1408       640.00
    1061.887     0.998633         1409       731.43
    1061.887     0.998828         1409       853.33
    1061.887     0.999023         1409      1024.00
    1061.887     0.999121         1409      1137.78
    1061.887     0.999219         1409      1280.00
    1102.847     0.999316         1410      1462.86
    1102.847     1.000000         1410          inf
#[Mean    =      663.624, StdDeviation   =      238.007]
#[Max     =     1101.824, Total count    =         1410]
#[Buckets =           27, SubBuckets     =         2048]
----------------------------------------------------------
  2119 requests in 30.13s, 2.10GB read
Requests/sec:     70.34
Transfer/sec:     71.35MB
