Running 30s test @ https://bench-eth2.netdev-lab.org/100k.bin
  4 threads and 100 connections
  Thread calibration: mean lat.: 34.139ms, rate sampling interval: 72ms
  Thread calibration: mean lat.: 35.358ms, rate sampling interval: 75ms
  Thread calibration: mean lat.: 38.775ms, rate sampling interval: 77ms
  Thread calibration: mean lat.: 36.083ms, rate sampling interval: 74ms
  Thread Stats   Avg      Stdev     Max   +/- Stdev
    Latency    28.82ms   55.60ms   1.07s    91.72%
    Req/Sec   180.61     79.67   527.00     76.88%
  Latency Distribution (HdrHistogram - Recorded Latency)
 50.000%   12.78ms
 75.000%   24.24ms
 90.000%   36.32ms
 99.000%  237.31ms
 99.900%  474.62ms
 99.990%  979.46ms
 99.999%    1.07s 
100.000%    1.07s 

  Detailed Percentile spectrum:
       Value   Percentile   TotalCount 1/(1-Percentile)

       2.917     0.000000            1         1.00
       5.251     0.100000         1432         1.11
       6.427     0.200000         2863         1.25
       8.019     0.300000         4294         1.43
       9.839     0.400000         5724         1.67
      12.775     0.500000         7153         2.00
      14.463     0.550000         7869         2.22
      16.511     0.600000         8587         2.50
      18.767     0.650000         9303         2.86
      21.359     0.700000        10016         3.33
      24.239     0.750000        10733         4.00
      25.759     0.775000        11089         4.44
      27.295     0.800000        11447         5.00
      28.591     0.825000        11806         5.71
      30.127     0.850000        12161         6.67
      32.223     0.875000        12518         8.00
      33.695     0.887500        12699         8.89
      36.351     0.900000        12876        10.00
      66.815     0.912500        13055        11.43
      91.391     0.925000        13234        13.33
     102.207     0.937500        13413        16.00
     108.479     0.943750        13502        17.78
     121.599     0.950000        13591        20.00
     214.911     0.956250        13683        22.86
     218.879     0.962500        13774        26.67
     221.823     0.968750        13859        32.00
     223.487     0.971875        13906        35.56
     225.023     0.975000        13952        40.00
     226.559     0.978125        13996        45.71
     228.607     0.981250        14040        53.33
     230.911     0.984375        14084        64.00
     232.319     0.985938        14108        71.11
     234.239     0.987500        14128        80.00
     236.031     0.989062        14150        91.43
     238.847     0.990625        14173       106.67
     242.047     0.992188        14195       128.00
     246.783     0.992969        14206       142.22
     258.815     0.993750        14217       160.00
     286.719     0.994531        14228       182.86
     304.383     0.995313        14239       213.33
     324.351     0.996094        14251       256.00
     331.519     0.996484        14256       284.44
     356.351     0.996875        14262       320.00
     400.895     0.997266        14267       365.71
     428.031     0.997656        14273       426.67
     432.895     0.998047        14279       512.00
     433.407     0.998242        14281       568.89
     435.199     0.998437        14285       640.00
     437.759     0.998633        14287       731.43
     455.679     0.998828        14290       853.33
     475.391     0.999023        14293      1024.00
     498.175     0.999121        14294      1137.78
     505.087     0.999219        14295      1280.00
     535.551     0.999316        14297      1462.86
     536.575     0.999414        14298      1706.67
     672.767     0.999512        14300      2048.00
     672.767     0.999561        14300      2275.56
     768.511     0.999609        14301      2560.00
     807.423     0.999658        14302      2925.71
     807.423     0.999707        14302      3413.33
     901.119     0.999756        14303      4096.00
     901.119     0.999780        14303      4551.11
     938.495     0.999805        14304      5120.00
     938.495     0.999829        14304      5851.43
     938.495     0.999854        14304      6826.67
     979.455     0.999878        14305      8192.00
     979.455     0.999890        14305      9102.22
     979.455     0.999902        14305     10240.00
     979.455     0.999915        14305     11702.86
     979.455     0.999927        14305     13653.33
    1067.007     0.999939        14306     16384.00
    1067.007     1.000000        14306          inf
#[Mean    =       28.823, StdDeviation   =       55.604]
#[Max     =     1065.984, Total count    =        14306]
#[Buckets =           27, SubBuckets     =         2048]
----------------------------------------------------------
  21417 requests in 30.03s, 2.05GB read
Requests/sec:    713.07
Transfer/sec:     69.82MB
