Running 30s test @ https://bench-eth2.netdev-lab.org/100k.bin
  4 threads and 100 connections
  Thread calibration: mean lat.: 37.682ms, rate sampling interval: 170ms
  Thread calibration: mean lat.: 25.650ms, rate sampling interval: 85ms
  Thread calibration: mean lat.: 52.387ms, rate sampling interval: 262ms
  Thread calibration: mean lat.: 27.058ms, rate sampling interval: 84ms
  Thread Stats   Avg      Stdev     Max   +/- Stdev
    Latency    33.58ms   63.30ms   1.08s    91.39%
    Req/Sec   180.38     36.17   335.00     74.39%
  Latency Distribution (HdrHistogram - Recorded Latency)
 50.000%   13.21ms
 75.000%   26.64ms
 90.000%   84.35ms
 99.000%  263.94ms
 99.900%  522.75ms
 99.990%  993.79ms
 99.999%    1.08s 
100.000%    1.08s 

  Detailed Percentile spectrum:
       Value   Percentile   TotalCount 1/(1-Percentile)

       2.961     0.000000            1         1.00
       5.255     0.100000         1433         1.11
       6.491     0.200000         2862         1.25
       7.887     0.300000         4291         1.43
       9.823     0.400000         5722         1.67
      13.207     0.500000         7153         2.00
      15.511     0.550000         7872         2.22
      17.935     0.600000         8584         2.50
      20.623     0.650000         9297         2.86
      23.471     0.700000        10013         3.33
      26.655     0.750000        10732         4.00
      28.639     0.775000        11090         4.44
      30.815     0.800000        11444         5.00
      33.279     0.825000        11801         5.71
      36.959     0.850000        12160         6.67
      43.775     0.875000        12516         8.00
      53.247     0.887500        12694         8.89
      84.351     0.900000        12873        10.00
      95.871     0.912500        13052        11.43
     109.311     0.925000        13231        13.33
     136.703     0.937500        13410        16.00
     184.831     0.943750        13499        17.78
     217.215     0.950000        13590        20.00
     221.439     0.956250        13680        22.86
     224.767     0.962500        13769        26.67
     228.863     0.968750        13858        32.00
     231.039     0.971875        13901        35.56
     235.007     0.975000        13946        40.00
     237.823     0.978125        13991        45.71
     241.279     0.981250        14035        53.33
     246.527     0.984375        14081        64.00
     251.007     0.985938        14102        71.11
     256.383     0.987500        14125        80.00
     260.863     0.989062        14147        91.43
     268.799     0.990625        14170       106.67
     291.583     0.992188        14192       128.00
     305.407     0.992969        14203       142.22
     320.255     0.993750        14214       160.00
     330.495     0.994531        14225       182.86
     341.759     0.995313        14236       213.33
     357.631     0.996094        14248       256.00
     368.639     0.996484        14253       284.44
     403.967     0.996875        14259       320.00
     432.895     0.997266        14264       365.71
     446.719     0.997656        14270       426.67
     464.383     0.998047        14276       512.00
     469.247     0.998242        14278       568.89
     475.391     0.998437        14281       640.00
     488.959     0.998633        14284       731.43
     498.687     0.998828        14287       853.33
     556.031     0.999023        14290      1024.00
     616.959     0.999121        14291      1137.78
     622.591     0.999219        14293      1280.00
     744.447     0.999316        14294      1462.86
     755.199     0.999414        14296      1706.67
     768.511     0.999512        14297      2048.00
     768.511     0.999561        14297      2275.56
     871.935     0.999609        14298      2560.00
     884.223     0.999658        14299      2925.71
     884.223     0.999707        14299      3413.33
     886.271     0.999756        14300      4096.00
     886.271     0.999780        14300      4551.11
     888.319     0.999805        14301      5120.00
     888.319     0.999829        14301      5851.43
     888.319     0.999854        14301      6826.67
     993.791     0.999878        14302      8192.00
     993.791     0.999890        14302      9102.22
     993.791     0.999902        14302     10240.00
     993.791     0.999915        14302     11702.86
     993.791     0.999927        14302     13653.33
    1082.367     0.999939        14303     16384.00
    1082.367     1.000000        14303          inf
#[Mean    =       33.575, StdDeviation   =       63.302]
#[Max     =     1081.344, Total count    =        14303]
#[Buckets =           27, SubBuckets     =         2048]
----------------------------------------------------------
  21423 requests in 30.03s, 2.05GB read
Requests/sec:    713.30
Transfer/sec:     69.84MB
