Running 30s test @ https://bench-eth2.netdev-lab.org/100k.bin
  4 threads and 100 connections
  Thread calibration: mean lat.: 4.961ms, rate sampling interval: 16ms
  Thread calibration: mean lat.: 5.077ms, rate sampling interval: 17ms
  Thread calibration: mean lat.: 5.054ms, rate sampling interval: 16ms
  Thread calibration: mean lat.: 5.203ms, rate sampling interval: 17ms
  Thread Stats   Avg      Stdev     Max   +/- Stdev
    Latency     5.02ms    2.64ms  63.33ms   74.03%
    Req/Sec   230.24     52.94   437.00     71.16%
  Latency Distribution (HdrHistogram - Recorded Latency)
 50.000%    4.33ms
 75.000%    6.30ms
 90.000%    8.55ms
 99.000%   13.07ms
 99.900%   20.58ms
 99.990%   33.95ms
 99.999%   63.36ms
100.000%   63.36ms

  Detailed Percentile spectrum:
       Value   Percentile   TotalCount 1/(1-Percentile)

       1.225     0.000000            1         1.00
       2.365     0.100000         1788         1.11
       2.987     0.200000         3558         1.25
       3.485     0.300000         5341         1.43
       3.895     0.400000         7120         1.67
       4.331     0.500000         8897         2.00
       4.563     0.550000         9795         2.22
       4.855     0.600000        10675         2.50
       5.291     0.650000        11571         2.86
       5.751     0.700000        12453         3.33
       6.299     0.750000        13346         4.00
       6.651     0.775000        13790         4.44
       7.011     0.800000        14236         5.00
       7.379     0.825000        14677         5.71
       7.747     0.850000        15122         6.67
       8.127     0.875000        15570         8.00
       8.319     0.887500        15796         8.89
       8.551     0.900000        16018        10.00
       8.791     0.912500        16240        11.43
       9.127     0.925000        16456        13.33
       9.471     0.937500        16679        16.00
       9.663     0.943750        16789        17.78
       9.887     0.950000        16901        20.00
      10.111     0.956250        17013        22.86
      10.327     0.962500        17122        26.67
      10.695     0.968750        17235        32.00
      10.879     0.971875        17289        35.56
      11.103     0.975000        17346        40.00
      11.343     0.978125        17400        45.71
      11.743     0.981250        17457        53.33
      12.151     0.984375        17514        64.00
      12.319     0.985938        17539        71.11
      12.519     0.987500        17567        80.00
      12.919     0.989062        17596        91.43
      13.279     0.990625        17623       106.67
      13.599     0.992188        17651       128.00
      13.799     0.992969        17664       142.22
      14.311     0.993750        17678       160.00
      14.871     0.994531        17692       182.86
      15.695     0.995313        17706       213.33
      16.143     0.996094        17720       256.00
      16.527     0.996484        17727       284.44
      17.007     0.996875        17734       320.00
      17.359     0.997266        17742       365.71
      17.695     0.997656        17748       426.67
      18.431     0.998047        17755       512.00
      18.639     0.998242        17758       568.89
      19.183     0.998437        17762       640.00
      19.807     0.998633        17765       731.43
      20.415     0.998828        17769       853.33
      20.655     0.999023        17772      1024.00
      21.151     0.999121        17775      1137.78
      21.391     0.999219        17776      1280.00
      21.599     0.999316        17777      1462.86
      22.063     0.999414        17779      1706.67
      22.847     0.999512        17781      2048.00
      23.359     0.999561        17782      2275.56
      24.479     0.999609        17783      2560.00
      24.479     0.999658        17783      2925.71
      25.983     0.999707        17784      3413.33
      27.007     0.999756        17785      4096.00
      30.255     0.999780        17786      4551.11
      30.255     0.999805        17786      5120.00
      30.255     0.999829        17786      5851.43
      33.951     0.999854        17787      6826.67
      33.951     0.999878        17787      8192.00
      35.135     0.999890        17788      9102.22
      35.135     0.999902        17788     10240.00
      35.135     0.999915        17788     11702.86
      35.135     0.999927        17788     13653.33
      35.135     0.999939        17788     16384.00
      63.359     0.999945        17789     18204.44
      63.359     1.000000        17789          inf
#[Mean    =        5.023, StdDeviation   =        2.636]
#[Max     =       63.328, Total count    =        17789]
#[Buckets =           27, SubBuckets     =         2048]
----------------------------------------------------------
  26848 requests in 30.00s, 2.57GB read
Requests/sec:    894.86
Transfer/sec:     87.61MB
