Running 30s test @ https://bench-eth2.netdev-lab.org/100k.bin
  4 threads and 100 connections
  Thread calibration: mean lat.: 4.945ms, rate sampling interval: 16ms
  Thread calibration: mean lat.: 5.232ms, rate sampling interval: 18ms
  Thread calibration: mean lat.: 5.161ms, rate sampling interval: 17ms
  Thread calibration: mean lat.: 4.944ms, rate sampling interval: 16ms
  Thread Stats   Avg      Stdev     Max   +/- Stdev
    Latency     5.10ms    2.79ms  54.98ms   76.15%
    Req/Sec   229.97     52.53   437.00     70.19%
  Latency Distribution (HdrHistogram - Recorded Latency)
 50.000%    4.32ms
 75.000%    6.36ms
 90.000%    8.69ms
 99.000%   14.46ms
 99.900%   20.85ms
 99.990%   34.65ms
 99.999%   55.01ms
100.000%   55.01ms

  Detailed Percentile spectrum:
       Value   Percentile   TotalCount 1/(1-Percentile)

       1.219     0.000000            1         1.00
       2.385     0.100000         1782         1.11
       3.021     0.200000         3563         1.25
       3.523     0.300000         5341         1.43
       3.919     0.400000         7121         1.67
       4.315     0.500000         8908         2.00
       4.535     0.550000         9791         2.22
       4.807     0.600000        10679         2.50
       5.219     0.650000        11565         2.86
       5.767     0.700000        12457         3.33
       6.355     0.750000        13346         4.00
       6.703     0.775000        13790         4.44
       7.055     0.800000        14235         5.00
       7.447     0.825000        14680         5.71
       7.863     0.850000        15126         6.67
       8.279     0.875000        15582         8.00
       8.471     0.887500        15799         8.89
       8.687     0.900000        16015        10.00
       8.959     0.912500        16238        11.43
       9.247     0.925000        16459        13.33
       9.695     0.937500        16680        16.00
       9.991     0.943750        16795        17.78
      10.191     0.950000        16904        20.00
      10.479     0.956250        17016        22.86
      10.855     0.962500        17127        26.67
      11.375     0.968750        17237        32.00
      11.791     0.971875        17294        35.56
      12.215     0.975000        17348        40.00
      12.775     0.978125        17403        45.71
      13.287     0.981250        17459        53.33
      13.591     0.984375        17516        64.00
      13.807     0.985938        17542        71.11
      13.991     0.987500        17570        80.00
      14.319     0.989062        17598        91.43
      14.719     0.990625        17626       106.67
      15.239     0.992188        17653       128.00
      15.695     0.992969        17667       142.22
      16.039     0.993750        17682       160.00
      16.543     0.994531        17695       182.86
      16.799     0.995313        17710       213.33
      17.263     0.996094        17723       256.00
      17.535     0.996484        17730       284.44
      17.823     0.996875        17737       320.00
      18.191     0.997266        17744       365.71
      18.591     0.997656        17751       426.67
      19.007     0.998047        17758       512.00
      19.135     0.998242        17761       568.89
      19.455     0.998437        17765       640.00
      19.727     0.998633        17768       731.43
      20.255     0.998828        17772       853.33
      20.863     0.999023        17775      1024.00
      21.199     0.999121        17777      1137.78
      21.631     0.999219        17779      1280.00
      21.775     0.999316        17780      1462.86
      21.999     0.999414        17782      1706.67
      22.447     0.999512        17784      2048.00
      22.863     0.999561        17785      2275.56
      25.199     0.999609        17786      2560.00
      25.199     0.999658        17786      2925.71
      27.215     0.999707        17787      3413.33
      29.263     0.999756        17788      4096.00
      30.415     0.999780        17789      4551.11
      30.415     0.999805        17789      5120.00
      30.415     0.999829        17789      5851.43
      34.655     0.999854        17790      6826.67
      34.655     0.999878        17790      8192.00
      35.007     0.999890        17791      9102.22
      35.007     0.999902        17791     10240.00
      35.007     0.999915        17791     11702.86
      35.007     0.999927        17791     13653.33
      35.007     0.999939        17791     16384.00
      55.007     0.999945        17792     18204.44
      55.007     1.000000        17792          inf
#[Mean    =        5.099, StdDeviation   =        2.785]
#[Max     =       54.976, Total count    =        17792]
#[Buckets =           27, SubBuckets     =         2048]
----------------------------------------------------------
  26848 requests in 30.00s, 2.57GB read
Requests/sec:    894.84
Transfer/sec:     87.61MB
