Running 30s test @ https://bench-eth2.netdev-lab.org/300k.bin
  4 threads and 100 connections
  Thread calibration: mean lat.: 617.486ms, rate sampling interval: 4145ms
  Thread calibration: mean lat.: 868.393ms, rate sampling interval: 6320ms
  Thread calibration: mean lat.: 525.867ms, rate sampling interval: 2877ms
  Thread calibration: mean lat.: 674.976ms, rate sampling interval: 3446ms
  Thread Stats   Avg      Stdev     Max   +/- Stdev
    Latency     1.98s     3.52s   18.40s    84.33%
    Req/Sec    53.56      3.37    59.00     72.22%
  Latency Distribution (HdrHistogram - Recorded Latency)
 50.000%  256.77ms
 75.000%    1.13s 
 90.000%    8.07s 
 99.000%   13.96s 
 99.900%   17.91s 
 99.990%   18.42s 
 99.999%   18.42s 
100.000%   18.42s 

  Detailed Percentile spectrum:
       Value   Percentile   TotalCount 1/(1-Percentile)

      17.215     0.000000            1         1.00
     109.375     0.100000          431         1.11
     149.119     0.200000          862         1.25
     176.255     0.300000         1292         1.43
     204.671     0.400000         1721         1.67
     256.767     0.500000         2152         2.00
     295.423     0.550000         2368         2.22
     353.023     0.600000         2582         2.50
     451.583     0.650000         2797         2.86
     602.623     0.700000         3012         3.33
    1130.495     0.750000         3227         4.00
    2443.263     0.775000         3336         4.44
    3569.663     0.800000         3442         5.00
    4542.463     0.825000         3550         5.71
    5763.071     0.850000         3658         6.67
    6758.399     0.875000         3765         8.00
    7602.175     0.887500         3819         8.89
    8069.119     0.900000         3872        10.00
    8601.599     0.912500         3926        11.43
    9232.383     0.925000         3980        13.33
    9814.015     0.937500         4035        16.00
   10059.775     0.943750         4061        17.78
   10305.535     0.950000         4087        20.00
   10731.519     0.956250         4114        22.86
   10985.471     0.962500         4141        26.67
   11476.991     0.968750         4168        32.00
   12042.239     0.971875         4183        35.56
   12328.959     0.975000         4196        40.00
   12525.567     0.978125         4208        45.71
   12943.359     0.981250         4222        53.33
   13172.735     0.984375         4235        64.00
   13303.807     0.985938         4242        71.11
   13500.415     0.987500         4249        80.00
   13811.711     0.989062         4255        91.43
   14073.855     0.990625         4262       106.67
   14278.655     0.992188         4269       128.00
   14393.343     0.992969         4272       142.22
   14548.991     0.993750         4276       160.00
   14712.831     0.994531         4279       182.86
   14893.055     0.995313         4282       213.33
   16367.615     0.996094         4286       256.00
   16392.191     0.996484         4287       284.44
   17055.743     0.996875         4289       320.00
   17317.887     0.997266         4291       365.71
   17350.655     0.997656         4292       426.67
   17547.263     0.998047         4294       512.00
   17694.719     0.998242         4295       568.89
   17793.023     0.998437         4296       640.00
   17891.327     0.998633         4297       731.43
   17891.327     0.998828         4297       853.33
   17907.711     0.999023         4298      1024.00
   18055.167     0.999121         4299      1137.78
   18055.167     0.999219         4299      1280.00
   18153.471     0.999316         4300      1462.86
   18153.471     0.999414         4300      1706.67
   18153.471     0.999512         4300      2048.00
   18366.463     0.999561         4301      2275.56
   18366.463     0.999609         4301      2560.00
   18366.463     0.999658         4301      2925.71
   18366.463     0.999707         4301      3413.33
   18366.463     0.999756         4301      4096.00
   18415.615     0.999780         4302      4551.11
   18415.615     1.000000         4302          inf
#[Mean    =     1976.169, StdDeviation   =     3515.661]
#[Max     =    18399.232, Total count    =         4302]
#[Buckets =           27, SubBuckets     =         2048]
----------------------------------------------------------
  6358 requests in 30.07s, 1.82GB read
  Socket errors: connect 0, read 0, write 0, timeout 78
Requests/sec:    211.44
Transfer/sec:     62.15MB
