Running 30s test @ https://bench-eth2.netdev-lab.org/300k.bin
  4 threads and 100 connections
  Thread calibration: mean lat.: 563.389ms, rate sampling interval: 2752ms
  Thread calibration: mean lat.: 744.787ms, rate sampling interval: 3186ms
  Thread calibration: mean lat.: 738.205ms, rate sampling interval: 3678ms
  Thread calibration: mean lat.: 622.851ms, rate sampling interval: 2824ms
  Thread Stats   Avg      Stdev     Max   +/- Stdev
    Latency     1.02s     2.60s   27.49s    95.64%
    Req/Sec    55.32      6.06    68.00     68.00%
  Latency Distribution (HdrHistogram - Recorded Latency)
 50.000%  333.82ms
 75.000%  759.29ms
 90.000%    1.79s 
 99.000%   15.95s 
 99.900%   23.82s 
 99.990%   27.51s 
 99.999%   27.51s 
100.000%   27.51s 

  Detailed Percentile spectrum:
       Value   Percentile   TotalCount 1/(1-Percentile)

      20.351     0.000000            1         1.00
     146.943     0.100000          444         1.11
     181.759     0.200000          882         1.25
     212.479     0.300000         1322         1.43
     257.023     0.400000         1761         1.67
     333.823     0.500000         2201         2.00
     392.191     0.550000         2421         2.22
     458.239     0.600000         2642         2.50
     542.719     0.650000         2861         2.86
     644.607     0.700000         3081         3.33
     759.295     0.750000         3303         4.00
     869.887     0.775000         3411         4.44
     983.551     0.800000         3521         5.00
    1126.399     0.825000         3632         5.71
    1316.863     0.850000         3741         6.67
    1541.119     0.875000         3851         8.00
    1692.671     0.887500         3906         8.89
    1794.047     0.900000         3962        10.00
    1977.343     0.912500         4016        11.43
    2236.415     0.925000         4071        13.33
    2654.207     0.937500         4126        16.00
    2850.815     0.943750         4154        17.78
    3135.487     0.950000         4181        20.00
    3614.719     0.956250         4209        22.86
    4288.511     0.962500         4236        26.67
    4972.543     0.968750         4264        32.00
    5750.783     0.971875         4278        35.56
    7835.647     0.975000         4291        40.00
    8658.943     0.978125         4305        45.71
   10117.119     0.981250         4319        53.33
   12607.487     0.984375         4333        64.00
   13737.983     0.985938         4340        71.11
   14925.823     0.987500         4346        80.00
   15499.263     0.989062         4353        91.43
   16359.423     0.990625         4360       106.67
   18743.295     0.992188         4367       128.00
   20447.231     0.992969         4371       142.22
   20774.911     0.993750         4374       160.00
   21626.879     0.994531         4377       182.86
   21954.559     0.995313         4381       213.33
   22396.927     0.996094         4385       256.00
   22560.767     0.996484         4386       284.44
   22790.143     0.996875         4388       320.00
   23019.519     0.997266         4389       365.71
   23396.351     0.997656         4391       426.67
   23592.959     0.998047         4393       512.00
   23642.111     0.998242         4394       568.89
   23724.031     0.998437         4395       640.00
   23724.031     0.998633         4395       731.43
   23740.415     0.998828         4396       853.33
   23822.335     0.999023         4397      1024.00
   24231.935     0.999121         4398      1137.78
   24231.935     0.999219         4398      1280.00
   24231.935     0.999316         4398      1462.86
   24395.775     0.999414         4399      1706.67
   24395.775     0.999512         4399      2048.00
   27312.127     0.999561         4400      2275.56
   27312.127     0.999609         4400      2560.00
   27312.127     0.999658         4400      2925.71
   27312.127     0.999707         4400      3413.33
   27312.127     0.999756         4400      4096.00
   27508.735     0.999780         4401      4551.11
   27508.735     1.000000         4401          inf
#[Mean    =     1019.119, StdDeviation   =     2604.176]
#[Max     =    27492.352, Total count    =         4401]
#[Buckets =           27, SubBuckets     =         2048]
----------------------------------------------------------
  6500 requests in 30.01s, 1.87GB read
  Socket errors: connect 0, read 0, write 0, timeout 54
Requests/sec:    216.56
Transfer/sec:     63.79MB
