Running 30s test @ https://bench-eth2.netdev-lab.org/300k.bin
  4 threads and 100 connections
  Thread calibration: mean lat.: 552.204ms, rate sampling interval: 2418ms
  Thread calibration: mean lat.: 758.684ms, rate sampling interval: 5767ms
  Thread calibration: mean lat.: 615.277ms, rate sampling interval: 2748ms
  Thread calibration: mean lat.: 682.120ms, rate sampling interval: 2545ms
  Thread Stats   Avg      Stdev     Max   +/- Stdev
    Latency     1.73s     4.42s   25.17s    89.35%
    Req/Sec    51.96      3.49    60.00     80.00%
  Latency Distribution (HdrHistogram - Recorded Latency)
 50.000%  201.09ms
 75.000%  399.36ms
 90.000%    7.00s 
 99.000%   20.05s 
 99.900%   24.00s 
 99.990%   25.18s 
 99.999%   25.18s 
100.000%   25.18s 

  Detailed Percentile spectrum:
       Value   Percentile   TotalCount 1/(1-Percentile)

       7.875     0.000000            1         1.00
      94.975     0.100000          419         1.11
     140.927     0.200000          838         1.25
     161.663     0.300000         1256         1.43
     177.919     0.400000         1671         1.67
     201.087     0.500000         2091         2.00
     217.983     0.550000         2298         2.22
     237.951     0.600000         2507         2.50
     271.359     0.650000         2716         2.86
     322.815     0.700000         2924         3.33
     399.359     0.750000         3133         4.00
     478.207     0.775000         3238         4.44
     545.791     0.800000         3343         5.00
     674.815     0.825000         3447         5.71
     899.071     0.850000         3551         6.67
    1588.223     0.875000         3655         8.00
    3024.895     0.887500         3708         8.89
    7077.887     0.900000         3760        10.00
    8609.791     0.912500         3812        11.43
   10076.159     0.925000         3864        13.33
   11378.687     0.937500         3916        16.00
   12320.767     0.943750         3943        17.78
   13459.455     0.950000         3969        20.00
   14696.447     0.956250         3995        22.86
   15720.447     0.962500         4021        26.67
   17219.583     0.968750         4047        32.00
   17661.951     0.971875         4060        35.56
   18104.319     0.975000         4073        40.00
   18431.999     0.978125         4087        45.71
   18694.143     0.981250         4099        53.33
   19136.511     0.984375         4112        64.00
   19300.351     0.985938         4120        71.11
   19496.959     0.987500         4125        80.00
   20004.863     0.989062         4133        91.43
   20447.231     0.990625         4138       106.67
   20873.215     0.992188         4146       128.00
   21069.823     0.992969         4148       142.22
   21315.583     0.993750         4151       160.00
   21594.111     0.994531         4155       182.86
   21889.023     0.995313         4158       213.33
   22052.863     0.996094         4161       256.00
   22364.159     0.996484         4163       284.44
   22429.695     0.996875         4164       320.00
   22642.687     0.997266         4166       365.71
   23592.959     0.997656         4168       426.67
   23773.183     0.998047         4169       512.00
   23805.951     0.998242         4170       568.89
   23953.407     0.998437         4171       640.00
   23969.791     0.998633         4172       731.43
   24002.559     0.998828         4173       853.33
   24002.559     0.999023         4173      1024.00
   25100.287     0.999121         4174      1137.78
   25100.287     0.999219         4174      1280.00
   25149.439     0.999316         4175      1462.86
   25149.439     0.999414         4175      1706.67
   25149.439     0.999512         4175      2048.00
   25165.823     0.999561         4176      2275.56
   25165.823     0.999609         4176      2560.00
   25165.823     0.999658         4176      2925.71
   25165.823     0.999707         4176      3413.33
   25165.823     0.999756         4176      4096.00
   25182.207     0.999780         4177      4551.11
   25182.207     1.000000         4177          inf
#[Mean    =     1727.594, StdDeviation   =     4415.772]
#[Max     =    25165.824, Total count    =         4177]
#[Buckets =           27, SubBuckets     =         2048]
----------------------------------------------------------
  6164 requests in 30.02s, 1.77GB read
  Socket errors: connect 0, read 0, write 0, timeout 31
Requests/sec:    205.30
Transfer/sec:     60.39MB
