Running 30s test @ https://bench-eth2.netdev-lab.org/300k.bin
  4 threads and 100 connections
  Thread calibration: mean lat.: 691.560ms, rate sampling interval: 3315ms
  Thread calibration: mean lat.: 617.284ms, rate sampling interval: 2299ms
  Thread calibration: mean lat.: 444.710ms, rate sampling interval: 1763ms
  Thread calibration: mean lat.: 465.644ms, rate sampling interval: 1874ms
  Thread Stats   Avg      Stdev     Max   +/- Stdev
    Latency     1.30s     3.99s   26.31s    93.43%
    Req/Sec    53.34      3.58    61.00     82.86%
  Latency Distribution (HdrHistogram - Recorded Latency)
 50.000%  229.12ms
 75.000%  359.68ms
 90.000%  771.58ms
 99.000%   21.10s 
 99.900%   25.26s 
 99.990%   26.33s 
 99.999%   26.33s 
100.000%   26.33s 

  Detailed Percentile spectrum:
       Value   Percentile   TotalCount 1/(1-Percentile)

      14.335     0.000000            1         1.00
     122.239     0.100000          428         1.11
     155.647     0.200000          856         1.25
     178.047     0.300000         1286         1.43
     199.423     0.400000         1712         1.67
     229.119     0.500000         2141         2.00
     246.015     0.550000         2353         2.22
     267.263     0.600000         2567         2.50
     289.023     0.650000         2781         2.86
     316.415     0.700000         2994         3.33
     359.679     0.750000         3210         4.00
     395.775     0.775000         3315         4.44
     447.487     0.800000         3422         5.00
     512.767     0.825000         3530         5.71
     571.391     0.850000         3637         6.67
     658.943     0.875000         3744         8.00
     710.655     0.887500         3796         8.89
     778.751     0.900000         3850        10.00
     962.559     0.912500         3903        11.43
    1416.191     0.925000         3957        13.33
    8044.543     0.937500         4010        16.00
   10305.535     0.943750         4037        17.78
   11706.367     0.950000         4064        20.00
   12656.639     0.956250         4090        22.86
   13656.063     0.962500         4117        26.67
   15278.079     0.968750         4144        32.00
   16023.551     0.971875         4157        35.56
   17563.647     0.975000         4171        40.00
   18169.855     0.978125         4184        45.71
   18677.759     0.981250         4198        53.33
   19906.559     0.984375         4211        64.00
   20299.775     0.985938         4217        71.11
   20529.151     0.987500         4224        80.00
   21004.287     0.989062         4231        91.43
   21266.431     0.990625         4237       106.67
   22282.239     0.992188         4244       128.00
   22462.463     0.992969         4247       142.22
   22888.447     0.993750         4251       160.00
   23085.055     0.994531         4254       182.86
   23183.359     0.995313         4257       213.33
   23494.655     0.996094         4261       256.00
   23560.191     0.996484         4262       284.44
   23674.879     0.996875         4264       320.00
   24051.711     0.997266         4266       365.71
   24281.087     0.997656         4267       426.67
   24592.383     0.998047         4269       512.00
   24641.535     0.998242         4270       568.89
   24657.919     0.998437         4271       640.00
   25116.671     0.998633         4272       731.43
   25116.671     0.998828         4272       853.33
   25264.127     0.999023         4273      1024.00
   25460.735     0.999121         4274      1137.78
   25460.735     0.999219         4274      1280.00
   25706.495     0.999316         4275      1462.86
   25706.495     0.999414         4275      1706.67
   25706.495     0.999512         4275      2048.00
   25755.647     0.999561         4276      2275.56
   25755.647     0.999609         4276      2560.00
   25755.647     0.999658         4276      2925.71
   25755.647     0.999707         4276      3413.33
   25755.647     0.999756         4276      4096.00
   26329.087     0.999780         4277      4551.11
   26329.087     1.000000         4277          inf
#[Mean    =     1295.080, StdDeviation   =     3986.834]
#[Max     =    26312.704, Total count    =         4277]
#[Buckets =           27, SubBuckets     =         2048]
----------------------------------------------------------
  6276 requests in 30.08s, 1.80GB read
  Socket errors: connect 0, read 0, write 0, timeout 58
Requests/sec:    208.64
Transfer/sec:     61.44MB
