Running 30s test @ https://bench-eth2.netdev-lab.org/300k.bin
  4 threads and 100 connections
  Thread calibration: mean lat.: 1070.401ms, rate sampling interval: 4489ms
  Thread calibration: mean lat.: 1097.993ms, rate sampling interval: 5623ms
  Thread calibration: mean lat.: 1037.822ms, rate sampling interval: 5779ms
  Thread calibration: mean lat.: 1053.967ms, rate sampling interval: 4780ms
  Thread Stats   Avg      Stdev     Max   +/- Stdev
    Latency     2.27s     2.77s   16.79s    86.41%
    Req/Sec    61.00      2.85    66.00     78.57%
  Latency Distribution (HdrHistogram - Recorded Latency)
 50.000%    1.17s 
 75.000%    2.90s 
 90.000%    6.07s 
 99.000%   12.41s 
 99.900%   15.64s 
 99.990%   16.81s 
 99.999%   16.81s 
100.000%   16.81s 

  Detailed Percentile spectrum:
       Value   Percentile   TotalCount 1/(1-Percentile)

      50.399     0.000000            1         1.00
     256.639     0.100000          491         1.11
     373.503     0.200000          984         1.25
     558.591     0.300000         1474         1.43
     810.495     0.400000         1965         1.67
    1174.527     0.500000         2455         2.00
    1396.735     0.550000         2700         2.22
    1658.879     0.600000         2946         2.50
    1921.023     0.650000         3191         2.86
    2283.519     0.700000         3437         3.33
    2897.919     0.750000         3684         4.00
    3174.399     0.775000         3805         4.44
    3616.767     0.800000         3928         5.00
    3991.551     0.825000         4050         5.71
    4640.767     0.850000         4173         6.67
    5373.951     0.875000         4296         8.00
    5668.863     0.887500         4357         8.89
    6094.847     0.900000         4419        10.00
    6569.983     0.912500         4480        11.43
    7061.503     0.925000         4541        13.33
    7827.455     0.937500         4603        16.00
    8396.799     0.943750         4633        17.78
    8667.135     0.950000         4664        20.00
    9109.503     0.956250         4695        22.86
    9510.911     0.962500         4725        26.67
   10256.383     0.968750         4756        32.00
   10600.447     0.971875         4771        35.56
   10903.551     0.975000         4787        40.00
   11288.575     0.978125         4802        45.71
   11673.599     0.981250         4818        53.33
   11853.823     0.984375         4834        64.00
   11911.167     0.985938         4840        71.11
   12066.815     0.987500         4849        80.00
   12238.847     0.989062         4856        91.43
   12558.335     0.990625         4863       106.67
   12910.591     0.992188         4871       128.00
   13090.815     0.992969         4875       142.22
   13377.535     0.993750         4879       160.00
   13590.527     0.994531         4883       182.86
   13697.023     0.995313         4886       213.33
   13991.935     0.996094         4890       256.00
   14082.047     0.996484         4892       284.44
   14123.007     0.996875         4895       320.00
   14221.311     0.997266         4896       365.71
   14426.111     0.997656         4898       426.67
   14491.647     0.998047         4900       512.00
   14655.487     0.998242         4901       568.89
   15319.039     0.998437         4902       640.00
   15581.183     0.998633         4903       731.43
   15638.527     0.998828         4904       853.33
   15859.711     0.999023         4905      1024.00
   15859.711     0.999121         4905      1137.78
   16515.071     0.999219         4906      1280.00
   16515.071     0.999316         4906      1462.86
   16654.335     0.999414         4907      1706.67
   16654.335     0.999512         4907      2048.00
   16654.335     0.999561         4907      2275.56
   16695.295     0.999609         4908      2560.00
   16695.295     0.999658         4908      2925.71
   16695.295     0.999707         4908      3413.33
   16695.295     0.999756         4908      4096.00
   16695.295     0.999780         4908      4551.11
   16809.983     0.999805         4909      5120.00
   16809.983     1.000000         4909          inf
#[Mean    =     2269.263, StdDeviation   =     2767.036]
#[Max     =    16793.600, Total count    =         4909]
#[Buckets =           27, SubBuckets     =         2048]
----------------------------------------------------------
  7222 requests in 30.01s, 2.08GB read
  Socket errors: connect 0, read 0, write 0, timeout 5
Requests/sec:    240.62
Transfer/sec:     70.93MB
