Running 30s test @ https://bench-eth2.netdev-lab.org/300k.bin
  4 threads and 100 connections
  Thread calibration: mean lat.: 782.672ms, rate sampling interval: 3270ms
  Thread calibration: mean lat.: 762.150ms, rate sampling interval: 3514ms
  Thread calibration: mean lat.: 993.962ms, rate sampling interval: 5066ms
  Thread calibration: mean lat.: 793.417ms, rate sampling interval: 3391ms
  Thread Stats   Avg      Stdev     Max   +/- Stdev
    Latency     1.60s     2.39s   15.38s    88.43%
    Req/Sec    63.58      4.18    70.00     78.95%
  Latency Distribution (HdrHistogram - Recorded Latency)
 50.000%  555.52ms
 75.000%    1.89s 
 90.000%    4.31s 
 99.000%   11.67s 
 99.900%   14.80s 
 99.990%   15.35s 
 99.999%   15.39s 
100.000%   15.39s 

  Detailed Percentile spectrum:
       Value   Percentile   TotalCount 1/(1-Percentile)

      57.791     0.000000            1         1.00
     192.127     0.100000          505         1.11
     244.479     0.200000         1010         1.25
     305.151     0.300000         1516         1.43
     383.487     0.400000         2019         1.67
     555.519     0.500000         2524         2.00
     645.119     0.550000         2776         2.22
     801.279     0.600000         3029         2.50
    1035.263     0.650000         3281         2.86
    1387.519     0.700000         3536         3.33
    1890.303     0.750000         3786         4.00
    2179.071     0.775000         3912         4.44
    2564.095     0.800000         4038         5.00
    2942.975     0.825000         4164         5.71
    3342.335     0.850000         4290         6.67
    3790.847     0.875000         4417         8.00
    4038.655     0.887500         4480         8.89
    4317.183     0.900000         4544        10.00
    4587.519     0.912500         4606        11.43
    5046.271     0.925000         4670        13.33
    5484.543     0.937500         4732        16.00
    5820.415     0.943750         4764        17.78
    6275.071     0.950000         4795        20.00
    7081.983     0.956250         4827        22.86
    7757.823     0.962500         4858        26.67
    9478.143     0.968750         4890        32.00
    9928.703     0.971875         4906        35.56
   10289.151     0.975000         4921        40.00
   10444.799     0.978125         4937        45.71
   10780.671     0.981250         4953        53.33
   11075.583     0.984375         4969        64.00
   11173.887     0.985938         4977        71.11
   11378.687     0.987500         4985        80.00
   11493.375     0.989062         4992        91.43
   11747.327     0.990625         5000       106.67
   11845.631     0.992188         5008       128.00
   11902.975     0.992969         5012       142.22
   11943.935     0.993750         5016       160.00
   12091.391     0.994531         5021       182.86
   12255.231     0.995313         5024       213.33
   13492.223     0.996094         5028       256.00
   13598.719     0.996484         5031       284.44
   13729.791     0.996875         5032       320.00
   14049.279     0.997266         5034       365.71
   14491.647     0.997656         5036       426.67
   14598.143     0.998047         5038       512.00
   14614.527     0.998242         5039       568.89
   14729.215     0.998437         5040       640.00
   14737.407     0.998633         5041       731.43
   14802.943     0.998828         5042       853.33
   14835.711     0.999023         5043      1024.00
   14835.711     0.999121         5043      1137.78
   14942.207     0.999219         5044      1280.00
   14942.207     0.999316         5044      1462.86
   15089.663     0.999414         5045      1706.67
   15089.663     0.999512         5045      2048.00
   15089.663     0.999561         5045      2275.56
   15351.807     0.999609         5046      2560.00
   15351.807     0.999658         5046      2925.71
   15351.807     0.999707         5046      3413.33
   15351.807     0.999756         5046      4096.00
   15351.807     0.999780         5046      4551.11
   15392.767     0.999805         5047      5120.00
   15392.767     1.000000         5047          inf
#[Mean    =     1599.064, StdDeviation   =     2387.175]
#[Max     =    15384.576, Total count    =         5047]
#[Buckets =           27, SubBuckets     =         2048]
----------------------------------------------------------
  7440 requests in 30.01s, 2.14GB read
  Socket errors: connect 0, read 0, write 0, timeout 30
Requests/sec:    247.91
Transfer/sec:     72.86MB
