Running 30s test @ https://bench-eth2.netdev-lab.org/300k.bin
  4 threads and 100 connections
  Thread calibration: mean lat.: 446.572ms, rate sampling interval: 1643ms
  Thread calibration: mean lat.: 694.872ms, rate sampling interval: 2811ms
  Thread calibration: mean lat.: 560.176ms, rate sampling interval: 2559ms
  Thread calibration: mean lat.: 518.522ms, rate sampling interval: 2024ms
  Thread Stats   Avg      Stdev     Max   +/- Stdev
    Latency     1.74s     4.47s   23.99s    89.88%
    Req/Sec    52.31      4.87    62.00     82.86%
  Latency Distribution (HdrHistogram - Recorded Latency)
 50.000%  239.10ms
 75.000%  454.14ms
 90.000%    6.46s 
 99.000%   20.89s 
 99.900%   23.45s 
 99.990%   24.00s 
 99.999%   24.00s 
100.000%   24.00s 

  Detailed Percentile spectrum:
       Value   Percentile   TotalCount 1/(1-Percentile)

      16.431     0.000000            1         1.00
     110.207     0.100000          416         1.11
     151.423     0.200000          832         1.25
     173.695     0.300000         1250         1.43
     198.015     0.400000         1664         1.67
     239.103     0.500000         2080         2.00
     264.959     0.550000         2290         2.22
     294.655     0.600000         2496         2.50
     327.167     0.650000         2705         2.86
     372.479     0.700000         2914         3.33
     454.143     0.750000         3120         4.00
     519.679     0.775000         3224         4.44
     582.143     0.800000         3328         5.00
     673.791     0.825000         3432         5.71
     862.719     0.850000         3536         6.67
    1191.935     0.875000         3640         8.00
    2168.831     0.887500         3692         8.89
    6463.487     0.900000         3744        10.00
    8093.695     0.912500         3796        11.43
   10076.159     0.925000         3848        13.33
   12115.967     0.937500         3901        16.00
   13238.271     0.943750         3927        17.78
   13860.863     0.950000         3952        20.00
   14909.439     0.956250         3978        22.86
   16285.695     0.962500         4004        26.67
   17268.735     0.968750         4030        32.00
   17645.567     0.971875         4044        35.56
   18038.783     0.975000         4056        40.00
   18808.831     0.978125         4069        45.71
   19480.575     0.981250         4083        53.33
   19873.791     0.984375         4096        64.00
   20365.311     0.985938         4104        71.11
   20414.463     0.987500         4108        80.00
   20709.375     0.989062         4115        91.43
   21184.511     0.990625         4121       106.67
   21676.031     0.992188         4128       128.00
   21774.335     0.992969         4131       142.22
   21938.175     0.993750         4134       160.00
   22069.247     0.994531         4138       182.86
   22249.471     0.995313         4141       213.33
   22560.767     0.996094         4145       256.00
   22724.607     0.996484         4147       284.44
   22724.607     0.996875         4147       320.00
   22790.143     0.997266         4149       365.71
   23117.823     0.997656         4151       426.67
   23134.207     0.998047         4152       512.00
   23265.279     0.998242         4153       568.89
   23379.967     0.998437         4155       640.00
   23379.967     0.998633         4155       731.43
   23445.503     0.998828         4156       853.33
   23445.503     0.999023         4156      1024.00
   23478.271     0.999121         4157      1137.78
   23478.271     0.999219         4157      1280.00
   23691.263     0.999316         4158      1462.86
   23691.263     0.999414         4158      1706.67
   23691.263     0.999512         4158      2048.00
   23838.719     0.999561         4159      2275.56
   23838.719     0.999609         4159      2560.00
   23838.719     0.999658         4159      2925.71
   23838.719     0.999707         4159      3413.33
   23838.719     0.999756         4159      4096.00
   24002.559     0.999780         4160      4551.11
   24002.559     1.000000         4160          inf
#[Mean    =     1738.890, StdDeviation   =     4469.533]
#[Max     =    23986.176, Total count    =         4160]
#[Buckets =           27, SubBuckets     =         2048]
----------------------------------------------------------
  6186 requests in 30.02s, 1.78GB read
  Socket errors: connect 0, read 0, write 0, timeout 41
Requests/sec:    206.05
Transfer/sec:     60.63MB
