Running 30s test @ https://bench-eth2.netdev-lab.org/300k.bin
  4 threads and 100 connections
  Thread calibration: mean lat.: 968.158ms, rate sampling interval: 3690ms
  Thread calibration: mean lat.: 1062.568ms, rate sampling interval: 4767ms
  Thread calibration: mean lat.: 831.411ms, rate sampling interval: 3403ms
  Thread calibration: mean lat.: 921.482ms, rate sampling interval: 4386ms
  Thread Stats   Avg      Stdev     Max   +/- Stdev
    Latency     1.97s     2.58s   13.63s    84.97%
    Req/Sec    61.06      3.15    66.00     77.78%
  Latency Distribution (HdrHistogram - Recorded Latency)
 50.000%  855.55ms
 75.000%    2.17s 
 90.000%    5.97s 
 99.000%   11.24s 
 99.900%   13.20s 
 99.990%   13.64s 
 99.999%   13.64s 
100.000%   13.64s 

  Detailed Percentile spectrum:
       Value   Percentile   TotalCount 1/(1-Percentile)

      62.655     0.000000            1         1.00
     230.143     0.100000          489         1.11
     309.759     0.200000          978         1.25
     442.623     0.300000         1467         1.43
     613.887     0.400000         1957         1.67
     855.551     0.500000         2445         2.00
    1006.079     0.550000         2691         2.22
    1193.983     0.600000         2934         2.50
    1447.935     0.650000         3179         2.86
    1751.039     0.700000         3424         3.33
    2170.879     0.750000         3668         4.00
    2500.607     0.775000         3790         4.44
    2938.879     0.800000         3913         5.00
    3633.151     0.825000         4035         5.71
    4558.847     0.850000         4157         6.67
    5021.695     0.875000         4279         8.00
    5423.103     0.887500         4340         8.89
    5971.967     0.900000         4402        10.00
    6352.895     0.912500         4463        11.43
    6987.775     0.925000         4524        13.33
    7606.271     0.937500         4585        16.00
    8065.023     0.943750         4615        17.78
    8413.183     0.950000         4646        20.00
    8544.255     0.956250         4677        22.86
    8806.399     0.962500         4707        26.67
    9093.119     0.968750         4738        32.00
    9535.487     0.971875         4754        35.56
    9846.783     0.975000         4768        40.00
   10002.431     0.978125         4785        45.71
   10199.039     0.981250         4799        53.33
   10551.295     0.984375         4814        64.00
   10682.367     0.985938         4822        71.11
   10788.863     0.987500         4829        80.00
   11149.311     0.989062         4837        91.43
   11345.919     0.990625         4845       106.67
   11599.871     0.992188         4852       128.00
   11730.943     0.992969         4856       142.22
   11878.399     0.993750         4860       160.00
   11993.087     0.994531         4864       182.86
   12214.271     0.995313         4868       213.33
   12337.151     0.996094         4871       256.00
   12500.991     0.996484         4873       284.44
   12574.719     0.996875         4875       320.00
   12664.831     0.997266         4877       365.71
   12845.055     0.997656         4879       426.67
   13017.087     0.998047         4881       512.00
   13025.279     0.998242         4882       568.89
   13090.815     0.998437         4883       640.00
   13156.351     0.998633         4884       731.43
   13197.311     0.998828         4885       853.33
   13213.695     0.999023         4886      1024.00
   13213.695     0.999121         4886      1137.78
   13287.423     0.999219         4887      1280.00
   13287.423     0.999316         4887      1462.86
   13557.759     0.999414         4888      1706.67
   13557.759     0.999512         4888      2048.00
   13557.759     0.999561         4888      2275.56
   13631.487     0.999609         4889      2560.00
   13631.487     0.999658         4889      2925.71
   13631.487     0.999707         4889      3413.33
   13631.487     0.999756         4889      4096.00
   13631.487     0.999780         4889      4551.11
   13639.679     0.999805         4890      5120.00
   13639.679     1.000000         4890          inf
#[Mean    =     1967.830, StdDeviation   =     2582.992]
#[Max     =    13631.488, Total count    =         4890]
#[Buckets =           27, SubBuckets     =         2048]
----------------------------------------------------------
  7210 requests in 30.08s, 2.08GB read
  Socket errors: connect 0, read 0, write 0, timeout 12
Requests/sec:    239.69
Transfer/sec:     70.66MB
