Running 30s test @ https://bench-eth2.netdev-lab.org/300k.bin
  4 threads and 100 connections
  Thread calibration: mean lat.: 362.940ms, rate sampling interval: 1385ms
  Thread calibration: mean lat.: 256.078ms, rate sampling interval: 1028ms
  Thread calibration: mean lat.: 353.354ms, rate sampling interval: 1344ms
  Thread calibration: mean lat.: 615.471ms, rate sampling interval: 3352ms
  Thread Stats   Avg      Stdev     Max   +/- Stdev
    Latency   286.01ms  412.66ms   7.33s    95.19%
    Req/Sec    61.79      7.18    74.00     76.92%
  Latency Distribution (HdrHistogram - Recorded Latency)
 50.000%  197.25ms
 75.000%  295.93ms
 90.000%  482.05ms
 99.000%    2.04s 
 99.900%    5.53s 
 99.990%    7.33s 
 99.999%    7.33s 
100.000%    7.33s 

  Detailed Percentile spectrum:
       Value   Percentile   TotalCount 1/(1-Percentile)

       8.471     0.000000            1         1.00
      85.375     0.100000          497         1.11
     121.855     0.200000          997         1.25
     154.367     0.300000         1495         1.43
     174.079     0.400000         1990         1.67
     197.247     0.500000         2486         2.00
     211.967     0.550000         2734         2.22
     228.863     0.600000         2984         2.50
     248.959     0.650000         3234         2.86
     272.383     0.700000         3479         3.33
     295.935     0.750000         3729         4.00
     307.455     0.775000         3853         4.44
     322.559     0.800000         3976         5.00
     338.943     0.825000         4101         5.71
     359.423     0.850000         4225         6.67
     400.383     0.875000         4348         8.00
     443.647     0.887500         4410         8.89
     482.559     0.900000         4475        10.00
     529.407     0.912500         4535        11.43
     558.079     0.925000         4598        13.33
     611.327     0.937500         4659        16.00
     645.119     0.943750         4690        17.78
     685.055     0.950000         4721        20.00
     727.551     0.956250         4752        22.86
     869.887     0.962500         4783        26.67
     960.511     0.968750         4814        32.00
    1026.047     0.971875         4830        35.56
    1075.199     0.975000         4845        40.00
    1250.303     0.978125         4861        45.71
    1409.023     0.981250         4876        53.33
    1609.727     0.984375         4892        64.00
    1776.639     0.985938         4900        71.11
    1820.671     0.987500         4908        80.00
    1964.031     0.989062         4915        91.43
    2136.063     0.990625         4923       106.67
    2512.895     0.992188         4931       128.00
    2549.759     0.992969         4935       142.22
    2873.343     0.993750         4938       160.00
    2992.127     0.994531         4942       182.86
    3237.887     0.995313         4946       213.33
    3557.375     0.996094         4950       256.00
    3567.615     0.996484         4952       284.44
    3588.095     0.996875         4954       320.00
    3600.383     0.997266         4956       365.71
    3870.719     0.997656         4958       426.67
    4188.159     0.998047         4960       512.00
    4460.543     0.998242         4961       568.89
    4812.799     0.998437         4962       640.00
    5173.247     0.998633         4963       731.43
    5533.695     0.998828         4964       853.33
    5898.239     0.999023         4965      1024.00
    5898.239     0.999121         4965      1137.78
    6266.879     0.999219         4966      1280.00
    6266.879     0.999316         4966      1462.86
    6631.423     0.999414         4967      1706.67
    6631.423     0.999512         4967      2048.00
    6631.423     0.999561         4967      2275.56
    6995.967     0.999609         4968      2560.00
    6995.967     0.999658         4968      2925.71
    6995.967     0.999707         4968      3413.33
    6995.967     0.999756         4968      4096.00
    6995.967     0.999780         4968      4551.11
    7331.839     0.999805         4969      5120.00
    7331.839     1.000000         4969          inf
#[Mean    =      286.010, StdDeviation   =      412.665]
#[Max     =     7327.744, Total count    =         4969]
#[Buckets =           27, SubBuckets     =         2048]
----------------------------------------------------------
  7377 requests in 30.01s, 2.12GB read
  Socket errors: connect 0, read 0, write 0, timeout 115
Requests/sec:    245.85
Transfer/sec:     72.21MB
