Running 30s test @ https://bench-eth2.netdev-lab.org/300k.bin
  4 threads and 100 connections
  Thread calibration: mean lat.: 866.933ms, rate sampling interval: 3762ms
  Thread calibration: mean lat.: 769.241ms, rate sampling interval: 3055ms
  Thread calibration: mean lat.: 1113.827ms, rate sampling interval: 4931ms
  Thread calibration: mean lat.: 860.748ms, rate sampling interval: 4186ms
  Thread Stats   Avg      Stdev     Max   +/- Stdev
    Latency     1.86s     2.60s   17.87s    86.72%
    Req/Sec    61.63      2.30    66.00     89.47%
  Latency Distribution (HdrHistogram - Recorded Latency)
 50.000%  742.91ms
 75.000%    2.03s 
 90.000%    5.43s 
 99.000%   12.46s 
 99.900%   16.99s 
 99.990%   17.89s 
 99.999%   17.89s 
100.000%   17.89s 

  Detailed Percentile spectrum:
       Value   Percentile   TotalCount 1/(1-Percentile)

      55.103     0.000000            1         1.00
     231.423     0.100000          492         1.11
     308.735     0.200000          984         1.25
     417.023     0.300000         1477         1.43
     572.927     0.400000         1969         1.67
     742.911     0.500000         2459         2.00
     891.391     0.550000         2705         2.22
    1036.287     0.600000         2951         2.50
    1271.807     0.650000         3199         2.86
    1570.815     0.700000         3442         3.33
    2032.639     0.750000         3689         4.00
    2338.815     0.775000         3811         4.44
    2670.591     0.800000         3934         5.00
    3203.071     0.825000         4057         5.71
    3991.551     0.850000         4180         6.67
    4763.647     0.875000         4304         8.00
    5066.751     0.887500         4365         8.89
    5439.487     0.900000         4427        10.00
    5861.375     0.912500         4487        11.43
    6582.271     0.925000         4549        13.33
    7487.487     0.937500         4610        16.00
    7843.839     0.943750         4641        17.78
    8056.831     0.950000         4672        20.00
    8372.223     0.956250         4702        22.86
    8536.063     0.962500         4734        26.67
    8757.247     0.968750         4764        32.00
    8822.783     0.971875         4779        35.56
    8953.855     0.975000         4795        40.00
    9076.735     0.978125         4810        45.71
    9404.415     0.981250         4825        53.33
    9797.631     0.984375         4841        64.00
   10559.487     0.985938         4848        71.11
   10805.247     0.987500         4856        80.00
   12156.927     0.989062         4864        91.43
   12664.831     0.990625         4871       106.67
   13942.783     0.992188         4879       128.00
   14417.919     0.992969         4883       142.22
   14688.255     0.993750         4887       160.00
   14761.983     0.994531         4892       182.86
   14925.823     0.995313         4894       213.33
   15007.743     0.996094         4898       256.00
   15065.087     0.996484         4900       284.44
   15097.855     0.996875         4902       320.00
   15310.847     0.997266         4904       365.71
   15376.383     0.997656         4906       426.67
   15785.983     0.998047         4908       512.00
   16523.263     0.998242         4909       568.89
   16728.063     0.998437         4910       640.00
   16924.671     0.998633         4911       731.43
   16990.207     0.998828         4912       853.33
   17039.359     0.999023         4913      1024.00
   17039.359     0.999121         4913      1137.78
   17055.743     0.999219         4914      1280.00
   17055.743     0.999316         4914      1462.86
   17170.431     0.999414         4915      1706.67
   17170.431     0.999512         4915      2048.00
   17170.431     0.999561         4915      2275.56
   17498.111     0.999609         4916      2560.00
   17498.111     0.999658         4916      2925.71
   17498.111     0.999707         4916      3413.33
   17498.111     0.999756         4916      4096.00
   17498.111     0.999780         4916      4551.11
   17891.327     0.999805         4917      5120.00
   17891.327     1.000000         4917          inf
#[Mean    =     1859.104, StdDeviation   =     2601.699]
#[Max     =    17874.944, Total count    =         4917]
#[Buckets =           27, SubBuckets     =         2048]
----------------------------------------------------------
  7289 requests in 30.02s, 2.10GB read
  Socket errors: connect 0, read 0, write 0, timeout 15
Requests/sec:    242.84
Transfer/sec:     71.58MB
