Running 30s test @ https://bench-eth2.netdev-lab.org/300k.bin
  4 threads and 100 connections
  Thread calibration: mean lat.: 390.993ms, rate sampling interval: 1959ms
  Thread calibration: mean lat.: 573.191ms, rate sampling interval: 2867ms
  Thread calibration: mean lat.: 644.587ms, rate sampling interval: 2326ms
  Thread calibration: mean lat.: 529.184ms, rate sampling interval: 2521ms
  Thread Stats   Avg      Stdev     Max   +/- Stdev
    Latency     1.36s     3.17s   22.40s    92.85%
    Req/Sec    61.94      5.17    73.00     80.65%
  Latency Distribution (HdrHistogram - Recorded Latency)
 50.000%  312.83ms
 75.000%  683.52ms
 90.000%    2.87s 
 99.000%   15.32s 
 99.900%   21.50s 
 99.990%   22.41s 
 99.999%   22.41s 
100.000%   22.41s 

  Detailed Percentile spectrum:
       Value   Percentile   TotalCount 1/(1-Percentile)

      22.687     0.000000            1         1.00
     125.631     0.100000          497         1.11
     165.119     0.200000          998         1.25
     198.015     0.300000         1491         1.43
     249.599     0.400000         1989         1.67
     312.831     0.500000         2485         2.00
     346.111     0.550000         2734         2.22
     382.463     0.600000         2981         2.50
     451.327     0.650000         3229         2.86
     540.671     0.700000         3479         3.33
     685.055     0.750000         3726         4.00
     772.607     0.775000         3850         4.44
     911.871     0.800000         3976         5.00
    1098.751     0.825000         4098         5.71
    1438.719     0.850000         4222         6.67
    1969.151     0.875000         4348         8.00
    2349.055     0.887500         4409         8.89
    2883.583     0.900000         4471        10.00
    3602.431     0.912500         4533        11.43
    4227.071     0.925000         4595        13.33
    7483.391     0.937500         4657        16.00
    9248.767     0.943750         4688        17.78
   10002.431     0.950000         4719        20.00
   11157.503     0.956250         4750        22.86
   12451.839     0.962500         4781        26.67
   13082.623     0.968750         4812        32.00
   13320.191     0.971875         4828        35.56
   13656.063     0.975000         4843        40.00
   13959.167     0.978125         4859        45.71
   14172.159     0.981250         4874        53.33
   14540.799     0.984375         4890        64.00
   14704.639     0.985938         4898        71.11
   14909.439     0.987500         4905        80.00
   15179.775     0.989062         4913        91.43
   15491.071     0.990625         4921       106.67
   15818.751     0.992188         4930       128.00
   15958.015     0.992969         4933       142.22
   16080.895     0.993750         4936       160.00
   16220.159     0.994531         4940       182.86
   16302.079     0.995313         4944       213.33
   16441.343     0.996094         4948       256.00
   16523.263     0.996484         4950       284.44
   16621.567     0.996875         4952       320.00
   16662.527     0.997266         4954       365.71
   16670.719     0.997656         4956       426.67
   16793.599     0.998047         4958       512.00
   16809.983     0.998242         4959       568.89
   21217.279     0.998437         4960       640.00
   21299.199     0.998633         4961       731.43
   21495.807     0.998828         4962       853.33
   21725.183     0.999023         4963      1024.00
   21725.183     0.999121         4963      1137.78
   22036.479     0.999219         4964      1280.00
   22036.479     0.999316         4964      1462.86
   22102.015     0.999414         4965      1706.67
   22102.015     0.999512         4965      2048.00
   22102.015     0.999561         4965      2275.56
   22216.703     0.999609         4966      2560.00
   22216.703     0.999658         4966      2925.71
   22216.703     0.999707         4966      3413.33
   22216.703     0.999756         4966      4096.00
   22216.703     0.999780         4966      4551.11
   22413.311     0.999805         4967      5120.00
   22413.311     1.000000         4967          inf
#[Mean    =     1360.455, StdDeviation   =     3169.509]
#[Max     =    22396.928, Total count    =         4967]
#[Buckets =           27, SubBuckets     =         2048]
----------------------------------------------------------
  7262 requests in 30.06s, 2.09GB read
  Socket errors: connect 0, read 0, write 0, timeout 81
Requests/sec:    241.62
Transfer/sec:     71.12MB
