Running 30s test @ https://bench-eth2.netdev-lab.org/300k.bin
  4 threads and 100 connections
  Thread calibration: mean lat.: 574.771ms, rate sampling interval: 2863ms
  Thread calibration: mean lat.: 499.748ms, rate sampling interval: 1569ms
  Thread calibration: mean lat.: 703.495ms, rate sampling interval: 4028ms
  Thread calibration: mean lat.: 642.890ms, rate sampling interval: 4169ms
  Thread Stats   Avg      Stdev     Max   +/- Stdev
    Latency     1.55s     3.29s   20.50s    87.64%
    Req/Sec    53.73      3.55    61.00     76.92%
  Latency Distribution (HdrHistogram - Recorded Latency)
 50.000%  265.73ms
 75.000%  622.08ms
 90.000%    6.51s 
 99.000%   14.52s 
 99.900%   19.60s 
 99.990%   20.51s 
 99.999%   20.51s 
100.000%   20.51s 

  Detailed Percentile spectrum:
       Value   Percentile   TotalCount 1/(1-Percentile)

      15.927     0.000000            1         1.00
     130.047     0.100000          433         1.11
     165.503     0.200000          867         1.25
     190.079     0.300000         1300         1.43
     219.775     0.400000         1729         1.67
     265.727     0.500000         2161         2.00
     298.239     0.550000         2379         2.22
     338.431     0.600000         2594         2.50
     405.503     0.650000         2813         2.86
     512.255     0.700000         3026         3.33
     622.079     0.750000         3243         4.00
     694.783     0.775000         3353         4.44
     785.407     0.800000         3458         5.00
    1028.095     0.825000         3566         5.71
    1774.591     0.850000         3674         6.67
    4624.383     0.875000         3782         8.00
    5578.751     0.887500         3836         8.89
    6508.543     0.900000         3890        10.00
    7286.783     0.912500         3945        11.43
    7929.855     0.925000         3999        13.33
    8921.087     0.937500         4052        16.00
    9371.647     0.943750         4079        17.78
   10059.775     0.950000         4106        20.00
   10870.783     0.956250         4133        22.86
   11640.831     0.962500         4160        26.67
   12083.199     0.968750         4187        32.00
   12312.575     0.971875         4201        35.56
   12623.871     0.975000         4214        40.00
   13008.895     0.978125         4228        45.71
   13344.767     0.981250         4241        53.33
   13623.295     0.984375         4255        64.00
   13754.367     0.985938         4262        71.11
   14032.895     0.987500         4268        80.00
   14360.575     0.989062         4275        91.43
   14663.679     0.990625         4282       106.67
   14942.207     0.992188         4289       128.00
   15106.047     0.992969         4292       142.22
   15237.119     0.993750         4296       160.00
   15368.191     0.994531         4299       182.86
   15499.263     0.995313         4302       213.33
   15638.527     0.996094         4306       256.00
   15671.295     0.996484         4307       284.44
   15884.287     0.996875         4309       320.00
   17055.743     0.997266         4311       365.71
   17121.279     0.997656         4313       426.67
   17154.047     0.998047         4314       512.00
   17416.191     0.998242         4315       568.89
   17448.959     0.998437         4316       640.00
   17694.719     0.998633         4317       731.43
   17694.719     0.998828         4317       853.33
   19595.263     0.999023         4318      1024.00
   19726.335     0.999121         4319      1137.78
   19726.335     0.999219         4319      1280.00
   19939.327     0.999316         4320      1462.86
   19939.327     0.999414         4320      1706.67
   19939.327     0.999512         4320      2048.00
   19988.479     0.999561         4321      2275.56
   19988.479     0.999609         4321      2560.00
   19988.479     0.999658         4321      2925.71
   19988.479     0.999707         4321      3413.33
   19988.479     0.999756         4321      4096.00
   20512.767     0.999780         4322      4551.11
   20512.767     1.000000         4322          inf
#[Mean    =     1554.798, StdDeviation   =     3289.433]
#[Max     =    20496.384, Total count    =         4322]
#[Buckets =           27, SubBuckets     =         2048]
----------------------------------------------------------
  6402 requests in 30.05s, 1.84GB read
  Socket errors: connect 0, read 0, write 0, timeout 78
Requests/sec:    213.04
Transfer/sec:     62.68MB
