Running 30s test @ https://bench-eth2.netdev-lab.org/300k.bin
  4 threads and 100 connections
  Thread calibration: mean lat.: 669.372ms, rate sampling interval: 2355ms
  Thread calibration: mean lat.: 618.402ms, rate sampling interval: 2293ms
  Thread calibration: mean lat.: 559.673ms, rate sampling interval: 1992ms
  Thread calibration: mean lat.: 760.479ms, rate sampling interval: 2777ms
  Thread Stats   Avg      Stdev     Max   +/- Stdev
    Latency     1.48s     3.82s   26.23s    91.83%
    Req/Sec    53.12      3.22    61.00     90.62%
  Latency Distribution (HdrHistogram - Recorded Latency)
 50.000%  290.30ms
 75.000%  565.76ms
 90.000%    1.89s 
 99.000%   19.60s 
 99.900%   22.13s 
 99.990%   26.25s 
 99.999%   26.25s 
100.000%   26.25s 

  Detailed Percentile spectrum:
       Value   Percentile   TotalCount 1/(1-Percentile)

      12.479     0.000000            1         1.00
     169.215     0.100000          430         1.11
     201.727     0.200000          857         1.25
     229.119     0.300000         1287         1.43
     257.663     0.400000         1715         1.67
     290.303     0.500000         2144         2.00
     309.503     0.550000         2357         2.22
     333.311     0.600000         2571         2.50
     372.479     0.650000         2784         2.86
     440.319     0.700000         2999         3.33
     566.271     0.750000         3213         4.00
     624.127     0.775000         3321         4.44
     691.711     0.800000         3427         5.00
     770.559     0.825000         3536         5.71
     973.311     0.850000         3641         6.67
    1178.623     0.875000         3748         8.00
    1482.751     0.887500         3802         8.89
    1893.375     0.900000         3855        10.00
    3416.063     0.912500         3909        11.43
    7413.759     0.925000         3962        13.33
    9027.583     0.937500         4016        16.00
    9789.439     0.943750         4045        17.78
   11239.423     0.950000         4069        20.00
   12476.415     0.956250         4096        22.86
   14065.663     0.962500         4123        26.67
   14860.287     0.968750         4150        32.00
   15253.503     0.971875         4163        35.56
   16171.007     0.975000         4176        40.00
   16875.519     0.978125         4190        45.71
   17301.503     0.981250         4203        53.33
   18087.935     0.984375         4217        64.00
   18333.695     0.985938         4224        71.11
   19185.663     0.987500         4231        80.00
   19546.111     0.989062         4237        91.43
   19644.415     0.990625         4244       106.67
   20004.863     0.992188         4251       128.00
   20135.935     0.992969         4253       142.22
   20594.687     0.993750         4257       160.00
   20758.527     0.994531         4260       182.86
   21102.591     0.995313         4263       213.33
   21413.887     0.996094         4267       256.00
   21430.271     0.996484         4269       284.44
   21446.655     0.996875         4270       320.00
   21626.879     0.997266         4274       365.71
   21626.879     0.997656         4274       426.67
   21659.647     0.998047         4275       512.00
   21757.951     0.998242         4276       568.89
   21938.175     0.998437         4277       640.00
   21954.559     0.998633         4278       731.43
   21954.559     0.998828         4278       853.33
   22134.783     0.999023         4279      1024.00
   24150.015     0.999121         4280      1137.78
   24150.015     0.999219         4280      1280.00
   24723.455     0.999316         4281      1462.86
   24723.455     0.999414         4281      1706.67
   24723.455     0.999512         4281      2048.00
   25018.367     0.999561         4282      2275.56
   25018.367     0.999609         4282      2560.00
   25018.367     0.999658         4282      2925.71
   25018.367     0.999707         4282      3413.33
   25018.367     0.999756         4282      4096.00
   26247.167     0.999780         4283      4551.11
   26247.167     1.000000         4283          inf
#[Mean    =     1478.615, StdDeviation   =     3815.078]
#[Max     =    26230.784, Total count    =         4283]
#[Buckets =           27, SubBuckets     =         2048]
----------------------------------------------------------
  6420 requests in 30.03s, 1.85GB read
  Socket errors: connect 0, read 0, write 0, timeout 28
Requests/sec:    213.80
Transfer/sec:     62.98MB
