Running 30s test @ https://bench-eth2.netdev-lab.org/300k.bin
  4 threads and 100 connections
  Thread calibration: mean lat.: 637.142ms, rate sampling interval: 2940ms
  Thread calibration: mean lat.: 749.633ms, rate sampling interval: 3543ms
  Thread calibration: mean lat.: 771.416ms, rate sampling interval: 4292ms
  Thread calibration: mean lat.: 1057.113ms, rate sampling interval: 5214ms
  Thread Stats   Avg      Stdev     Max   +/- Stdev
    Latency     1.72s     2.95s   23.22s    88.74%
    Req/Sec    61.56      4.25    70.00     72.22%
  Latency Distribution (HdrHistogram - Recorded Latency)
 50.000%  523.01ms
 75.000%    1.57s 
 90.000%    5.29s 
 99.000%   12.57s 
 99.900%   22.90s 
 99.990%   23.23s 
 99.999%   23.23s 
100.000%   23.23s 

  Detailed Percentile spectrum:
       Value   Percentile   TotalCount 1/(1-Percentile)

      67.583     0.000000            1         1.00
     209.407     0.100000          491         1.11
     257.791     0.200000          979         1.25
     304.383     0.300000         1471         1.43
     364.031     0.400000         1961         1.67
     523.007     0.500000         2448         2.00
     607.743     0.550000         2693         2.22
     691.199     0.600000         2937         2.50
     888.319     0.650000         3183         2.86
    1105.919     0.700000         3428         3.33
    1579.007     0.750000         3672         4.00
    1859.583     0.775000         3794         4.44
    2402.303     0.800000         3916         5.00
    2983.935     0.825000         4040         5.71
    3606.527     0.850000         4161         6.67
    4333.567     0.875000         4285         8.00
    4673.535     0.887500         4345         8.89
    5292.031     0.900000         4406        10.00
    6148.095     0.912500         4467        11.43
    6582.271     0.925000         4528        13.33
    6975.487     0.937500         4590        16.00
    7249.919     0.943750         4620        17.78
    7593.983     0.950000         4651        20.00
    7798.783     0.956250         4681        22.86
    8331.263     0.962500         4712        26.67
    8790.015     0.968750         4743        32.00
    8962.047     0.971875         4758        35.56
    9469.951     0.975000         4773        40.00
    9732.095     0.978125         4788        45.71
   10043.391     0.981250         4805        53.33
   11403.263     0.984375         4819        64.00
   11706.367     0.985938         4828        71.11
   11796.479     0.987500         4834        80.00
   12107.775     0.989062         4842        91.43
   12689.407     0.990625         4850       106.67
   18792.447     0.992188         4857       128.00
   19005.439     0.992969         4861       142.22
   19726.335     0.993750         4865       160.00
   21168.127     0.994531         4869       182.86
   21331.967     0.995313         4873       213.33
   22462.463     0.996094         4876       256.00
   22511.615     0.996484         4878       284.44
   22544.383     0.996875         4880       320.00
   22577.151     0.997266         4882       365.71
   22691.839     0.997656         4884       426.67
   22806.527     0.998047         4887       512.00
   22806.527     0.998242         4887       568.89
   22839.295     0.998437         4888       640.00
   22855.679     0.998633         4889       731.43
   22904.831     0.998828         4890       853.33
   22921.215     0.999023         4891      1024.00
   22921.215     0.999121         4891      1137.78
   23068.671     0.999219         4892      1280.00
   23068.671     0.999316         4892      1462.86
   23117.823     0.999414         4893      1706.67
   23117.823     0.999512         4893      2048.00
   23117.823     0.999561         4893      2275.56
   23232.511     0.999609         4895      2560.00
   23232.511     1.000000         4895          inf
#[Mean    =     1721.445, StdDeviation   =     2946.184]
#[Max     =    23216.128, Total count    =         4895]
#[Buckets =           27, SubBuckets     =         2048]
----------------------------------------------------------
  7257 requests in 30.01s, 2.09GB read
  Socket errors: connect 0, read 0, write 0, timeout 35
Requests/sec:    241.83
Transfer/sec:     71.24MB
