Running 30s test @ https://bench-eth2.netdev-lab.org/300k.bin
  4 threads and 100 connections
  Thread calibration: mean lat.: 84.929ms, rate sampling interval: 330ms
  Thread calibration: mean lat.: 76.376ms, rate sampling interval: 264ms
  Thread calibration: mean lat.: 76.061ms, rate sampling interval: 261ms
  Thread calibration: mean lat.: 82.066ms, rate sampling interval: 232ms
  Thread Stats   Avg      Stdev     Max   +/- Stdev
    Latency    78.83ms   77.47ms   1.10s    88.15%
    Req/Sec    63.01     27.79   151.00     69.93%
  Latency Distribution (HdrHistogram - Recorded Latency)
 50.000%   52.86ms
 75.000%   90.62ms
 90.000%  175.10ms
 99.000%  374.01ms
 99.900%  578.05ms
 99.990%  937.47ms
 99.999%    1.10s 
100.000%    1.10s 

  Detailed Percentile spectrum:
       Value   Percentile   TotalCount 1/(1-Percentile)

       6.179     0.000000            1         1.00
      21.583     0.100000          506         1.11
      30.159     0.200000         1008         1.25
      37.471     0.300000         1512         1.43
      45.311     0.400000         2016         1.67
      52.863     0.500000         2519         2.00
      57.087     0.550000         2772         2.22
      62.559     0.600000         3025         2.50
      68.479     0.650000         3275         2.86
      78.015     0.700000         3527         3.33
      90.623     0.750000         3781         4.00
      97.535     0.775000         3905         4.44
     109.055     0.800000         4030         5.00
     121.535     0.825000         4156         5.71
     135.551     0.850000         4282         6.67
     150.655     0.875000         4408         8.00
     160.895     0.887500         4471         8.89
     175.615     0.900000         4534        10.00
     197.119     0.912500         4597        11.43
     217.087     0.925000         4660        13.33
     238.591     0.937500         4723        16.00
     244.223     0.943750         4756        17.78
     248.447     0.950000         4786        20.00
     253.695     0.956250         4817        22.86
     261.759     0.962500         4850        26.67
     268.287     0.968750         4880        32.00
     271.103     0.971875         4896        35.56
     274.431     0.975000         4913        40.00
     278.015     0.978125         4928        45.71
     287.487     0.981250         4943        53.33
     306.943     0.984375         4959        64.00
     316.159     0.985938         4967        71.11
     332.287     0.987500         4975        80.00
     361.471     0.989062         4982        91.43
     382.207     0.990625         4990       106.67
     402.943     0.992188         4998       128.00
     404.223     0.992969         5002       142.22
     412.671     0.993750         5006       160.00
     435.711     0.994531         5010       182.86
     471.551     0.995313         5014       213.33
     490.495     0.996094         5018       256.00
     493.567     0.996484         5021       284.44
     496.383     0.996875         5022       320.00
     505.087     0.997266         5024       365.71
     539.135     0.997656         5026       426.67
     563.199     0.998047         5028       512.00
     563.711     0.998242         5029       568.89
     568.319     0.998437         5031       640.00
     568.319     0.998633         5031       731.43
     578.047     0.998828         5032       853.33
     581.631     0.999023         5033      1024.00
     581.631     0.999121         5033      1137.78
     737.279     0.999219         5034      1280.00
     737.279     0.999316         5034      1462.86
     753.663     0.999414         5035      1706.67
     753.663     0.999512         5035      2048.00
     753.663     0.999561         5035      2275.56
     937.471     0.999609         5036      2560.00
     937.471     0.999658         5036      2925.71
     937.471     0.999707         5036      3413.33
     937.471     0.999756         5036      4096.00
     937.471     0.999780         5036      4551.11
    1099.775     0.999805         5037      5120.00
    1099.775     1.000000         5037          inf
#[Mean    =       78.825, StdDeviation   =       77.465]
#[Max     =     1098.752, Total count    =         5037]
#[Buckets =           27, SubBuckets     =         2048]
----------------------------------------------------------
  7571 requests in 30.06s, 2.17GB read
Requests/sec:    251.90
Transfer/sec:     73.92MB
