Running 30s test @ https://bench-eth2.netdev-lab.org/300k.bin
  4 threads and 100 connections
  Thread calibration: mean lat.: 77.163ms, rate sampling interval: 280ms
  Thread calibration: mean lat.: 88.088ms, rate sampling interval: 307ms
  Thread calibration: mean lat.: 74.142ms, rate sampling interval: 270ms
  Thread calibration: mean lat.: 77.415ms, rate sampling interval: 256ms
  Thread Stats   Avg      Stdev     Max   +/- Stdev
    Latency    77.42ms   77.77ms   1.15s    89.58%
    Req/Sec    63.23     23.79   141.00     75.44%
  Latency Distribution (HdrHistogram - Recorded Latency)
 50.000%   53.25ms
 75.000%   87.17ms
 90.000%  157.95ms
 99.000%  398.08ms
 99.900%  578.56ms
 99.990%  861.18ms
 99.999%    1.15s 
100.000%    1.15s 

  Detailed Percentile spectrum:
       Value   Percentile   TotalCount 1/(1-Percentile)

       6.367     0.000000            1         1.00
      22.303     0.100000          504         1.11
      30.351     0.200000         1008         1.25
      38.591     0.300000         1514         1.43
      46.079     0.400000         2018         1.67
      53.247     0.500000         2519         2.00
      57.759     0.550000         2771         2.22
      63.519     0.600000         3023         2.50
      71.103     0.650000         3277         2.86
      79.231     0.700000         3527         3.33
      87.167     0.750000         3781         4.00
      91.647     0.775000         3906         4.44
      97.791     0.800000         4032         5.00
     104.831     0.825000         4157         5.71
     117.695     0.850000         4283         6.67
     138.239     0.875000         4410         8.00
     148.479     0.887500         4472         8.89
     158.207     0.900000         4535        10.00
     170.751     0.912500         4598        11.43
     190.847     0.925000         4661        13.33
     240.127     0.937500         4724        16.00
     247.551     0.943750         4755        17.78
     252.287     0.950000         4788        20.00
     256.127     0.956250         4820        22.86
     260.735     0.962500         4851        26.67
     267.263     0.968750         4881        32.00
     270.079     0.971875         4898        35.56
     274.943     0.975000         4913        40.00
     291.583     0.978125         4929        45.71
     302.079     0.981250         4944        53.33
     333.823     0.984375         4960        64.00
     358.143     0.985938         4968        71.11
     378.367     0.987500         4976        80.00
     389.887     0.989062         4983        91.43
     431.359     0.990625         4991       106.67
     461.567     0.992188         4999       128.00
     472.831     0.992969         5003       142.22
     494.335     0.993750         5008       160.00
     500.735     0.994531         5012       182.86
     503.807     0.995313         5015       213.33
     510.207     0.996094         5019       256.00
     520.191     0.996484         5021       284.44
     533.503     0.996875         5023       320.00
     545.791     0.997266         5025       365.71
     561.663     0.997656         5027       426.67
     564.735     0.998047         5029       512.00
     566.783     0.998242         5030       568.89
     567.807     0.998437         5031       640.00
     571.391     0.998633         5032       731.43
     578.559     0.998828         5033       853.33
     590.335     0.999023         5034      1024.00
     590.335     0.999121         5034      1137.78
     611.839     0.999219         5035      1280.00
     611.839     0.999316         5035      1462.86
     613.887     0.999414         5036      1706.67
     613.887     0.999512         5036      2048.00
     613.887     0.999561         5036      2275.56
     861.183     0.999609         5037      2560.00
     861.183     0.999658         5037      2925.71
     861.183     0.999707         5037      3413.33
     861.183     0.999756         5037      4096.00
     861.183     0.999780         5037      4551.11
    1146.879     0.999805         5038      5120.00
    1146.879     1.000000         5038          inf
#[Mean    =       77.421, StdDeviation   =       77.766]
#[Max     =     1145.856, Total count    =         5038]
#[Buckets =           27, SubBuckets     =         2048]
----------------------------------------------------------
  7572 requests in 30.10s, 2.17GB read
Requests/sec:    251.60
Transfer/sec:     73.87MB
