Running 30s test @ https://bench-eth2.netdev-lab.org/300k.bin
  4 threads and 100 connections
  Thread calibration: mean lat.: 82.489ms, rate sampling interval: 335ms
  Thread calibration: mean lat.: 78.868ms, rate sampling interval: 324ms
  Thread calibration: mean lat.: 68.166ms, rate sampling interval: 251ms
  Thread calibration: mean lat.: 76.758ms, rate sampling interval: 219ms
  Thread Stats   Avg      Stdev     Max   +/- Stdev
    Latency    73.96ms   70.60ms   1.01s    89.33%
    Req/Sec    63.06     30.36   141.00     69.31%
  Latency Distribution (HdrHistogram - Recorded Latency)
 50.000%   53.98ms
 75.000%   83.39ms
 90.000%  148.74ms
 99.000%  334.08ms
 99.900%  596.99ms
 99.990%  862.21ms
 99.999%    1.01s 
100.000%    1.01s 

  Detailed Percentile spectrum:
       Value   Percentile   TotalCount 1/(1-Percentile)

       6.819     0.000000            1         1.00
      21.087     0.100000          507         1.11
      30.879     0.200000         1013         1.25
      38.079     0.300000         1516         1.43
      46.207     0.400000         2025         1.67
      53.983     0.500000         2526         2.00
      58.815     0.550000         2779         2.22
      63.999     0.600000         3031         2.50
      69.631     0.650000         3286         2.86
      76.479     0.700000         3536         3.33
      83.455     0.750000         3790         4.00
      87.679     0.775000         3916         4.44
      94.463     0.800000         4041         5.00
     104.319     0.825000         4169         5.71
     115.327     0.850000         4295         6.67
     131.199     0.875000         4420         8.00
     141.055     0.887500         4483         8.89
     148.735     0.900000         4548        10.00
     155.775     0.912500         4610        11.43
     163.967     0.925000         4676        13.33
     190.335     0.937500         4736        16.00
     220.415     0.943750         4767        17.78
     243.583     0.950000         4799        20.00
     249.727     0.956250         4833        22.86
     253.439     0.962500         4862        26.67
     257.023     0.968750         4894        32.00
     260.863     0.971875         4909        35.56
     265.471     0.975000         4926        40.00
     269.055     0.978125         4941        45.71
     275.455     0.981250         4958        53.33
     285.695     0.984375         4973        64.00
     290.303     0.985938         4980        71.11
     304.383     0.987500         4988        80.00
     321.791     0.989062         4996        91.43
     347.391     0.990625         5004       106.67
     380.415     0.992188         5012       128.00
     390.655     0.992969         5016       142.22
     418.815     0.993750         5020       160.00
     441.855     0.994531         5024       182.86
     446.207     0.995313         5028       213.33
     465.151     0.996094         5032       256.00
     470.015     0.996484         5034       284.44
     514.559     0.996875         5036       320.00
     518.399     0.997266         5038       365.71
     534.015     0.997656         5040       426.67
     547.839     0.998047         5042       512.00
     553.983     0.998242         5043       568.89
     561.151     0.998437         5044       640.00
     562.175     0.998633         5045       731.43
     596.991     0.998828         5046       853.33
     629.247     0.999023         5047      1024.00
     629.247     0.999121         5047      1137.78
     642.047     0.999219         5048      1280.00
     642.047     0.999316         5048      1462.86
     829.439     0.999414         5049      1706.67
     829.439     0.999512         5049      2048.00
     829.439     0.999561         5049      2275.56
     862.207     0.999609         5050      2560.00
     862.207     0.999658         5050      2925.71
     862.207     0.999707         5050      3413.33
     862.207     0.999756         5050      4096.00
     862.207     0.999780         5050      4551.11
    1012.735     0.999805         5051      5120.00
    1012.735     1.000000         5051          inf
#[Mean    =       73.955, StdDeviation   =       70.597]
#[Max     =     1012.224, Total count    =         5051]
#[Buckets =           27, SubBuckets     =         2048]
----------------------------------------------------------
  7574 requests in 30.13s, 2.17GB read
Requests/sec:    251.40
Transfer/sec:     73.78MB
