Running 30s test @ https://bench-eth2.netdev-lab.org/100k.bin
  4 threads and 100 connections
  Thread calibration: mean lat.: 1721.476ms, rate sampling interval: 8396ms
  Thread calibration: mean lat.: 1848.550ms, rate sampling interval: 9052ms
  Thread calibration: mean lat.: 1974.268ms, rate sampling interval: 7938ms
  Thread calibration: mean lat.: 1836.778ms, rate sampling interval: 8552ms
  Thread Stats   Avg      Stdev     Max   +/- Stdev
    Latency     7.17s     3.94s   28.33s    73.93%
    Req/Sec    93.38     10.61   111.00     50.00%
  Latency Distribution (HdrHistogram - Recorded Latency)
 50.000%    6.82s 
 75.000%    9.02s 
 90.000%   11.67s 
 99.000%   22.10s 
 99.900%   26.80s 
 99.990%   28.11s 
 99.999%   28.34s 
100.000%   28.34s 

  Detailed Percentile spectrum:
       Value   Percentile   TotalCount 1/(1-Percentile)

      20.895     0.000000            1         1.00
    2797.567     0.100000          753         1.11
    4009.983     0.200000         1504         1.25
    4911.103     0.300000         2257         1.43
    5853.183     0.400000         3012         1.67
    6815.743     0.500000         3760         2.00
    7229.439     0.550000         4138         2.22
    7700.479     0.600000         4514         2.50
    8146.943     0.650000         4888         2.86
    8568.831     0.700000         5264         3.33
    9019.391     0.750000         5643         4.00
    9248.767     0.775000         5829         4.44
    9584.639     0.800000         6023         5.00
   10059.775     0.825000         6205         5.71
   10625.023     0.850000         6392         6.67
   11247.615     0.875000         6580         8.00
   11476.991     0.887500         6677         8.89
   11673.599     0.900000         6771        10.00
   11919.359     0.912500         6863        11.43
   12386.303     0.925000         6956        13.33
   12730.367     0.937500         7052        16.00
   12926.975     0.943750         7098        17.78
   13189.119     0.950000         7144        20.00
   13623.295     0.956250         7191        22.86
   14606.335     0.962500         7238        26.67
   15958.015     0.968750         7285        32.00
   16498.687     0.971875         7308        35.56
   17104.895     0.975000         7332        40.00
   17842.175     0.978125         7355        45.71
   19103.743     0.981250         7379        53.33
   19890.175     0.984375         7402        64.00
   20299.775     0.985938         7414        71.11
   21233.663     0.987500         7426        80.00
   21790.719     0.989062         7437        91.43
   22544.383     0.990625         7449       106.67
   23232.511     0.992188         7461       128.00
   23691.263     0.992969         7467       142.22
   24297.471     0.993750         7473       160.00
   24526.847     0.994531         7478       182.86
   24690.687     0.995313         7484       213.33
   24870.911     0.996094         7491       256.00
   25280.511     0.996484         7493       284.44
   25460.735     0.996875         7496       320.00
   25608.191     0.997266         7499       365.71
   26017.791     0.997656         7502       426.67
   26198.015     0.998047         7505       512.00
   26230.783     0.998242         7506       568.89
   26378.239     0.998437         7508       640.00
   26542.079     0.998633         7509       731.43
   26804.223     0.998828         7511       853.33
   26869.759     0.999023         7512      1024.00
   26902.527     0.999121         7513      1137.78
   27049.983     0.999219         7514      1280.00
   27049.983     0.999316         7514      1462.86
   27443.199     0.999414         7515      1706.67
   27607.039     0.999512         7516      2048.00
   27607.039     0.999561         7516      2275.56
   27836.415     0.999609         7517      2560.00
   27836.415     0.999658         7517      2925.71
   27836.415     0.999707         7517      3413.33
   28114.943     0.999756         7518      4096.00
   28114.943     0.999780         7518      4551.11
   28114.943     0.999805         7518      5120.00
   28114.943     0.999829         7518      5851.43
   28114.943     0.999854         7518      6826.67
   28344.319     0.999878         7519      8192.00
   28344.319     1.000000         7519          inf
#[Mean    =     7171.937, StdDeviation   =     3936.994]
#[Max     =    28327.936, Total count    =         7519]
#[Buckets =           27, SubBuckets     =         2048]
----------------------------------------------------------
  11124 requests in 30.01s, 1.07GB read
  Socket errors: connect 0, read 0, write 0, timeout 52
Requests/sec:    370.69
Transfer/sec:     36.41MB
