Running 30s test @ https://bench-eth2.netdev-lab.org/100k.bin
  4 threads and 100 connections
  Thread calibration: mean lat.: 1481.588ms, rate sampling interval: 8871ms
  Thread calibration: mean lat.: 1479.530ms, rate sampling interval: 7892ms
  Thread calibration: mean lat.: 1537.010ms, rate sampling interval: 7323ms
  Thread calibration: mean lat.: 1782.621ms, rate sampling interval: 7307ms
  Thread Stats   Avg      Stdev     Max   +/- Stdev
    Latency     5.95s     4.36s   27.57s    72.33%
    Req/Sec    93.25     10.86   105.00     87.50%
  Latency Distribution (HdrHistogram - Recorded Latency)
 50.000%    4.95s 
 75.000%    8.48s 
 90.000%   11.39s 
 99.000%   21.27s 
 99.900%   27.16s 
 99.990%   27.53s 
 99.999%   27.59s 
100.000%   27.59s 

  Detailed Percentile spectrum:
       Value   Percentile   TotalCount 1/(1-Percentile)

       7.459     0.000000            1         1.00
    1258.495     0.100000          750         1.11
    2256.895     0.200000         1499         1.25
    3192.831     0.300000         2249         1.43
    3944.447     0.400000         2997         1.67
    4947.967     0.500000         3748         2.00
    5603.327     0.550000         4121         2.22
    6406.143     0.600000         4496         2.50
    7114.751     0.650000         4871         2.86
    7782.399     0.700000         5247         3.33
    8478.719     0.750000         5619         4.00
    8839.167     0.775000         5810         4.44
    9150.463     0.800000         5995         5.00
    9461.759     0.825000         6182         5.71
   10133.503     0.850000         6370         6.67
   10870.783     0.875000         6556         8.00
   11116.543     0.887500         6650         8.89
   11386.879     0.900000         6745        10.00
   11796.479     0.912500         6837        11.43
   12238.847     0.925000         6931        13.33
   12640.255     0.937500         7026        16.00
   13107.199     0.943750         7071        17.78
   13836.287     0.950000         7118        20.00
   14278.655     0.956250         7166        22.86
   14630.911     0.962500         7214        26.67
   15269.887     0.968750         7258        32.00
   15761.407     0.971875         7283        35.56
   16580.607     0.975000         7307        40.00
   17022.975     0.978125         7329        45.71
   17301.503     0.981250         7352        53.33
   18169.855     0.984375         7375        64.00
   19398.655     0.985938         7387        71.11
   20299.775     0.987500         7399        80.00
   21168.127     0.989062         7411        91.43
   22347.775     0.990625         7422       106.67
   22953.983     0.992188         7434       128.00
   23363.583     0.992969         7440       142.22
   23576.575     0.993750         7446       160.00
   24182.783     0.994531         7452       182.86
   24641.535     0.995313         7457       213.33
   25198.591     0.996094         7464       256.00
   25493.503     0.996484         7466       284.44
   25706.495     0.996875         7469       320.00
   25853.951     0.997266         7472       365.71
   26099.711     0.997656         7475       426.67
   26279.935     0.998047         7478       512.00
   26558.463     0.998242         7480       568.89
   26755.071     0.998437         7481       640.00
   26771.455     0.998633         7482       731.43
   27082.751     0.998828         7484       853.33
   27164.671     0.999023         7486      1024.00
   27164.671     0.999121         7486      1137.78
   27213.823     0.999219         7487      1280.00
   27213.823     0.999316         7487      1462.86
   27377.663     0.999414         7488      1706.67
   27426.815     0.999512         7489      2048.00
   27426.815     0.999561         7489      2275.56
   27443.199     0.999609         7490      2560.00
   27443.199     0.999658         7490      2925.71
   27443.199     0.999707         7490      3413.33
   27525.119     0.999756         7491      4096.00
   27525.119     0.999780         7491      4551.11
   27525.119     0.999805         7491      5120.00
   27525.119     0.999829         7491      5851.43
   27525.119     0.999854         7491      6826.67
   27590.655     0.999878         7492      8192.00
   27590.655     1.000000         7492          inf
#[Mean    =     5952.987, StdDeviation   =     4358.538]
#[Max     =    27574.272, Total count    =         7492]
#[Buckets =           27, SubBuckets     =         2048]
----------------------------------------------------------
  11096 requests in 30.01s, 1.06GB read
  Socket errors: connect 0, read 0, write 0, timeout 101
Requests/sec:    369.74
Transfer/sec:     36.34MB
