Running 30s test @ https://bench-eth2.netdev-lab.org/100k.bin
  4 threads and 100 connections
  Thread calibration: mean lat.: 2240.497ms, rate sampling interval: 9043ms
  Thread calibration: mean lat.: 1813.012ms, rate sampling interval: 8163ms
  Thread calibration: mean lat.: 2050.072ms, rate sampling interval: 9109ms
  Thread calibration: mean lat.: 2062.853ms, rate sampling interval: 9191ms
  Thread Stats   Avg      Stdev     Max   +/- Stdev
    Latency     7.80s     4.63s   24.61s    69.78%
    Req/Sec   120.25      8.01   130.00     62.50%
  Latency Distribution (HdrHistogram - Recorded Latency)
 50.000%    6.90s 
 75.000%   10.44s 
 90.000%   14.14s 
 99.000%   21.25s 
 99.900%   23.99s 
 99.990%   24.49s 
 99.999%   24.63s 
100.000%   24.63s 

  Detailed Percentile spectrum:
       Value   Percentile   TotalCount 1/(1-Percentile)

      24.751     0.000000            1         1.00
    2461.695     0.100000          960         1.11
    3993.599     0.200000         1919         1.25
    5005.311     0.300000         2879         1.43
    5943.295     0.400000         3834         1.67
    6901.759     0.500000         4790         2.00
    7569.407     0.550000         5269         2.22
    8179.711     0.600000         5749         2.50
    8839.167     0.650000         6228         2.86
    9715.711     0.700000         6716         3.33
   10436.607     0.750000         7186         4.00
   10764.287     0.775000         7425         4.44
   11182.079     0.800000         7667         5.00
   11952.127     0.825000         7905         5.71
   12582.911     0.850000         8145         6.67
   13402.111     0.875000         8384         8.00
   13729.791     0.887500         8502         8.89
   14147.583     0.900000         8623        10.00
   14589.951     0.912500         8741        11.43
   15196.159     0.925000         8862        13.33
   15835.135     0.937500         8981        16.00
   16252.927     0.943750         9041        17.78
   16941.055     0.950000         9104        20.00
   17629.183     0.956250         9160        22.86
   18137.087     0.962500         9221        26.67
   18743.295     0.968750         9282        32.00
   19054.591     0.971875         9311        35.56
   19513.343     0.975000         9344        40.00
   19759.103     0.978125         9370        45.71
   20103.167     0.981250         9400        53.33
   20545.535     0.984375         9430        64.00
   20824.063     0.985938         9446        71.11
   21004.287     0.987500         9460        80.00
   21151.743     0.989062         9476        91.43
   21430.271     0.990625         9490       106.67
   21889.023     0.992188         9505       128.00
   22216.703     0.992969         9512       142.22
   22462.463     0.993750         9520       160.00
   22626.303     0.994531         9527       182.86
   22888.447     0.995313         9536       213.33
   23068.671     0.996094         9542       256.00
   23117.823     0.996484         9547       284.44
   23232.511     0.996875         9550       320.00
   23363.583     0.997266         9553       365.71
   23543.807     0.997656         9557       426.67
   23855.103     0.998047         9561       512.00
   23887.871     0.998242         9564       568.89
   23920.639     0.998437         9565       640.00
   23969.791     0.998633         9568       731.43
   23969.791     0.998828         9568       853.33
   24035.327     0.999023         9570      1024.00
   24051.711     0.999121         9571      1137.78
   24068.095     0.999219         9572      1280.00
   24100.863     0.999316         9573      1462.86
   24215.551     0.999414         9574      1706.67
   24231.935     0.999512         9575      2048.00
   24231.935     0.999561         9575      2275.56
   24412.159     0.999609         9576      2560.00
   24412.159     0.999658         9576      2925.71
   24461.311     0.999707         9577      3413.33
   24461.311     0.999756         9577      4096.00
   24461.311     0.999780         9577      4551.11
   24494.079     0.999805         9578      5120.00
   24494.079     0.999829         9578      5851.43
   24494.079     0.999854         9578      6826.67
   24494.079     0.999878         9578      8192.00
   24494.079     0.999890         9578      9102.22
   24625.151     0.999902         9579     10240.00
   24625.151     1.000000         9579          inf
#[Mean    =     7802.854, StdDeviation   =     4628.986]
#[Max     =    24608.768, Total count    =         9579]
#[Buckets =           27, SubBuckets     =         2048]
----------------------------------------------------------
  14318 requests in 30.05s, 1.37GB read
  Socket errors: connect 0, read 0, write 0, timeout 27
Requests/sec:    476.47
Transfer/sec:     46.77MB
