Running 30s test @ https://bench-eth2.netdev-lab.org/100k.bin
  4 threads and 100 connections
  Thread calibration: mean lat.: 1644.390ms, rate sampling interval: 7692ms
  Thread calibration: mean lat.: 2079.589ms, rate sampling interval: 8343ms
  Thread calibration: mean lat.: 2054.235ms, rate sampling interval: 7786ms
  Thread calibration: mean lat.: 1671.642ms, rate sampling interval: 7315ms
  Thread Stats   Avg      Stdev     Max   +/- Stdev
    Latency     6.27s     3.68s   27.66s    76.94%
    Req/Sec    97.50     11.26   116.00     75.00%
  Latency Distribution (HdrHistogram - Recorded Latency)
 50.000%    5.64s 
 75.000%    8.01s 
 90.000%   10.61s 
 99.000%   20.74s 
 99.900%   25.46s 
 99.990%   27.12s 
 99.999%   27.67s 
100.000%   27.67s 

  Detailed Percentile spectrum:
       Value   Percentile   TotalCount 1/(1-Percentile)

      21.983     0.000000            1         1.00
    2531.327     0.100000          779         1.11
    3364.863     0.200000         1559         1.25
    4188.159     0.300000         2336         1.43
    4972.543     0.400000         3116         1.67
    5636.095     0.500000         3896         2.00
    5963.775     0.550000         4282         2.22
    6352.895     0.600000         4672         2.50
    6750.207     0.650000         5062         2.86
    7368.703     0.700000         5452         3.33
    8007.679     0.750000         5838         4.00
    8306.687     0.775000         6033         4.44
    8593.407     0.800000         6229         5.00
    9052.159     0.825000         6422         5.71
    9478.143     0.850000         6618         6.67
    9994.239     0.875000         6812         8.00
   10297.343     0.887500         6910         8.89
   10608.639     0.900000         7006        10.00
   10928.127     0.912500         7104        11.43
   11517.951     0.925000         7202        13.33
   12181.503     0.937500         7301        16.00
   12492.799     0.943750         7350        17.78
   12861.439     0.950000         7395        20.00
   13271.039     0.956250         7445        22.86
   13705.215     0.962500         7493        26.67
   14278.655     0.968750         7541        32.00
   14721.023     0.971875         7566        35.56
   15335.423     0.975000         7591        40.00
   16064.511     0.978125         7614        45.71
   16670.719     0.981250         7639        53.33
   17367.039     0.984375         7663        64.00
   18186.239     0.985938         7675        71.11
   19251.199     0.987500         7687        80.00
   20037.631     0.989062         7699        91.43
   21495.807     0.990625         7713       106.67
   22200.319     0.992188         7725       128.00
   22544.383     0.992969         7730       142.22
   22953.983     0.993750         7738       160.00
   23183.359     0.994531         7743       182.86
   23691.263     0.995313         7748       213.33
   24150.015     0.996094         7754       256.00
   24264.703     0.996484         7757       284.44
   24379.391     0.996875         7760       320.00
   24739.839     0.997266         7763       365.71
   24952.831     0.997656         7766       426.67
   25149.439     0.998047         7769       512.00
   25165.823     0.998242         7771       568.89
   25182.207     0.998437         7773       640.00
   25329.663     0.998633         7774       731.43
   25411.583     0.998828         7775       853.33
   25526.271     0.999023         7777      1024.00
   26148.863     0.999121         7778      1137.78
   26148.863     0.999219         7778      1280.00
   26198.015     0.999316         7779      1462.86
   26312.703     0.999414         7780      1706.67
   26689.535     0.999512         7781      2048.00
   26689.535     0.999561         7781      2275.56
   26689.535     0.999609         7781      2560.00
   26836.991     0.999658         7782      2925.71
   26836.991     0.999707         7782      3413.33
   27115.519     0.999756         7783      4096.00
   27115.519     0.999780         7783      4551.11
   27115.519     0.999805         7783      5120.00
   27115.519     0.999829         7783      5851.43
   27115.519     0.999854         7783      6826.67
   27672.575     0.999878         7784      8192.00
   27672.575     1.000000         7784          inf
#[Mean    =     6271.724, StdDeviation   =     3684.551]
#[Max     =    27656.192, Total count    =         7784]
#[Buckets =           27, SubBuckets     =         2048]
----------------------------------------------------------
  11542 requests in 30.01s, 1.11GB read
  Socket errors: connect 0, read 0, write 0, timeout 151
Requests/sec:    384.59
Transfer/sec:     37.77MB
