Running 30s test @ https://bench-eth2.netdev-lab.org/100k.bin
  4 threads and 100 connections
  Thread calibration: mean lat.: 2308.049ms, rate sampling interval: 9830ms
  Thread calibration: mean lat.: 2091.150ms, rate sampling interval: 8675ms
  Thread calibration: mean lat.: 1627.271ms, rate sampling interval: 7593ms
  Thread calibration: mean lat.: 2131.776ms, rate sampling interval: 8216ms
  Thread Stats   Avg      Stdev     Max   +/- Stdev
    Latency     8.31s     3.99s   26.43s    74.08%
    Req/Sec   118.12      9.21   130.00     75.00%
  Latency Distribution (HdrHistogram - Recorded Latency)
 50.000%    7.76s 
 75.000%   10.35s 
 90.000%   13.12s 
 99.000%   21.79s 
 99.900%   25.10s 
 99.990%   26.38s 
 99.999%   26.44s 
100.000%   26.44s 

  Detailed Percentile spectrum:
       Value   Percentile   TotalCount 1/(1-Percentile)

      16.039     0.000000            1         1.00
    3796.991     0.100000          954         1.11
    5242.879     0.200000         1910         1.25
    6008.831     0.300000         2861         1.43
    6959.103     0.400000         3813         1.67
    7761.919     0.500000         4767         2.00
    8228.863     0.550000         5244         2.22
    8806.399     0.600000         5718         2.50
    9232.383     0.650000         6195         2.86
    9789.439     0.700000         6674         3.33
   10346.495     0.750000         7149         4.00
   10625.023     0.775000         7386         4.44
   10936.319     0.800000         7626         5.00
   11370.495     0.825000         7862         5.71
   11812.863     0.850000         8099         6.67
   12353.535     0.875000         8338         8.00
   12771.327     0.887500         8457         8.89
   13115.391     0.900000         8577        10.00
   13557.759     0.912500         8696        11.43
   13983.743     0.925000         8815        13.33
   14770.175     0.937500         8934        16.00
   15147.007     0.943750         8994        17.78
   15499.263     0.950000         9054        20.00
   15998.975     0.956250         9112        22.86
   17022.975     0.962500         9171        26.67
   17907.711     0.968750         9231        32.00
   18366.463     0.971875         9261        35.56
   18825.215     0.975000         9290        40.00
   19431.423     0.978125         9321        45.71
   19906.559     0.981250         9350        53.33
   20660.223     0.984375         9381        64.00
   20922.367     0.985938         9395        71.11
   21151.743     0.987500         9409        80.00
   21495.807     0.989062         9424        91.43
   21970.943     0.990625         9439       106.67
   22298.623     0.992188         9454       128.00
   22577.151     0.992969         9462       142.22
   22806.527     0.993750         9470       160.00
   22986.751     0.994531         9476       182.86
   23330.815     0.995313         9484       213.33
   23674.879     0.996094         9491       256.00
   23789.567     0.996484         9495       284.44
   23871.487     0.996875         9500       320.00
   23887.871     0.997266         9503       365.71
   23953.407     0.997656         9507       426.67
   24035.327     0.998047         9511       512.00
   24084.479     0.998242         9512       568.89
   24248.319     0.998437         9514       640.00
   24395.775     0.998633         9515       731.43
   24690.687     0.998828         9517       853.33
   25116.671     0.999023         9519      1024.00
   25149.439     0.999121         9521      1137.78
   25149.439     0.999219         9521      1280.00
   26017.791     0.999316         9522      1462.86
   26132.479     0.999414         9523      1706.67
   26165.247     0.999512         9524      2048.00
   26165.247     0.999561         9524      2275.56
   26198.015     0.999609         9525      2560.00
   26198.015     0.999658         9525      2925.71
   26378.239     0.999707         9527      3413.33
   26378.239     0.999756         9527      4096.00
   26378.239     0.999780         9527      4551.11
   26378.239     0.999805         9527      5120.00
   26378.239     0.999829         9527      5851.43
   26378.239     0.999854         9527      6826.67
   26378.239     0.999878         9527      8192.00
   26378.239     0.999890         9527      9102.22
   26443.775     0.999902         9528     10240.00
   26443.775     1.000000         9528          inf
#[Mean    =     8311.345, StdDeviation   =     3985.014]
#[Max     =    26427.392, Total count    =         9528]
#[Buckets =           27, SubBuckets     =         2048]
----------------------------------------------------------
  14054 requests in 30.03s, 1.35GB read
  Socket errors: connect 0, read 0, write 0, timeout 30
Requests/sec:    467.94
Transfer/sec:     45.93MB
