Running 30s test @ https://bench-eth2.netdev-lab.org/100k.bin
  4 threads and 100 connections
  Thread calibration: mean lat.: 2267.373ms, rate sampling interval: 11001ms
  Thread calibration: mean lat.: 2123.985ms, rate sampling interval: 8601ms
  Thread calibration: mean lat.: 2282.906ms, rate sampling interval: 9166ms
  Thread calibration: mean lat.: 1754.361ms, rate sampling interval: 7999ms
  Thread Stats   Avg      Stdev     Max   +/- Stdev
    Latency     7.95s     4.67s   26.25s    70.91%
    Req/Sec   119.00      8.12   132.00     71.43%
  Latency Distribution (HdrHistogram - Recorded Latency)
 50.000%    7.10s 
 75.000%   10.77s 
 90.000%   14.08s 
 99.000%   21.66s 
 99.900%   24.63s 
 99.990%   26.23s 
 99.999%   26.26s 
100.000%   26.26s 

  Detailed Percentile spectrum:
       Value   Percentile   TotalCount 1/(1-Percentile)

      16.495     0.000000            1         1.00
    2488.319     0.100000          950         1.11
    4067.327     0.200000         1901         1.25
    5140.479     0.300000         2855         1.43
    6119.423     0.400000         3801         1.67
    7102.463     0.500000         4755         2.00
    7548.927     0.550000         5225         2.22
    8265.727     0.600000         5701         2.50
    9027.583     0.650000         6175         2.86
    9969.663     0.700000         6651         3.33
   10772.479     0.750000         7126         4.00
   11223.039     0.775000         7367         4.44
   11665.407     0.800000         7600         5.00
   12091.391     0.825000         7842         5.71
   12673.023     0.850000         8075         6.67
   13402.111     0.875000         8313         8.00
   13770.751     0.887500         8433         8.89
   14082.047     0.900000         8551        10.00
   14401.535     0.912500         8669        11.43
   15081.471     0.925000         8788        13.33
   15941.631     0.937500         8910        16.00
   16572.415     0.943750         8966        17.78
   17121.279     0.950000         9028        20.00
   17514.495     0.956250         9086        22.86
   18481.151     0.962500         9145        26.67
   19300.351     0.968750         9207        32.00
   19447.807     0.971875         9233        35.56
   19890.175     0.975000         9263        40.00
   20283.391     0.978125         9295        45.71
   20496.383     0.981250         9322        53.33
   21020.671     0.984375         9353        64.00
   21151.743     0.985938         9367        71.11
   21364.735     0.987500         9382        80.00
   21594.111     0.989062         9397        91.43
   21676.031     0.990625         9411       106.67
   21987.327     0.992188         9428       128.00
   22233.087     0.992969         9435       142.22
   22315.007     0.993750         9441       160.00
   22495.231     0.994531         9449       182.86
   22659.071     0.995313         9458       213.33
   22708.223     0.996094         9464       256.00
   22839.295     0.996484         9467       284.44
   22904.831     0.996875         9471       320.00
   23150.591     0.997266         9475       365.71
   23871.487     0.997656         9479       426.67
   24199.167     0.998047         9482       512.00
   24297.471     0.998242         9484       568.89
   24510.463     0.998437         9487       640.00
   24543.231     0.998633         9489       731.43
   24543.231     0.998828         9489       853.33
   24625.151     0.999023         9491      1024.00
   24657.919     0.999121         9492      1137.78
   24838.143     0.999219         9493      1280.00
   25001.983     0.999316         9494      1462.86
   25247.743     0.999414         9495      1706.67
   25919.487     0.999512         9496      2048.00
   25919.487     0.999561         9496      2275.56
   26083.327     0.999609         9497      2560.00
   26083.327     0.999658         9497      2925.71
   26116.095     0.999707         9498      3413.33
   26116.095     0.999756         9498      4096.00
   26116.095     0.999780         9498      4551.11
   26230.783     0.999805         9499      5120.00
   26230.783     0.999829         9499      5851.43
   26230.783     0.999854         9499      6826.67
   26230.783     0.999878         9499      8192.00
   26230.783     0.999890         9499      9102.22
   26263.551     0.999902         9500     10240.00
   26263.551     1.000000         9500          inf
#[Mean    =     7951.867, StdDeviation   =     4669.032]
#[Max     =    26247.168, Total count    =         9500]
#[Buckets =           27, SubBuckets     =         2048]
----------------------------------------------------------
  14086 requests in 30.04s, 1.35GB read
  Socket errors: connect 0, read 0, write 0, timeout 45
Requests/sec:    468.93
Transfer/sec:     46.03MB
