Running 30s test @ https://bench-eth2.netdev-lab.org/100k.bin
  4 threads and 100 connections
  Thread calibration: mean lat.: 1421.866ms, rate sampling interval: 6565ms
  Thread calibration: mean lat.: 1561.526ms, rate sampling interval: 6586ms
  Thread calibration: mean lat.: 1809.884ms, rate sampling interval: 8249ms
  Thread calibration: mean lat.: 1206.550ms, rate sampling interval: 5349ms
  Thread Stats   Avg      Stdev     Max   +/- Stdev
    Latency     5.75s     4.67s   28.05s    75.52%
    Req/Sec    95.73     15.73   116.00     63.64%
  Latency Distribution (HdrHistogram - Recorded Latency)
 50.000%    4.54s 
 75.000%    8.20s 
 90.000%   11.68s 
 99.000%   21.92s 
 99.900%   26.51s 
 99.990%   27.90s 
 99.999%   28.07s 
100.000%   28.07s 

  Detailed Percentile spectrum:
       Value   Percentile   TotalCount 1/(1-Percentile)

       9.015     0.000000            1         1.00
    1076.223     0.100000          741         1.11
    1923.071     0.200000         1481         1.25
    2631.679     0.300000         2222         1.43
    3612.671     0.400000         2962         1.67
    4538.367     0.500000         3706         2.00
    5025.791     0.550000         4073         2.22
    5681.151     0.600000         4443         2.50
    6365.183     0.650000         4815         2.86
    7249.919     0.700000         5188         3.33
    8200.191     0.750000         5555         4.00
    8699.903     0.775000         5741         4.44
    9199.615     0.800000         5924         5.00
    9699.327     0.825000         6110         5.71
   10313.727     0.850000         6295         6.67
   10838.015     0.875000         6480         8.00
   11206.655     0.887500         6572         8.89
   11681.791     0.900000         6665        10.00
   12247.039     0.912500         6759        11.43
   12804.095     0.925000         6850        13.33
   13901.823     0.937500         6943        16.00
   14516.223     0.943750         6990        17.78
   15278.079     0.950000         7035        20.00
   15794.175     0.956250         7082        22.86
   16408.575     0.962500         7128        26.67
   16809.983     0.968750         7175        32.00
   16990.207     0.971875         7197        35.56
   17383.423     0.975000         7220        40.00
   18628.607     0.978125         7245        45.71
   19677.183     0.981250         7268        53.33
   20594.687     0.984375         7290        64.00
   20873.215     0.985938         7301        71.11
   21315.583     0.987500         7313        80.00
   21708.799     0.989062         7325        91.43
   22151.167     0.990625         7336       106.67
   22953.983     0.992188         7348       128.00
   23838.719     0.992969         7353       142.22
   24297.471     0.993750         7359       160.00
   24756.223     0.994531         7365       182.86
   25395.199     0.995313         7371       213.33
   25526.271     0.996094         7379       256.00
   25526.271     0.996484         7379       284.44
   25706.495     0.996875         7382       320.00
   25804.799     0.997266         7385       365.71
   25985.023     0.997656         7388       426.67
   26099.711     0.998047         7391       512.00
   26116.095     0.998242         7392       568.89
   26198.015     0.998437         7394       640.00
   26361.855     0.998633         7397       731.43
   26361.855     0.998828         7397       853.33
   26509.311     0.999023         7398      1024.00
   26558.463     0.999121         7399      1137.78
   26771.455     0.999219         7400      1280.00
   26771.455     0.999316         7400      1462.86
   26902.527     0.999414         7401      1706.67
   27213.823     0.999512         7402      2048.00
   27213.823     0.999561         7402      2275.56
   27525.119     0.999609         7403      2560.00
   27525.119     0.999658         7403      2925.71
   27525.119     0.999707         7403      3413.33
   27901.951     0.999756         7404      4096.00
   27901.951     0.999780         7404      4551.11
   27901.951     0.999805         7404      5120.00
   27901.951     0.999829         7404      5851.43
   27901.951     0.999854         7404      6826.67
   28065.791     0.999878         7405      8192.00
   28065.791     1.000000         7405          inf
#[Mean    =     5751.440, StdDeviation   =     4670.326]
#[Max     =    28049.408, Total count    =         7405]
#[Buckets =           27, SubBuckets     =         2048]
----------------------------------------------------------
  11000 requests in 30.01s, 1.05GB read
  Socket errors: connect 0, read 0, write 0, timeout 78
Requests/sec:    366.50
Transfer/sec:     35.98MB
