Running 30s test @ https://bench-eth2.netdev-lab.org/100k.bin
  4 threads and 100 connections
  Thread calibration: mean lat.: 1760.824ms, rate sampling interval: 7606ms
  Thread calibration: mean lat.: 1866.476ms, rate sampling interval: 7512ms
  Thread calibration: mean lat.: 2076.670ms, rate sampling interval: 8970ms
  Thread calibration: mean lat.: 1872.399ms, rate sampling interval: 8298ms
  Thread Stats   Avg      Stdev     Max   +/- Stdev
    Latency     6.06s     4.57s   28.43s    69.48%
    Req/Sec    97.50      9.18   117.00     87.50%
  Latency Distribution (HdrHistogram - Recorded Latency)
 50.000%    5.65s 
 75.000%    8.68s 
 90.000%   11.41s 
 99.000%   22.36s 
 99.900%   26.85s 
 99.990%   28.34s 
 99.999%   28.44s 
100.000%   28.44s 

  Detailed Percentile spectrum:
       Value   Percentile   TotalCount 1/(1-Percentile)

       6.847     0.000000            1         1.00
     771.071     0.100000          778         1.11
    1756.159     0.200000         1555         1.25
    3024.895     0.300000         2332         1.43
    4419.583     0.400000         3111         1.67
    5652.479     0.500000         3889         2.00
    6184.959     0.550000         4276         2.22
    6713.343     0.600000         4665         2.50
    7311.359     0.650000         5052         2.86
    7979.007     0.700000         5442         3.33
    8683.519     0.750000         5829         4.00
    8986.623     0.775000         6025         4.44
    9289.727     0.800000         6218         5.00
    9756.671     0.825000         6416         5.71
   10231.807     0.850000         6607         6.67
   10854.399     0.875000         6805         8.00
   11051.007     0.887500         6899         8.89
   11411.455     0.900000         6995        10.00
   11862.015     0.912500         7094        11.43
   12247.039     0.925000         7191        13.33
   13221.887     0.937500         7288        16.00
   13631.487     0.943750         7335        17.78
   13959.167     0.950000         7385        20.00
   14352.383     0.956250         7432        22.86
   14942.207     0.962500         7481        26.67
   15515.647     0.968750         7530        32.00
   16236.543     0.971875         7554        35.56
   16859.135     0.975000         7578        40.00
   18628.607     0.978125         7602        45.71
   19808.255     0.981250         7627        53.33
   21282.815     0.984375         7652        64.00
   21479.423     0.985938         7664        71.11
   21757.951     0.987500         7675        80.00
   22151.167     0.989062         7687        91.43
   22544.383     0.990625         7700       106.67
   23068.671     0.992188         7712       128.00
   23429.119     0.992969         7718       142.22
   23658.495     0.993750         7724       160.00
   24035.327     0.994531         7730       182.86
   24248.319     0.995313         7736       213.33
   24575.999     0.996094         7742       256.00
   24641.535     0.996484         7745       284.44
   24788.991     0.996875         7748       320.00
   25100.287     0.997266         7751       365.71
   25313.279     0.997656         7754       426.67
   25739.263     0.998047         7757       512.00
   26034.175     0.998242         7759       568.89
   26443.775     0.998437         7760       640.00
   26738.687     0.998633         7762       731.43
   26836.991     0.998828         7763       853.33
   26869.759     0.999023         7765      1024.00
   27164.671     0.999121         7766      1137.78
   27164.671     0.999219         7766      1280.00
   27197.439     0.999316         7767      1462.86
   27279.359     0.999414         7768      1706.67
   27754.495     0.999512         7769      2048.00
   27754.495     0.999561         7769      2275.56
   27754.495     0.999609         7769      2560.00
   27951.103     0.999658         7770      2925.71
   27951.103     0.999707         7770      3413.33
   28344.319     0.999756         7771      4096.00
   28344.319     0.999780         7771      4551.11
   28344.319     0.999805         7771      5120.00
   28344.319     0.999829         7771      5851.43
   28344.319     0.999854         7771      6826.67
   28442.623     0.999878         7772      8192.00
   28442.623     1.000000         7772          inf
#[Mean    =     6061.147, StdDeviation   =     4574.313]
#[Max     =    28426.240, Total count    =         7772]
#[Buckets =           27, SubBuckets     =         2048]
----------------------------------------------------------
  11501 requests in 30.05s, 1.10GB read
  Socket errors: connect 0, read 0, write 0, timeout 104
Requests/sec:    382.74
Transfer/sec:     37.57MB
