Running 30s test @ https://bench-eth2.netdev-lab.org/100k.bin
  4 threads and 100 connections
  Thread calibration: mean lat.: 1615.595ms, rate sampling interval: 8024ms
  Thread calibration: mean lat.: 1738.927ms, rate sampling interval: 8585ms
  Thread calibration: mean lat.: 1761.599ms, rate sampling interval: 8343ms
  Thread calibration: mean lat.: 1437.590ms, rate sampling interval: 6029ms
  Thread Stats   Avg      Stdev     Max   +/- Stdev
    Latency     6.53s     4.01s   27.12s    72.53%
    Req/Sec   100.22      9.17   111.00     66.67%
  Latency Distribution (HdrHistogram - Recorded Latency)
 50.000%    6.01s 
 75.000%    8.93s 
 90.000%   11.30s 
 99.000%   21.07s 
 99.900%   25.79s 
 99.990%   27.07s 
 99.999%   27.13s 
100.000%   27.13s 

  Detailed Percentile spectrum:
       Value   Percentile   TotalCount 1/(1-Percentile)

       9.415     0.000000            1         1.00
    1921.023     0.100000          818         1.11
    3143.679     0.200000         1639         1.25
    4040.703     0.300000         2455         1.43
    5079.039     0.400000         3272         1.67
    6008.831     0.500000         4092         2.00
    6615.039     0.550000         4504         2.22
    7110.655     0.600000         4913         2.50
    7712.767     0.650000         5318         2.86
    8413.183     0.700000         5732         3.33
    8929.279     0.750000         6137         4.00
    9248.767     0.775000         6344         4.44
    9478.143     0.800000         6544         5.00
    9797.631     0.825000         6751         5.71
   10239.999     0.850000         6956         6.67
   10649.599     0.875000         7162         8.00
   10895.359     0.887500         7259         8.89
   11304.959     0.900000         7362        10.00
   11550.719     0.912500         7464        11.43
   12075.007     0.925000         7566        13.33
   12386.303     0.937500         7669        16.00
   12566.527     0.943750         7722        17.78
   12722.175     0.950000         7771        20.00
   13058.047     0.956250         7823        22.86
   13459.455     0.962500         7874        26.67
   14524.415     0.968750         7924        32.00
   14999.551     0.971875         7949        35.56
   16023.551     0.975000         7975        40.00
   16523.263     0.978125         8001        45.71
   16859.135     0.981250         8026        53.33
   18137.087     0.984375         8052        64.00
   19202.047     0.985938         8064        71.11
   20070.399     0.987500         8077        80.00
   20774.911     0.989062         8090        91.43
   21200.895     0.990625         8103       106.67
   22364.159     0.992188         8116       128.00
   22757.375     0.992969         8122       142.22
   23199.743     0.993750         8128       160.00
   23724.031     0.994531         8135       182.86
   24051.711     0.995313         8141       213.33
   24395.775     0.996094         8148       256.00
   24608.767     0.996484         8151       284.44
   24887.295     0.996875         8155       320.00
   25034.751     0.997266         8157       365.71
   25149.439     0.997656         8160       426.67
   25264.127     0.998047         8164       512.00
   25427.967     0.998242         8165       568.89
   25640.959     0.998437         8167       640.00
   25690.111     0.998633         8168       731.43
   25772.031     0.998828         8170       853.33
   25837.567     0.999023         8172      1024.00
   25837.567     0.999121         8172      1137.78
   26050.559     0.999219         8173      1280.00
   26066.943     0.999316         8174      1462.86
   26607.615     0.999414         8175      1706.67
   26673.151     0.999512         8176      2048.00
   26673.151     0.999561         8176      2275.56
   26673.151     0.999609         8176      2560.00
   26836.991     0.999658         8177      2925.71
   26836.991     0.999707         8177      3413.33
   27066.367     0.999756         8178      4096.00
   27066.367     0.999780         8178      4551.11
   27066.367     0.999805         8178      5120.00
   27066.367     0.999829         8178      5851.43
   27066.367     0.999854         8178      6826.67
   27131.903     0.999878         8179      8192.00
   27131.903     1.000000         8179          inf
#[Mean    =     6530.650, StdDeviation   =     4006.409]
#[Max     =    27115.520, Total count    =         8179]
#[Buckets =           27, SubBuckets     =         2048]
----------------------------------------------------------
  12072 requests in 30.01s, 1.16GB read
  Socket errors: connect 0, read 0, write 0, timeout 48
Requests/sec:    402.31
Transfer/sec:     39.51MB
