Running 30s test @ https://bench-eth2.netdev-lab.org/100k.bin
  4 threads and 100 connections
  Thread calibration: mean lat.: 1980.860ms, rate sampling interval: 8495ms
  Thread calibration: mean lat.: 1900.406ms, rate sampling interval: 8282ms
  Thread calibration: mean lat.: 1495.647ms, rate sampling interval: 6799ms
  Thread calibration: mean lat.: 1741.537ms, rate sampling interval: 7843ms
  Thread Stats   Avg      Stdev     Max   +/- Stdev
    Latency     6.89s     4.11s   27.66s    73.38%
    Req/Sec    96.62      9.87   112.00     50.00%
  Latency Distribution (HdrHistogram - Recorded Latency)
 50.000%    6.50s 
 75.000%    8.96s 
 90.000%   11.62s 
 99.000%   22.15s 
 99.900%   26.72s 
 99.990%   27.51s 
 99.999%   27.67s 
100.000%   27.67s 

  Detailed Percentile spectrum:
       Value   Percentile   TotalCount 1/(1-Percentile)

      11.559     0.000000            1         1.00
    1840.127     0.100000          769         1.11
    3674.111     0.200000         1538         1.25
    4648.959     0.300000         2308         1.43
    5550.079     0.400000         3077         1.67
    6504.447     0.500000         3843         2.00
    7004.159     0.550000         4230         2.22
    7409.663     0.600000         4613         2.50
    7991.295     0.650000         4996         2.86
    8454.143     0.700000         5384         3.33
    8962.047     0.750000         5766         4.00
    9297.919     0.775000         5957         4.44
    9699.327     0.800000         6151         5.00
   10149.887     0.825000         6345         5.71
   10657.791     0.850000         6535         6.67
   11116.543     0.875000         6727         8.00
   11296.767     0.887500         6822         8.89
   11616.255     0.900000         6918        10.00
   11919.359     0.912500         7014        11.43
   12410.879     0.925000         7110        13.33
   12992.511     0.937500         7207        16.00
   13434.879     0.943750         7253        17.78
   13721.599     0.950000         7301        20.00
   13975.551     0.956250         7349        22.86
   14491.647     0.962500         7400        26.67
   15163.391     0.968750         7445        32.00
   15654.911     0.971875         7469        35.56
   16392.191     0.975000         7493        40.00
   17006.591     0.978125         7519        45.71
   17448.959     0.981250         7542        53.33
   19054.591     0.984375         7565        64.00
   20332.543     0.985938         7577        71.11
   21364.735     0.987500         7589        80.00
   21872.639     0.989062         7601        91.43
   22642.687     0.990625         7613       106.67
   23822.335     0.992188         7625       128.00
   24150.015     0.992969         7631       142.22
   24379.391     0.993750         7638       160.00
   24657.919     0.994531         7643       182.86
   25001.983     0.995313         7649       213.33
   25346.047     0.996094         7656       256.00
   25395.199     0.996484         7658       284.44
   25591.807     0.996875         7661       320.00
   25673.727     0.997266         7664       365.71
   26066.943     0.997656         7667       426.67
   26329.087     0.998047         7670       512.00
   26394.623     0.998242         7672       568.89
   26492.927     0.998437         7673       640.00
   26623.999     0.998633         7675       731.43
   26673.151     0.998828         7676       853.33
   26722.303     0.999023         7679      1024.00
   26722.303     0.999121         7679      1137.78
   26722.303     0.999219         7679      1280.00
   26869.759     0.999316         7680      1462.86
   26918.911     0.999414         7681      1706.67
   27279.359     0.999512         7682      2048.00
   27279.359     0.999561         7682      2275.56
   27279.359     0.999609         7682      2560.00
   27410.431     0.999658         7683      2925.71
   27410.431     0.999707         7683      3413.33
   27508.735     0.999756         7684      4096.00
   27508.735     0.999780         7684      4551.11
   27508.735     0.999805         7684      5120.00
   27508.735     0.999829         7684      5851.43
   27508.735     0.999854         7684      6826.67
   27672.575     0.999878         7685      8192.00
   27672.575     1.000000         7685          inf
#[Mean    =     6889.283, StdDeviation   =     4106.529]
#[Max     =    27656.192, Total count    =         7685]
#[Buckets =           27, SubBuckets     =         2048]
----------------------------------------------------------
  11461 requests in 30.01s, 1.10GB read
  Socket errors: connect 0, read 0, write 0, timeout 56
Requests/sec:    381.94
Transfer/sec:     37.50MB
