Running 30s test @ https://bench-eth2.netdev-lab.org/100k.bin
  4 threads and 100 connections
  Thread calibration: mean lat.: 1435.087ms, rate sampling interval: 5869ms
  Thread calibration: mean lat.: 1949.326ms, rate sampling interval: 7946ms
  Thread calibration: mean lat.: 1749.672ms, rate sampling interval: 7524ms
  Thread calibration: mean lat.: 1648.909ms, rate sampling interval: 7094ms
  Thread Stats   Avg      Stdev     Max   +/- Stdev
    Latency     6.43s     3.96s   28.41s    76.00%
    Req/Sec    94.33     14.48   115.00     55.56%
  Latency Distribution (HdrHistogram - Recorded Latency)
 50.000%    5.82s 
 75.000%    8.35s 
 90.000%   10.71s 
 99.000%   23.10s 
 99.900%   26.62s 
 99.990%   27.71s 
 99.999%   28.43s 
100.000%   28.43s 

  Detailed Percentile spectrum:
       Value   Percentile   TotalCount 1/(1-Percentile)

      10.759     0.000000            1         1.00
    2193.407     0.100000          737         1.11
    3137.535     0.200000         1471         1.25
    4089.855     0.300000         2204         1.43
    5095.423     0.400000         2942         1.67
    5816.319     0.500000         3676         2.00
    6201.343     0.550000         4044         2.22
    6647.807     0.600000         4406         2.50
    7135.231     0.650000         4774         2.86
    7696.383     0.700000         5141         3.33
    8355.839     0.750000         5509         4.00
    8699.903     0.775000         5691         4.44
    9093.119     0.800000         5875         5.00
    9535.487     0.825000         6059         5.71
    9879.551     0.850000         6242         6.67
   10149.887     0.875000         6427         8.00
   10379.263     0.887500         6520         8.89
   10706.943     0.900000         6613        10.00
   11132.927     0.912500         6701        11.43
   11722.751     0.925000         6795        13.33
   12337.151     0.937500         6885        16.00
   12738.559     0.943750         6930        17.78
   13107.199     0.950000         6977        20.00
   13557.759     0.956250         7022        22.86
   14114.815     0.962500         7068        26.67
   14663.679     0.968750         7116        32.00
   15261.695     0.971875         7137        35.56
   16318.463     0.975000         7160        40.00
   16908.287     0.978125         7183        45.71
   18186.239     0.981250         7206        53.33
   20135.935     0.984375         7229        64.00
   20873.215     0.985938         7240        71.11
   21643.263     0.987500         7252        80.00
   22429.695     0.989062         7263        91.43
   23429.119     0.990625         7275       106.67
   24100.863     0.992188         7286       128.00
   24346.623     0.992969         7293       142.22
   24575.999     0.993750         7298       160.00
   24707.071     0.994531         7303       182.86
   24936.447     0.995313         7309       213.33
   25378.815     0.996094         7315       256.00
   25755.647     0.996484         7318       284.44
   25985.023     0.996875         7321       320.00
   26001.407     0.997266         7323       365.71
   26361.855     0.997656         7326       426.67
   26492.927     0.998047         7329       512.00
   26525.695     0.998242         7331       568.89
   26558.463     0.998437         7332       640.00
   26607.615     0.998633         7334       731.43
   26623.999     0.998828         7336       853.33
   26623.999     0.999023         7336      1024.00
   26738.687     0.999121         7337      1137.78
   26755.071     0.999219         7338      1280.00
   26755.071     0.999316         7338      1462.86
   27164.671     0.999414         7339      1706.67
   27213.823     0.999512         7340      2048.00
   27213.823     0.999561         7340      2275.56
   27639.807     0.999609         7341      2560.00
   27639.807     0.999658         7341      2925.71
   27639.807     0.999707         7341      3413.33
   27705.343     0.999756         7342      4096.00
   27705.343     0.999780         7342      4551.11
   27705.343     0.999805         7342      5120.00
   27705.343     0.999829         7342      5851.43
   27705.343     0.999854         7342      6826.67
   28426.239     0.999878         7343      8192.00
   28426.239     1.000000         7343          inf
#[Mean    =     6434.200, StdDeviation   =     3962.935]
#[Max     =    28409.856, Total count    =         7343]
#[Buckets =           27, SubBuckets     =         2048]
----------------------------------------------------------
  11028 requests in 30.01s, 1.06GB read
  Socket errors: connect 0, read 0, write 0, timeout 53
Requests/sec:    367.52
Transfer/sec:     36.09MB
