Running 30s test @ https://bench-eth2.netdev-lab.org/100k.bin
  4 threads and 100 connections
  Thread calibration: mean lat.: 1793.844ms, rate sampling interval: 8822ms
  Thread calibration: mean lat.: 1542.811ms, rate sampling interval: 6885ms
  Thread calibration: mean lat.: 2100.464ms, rate sampling interval: 8986ms
  Thread calibration: mean lat.: 1721.751ms, rate sampling interval: 7565ms
  Thread Stats   Avg      Stdev     Max   +/- Stdev
    Latency     6.39s     4.38s   27.82s    71.19%
    Req/Sec    93.50     12.35   114.00     75.00%
  Latency Distribution (HdrHistogram - Recorded Latency)
 50.000%    5.76s 
 75.000%    8.59s 
 90.000%   12.62s 
 99.000%   19.07s 
 99.900%   26.18s 
 99.990%   27.25s 
 99.999%   27.84s 
100.000%   27.84s 

  Detailed Percentile spectrum:
       Value   Percentile   TotalCount 1/(1-Percentile)

      17.727     0.000000            1         1.00
    1477.631     0.100000          746         1.11
    2588.671     0.200000         1492         1.25
    3598.335     0.300000         2239         1.43
    4665.343     0.400000         2984         1.67
    5763.071     0.500000         3729         2.00
    6270.975     0.550000         4104         2.22
    6750.207     0.600000         4475         2.50
    7294.975     0.650000         4848         2.86
    7847.935     0.700000         5221         3.33
    8585.215     0.750000         5599         4.00
    9060.351     0.775000         5780         4.44
    9527.295     0.800000         5968         5.00
   10010.623     0.825000         6155         5.71
   10838.015     0.850000         6340         6.67
   11681.791     0.875000         6528         8.00
   12206.079     0.887500         6620         8.89
   12632.063     0.900000         6715        10.00
   13131.775     0.912500         6809        11.43
   13860.863     0.925000         6899        13.33
   14483.455     0.937500         6992        16.00
   14729.215     0.943750         7040        17.78
   14934.015     0.950000         7086        20.00
   15114.239     0.956250         7132        22.86
   15384.575     0.962500         7179        26.67
   15818.751     0.968750         7225        32.00
   16138.239     0.971875         7249        35.56
   16343.039     0.975000         7272        40.00
   16523.263     0.978125         7295        45.71
   16760.831     0.981250         7319        53.33
   17088.511     0.984375         7342        64.00
   17285.119     0.985938         7354        71.11
   17727.487     0.987500         7365        80.00
   18464.767     0.989062         7377        91.43
   20021.247     0.990625         7389       106.67
   21168.127     0.992188         7400       128.00
   21528.575     0.992969         7406       142.22
   22233.087     0.993750         7412       160.00
   22970.367     0.994531         7418       182.86
   23838.719     0.995313         7424       213.33
   24297.471     0.996094         7430       256.00
   24461.311     0.996484         7432       284.44
   24838.143     0.996875         7435       320.00
   25034.751     0.997266         7438       365.71
   25264.127     0.997656         7441       426.67
   25624.575     0.998047         7444       512.00
   25804.799     0.998242         7445       568.89
   25935.871     0.998437         7447       640.00
   25952.255     0.998633         7448       731.43
   26050.559     0.998828         7450       853.33
   26181.631     0.999023         7452      1024.00
   26181.631     0.999121         7452      1137.78
   26230.783     0.999219         7453      1280.00
   26230.783     0.999316         7453      1462.86
   26312.703     0.999414         7454      1706.67
   26935.295     0.999512         7455      2048.00
   26935.295     0.999561         7455      2275.56
   27164.671     0.999609         7456      2560.00
   27164.671     0.999658         7456      2925.71
   27164.671     0.999707         7456      3413.33
   27246.591     0.999756         7457      4096.00
   27246.591     0.999780         7457      4551.11
   27246.591     0.999805         7457      5120.00
   27246.591     0.999829         7457      5851.43
   27246.591     0.999854         7457      6826.67
   27836.415     0.999878         7458      8192.00
   27836.415     1.000000         7458          inf
#[Mean    =     6390.416, StdDeviation   =     4375.003]
#[Max     =    27820.032, Total count    =         7458]
#[Buckets =           27, SubBuckets     =         2048]
----------------------------------------------------------
  11040 requests in 30.03s, 1.06GB read
  Socket errors: connect 0, read 0, write 0, timeout 79
Requests/sec:    367.60
Transfer/sec:     36.11MB
