Running 30s test @ https://bench-eth2.netdev-lab.org/100k.bin
  4 threads and 100 connections
  Thread calibration: mean lat.: 1751.718ms, rate sampling interval: 8830ms
  Thread calibration: mean lat.: 1904.465ms, rate sampling interval: 8216ms
  Thread calibration: mean lat.: 2017.687ms, rate sampling interval: 8904ms
  Thread calibration: mean lat.: 1684.577ms, rate sampling interval: 7344ms
  Thread Stats   Avg      Stdev     Max   +/- Stdev
    Latency     6.69s     4.51s   28.11s    75.49%
    Req/Sec   118.25     13.95   135.00     50.00%
  Latency Distribution (HdrHistogram - Recorded Latency)
 50.000%    6.00s 
 75.000%    8.63s 
 90.000%   12.08s 
 99.000%   22.09s 
 99.900%   26.98s 
 99.990%   27.98s 
 99.999%   28.13s 
100.000%   28.13s 

  Detailed Percentile spectrum:
       Value   Percentile   TotalCount 1/(1-Percentile)

       9.255     0.000000            1         1.00
    2016.255     0.100000          952         1.11
    3061.759     0.200000         1905         1.25
    3846.143     0.300000         2856         1.43
    4726.783     0.400000         3807         1.67
    6004.735     0.500000         4761         2.00
    6565.887     0.550000         5232         2.22
    7081.983     0.600000         5707         2.50
    7499.775     0.650000         6187         2.86
    7946.239     0.700000         6661         3.33
    8626.175     0.750000         7138         4.00
    9076.735     0.775000         7372         4.44
    9576.447     0.800000         7610         5.00
   10051.583     0.825000         7847         5.71
   10682.367     0.850000         8090         6.67
   11321.343     0.875000         8328         8.00
   11649.023     0.887500         8446         8.89
   12083.199     0.900000         8563        10.00
   12713.983     0.912500         8679        11.43
   13377.535     0.925000         8798        13.33
   14573.567     0.937500         8917        16.00
   15466.495     0.943750         8977        17.78
   15966.207     0.950000         9036        20.00
   16875.519     0.956250         9095        22.86
   17580.031     0.962500         9155        26.67
   18464.767     0.968750         9214        32.00
   18792.447     0.971875         9246        35.56
   19185.663     0.975000         9274        40.00
   19791.871     0.978125         9303        45.71
   20332.543     0.981250         9333        53.33
   21004.287     0.984375         9363        64.00
   21331.967     0.985938         9379        71.11
   21544.959     0.987500         9395        80.00
   21921.791     0.989062         9407        91.43
   22249.471     0.990625         9422       106.67
   22740.991     0.992188         9437       128.00
   23003.135     0.992969         9446       142.22
   23035.903     0.993750         9452       160.00
   23101.439     0.994531         9461       182.86
   23298.047     0.995313         9468       213.33
   23674.879     0.996094         9474       256.00
   23756.799     0.996484         9478       284.44
   24100.863     0.996875         9482       320.00
   24903.679     0.997266         9485       365.71
   25706.495     0.997656         9490       426.67
   26279.935     0.998047         9493       512.00
   26427.391     0.998242         9495       568.89
   26492.927     0.998437         9498       640.00
   26492.927     0.998633         9498       731.43
   26886.143     0.998828         9500       853.33
   27131.903     0.999023         9503      1024.00
   27131.903     0.999121         9503      1137.78
   27410.431     0.999219         9504      1280.00
   27443.199     0.999316         9505      1462.86
   27656.191     0.999414         9506      1706.67
   27820.031     0.999512         9507      2048.00
   27820.031     0.999561         9507      2275.56
   27852.799     0.999609         9508      2560.00
   27852.799     0.999658         9508      2925.71
   27967.487     0.999707         9509      3413.33
   27967.487     0.999756         9509      4096.00
   27967.487     0.999780         9509      4551.11
   27983.871     0.999805         9510      5120.00
   27983.871     0.999829         9510      5851.43
   27983.871     0.999854         9510      6826.67
   27983.871     0.999878         9510      8192.00
   27983.871     0.999890         9510      9102.22
   28131.327     0.999902         9511     10240.00
   28131.327     1.000000         9511          inf
#[Mean    =     6693.163, StdDeviation   =     4505.162]
#[Max     =    28114.944, Total count    =         9511]
#[Buckets =           27, SubBuckets     =         2048]
----------------------------------------------------------
  14149 requests in 30.01s, 1.36GB read
  Socket errors: connect 0, read 0, write 0, timeout 142
Requests/sec:    471.54
Transfer/sec:     46.28MB
