Running 30s test @ https://bench-eth2.netdev-lab.org/100k.bin
  4 threads and 100 connections
  Thread calibration: mean lat.: 2146.719ms, rate sampling interval: 8708ms
  Thread calibration: mean lat.: 1919.568ms, rate sampling interval: 7704ms
  Thread calibration: mean lat.: 1523.444ms, rate sampling interval: 6877ms
  Thread calibration: mean lat.: 1669.287ms, rate sampling interval: 8097ms
  Thread Stats   Avg      Stdev     Max   +/- Stdev
    Latency     6.80s     3.81s   27.48s    71.03%
    Req/Sec    90.75      4.21    96.00     75.00%
  Latency Distribution (HdrHistogram - Recorded Latency)
 50.000%    6.59s 
 75.000%    9.13s 
 90.000%   11.00s 
 99.000%   19.73s 
 99.900%   26.46s 
 99.990%   27.36s 
 99.999%   27.49s 
100.000%   27.49s 

  Detailed Percentile spectrum:
       Value   Percentile   TotalCount 1/(1-Percentile)

       7.299     0.000000            1         1.00
    2256.895     0.100000          729         1.11
    3385.343     0.200000         1461         1.25
    4452.351     0.300000         2190         1.43
    5562.367     0.400000         2915         1.67
    6590.463     0.500000         3644         2.00
    7184.383     0.550000         4008         2.22
    7655.423     0.600000         4373         2.50
    8146.943     0.650000         4736         2.86
    8568.831     0.700000         5108         3.33
    9125.887     0.750000         5466         4.00
    9363.455     0.775000         5653         4.44
    9576.447     0.800000         5833         5.00
    9863.167     0.825000         6011         5.71
   10182.655     0.850000         6195         6.67
   10592.255     0.875000         6381         8.00
   10780.671     0.887500         6468         8.89
   11001.855     0.900000         6559        10.00
   11304.959     0.912500         6649        11.43
   11722.751     0.925000         6740        13.33
   12099.583     0.937500         6831        16.00
   12378.111     0.943750         6877        17.78
   12681.215     0.950000         6922        20.00
   13148.159     0.956250         6968        22.86
   13656.063     0.962500         7013        26.67
   14180.351     0.968750         7059        32.00
   14761.983     0.971875         7083        35.56
   15196.159     0.975000         7104        40.00
   15491.071     0.978125         7127        45.71
   16662.527     0.981250         7150        53.33
   17530.879     0.984375         7173        64.00
   18087.935     0.985938         7184        71.11
   18350.079     0.987500         7195        80.00
   19398.655     0.989062         7207        91.43
   20299.775     0.990625         7218       106.67
   21463.039     0.992188         7230       128.00
   21872.639     0.992969         7235       142.22
   22380.543     0.993750         7241       160.00
   22724.607     0.994531         7247       182.86
   23199.743     0.995313         7252       213.33
   23986.175     0.996094         7258       256.00
   24313.855     0.996484         7261       284.44
   24657.919     0.996875         7264       320.00
   24969.215     0.997266         7267       365.71
   25231.359     0.997656         7269       426.67
   25837.567     0.998047         7272       512.00
   26083.327     0.998242         7275       568.89
   26083.327     0.998437         7275       640.00
   26345.471     0.998633         7277       731.43
   26443.775     0.998828         7278       853.33
   26460.159     0.999023         7279      1024.00
   26623.999     0.999121         7280      1137.78
   26673.151     0.999219         7281      1280.00
   27082.751     0.999316         7282      1462.86
   27082.751     0.999414         7282      1706.67
   27181.055     0.999512         7283      2048.00
   27181.055     0.999561         7283      2275.56
   27312.127     0.999609         7284      2560.00
   27312.127     0.999658         7284      2925.71
   27312.127     0.999707         7284      3413.33
   27361.279     0.999756         7285      4096.00
   27361.279     0.999780         7285      4551.11
   27361.279     0.999805         7285      5120.00
   27361.279     0.999829         7285      5851.43
   27361.279     0.999854         7285      6826.67
   27492.351     0.999878         7286      8192.00
   27492.351     1.000000         7286          inf
#[Mean    =     6804.399, StdDeviation   =     3809.849]
#[Max     =    27475.968, Total count    =         7286]
#[Buckets =           27, SubBuckets     =         2048]
----------------------------------------------------------
  10924 requests in 30.05s, 1.05GB read
  Socket errors: connect 0, read 0, write 0, timeout 64
Requests/sec:    363.48
Transfer/sec:     35.72MB
