Running 30s test @ https://bench-eth2.netdev-lab.org/1024k.bin
  4 threads and 100 connections
  Thread calibration: mean lat.: 921.050ms, rate sampling interval: 2484ms
  Thread calibration: mean lat.: 915.703ms, rate sampling interval: 2377ms
  Thread calibration: mean lat.: 896.086ms, rate sampling interval: 2277ms
  Thread calibration: mean lat.: 962.486ms, rate sampling interval: 2449ms
  Thread Stats   Avg      Stdev     Max   +/- Stdev
    Latency   918.50ms  391.46ms   5.27s    92.37%
    Req/Sec    17.47      2.99    22.00     81.25%
  Latency Distribution (HdrHistogram - Recorded Latency)
 50.000%  858.11ms
 75.000%  988.16ms
 90.000%    1.14s 
 99.000%    2.64s 
 99.900%    4.75s 
 99.990%    5.27s 
 99.999%    5.27s 
100.000%    5.27s 

  Detailed Percentile spectrum:
       Value   Percentile   TotalCount 1/(1-Percentile)

      63.455     0.000000            1         1.00
     668.671     0.100000          142         1.11
     738.815     0.200000          282         1.25
     774.143     0.300000          422         1.43
     810.495     0.400000          563         1.67
     858.111     0.500000          702         2.00
     880.639     0.550000          772         2.22
     905.215     0.600000          842         2.50
     929.791     0.650000          912         2.86
     956.415     0.700000          983         3.33
     989.183     0.750000         1053         4.00
    1002.495     0.775000         1088         4.44
    1025.023     0.800000         1123         5.00
    1049.599     0.825000         1161         5.71
    1070.079     0.850000         1196         6.67
    1102.847     0.875000         1228         8.00
    1118.207     0.887500         1246         8.89
    1142.783     0.900000         1264        10.00
    1166.335     0.912500         1281        11.43
    1205.247     0.925000         1299        13.33
    1244.159     0.937500         1316        16.00
    1270.783     0.943750         1326        17.78
    1289.215     0.950000         1333        20.00
    1298.431     0.956250         1342        22.86
    1356.799     0.962500         1351        26.67
    1783.807     0.968750         1360        32.00
    1849.343     0.971875         1364        35.56
    1981.439     0.975000         1368        40.00
    2195.455     0.978125         1373        45.71
    2328.575     0.981250         1377        53.33
    2394.111     0.984375         1382        64.00
    2455.551     0.985938         1384        71.11
    2504.703     0.987500         1386        80.00
    2537.471     0.989062         1388        91.43
    2680.831     0.990625         1390       106.67
    2942.975     0.992188         1393       128.00
    3264.511     0.992969         1394       142.22
    3280.895     0.993750         1395       160.00
    3506.175     0.994531         1396       182.86
    3684.351     0.995313         1397       213.33
    3807.231     0.996094         1398       256.00
    3887.103     0.996484         1399       284.44
    3887.103     0.996875         1399       320.00
    4167.679     0.997266         1400       365.71
    4167.679     0.997656         1400       426.67
    4179.967     0.998047         1401       512.00
    4179.967     0.998242         1401       568.89
    4179.967     0.998437         1401       640.00
    4747.263     0.998633         1402       731.43
    4747.263     0.998828         1402       853.33
    4747.263     0.999023         1402      1024.00
    4747.263     0.999121         1402      1137.78
    4747.263     0.999219         1402      1280.00
    5271.551     0.999316         1403      1462.86
    5271.551     1.000000         1403          inf
#[Mean    =      918.497, StdDeviation   =      391.464]
#[Max     =     5267.456, Total count    =         1403]
#[Buckets =           27, SubBuckets     =         2048]
----------------------------------------------------------
  2099 requests in 30.13s, 2.09GB read
Requests/sec:     69.67
Transfer/sec:     71.08MB
