Running 30s test @ https://bench-eth2.netdev-lab.org/1024k.bin
  4 threads and 100 connections
  Thread calibration: mean lat.: 187.378ms, rate sampling interval: 616ms
  Thread calibration: mean lat.: 711.511ms, rate sampling interval: 1960ms
  Thread calibration: mean lat.: 713.098ms, rate sampling interval: 1958ms
  Thread calibration: mean lat.: 676.387ms, rate sampling interval: 1869ms
  Thread Stats   Avg      Stdev     Max   +/- Stdev
    Latency   711.03ms    1.61s   23.30s    98.08%
    Req/Sec    14.94     10.39    30.00     54.84%
  Latency Distribution (HdrHistogram - Recorded Latency)
 50.000%  568.83ms
 75.000%  673.79ms
 90.000%  788.48ms
 99.000%    6.85s 
 99.900%   22.05s 
 99.990%   23.31s 
 99.999%   23.31s 
100.000%   23.31s 

  Detailed Percentile spectrum:
       Value   Percentile   TotalCount 1/(1-Percentile)

      37.695     0.000000            1         1.00
     162.431     0.100000          131         1.11
     293.119     0.200000          261         1.25
     470.527     0.300000          391         1.43
     526.335     0.400000          524         1.67
     568.831     0.500000          652         2.00
     588.799     0.550000          717         2.22
     609.791     0.600000          785         2.50
     627.711     0.650000          847         2.86
     648.703     0.700000          916         3.33
     674.303     0.750000          978         4.00
     686.079     0.775000         1010         4.44
     698.879     0.800000         1045         5.00
     711.679     0.825000         1076         5.71
     733.183     0.850000         1108         6.67
     759.295     0.875000         1143         8.00
     768.511     0.887500         1157         8.89
     788.479     0.900000         1174        10.00
     812.031     0.912500         1189        11.43
     831.999     0.925000         1206        13.33
     863.231     0.937500         1222        16.00
     884.735     0.943750         1230        17.78
     922.623     0.950000         1238        20.00
     946.175     0.956250         1246        22.86
    1034.239     0.962500         1255        26.67
    1132.543     0.968750         1263        32.00
    1212.415     0.971875         1267        35.56
    1252.351     0.975000         1271        40.00
    1702.911     0.978125         1275        45.71
    2385.919     0.981250         1279        53.33
    3741.695     0.984375         1283        64.00
    4071.423     0.985938         1285        71.11
    5156.863     0.987500         1287        80.00
    5783.551     0.989062         1289        91.43
    7024.639     0.990625         1291       106.67
    9797.631     0.992188         1293       128.00
   11190.271     0.992969         1294       142.22
   12574.719     0.993750         1295       160.00
   13959.167     0.994531         1296       182.86
   15335.423     0.995313         1297       213.33
   16719.871     0.996094         1298       256.00
   18104.319     0.996484         1299       284.44
   18104.319     0.996875         1299       320.00
   19398.655     0.997266         1300       365.71
   19398.655     0.997656         1300       426.67
   20709.375     0.998047         1301       512.00
   20709.375     0.998242         1301       568.89
   20709.375     0.998437         1301       640.00
   22052.863     0.998633         1302       731.43
   22052.863     0.998828         1302       853.33
   22052.863     0.999023         1302      1024.00
   22052.863     0.999121         1302      1137.78
   22052.863     0.999219         1302      1280.00
   23314.431     0.999316         1303      1462.86
   23314.431     1.000000         1303          inf
#[Mean    =      711.035, StdDeviation   =     1611.665]
#[Max     =    23298.048, Total count    =         1303]
#[Buckets =           27, SubBuckets     =         2048]
----------------------------------------------------------
  1956 requests in 30.13s, 1.95GB read
  Socket errors: connect 0, read 0, write 0, timeout 115
Requests/sec:     64.93
Transfer/sec:     66.19MB
