Running 30s test @ https://bench-eth2.netdev-lab.org/1024k.bin
  4 threads and 100 connections
  Thread calibration: mean lat.: 717.897ms, rate sampling interval: 2299ms
  Thread calibration: mean lat.: 637.788ms, rate sampling interval: 1754ms
  Thread calibration: mean lat.: 268.823ms, rate sampling interval: 726ms
  Thread calibration: mean lat.: 741.152ms, rate sampling interval: 1964ms
  Thread Stats   Avg      Stdev     Max   +/- Stdev
    Latency   551.92ms  274.85ms   3.38s    72.53%
    Req/Sec    17.43     10.17    35.00     66.07%
  Latency Distribution (HdrHistogram - Recorded Latency)
 50.000%  592.38ms
 75.000%  683.52ms
 90.000%  781.31ms
 99.000%    1.30s 
 99.900%    2.57s 
 99.990%    3.38s 
 99.999%    3.38s 
100.000%    3.38s 

  Detailed Percentile spectrum:
       Value   Percentile   TotalCount 1/(1-Percentile)

      41.695     0.000000            1         1.00
     191.231     0.100000          141         1.11
     271.871     0.200000          281         1.25
     455.935     0.300000          422         1.43
     549.887     0.400000          562         1.67
     592.383     0.500000          708         2.00
     610.303     0.550000          773         2.22
     629.247     0.600000          844         2.50
     648.703     0.650000          914         2.86
     666.623     0.700000          986         3.33
     683.519     0.750000         1054         4.00
     695.807     0.775000         1090         4.44
     707.583     0.800000         1126         5.00
     718.335     0.825000         1160         5.71
     735.231     0.850000         1197         6.67
     755.199     0.875000         1231         8.00
     765.439     0.887500         1247         8.89
     781.311     0.900000         1265        10.00
     801.791     0.912500         1283        11.43
     823.295     0.925000         1301        13.33
     847.871     0.937500         1318        16.00
     862.207     0.943750         1326        17.78
     875.007     0.950000         1335        20.00
     900.095     0.956250         1344        22.86
     925.183     0.962500         1353        26.67
     984.575     0.968750         1362        32.00
    1084.415     0.971875         1366        35.56
    1124.351     0.975000         1370        40.00
    1137.663     0.978125         1375        45.71
    1187.839     0.981250         1379        53.33
    1236.991     0.984375         1384        64.00
    1251.327     0.985938         1386        71.11
    1266.687     0.987500         1388        80.00
    1271.807     0.989062         1390        91.43
    1328.127     0.990625         1392       106.67
    1611.775     0.992188         1395       128.00
    1622.015     0.992969         1396       142.22
    1741.823     0.993750         1397       160.00
    1852.415     0.994531         1398       182.86
    2075.647     0.995313         1399       213.33
    2123.775     0.996094         1400       256.00
    2168.831     0.996484         1401       284.44
    2168.831     0.996875         1401       320.00
    2236.415     0.997266         1402       365.71
    2236.415     0.997656         1402       426.67
    2324.479     0.998047         1403       512.00
    2324.479     0.998242         1403       568.89
    2324.479     0.998437         1403       640.00
    2572.287     0.998633         1404       731.43
    2572.287     0.998828         1404       853.33
    2572.287     0.999023         1404      1024.00
    2572.287     0.999121         1404      1137.78
    2572.287     0.999219         1404      1280.00
    3377.151     0.999316         1405      1462.86
    3377.151     1.000000         1405          inf
#[Mean    =      551.925, StdDeviation   =      274.846]
#[Max     =     3375.104, Total count    =         1405]
#[Buckets =           27, SubBuckets     =         2048]
----------------------------------------------------------
  2109 requests in 30.13s, 2.09GB read
Requests/sec:     69.99
Transfer/sec:     70.98MB
