Running 30s test @ https://bench-eth2.netdev-lab.org/1024k.bin
  4 threads and 100 connections
  Thread calibration: mean lat.: 817.728ms, rate sampling interval: 2531ms
  Thread calibration: mean lat.: 781.869ms, rate sampling interval: 2441ms
  Thread calibration: mean lat.: 687.579ms, rate sampling interval: 1778ms
  Thread calibration: mean lat.: 245.629ms, rate sampling interval: 663ms
  Thread Stats   Avg      Stdev     Max   +/- Stdev
    Latency   617.48ms  434.14ms   6.05s    86.89%
    Req/Sec    17.25      9.53    39.00     73.21%
  Latency Distribution (HdrHistogram - Recorded Latency)
 50.000%  595.97ms
 75.000%  727.04ms
 90.000%  883.71ms
 99.000%    2.24s 
 99.900%    5.84s 
 99.990%    6.06s 
 99.999%    6.06s 
100.000%    6.06s 

  Detailed Percentile spectrum:
       Value   Percentile   TotalCount 1/(1-Percentile)

      43.263     0.000000            1         1.00
     212.095     0.100000          140         1.11
     350.463     0.200000          280         1.25
     493.567     0.300000          419         1.43
     562.175     0.400000          560         1.67
     595.967     0.500000          698         2.00
     610.815     0.550000          769         2.22
     641.023     0.600000          838         2.50
     668.159     0.650000          908         2.86
     694.271     0.700000          978         3.33
     727.039     0.750000         1047         4.00
     744.447     0.775000         1084         4.44
     754.687     0.800000         1117         5.00
     777.215     0.825000         1152         5.71
     803.839     0.850000         1187         6.67
     839.167     0.875000         1222         8.00
     864.255     0.887500         1239         8.89
     884.735     0.900000         1257        10.00
     911.359     0.912500         1274        11.43
     959.487     0.925000         1292        13.33
    1040.895     0.937500         1309        16.00
    1069.055     0.943750         1318        17.78
    1116.159     0.950000         1328        20.00
    1167.359     0.956250         1335        22.86
    1226.751     0.962500         1344        26.67
    1260.543     0.968750         1354        32.00
    1269.759     0.971875         1357        35.56
    1283.071     0.975000         1362        40.00
    1317.887     0.978125         1366        45.71
    1354.751     0.981250         1371        53.33
    1403.903     0.984375         1375        64.00
    2032.639     0.985938         1377        71.11
    2060.287     0.987500         1379        80.00
    2207.743     0.989062         1381        91.43
    2252.799     0.990625         1383       106.67
    2504.703     0.992188         1386       128.00
    2584.575     0.992969         1387       142.22
    2715.647     0.993750         1388       160.00
    2723.839     0.994531         1389       182.86
    3092.479     0.995313         1390       213.33
    4083.711     0.996094         1391       256.00
    4089.855     0.996484         1392       284.44
    4089.855     0.996875         1392       320.00
    5406.719     0.997266         1393       365.71
    5406.719     0.997656         1393       426.67
    5427.199     0.998047         1394       512.00
    5427.199     0.998242         1394       568.89
    5427.199     0.998437         1394       640.00
    5840.895     0.998633         1395       731.43
    5840.895     0.998828         1395       853.33
    5840.895     0.999023         1395      1024.00
    5840.895     0.999121         1395      1137.78
    5840.895     0.999219         1395      1280.00
    6057.983     0.999316         1396      1462.86
    6057.983     1.000000         1396          inf
#[Mean    =      617.479, StdDeviation   =      434.137]
#[Max     =     6053.888, Total count    =         1396]
#[Buckets =           27, SubBuckets     =         2048]
----------------------------------------------------------
  2101 requests in 30.13s, 2.08GB read
Requests/sec:     69.73
Transfer/sec:     70.70MB
