Running 30s test @ https://bench-eth2.netdev-lab.org/1024k.bin
  4 threads and 100 connections
  Thread calibration: mean lat.: 587.614ms, rate sampling interval: 1555ms
  Thread calibration: mean lat.: 586.174ms, rate sampling interval: 1531ms
  Thread calibration: mean lat.: 254.614ms, rate sampling interval: 725ms
  Thread calibration: mean lat.: 583.235ms, rate sampling interval: 1552ms
  Thread Stats   Avg      Stdev     Max   +/- Stdev
    Latency   495.64ms  197.87ms   1.22s    59.09%
    Req/Sec    16.33     11.10    34.00     57.81%
  Latency Distribution (HdrHistogram - Recorded Latency)
 50.000%  563.71ms
 75.000%  651.78ms
 90.000%  707.58ms
 99.000%  801.79ms
 99.900%  993.79ms
 99.990%    1.22s 
 99.999%    1.22s 
100.000%    1.22s 

  Detailed Percentile spectrum:
       Value   Percentile   TotalCount 1/(1-Percentile)

      20.127     0.000000            1         1.00
     211.199     0.100000          131         1.11
     253.055     0.200000          260         1.25
     331.007     0.300000          390         1.43
     506.879     0.400000          520         1.67
     563.711     0.500000          651         2.00
     585.215     0.550000          715         2.22
     603.135     0.600000          779         2.50
     620.031     0.650000          844         2.86
     635.391     0.700000          910         3.33
     651.775     0.750000          975         4.00
     658.943     0.775000         1006         4.44
     667.647     0.800000         1041         5.00
     676.351     0.825000         1072         5.71
     686.591     0.850000         1105         6.67
     696.831     0.875000         1136         8.00
     702.463     0.887500         1155         8.89
     707.583     0.900000         1169        10.00
     716.799     0.912500         1186        11.43
     722.943     0.925000         1201        13.33
     732.159     0.937500         1218        16.00
     735.231     0.943750         1225        17.78
     740.351     0.950000         1234        20.00
     744.447     0.956250         1242        22.86
     752.639     0.962500         1250        26.67
     762.879     0.968750         1258        32.00
     764.927     0.971875         1262        35.56
     767.487     0.975000         1266        40.00
     768.511     0.978125         1270        45.71
     776.191     0.981250         1274        53.33
     782.335     0.984375         1278        64.00
     786.431     0.985938         1280        71.11
     788.991     0.987500         1282        80.00
     799.743     0.989062         1284        91.43
     802.815     0.990625         1286       106.67
     805.887     0.992188         1288       128.00
     812.543     0.992969         1289       142.22
     817.663     0.993750         1290       160.00
     820.223     0.994531         1291       182.86
     823.295     0.995313         1292       213.33
     828.927     0.996094         1293       256.00
     860.671     0.996484         1294       284.44
     860.671     0.996875         1294       320.00
     873.983     0.997266         1295       365.71
     873.983     0.997656         1295       426.67
     904.703     0.998047         1296       512.00
     904.703     0.998242         1296       568.89
     904.703     0.998437         1296       640.00
     993.791     0.998633         1297       731.43
     993.791     0.998828         1297       853.33
     993.791     0.999023         1297      1024.00
     993.791     0.999121         1297      1137.78
     993.791     0.999219         1297      1280.00
    1216.511     0.999316         1298      1462.86
    1216.511     1.000000         1298          inf
#[Mean    =      495.640, StdDeviation   =      197.871]
#[Max     =     1215.488, Total count    =         1298]
#[Buckets =           27, SubBuckets     =         2048]
----------------------------------------------------------
  1959 requests in 30.13s, 1.93GB read
  Socket errors: connect 0, read 0, write 0, timeout 26
Requests/sec:     65.02
Transfer/sec:     65.68MB
