Running 30s test @ https://bench-eth2.netdev-lab.org/1024k.bin
  4 threads and 100 connections
  Thread calibration: mean lat.: 647.015ms, rate sampling interval: 1774ms
  Thread calibration: mean lat.: 588.304ms, rate sampling interval: 1726ms
  Thread calibration: mean lat.: 719.506ms, rate sampling interval: 1842ms
  Thread calibration: mean lat.: 282.275ms, rate sampling interval: 782ms
  Thread Stats   Avg      Stdev     Max   +/- Stdev
    Latency   564.19ms  270.04ms   3.62s    74.66%
    Req/Sec    17.49      9.50    32.00     63.16%
  Latency Distribution (HdrHistogram - Recorded Latency)
 50.000%  612.35ms
 75.000%  714.24ms
 90.000%  798.21ms
 99.000%    1.24s 
 99.900%    2.66s 
 99.990%    3.62s 
 99.999%    3.62s 
100.000%    3.62s 

  Detailed Percentile spectrum:
       Value   Percentile   TotalCount 1/(1-Percentile)

      31.551     0.000000            1         1.00
     212.735     0.100000          141         1.11
     306.943     0.200000          281         1.25
     460.543     0.300000          421         1.43
     555.519     0.400000          562         1.67
     612.351     0.500000          701         2.00
     631.295     0.550000          771         2.22
     648.191     0.600000          842         2.50
     670.719     0.650000          914         2.86
     691.199     0.700000          981         3.33
     714.239     0.750000         1051         4.00
     727.551     0.775000         1088         4.44
     737.279     0.800000         1122         5.00
     750.079     0.825000         1156         5.71
     765.951     0.850000         1191         6.67
     780.287     0.875000         1227         8.00
     790.527     0.887500         1244         8.89
     798.207     0.900000         1261        10.00
     807.423     0.912500         1279        11.43
     820.223     0.925000         1296        13.33
     834.559     0.937500         1314        16.00
     845.823     0.943750         1323        17.78
     856.575     0.950000         1332        20.00
     864.767     0.956250         1340        22.86
     877.567     0.962500         1349        26.67
     893.439     0.968750         1358        32.00
     901.631     0.971875         1362        35.56
     935.423     0.975000         1366        40.00
     949.759     0.978125         1371        45.71
     974.847     0.981250         1375        53.33
    1133.567     0.984375         1380        64.00
    1162.239     0.985938         1382        71.11
    1187.839     0.987500         1384        80.00
    1217.535     0.989062         1386        91.43
    1304.575     0.990625         1388       106.67
    1431.551     0.992188         1391       128.00
    1670.143     0.992969         1392       142.22
    1818.623     0.993750         1393       160.00
    1872.895     0.994531         1394       182.86
    1938.431     0.995313         1395       213.33
    1945.599     0.996094         1396       256.00
    2099.199     0.996484         1397       284.44
    2099.199     0.996875         1397       320.00
    2279.423     0.997266         1398       365.71
    2279.423     0.997656         1398       426.67
    2295.807     0.998047         1399       512.00
    2295.807     0.998242         1399       568.89
    2295.807     0.998437         1399       640.00
    2664.447     0.998633         1400       731.43
    2664.447     0.998828         1400       853.33
    2664.447     0.999023         1400      1024.00
    2664.447     0.999121         1400      1137.78
    2664.447     0.999219         1400      1280.00
    3624.959     0.999316         1401      1462.86
    3624.959     1.000000         1401          inf
#[Mean    =      564.190, StdDeviation   =      270.038]
#[Max     =     3622.912, Total count    =         1401]
#[Buckets =           27, SubBuckets     =         2048]
----------------------------------------------------------
  2104 requests in 30.05s, 2.08GB read
Requests/sec:     70.02
Transfer/sec:     71.02MB
