Running 30s test @ https://bench-eth2.netdev-lab.org/1024k.bin
  4 threads and 100 connections
  Thread calibration: mean lat.: 863.225ms, rate sampling interval: 2377ms
  Thread calibration: mean lat.: 980.192ms, rate sampling interval: 2619ms
  Thread calibration: mean lat.: 980.349ms, rate sampling interval: 2611ms
  Thread calibration: mean lat.: 957.918ms, rate sampling interval: 2588ms
  Thread Stats   Avg      Stdev     Max   +/- Stdev
    Latency   896.24ms  472.94ms   5.51s    95.67%
    Req/Sec    17.55      2.72    22.00     86.21%
  Latency Distribution (HdrHistogram - Recorded Latency)
 50.000%  813.57ms
 75.000%  978.43ms
 90.000%    1.12s 
 99.000%    3.41s 
 99.900%    5.40s 
 99.990%    5.51s 
 99.999%    5.51s 
100.000%    5.51s 

  Detailed Percentile spectrum:
       Value   Percentile   TotalCount 1/(1-Percentile)

     207.231     0.000000            1         1.00
     601.599     0.100000          142         1.11
     670.207     0.200000          283         1.25
     712.703     0.300000          424         1.43
     755.711     0.400000          567         1.67
     813.567     0.500000          704         2.00
     850.943     0.550000          777         2.22
     880.127     0.600000          846         2.50
     913.407     0.650000          916         2.86
     948.735     0.700000          986         3.33
     978.431     0.750000         1056         4.00
     996.863     0.775000         1092         4.44
    1020.415     0.800000         1127         5.00
    1041.919     0.825000         1162         5.71
    1064.959     0.850000         1198         6.67
    1087.487     0.875000         1232         8.00
    1103.871     0.887500         1251         8.89
    1120.255     0.900000         1268        10.00
    1139.711     0.912500         1285        11.43
    1160.191     0.925000         1303        13.33
    1204.223     0.937500         1321        16.00
    1226.751     0.943750         1329        17.78
    1249.279     0.950000         1338        20.00
    1279.999     0.956250         1347        22.86
    1312.767     0.962500         1356        26.67
    1426.431     0.968750         1364        32.00
    2138.111     0.971875         1369        35.56
    2312.191     0.975000         1373        40.00
    2467.839     0.978125         1378        45.71
    2557.951     0.981250         1382        53.33
    2600.959     0.984375         1386        64.00
    2676.735     0.985938         1389        71.11
    2715.647     0.987500         1391        80.00
    2783.231     0.989062         1393        91.43
    3473.407     0.990625         1395       106.67
    4046.847     0.992188         1397       128.00
    4059.135     0.992969         1400       142.22
    4059.135     0.993750         1400       160.00
    4065.279     0.994531         1401       182.86
    4243.455     0.995313         1402       213.33
    4751.359     0.996094         1403       256.00
    4845.567     0.996484         1404       284.44
    4845.567     0.996875         1404       320.00
    5079.039     0.997266         1405       365.71
    5079.039     0.997656         1405       426.67
    5144.575     0.998047         1406       512.00
    5144.575     0.998242         1406       568.89
    5144.575     0.998437         1406       640.00
    5402.623     0.998633         1407       731.43
    5402.623     0.998828         1407       853.33
    5402.623     0.999023         1407      1024.00
    5402.623     0.999121         1407      1137.78
    5402.623     0.999219         1407      1280.00
    5509.119     0.999316         1408      1462.86
    5509.119     1.000000         1408          inf
#[Mean    =      896.237, StdDeviation   =      472.940]
#[Max     =     5505.024, Total count    =         1408]
#[Buckets =           27, SubBuckets     =         2048]
----------------------------------------------------------
  2097 requests in 30.13s, 2.09GB read
  Socket errors: connect 0, read 0, write 0, timeout 1
Requests/sec:     69.60
Transfer/sec:     70.87MB
