Running 30s test @ https://bench-eth2.netdev-lab.org/1024k.bin
  4 threads and 100 connections
  Thread calibration: mean lat.: 874.994ms, rate sampling interval: 2277ms
  Thread calibration: mean lat.: 861.180ms, rate sampling interval: 2301ms
  Thread calibration: mean lat.: 904.174ms, rate sampling interval: 2297ms
  Thread calibration: mean lat.: 887.734ms, rate sampling interval: 2267ms
  Thread Stats   Avg      Stdev     Max   +/- Stdev
    Latency   846.56ms  275.61ms   5.10s    89.37%
    Req/Sec    16.50      3.90    22.00     71.88%
  Latency Distribution (HdrHistogram - Recorded Latency)
 50.000%  831.49ms
 75.000%  942.59ms
 90.000%    1.06s 
 99.000%    1.60s 
 99.900%    3.99s 
 99.990%    5.11s 
 99.999%    5.11s 
100.000%    5.11s 

  Detailed Percentile spectrum:
       Value   Percentile   TotalCount 1/(1-Percentile)

      53.855     0.000000            1         1.00
     612.863     0.100000          133         1.11
     699.903     0.200000          266         1.25
     752.127     0.300000          399         1.43
     794.111     0.400000          531         1.67
     831.487     0.500000          664         2.00
     847.871     0.550000          731         2.22
     869.887     0.600000          797         2.50
     889.855     0.650000          864         2.86
     912.383     0.700000          929         3.33
     943.615     0.750000          997         4.00
     956.927     0.775000         1029         4.44
     974.847     0.800000         1062         5.00
     990.207     0.825000         1095         5.71
    1009.663     0.850000         1128         6.67
    1033.727     0.875000         1162         8.00
    1047.551     0.887500         1178         8.89
    1055.743     0.900000         1195        10.00
    1065.983     0.912500         1211        11.43
    1079.295     0.925000         1228        13.33
    1097.727     0.937500         1246        16.00
    1106.943     0.943750         1253        17.78
    1115.135     0.950000         1261        20.00
    1124.351     0.956250         1270        22.86
    1142.783     0.962500         1279        26.67
    1151.999     0.968750         1286        32.00
    1168.383     0.971875         1290        35.56
    1187.839     0.975000         1295        40.00
    1213.439     0.978125         1298        45.71
    1265.663     0.981250         1303        53.33
    1297.407     0.984375         1307        64.00
    1314.815     0.985938         1309        71.11
    1330.175     0.987500         1311        80.00
    1349.631     0.989062         1313        91.43
    1801.215     0.990625         1315       106.67
    2193.407     0.992188         1317       128.00
    2320.383     0.992969         1318       142.22
    2330.623     0.993750         1319       160.00
    2357.247     0.994531         1320       182.86
    2478.079     0.995313         1321       213.33
    2480.127     0.996094         1322       256.00
    2531.327     0.996484         1323       284.44
    2531.327     0.996875         1323       320.00
    2646.015     0.997266         1324       365.71
    2646.015     0.997656         1324       426.67
    3880.959     0.998047         1325       512.00
    3880.959     0.998242         1325       568.89
    3880.959     0.998437         1325       640.00
    3989.503     0.998633         1326       731.43
    3989.503     0.998828         1326       853.33
    3989.503     0.999023         1326      1024.00
    3989.503     0.999121         1326      1137.78
    3989.503     0.999219         1326      1280.00
    5107.711     0.999316         1327      1462.86
    5107.711     1.000000         1327          inf
#[Mean    =      846.557, StdDeviation   =      275.610]
#[Max     =     5103.616, Total count    =         1327]
#[Buckets =           27, SubBuckets     =         2048]
----------------------------------------------------------
  1993 requests in 30.13s, 1.98GB read
  Socket errors: connect 0, read 0, write 0, timeout 69
Requests/sec:     66.15
Transfer/sec:     67.44MB
