Running 30s test @ https://bench-eth2.netdev-lab.org/1024k.bin
  4 threads and 100 connections
  Thread calibration: mean lat.: 891.027ms, rate sampling interval: 2277ms
  Thread calibration: mean lat.: 915.001ms, rate sampling interval: 2179ms
  Thread calibration: mean lat.: 898.613ms, rate sampling interval: 2195ms
  Thread calibration: mean lat.: 896.403ms, rate sampling interval: 2224ms
  Thread Stats   Avg      Stdev     Max   +/- Stdev
    Latency   888.23ms  155.68ms   2.26s    76.85%
    Req/Sec    15.74      4.58    22.00     79.41%
  Latency Distribution (HdrHistogram - Recorded Latency)
 50.000%  919.55ms
 75.000%  991.74ms
 90.000%    1.04s 
 99.000%    1.10s 
 99.900%    2.02s 
 99.990%    2.26s 
 99.999%    2.26s 
100.000%    2.26s 

  Detailed Percentile spectrum:
       Value   Percentile   TotalCount 1/(1-Percentile)

     235.903     0.000000            1         1.00
     692.735     0.100000          129         1.11
     778.239     0.200000          258         1.25
     843.775     0.300000          387         1.43
     887.807     0.400000          516         1.67
     919.551     0.500000          644         2.00
     936.447     0.550000          708         2.22
     951.807     0.600000          778         2.50
     963.583     0.650000          841         2.86
     976.895     0.700000          901         3.33
     991.743     0.750000          968         4.00
     999.423     0.775000         1001         4.44
    1006.591     0.800000         1032         5.00
    1014.783     0.825000         1064         5.71
    1020.927     0.850000         1095         6.67
    1028.607     0.875000         1128         8.00
    1033.215     0.887500         1144         8.89
    1039.359     0.900000         1159        10.00
    1047.039     0.912500         1175        11.43
    1052.671     0.925000         1194        13.33
    1059.839     0.937500         1209        16.00
    1061.887     0.943750         1215        17.78
    1067.007     0.950000         1223        20.00
    1072.127     0.956250         1234        22.86
    1075.199     0.962500         1239        26.67
    1081.343     0.968750         1247        32.00
    1083.391     0.971875         1251        35.56
    1085.439     0.975000         1255        40.00
    1087.487     0.978125         1260        45.71
    1093.631     0.981250         1263        53.33
    1095.679     0.984375         1268        64.00
    1096.703     0.985938         1270        71.11
    1097.727     0.987500         1271        80.00
    1100.799     0.989062         1273        91.43
    1103.871     0.990625         1275       106.67
    1106.943     0.992188         1278       128.00
    1106.943     0.992969         1278       142.22
    1116.159     0.993750         1279       160.00
    1120.255     0.994531         1280       182.86
    1126.399     0.995313         1281       213.33
    1131.519     0.996094         1282       256.00
    1137.663     0.996484         1283       284.44
    1137.663     0.996875         1283       320.00
    1187.839     0.997266         1284       365.71
    1187.839     0.997656         1284       426.67
    1197.055     0.998047         1285       512.00
    1197.055     0.998242         1285       568.89
    1197.055     0.998437         1285       640.00
    2024.447     0.998633         1286       731.43
    2024.447     0.998828         1286       853.33
    2024.447     0.999023         1286      1024.00
    2024.447     0.999121         1286      1137.78
    2024.447     0.999219         1286      1280.00
    2263.039     0.999316         1287      1462.86
    2263.039     1.000000         1287          inf
#[Mean    =      888.234, StdDeviation   =      155.682]
#[Max     =     2260.992, Total count    =         1287]
#[Buckets =           27, SubBuckets     =         2048]
----------------------------------------------------------
  1980 requests in 30.13s, 1.95GB read
  Socket errors: connect 0, read 0, write 0, timeout 13
Requests/sec:     65.72
Transfer/sec:     66.43MB
