Running 30s test @ https://bench-eth2.netdev-lab.org/1024k.bin
  4 threads and 100 connections
  Thread calibration: mean lat.: 537.801ms, rate sampling interval: 1735ms
  Thread calibration: mean lat.: 563.092ms, rate sampling interval: 1828ms
  Thread calibration: mean lat.: 458.542ms, rate sampling interval: 1202ms
  Thread calibration: mean lat.: 540.890ms, rate sampling interval: 1266ms
  Thread Stats   Avg      Stdev     Max   +/- Stdev
    Latency   428.01ms   99.63ms   1.48s    80.30%
    Req/Sec    16.29      5.75    26.00     82.69%
  Latency Distribution (HdrHistogram - Recorded Latency)
 50.000%  428.03ms
 75.000%  477.95ms
 90.000%  515.84ms
 99.000%  757.25ms
 99.900%    1.40s 
 99.990%    1.48s 
 99.999%    1.48s 
100.000%    1.48s 

  Detailed Percentile spectrum:
       Value   Percentile   TotalCount 1/(1-Percentile)

      50.335     0.000000            1         1.00
     316.415     0.100000          132         1.11
     359.167     0.200000          264         1.25
     389.887     0.300000          396         1.43
     409.343     0.400000          529         1.67
     428.031     0.500000          661         2.00
     434.431     0.550000          729         2.22
     441.087     0.600000          792         2.50
     453.119     0.650000          859         2.86
     467.199     0.700000          925         3.33
     477.951     0.750000          991         4.00
     482.303     0.775000         1023         4.44
     487.423     0.800000         1057         5.00
     492.287     0.825000         1089         5.71
     498.687     0.850000         1122         6.67
     506.111     0.875000         1155         8.00
     511.743     0.887500         1173         8.89
     515.839     0.900000         1188        10.00
     521.471     0.912500         1205        11.43
     528.383     0.925000         1222        13.33
     541.183     0.937500         1239        16.00
     544.767     0.943750         1246        17.78
     551.935     0.950000         1254        20.00
     564.735     0.956250         1263        22.86
     579.071     0.962500         1271        26.67
     584.191     0.968750         1279        32.00
     592.383     0.971875         1283        35.56
     598.527     0.975000         1287        40.00
     617.471     0.978125         1292        45.71
     654.847     0.981250         1296        53.33
     678.399     0.984375         1301        64.00
     681.471     0.985938         1302        71.11
     707.071     0.987500         1304        80.00
     720.895     0.989062         1306        91.43
     805.887     0.990625         1308       106.67
     859.647     0.992188         1311       128.00
     859.647     0.992969         1311       142.22
     870.399     0.993750         1312       160.00
     883.199     0.994531         1313       182.86
     887.807     0.995313         1314       213.33
     928.255     0.996094         1315       256.00
     937.983     0.996484         1316       284.44
     937.983     0.996875         1316       320.00
     989.695     0.997266         1317       365.71
     989.695     0.997656         1317       426.67
    1033.727     0.998047         1318       512.00
    1033.727     0.998242         1318       568.89
    1033.727     0.998437         1318       640.00
    1398.783     0.998633         1319       731.43
    1398.783     0.998828         1319       853.33
    1398.783     0.999023         1319      1024.00
    1398.783     0.999121         1319      1137.78
    1398.783     0.999219         1319      1280.00
    1480.703     0.999316         1320      1462.86
    1480.703     1.000000         1320          inf
#[Mean    =      428.011, StdDeviation   =       99.629]
#[Max     =     1479.680, Total count    =         1320]
#[Buckets =           27, SubBuckets     =         2048]
----------------------------------------------------------
  1966 requests in 30.13s, 1.94GB read
  Socket errors: connect 0, read 0, write 0, timeout 16
Requests/sec:     65.26
Transfer/sec:     66.09MB
