Running 30s test @ https://bench-eth2.netdev-lab.org/1024k.bin
  4 threads and 100 connections
  Thread calibration: mean lat.: 665.456ms, rate sampling interval: 1727ms
  Thread calibration: mean lat.: 332.229ms, rate sampling interval: 950ms
  Thread calibration: mean lat.: 655.105ms, rate sampling interval: 1799ms
  Thread calibration: mean lat.: 667.641ms, rate sampling interval: 1768ms
  Thread Stats   Avg      Stdev     Max   +/- Stdev
    Latency   556.61ms  254.80ms   2.37s    75.09%
    Req/Sec    17.44      6.48    27.00     68.52%
  Latency Distribution (HdrHistogram - Recorded Latency)
 50.000%  589.31ms
 75.000%  685.57ms
 90.000%  780.80ms
 99.000%    1.26s 
 99.900%    2.20s 
 99.990%    2.37s 
 99.999%    2.37s 
100.000%    2.37s 

  Detailed Percentile spectrum:
       Value   Percentile   TotalCount 1/(1-Percentile)

      45.247     0.000000            1         1.00
     239.999     0.100000          141         1.11
     315.135     0.200000          281         1.25
     458.239     0.300000          421         1.43
     541.183     0.400000          562         1.67
     589.311     0.500000          701         2.00
     611.327     0.550000          771         2.22
     632.831     0.600000          844         2.50
     649.215     0.650000          914         2.86
     668.159     0.700000          981         3.33
     685.567     0.750000         1052         4.00
     694.783     0.775000         1088         4.44
     705.023     0.800000         1123         5.00
     717.311     0.825000         1157         5.71
     733.695     0.850000         1192         6.67
     753.663     0.875000         1226         8.00
     765.439     0.887500         1244         8.89
     780.799     0.900000         1261        10.00
     796.671     0.912500         1279        11.43
     806.911     0.925000         1296        13.33
     832.511     0.937500         1314        16.00
     843.775     0.943750         1323        17.78
     857.599     0.950000         1331        20.00
     873.983     0.956250         1340        22.86
     902.655     0.962500         1349        26.67
     930.303     0.968750         1358        32.00
     970.239     0.971875         1362        35.56
     983.039     0.975000         1366        40.00
    1031.679     0.978125         1371        45.71
    1094.655     0.981250         1375        53.33
    1136.639     0.984375         1380        64.00
    1181.695     0.985938         1382        71.11
    1202.175     0.987500         1384        80.00
    1251.327     0.989062         1386        91.43
    1309.695     0.990625         1388       106.67
    1896.447     0.992188         1391       128.00
    1908.735     0.992969         1392       142.22
    1910.783     0.993750         1393       160.00
    1945.599     0.994531         1394       182.86
    2119.679     0.995313         1395       213.33
    2129.919     0.996094         1396       256.00
    2136.063     0.996484         1397       284.44
    2136.063     0.996875         1397       320.00
    2140.159     0.997266         1398       365.71
    2140.159     0.997656         1398       426.67
    2148.351     0.998047         1399       512.00
    2148.351     0.998242         1399       568.89
    2148.351     0.998437         1399       640.00
    2197.503     0.998633         1400       731.43
    2197.503     0.998828         1400       853.33
    2197.503     0.999023         1400      1024.00
    2197.503     0.999121         1400      1137.78
    2197.503     0.999219         1400      1280.00
    2371.583     0.999316         1401      1462.86
    2371.583     1.000000         1401          inf
#[Mean    =      556.614, StdDeviation   =      254.799]
#[Max     =     2369.536, Total count    =         1401]
#[Buckets =           27, SubBuckets     =         2048]
----------------------------------------------------------
  2104 requests in 30.13s, 2.09GB read
Requests/sec:     69.83
Transfer/sec:     70.94MB
