# dut sample interval=1s duration=30s host=e49d73e1b838 kernel=5.4.164
=== IRQ_START 15:40:32 ===
           CPU0       CPU1       CPU2       CPU3       
  4:    4205768    3026474    2868323    4052362     GIC-0  20 Level     arch_timer
  6:          0          0          0          0     GIC-0  39 Level     arch_mem_timer
  8:          0          0          0          0     GIC-0  23 Level     arm-pmu
  9:          0          0          0          0     GIC-0 239 Level     bam_dma
 11:        273          0          0          0     GIC-0 270 Level     bam_dma
 13:          7          0          0          0     GIC-0 338 Level     msm_serial0
 14:      12353          0          0          0     GIC-0 127 Level     78b5000.spi
 15:      63395          0          0          0     GIC-0 178 Level     bam_dma
 17:          0          0          0          0     GIC-0 410 Level     edma_txcmpl
 18:          0          0          0          0     GIC-0 386 Level     edma_rxfill
 19:          0          0          0          0     GIC-0 378 Level     edma_rxdesc
 20:          0          0          0          0     GIC-0 411 Level     edma_misc
 21:   12239610          0          0          0     GIC-0 434 Edge      nss_empty_buf_sos
 22:   12539200          0          0          0     GIC-0 433 Edge      nss_empty_buf_queue
 23:          0          0          0          0     GIC-0 432 Edge      nss-tx-unblock
 24:  169489500          0          0          0     GIC-0 431 Edge      nss_queue0
 25:          0   81063604          0          0     GIC-0 430 Edge      nss_queue1
 26:          0          0   79564767          0     GIC-0 429 Edge      nss_queue2
 27:          0          0          0   78995530     GIC-0 428 Edge      nss_queue3
 28:          0          0          0          0     GIC-0 427 Edge      nss_coredump_complete
 29:          0          0          0          0     GIC-0 426 Edge      nss_paged_empty_buf_sos
 30:          0          0          0          0     GIC-0 425 Edge      nss_profile_dma
 32:          0          0          0          0     GIC-0  35 Edge      wdt_bark
 33:          0          0          0          0     GIC-0 357 Edge      q6v5 wdog
 37:          4          0          0          0     GIC-0 348 Edge      ce0
 38:   49300465          0          0          0     GIC-0 347 Edge      ce1
 39:      85409          0          0          0     GIC-0 346 Edge      ce2
 40:     171925          0          0          0     GIC-0 343 Edge      ce3
 42:          0          0          0          0     GIC-0 443 Edge      ce5
 44:          1          0          0          0     GIC-0  72 Edge      ce7
 46:          0          0          0          0     GIC-0 334 Edge      ce9
 47:          0          0          0          0     GIC-0 333 Edge      ce10
 48:          0          0          0          0     GIC-0  69 Edge      ce11
 55:          0          0          0          0     GIC-0 323 Edge      reo2ost-exception
 56:    4227145          0          0          0     GIC-0 322 Edge      wbm2host-rx-release
 57:       2510          0          0          0     GIC-0 321 Edge      reo2host-status
 58:    5427567          0          0          0     GIC-0 320 Edge      reo2host-destination-ring4
 59:    5424282          0          0          0     GIC-0 271 Edge      reo2host-destination-ring3
 60:    5427056          0          0          0     GIC-0 268 Edge      reo2host-destination-ring2
 61:    8098124          0          0          0     GIC-0 267 Edge      reo2host-destination-ring1
 66:        175          0          0          0     GIC-0 262 Edge      ppdu-end-interrupts-mac2
 67:   22989084          0          0          0     GIC-0 261 Edge      ppdu-end-interrupts-mac1
 69:          1          0          0          0     GIC-0 256 Edge      rxdma2host-monitor-status-ring-mac2
 70:          1          0          0          0     GIC-0 255 Edge      rxdma2host-monitor-status-ring-mac1
 72:          1          0          0          0     GIC-0 215 Edge      host2rxdma-host-buf-ring-mac2
 73:         14          0          0          0     GIC-0 212 Edge      host2rxdma-host-buf-ring-mac1
 75:          0          0          0          0     GIC-0 210 Edge      rxdma2host-destination-ring-mac2
 76:          0          0          0          0     GIC-0 209 Edge      rxdma2host-destination-ring-mac1
 82:    8597142          0          0          0     GIC-0 191 Edge      wbm2host-tx-completions-ring3
 83:    7747716          0          0          0     GIC-0 190 Edge      wbm2host-tx-completions-ring2
 84:    5606038          0          0          0     GIC-0 189 Edge      wbm2host-tx-completions-ring1
 86:          0          0          0          0     GIC-0 198 Edge      tmc-etr
 87:          0          0          0          0     GIC-0 216 Edge      tsens_interrupt
 88:          4          0          0          0     GIC-0  47 Edge      cpr3
 89:          4          0          0          0     GIC-0 354 Edge      smp2p
 90:         24          0          0          0     GIC-0 200 Edge      glink-native
 91:          0          0          0          0     GIC-0 276 Edge      tzerror
 94:          0          0          0          0     smp2p   0 Edge      q6v5 fatal
 95:          2          0          0          0     smp2p   1 Edge      q6v5 ready
 96:          0          0          0          0     smp2p   2 Edge      q6v5 handover
 97:          0          0          0          0     smp2p   3 Edge      q6v5 stop
 98:          0          0          0          0   msmgpio  19 Edge      soc:gpio_keys
 99:          0          0          0          0     GIC-0 131 Level     xhci-hcd:usb1
100:          0          0          0          0     GIC-0 172 Level     xhci-hcd:usb3
101:        129          0          0          0     GIC-0 353 Edge      glink-native
IPI0:  55233365   89024547   89402995   93560940       Rescheduling interrupts
IPI1:      4176       4390       4037       4131       Function call interrupts
IPI2:         0          0          0          0       CPU stop interrupts
IPI3:         0          0          0          0       CPU stop (for crash dump) interrupts
IPI4:         0          0          0          0       Timer broadcast interrupts
IPI5:         0          0          0          0       IRQ work interrupts
IPI6:         0          0          0          0       CPU wake-up interrupts
Err:          0
=== TICKS ===
--- 15:40:32 ---
cpu  42597 0 4623203 26774983 123 181536 90152 0 0 0
cpu0 10031 0 1003008 6732550 50 90232 80783 0 0 0
cpu1 10520 0 1501659 6387561 16 30610 2541 0 0 0
cpu2 11309 0 998135 6889277 28 29917 2932 0 0 0
cpu3 10735 0 1120399 6765595 28 30775 3895 0 0 0
MemTotal:         901568 kB
MemFree:          584748 kB
MemAvailable:     610552 kB
Buffers:           10984 kB
Cached:            53404 kB
freq:cpu0:1800000
freq:cpu1:1800000
freq:cpu2:1800000
freq:cpu3:1800000
therm:thermal_zone0:74
therm:thermal_zone1:74
therm:thermal_zone2:74
therm:thermal_zone3:74
therm:thermal_zone4:75
therm:thermal_zone5:74
therm:thermal_zone6:74
--- 15:40:33 ---
cpu  42597 0 4623415 26775236 123 181538 90153 0 0 0
cpu0 10031 0 1003062 6732611 50 90233 80784 0 0 0
cpu1 10520 0 1501706 6387631 16 30610 2541 0 0 0
cpu2 11309 0 998190 6889338 28 29917 2932 0 0 0
cpu3 10735 0 1120455 6765655 28 30776 3895 0 0 0
MemTotal:         901568 kB
MemFree:          585236 kB
MemAvailable:     611040 kB
Buffers:           10984 kB
Cached:            53388 kB
freq:cpu0:1800000
freq:cpu1:1800000
freq:cpu2:1800000
freq:cpu3:1800000
therm:thermal_zone0:75
therm:thermal_zone1:75
therm:thermal_zone2:74
therm:thermal_zone3:74
therm:thermal_zone4:76
therm:thermal_zone5:74
therm:thermal_zone6:75
--- 15:40:35 ---
cpu  42597 0 4624186 26775236 123 181540 90155 0 0 0
cpu0 10031 0 1003253 6732611 50 90234 80786 0 0 0
cpu1 10520 0 1501899 6387631 16 30611 2541 0 0 0
cpu2 11309 0 998384 6889338 28 29918 2932 0 0 0
cpu3 10735 0 1120649 6765655 28 30776 3895 0 0 0
MemTotal:         901568 kB
MemFree:          585012 kB
MemAvailable:     610816 kB
Buffers:           10984 kB
Cached:            53388 kB
freq:cpu0:1800000
freq:cpu1:1800000
freq:cpu2:1800000
freq:cpu3:1800000
therm:thermal_zone0:75
therm:thermal_zone1:76
therm:thermal_zone2:74
therm:thermal_zone3:74
therm:thermal_zone4:76
therm:thermal_zone5:74
therm:thermal_zone6:75
--- 15:40:38 ---
cpu  42597 0 4625049 26775236 123 181543 90157 0 0 0
cpu0 10031 0 1003466 6732611 50 90236 80788 0 0 0
cpu1 10520 0 1502116 6387631 16 30611 2541 0 0 0
cpu2 11309 0 998600 6889338 28 29918 2932 0 0 0
cpu3 10735 0 1120865 6765655 28 30777 3895 0 0 0
MemTotal:         901568 kB
MemFree:          584712 kB
MemAvailable:     610516 kB
Buffers:           10984 kB
Cached:            53392 kB
freq:cpu0:1800000
freq:cpu1:1800000
freq:cpu2:1800000
freq:cpu3:1800000
therm:thermal_zone0:75
therm:thermal_zone1:76
therm:thermal_zone2:74
therm:thermal_zone3:74
therm:thermal_zone4:76
therm:thermal_zone5:74
therm:thermal_zone6:75
--- 15:40:40 ---
cpu  42597 0 4625964 26775237 123 181546 90160 0 0 0
cpu0 10031 0 1003694 6732611 50 90237 80790 0 0 0
cpu1 10520 0 1502346 6387631 16 30612 2541 0 0 0
cpu2 11309 0 998829 6889339 28 29919 2932 0 0 0
cpu3 10736 0 1121093 6765655 28 30777 3895 0 0 0
MemTotal:         901568 kB
MemFree:          584476 kB
MemAvailable:     610280 kB
Buffers:           10984 kB
Cached:            53392 kB
freq:cpu0:1800000
freq:cpu1:1800000
freq:cpu2:1800000
freq:cpu3:1800000
therm:thermal_zone0:75
therm:thermal_zone1:76
therm:thermal_zone2:74
therm:thermal_zone3:74
therm:thermal_zone4:76
therm:thermal_zone5:74
therm:thermal_zone6:75
--- 15:40:42 ---
cpu  42597 0 4626918 26775237 123 181549 90162 0 0 0
cpu0 10031 0 1003930 6732611 50 90239 80792 0 0 0
cpu1 10520 0 1502586 6387631 16 30612 2542 0 0 0
cpu2 11309 0 999069 6889339 28 29919 2932 0 0 0
cpu3 10736 0 1121332 6765655 28 30778 3895 0 0 0
MemTotal:         901568 kB
MemFree:          584508 kB
MemAvailable:     610312 kB
Buffers:           10984 kB
Cached:            53392 kB
freq:cpu0:1800000
freq:cpu1:1800000
freq:cpu2:1800000
freq:cpu3:1800000
therm:thermal_zone0:75
therm:thermal_zone1:76
therm:thermal_zone2:74
therm:thermal_zone3:74
therm:thermal_zone4:76
therm:thermal_zone5:74
therm:thermal_zone6:75
--- 15:40:44 ---
cpu  42600 0 4627669 26775238 123 181552 90164 0 0 0
cpu0 10031 0 1004117 6732611 50 90240 80794 0 0 0
cpu1 10520 0 1502775 6387631 16 30613 2542 0 0 0
cpu2 11311 0 999255 6889339 28 29920 2932 0 0 0
cpu3 10737 0 1121521 6765656 28 30778 3895 0 0 0
MemTotal:         901568 kB
MemFree:          585012 kB
MemAvailable:     610816 kB
Buffers:           10984 kB
Cached:            53392 kB
freq:cpu0:1800000
freq:cpu1:1800000
freq:cpu2:1800000
freq:cpu3:1800000
therm:thermal_zone0:75
therm:thermal_zone1:76
therm:thermal_zone2:74
therm:thermal_zone3:74
therm:thermal_zone4:76
therm:thermal_zone5:75
therm:thermal_zone6:75
--- 15:40:46 ---
cpu  42601 0 4628443 26775238 123 181555 90167 0 0 0
cpu0 10032 0 1004308 6732611 50 90241 80796 0 0 0
cpu1 10520 0 1502970 6387631 16 30613 2542 0 0 0
cpu2 11311 0 999449 6889339 28 29920 2932 0 0 0
cpu3 10737 0 1121715 6765656 28 30779 3895 0 0 0
MemTotal:         901568 kB
MemFree:          584980 kB
MemAvailable:     610784 kB
Buffers:           10984 kB
Cached:            53392 kB
freq:cpu0:1800000
freq:cpu1:1800000
freq:cpu2:1800000
freq:cpu3:1800000
therm:thermal_zone0:75
therm:thermal_zone1:76
therm:thermal_zone2:74
therm:thermal_zone3:74
therm:thermal_zone4:76
therm:thermal_zone5:74
therm:thermal_zone6:75
--- 15:40:48 ---
cpu  42602 0 4629364 26775238 123 181558 90169 0 0 0
cpu0 10032 0 1004537 6732611 50 90243 80798 0 0 0
cpu1 10521 0 1503200 6387631 16 30614 2542 0 0 0
cpu2 11311 0 999680 6889339 28 29921 2932 0 0 0
cpu3 10737 0 1121946 6765656 28 30779 3896 0 0 0
MemTotal:         901568 kB
MemFree:          585312 kB
MemAvailable:     611116 kB
Buffers:           10984 kB
Cached:            53392 kB
freq:cpu0:1800000
freq:cpu1:1800000
freq:cpu2:1800000
freq:cpu3:1800000
therm:thermal_zone0:76
therm:thermal_zone1:76
therm:thermal_zone2:74
therm:thermal_zone3:74
therm:thermal_zone4:76
therm:thermal_zone5:75
therm:thermal_zone6:75
--- 15:40:51 ---
cpu  42604 0 4630322 26775238 123 181561 90172 0 0 0
cpu0 10032 0 1004775 6732611 50 90244 80800 0 0 0
cpu1 10522 0 1503440 6387631 16 30614 2542 0 0 0
cpu2 11312 0 999918 6889340 28 29921 2932 0 0 0
cpu3 10737 0 1122188 6765656 28 30780 3896 0 0 0
MemTotal:         901568 kB
MemFree:          585012 kB
MemAvailable:     610816 kB
Buffers:           10984 kB
Cached:            53392 kB
freq:cpu0:1800000
freq:cpu1:1800000
freq:cpu2:1800000
freq:cpu3:1800000
therm:thermal_zone0:76
therm:thermal_zone1:76
therm:thermal_zone2:74
therm:thermal_zone3:74
therm:thermal_zone4:76
therm:thermal_zone5:74
therm:thermal_zone6:75
--- 15:40:53 ---
cpu  42606 0 4631068 26775238 123 181564 90174 0 0 0
cpu0 10032 0 1004960 6732611 50 90245 80802 0 0 0
cpu1 10523 0 1503627 6387631 16 30615 2542 0 0 0
cpu2 11313 0 1000105 6889340 28 29922 2932 0 0 0
cpu3 10737 0 1122375 6765656 28 30781 3896 0 0 0
MemTotal:         901568 kB
MemFree:          585264 kB
MemAvailable:     611068 kB
Buffers:           10984 kB
Cached:            53396 kB
freq:cpu0:1800000
freq:cpu1:1800000
freq:cpu2:1800000
freq:cpu3:1800000
therm:thermal_zone0:76
therm:thermal_zone1:76
therm:thermal_zone2:74
therm:thermal_zone3:74
therm:thermal_zone4:76
therm:thermal_zone5:75
therm:thermal_zone6:75
--- 15:40:55 ---
cpu  42606 0 4631950 26775238 123 181567 90176 0 0 0
cpu0 10032 0 1005179 6732611 50 90247 80804 0 0 0
cpu1 10523 0 1503848 6387631 16 30615 2542 0 0 0
cpu2 11313 0 1000326 6889340 28 29922 2933 0 0 0
cpu3 10737 0 1122596 6765656 28 30781 3896 0 0 0
MemTotal:         901568 kB
MemFree:          585216 kB
MemAvailable:     611020 kB
Buffers:           10984 kB
Cached:            53396 kB
freq:cpu0:1800000
freq:cpu1:1800000
freq:cpu2:1800000
freq:cpu3:1800000
therm:thermal_zone0:75
therm:thermal_zone1:76
therm:thermal_zone2:74
therm:thermal_zone3:74
therm:thermal_zone4:76
therm:thermal_zone5:75
therm:thermal_zone6:75
--- 15:40:57 ---
cpu  42609 0 4632731 26775238 123 181570 90178 0 0 0
cpu0 10032 0 1005373 6732611 50 90248 80805 0 0 0
cpu1 10525 0 1504042 6387631 16 30616 2542 0 0 0
cpu2 11313 0 1000523 6889340 28 29923 2933 0 0 0
cpu3 10738 0 1122792 6765656 28 30782 3896 0 0 0
MemTotal:         901568 kB
MemFree:          585184 kB
MemAvailable:     610988 kB
Buffers:           10984 kB
Cached:            53396 kB
freq:cpu0:1800000
freq:cpu1:1800000
freq:cpu2:1800000
freq:cpu3:1800000
therm:thermal_zone0:76
therm:thermal_zone1:76
therm:thermal_zone2:74
therm:thermal_zone3:74
therm:thermal_zone4:76
therm:thermal_zone5:74
therm:thermal_zone6:75
--- 15:40:59 ---
cpu  42613 0 4633554 26775238 123 181573 90180 0 0 0
cpu0 10032 0 1005578 6732611 50 90249 80807 0 0 0
cpu1 10529 0 1504246 6387631 16 30616 2542 0 0 0
cpu2 11313 0 1000730 6889340 28 29923 2933 0 0 0
cpu3 10738 0 1122999 6765656 28 30782 3896 0 0 0
MemTotal:         901568 kB
MemFree:          585248 kB
MemAvailable:     611052 kB
Buffers:           10984 kB
Cached:            53396 kB
freq:cpu0:1800000
freq:cpu1:1800000
freq:cpu2:1800000
freq:cpu3:1800000
therm:thermal_zone0:75
therm:thermal_zone1:76
therm:thermal_zone2:74
therm:thermal_zone3:74
therm:thermal_zone4:76
therm:thermal_zone5:75
therm:thermal_zone6:75
--- 15:41:00 ---
cpu  42615 0 4634077 26775238 123 181574 90181 0 0 0
cpu0 10032 0 1005708 6732611 50 90250 80808 0 0 0
cpu1 10529 0 1504377 6387631 16 30617 2542 0 0 0
cpu2 11315 0 1000860 6889340 28 29923 2933 0 0 0
cpu3 10738 0 1123131 6765656 28 30782 3896 0 0 0
MemTotal:         901568 kB
MemFree:          584708 kB
MemAvailable:     610512 kB
Buffers:           10984 kB
Cached:            53396 kB
freq:cpu0:1800000
freq:cpu1:1800000
freq:cpu2:1800000
freq:cpu3:1800000
therm:thermal_zone0:75
therm:thermal_zone1:76
therm:thermal_zone2:74
therm:thermal_zone3:74
therm:thermal_zone4:76
therm:thermal_zone5:75
therm:thermal_zone6:75
=== IRQ_END 15:41:02 ===
           CPU0       CPU1       CPU2       CPU3       
  4:    4208786    3029510    2871284    4055540     GIC-0  20 Level     arch_timer
  6:          0          0          0          0     GIC-0  39 Level     arch_mem_timer
  8:          0          0          0          0     GIC-0  23 Level     arm-pmu
  9:          0          0          0          0     GIC-0 239 Level     bam_dma
 11:        273          0          0          0     GIC-0 270 Level     bam_dma
 13:          7          0          0          0     GIC-0 338 Level     msm_serial0
 14:      12353          0          0          0     GIC-0 127 Level     78b5000.spi
 15:      63395          0          0          0     GIC-0 178 Level     bam_dma
 17:          0          0          0          0     GIC-0 410 Level     edma_txcmpl
 18:          0          0          0          0     GIC-0 386 Level     edma_rxfill
 19:          0          0          0          0     GIC-0 378 Level     edma_rxdesc
 20:          0          0          0          0     GIC-0 411 Level     edma_misc
 21:   12241408          0          0          0     GIC-0 434 Edge      nss_empty_buf_sos
 22:   12539207          0          0          0     GIC-0 433 Edge      nss_empty_buf_queue
 23:          0          0          0          0     GIC-0 432 Edge      nss-tx-unblock
 24:  169490533          0          0          0     GIC-0 431 Edge      nss_queue0
 25:          0   81063787          0          0     GIC-0 430 Edge      nss_queue1
 26:          0          0   79565128          0     GIC-0 429 Edge      nss_queue2
 27:          0          0          0   78996269     GIC-0 428 Edge      nss_queue3
 28:          0          0          0          0     GIC-0 427 Edge      nss_coredump_complete
 29:          0          0          0          0     GIC-0 426 Edge      nss_paged_empty_buf_sos
 30:          0          0          0          0     GIC-0 425 Edge      nss_profile_dma
 32:          0          0          0          0     GIC-0  35 Edge      wdt_bark
 33:          0          0          0          0     GIC-0 357 Edge      q6v5 wdog
 37:          4          0          0          0     GIC-0 348 Edge      ce0
 38:   49302564          0          0          0     GIC-0 347 Edge      ce1
 39:      85419          0          0          0     GIC-0 346 Edge      ce2
 40:     171952          0          0          0     GIC-0 343 Edge      ce3
 42:          0          0          0          0     GIC-0 443 Edge      ce5
 44:          1          0          0          0     GIC-0  72 Edge      ce7
 46:          0          0          0          0     GIC-0 334 Edge      ce9
 47:          0          0          0          0     GIC-0 333 Edge      ce10
 48:          0          0          0          0     GIC-0  69 Edge      ce11
 55:          0          0          0          0     GIC-0 323 Edge      reo2ost-exception
 56:    4227946          0          0          0     GIC-0 322 Edge      wbm2host-rx-release
 57:       2510          0          0          0     GIC-0 321 Edge      reo2host-status
 58:    5428528          0          0          0     GIC-0 320 Edge      reo2host-destination-ring4
 59:    5424568          0          0          0     GIC-0 271 Edge      reo2host-destination-ring3
 60:    5427736          0          0          0     GIC-0 268 Edge      reo2host-destination-ring2
 61:    8098932          0          0          0     GIC-0 267 Edge      reo2host-destination-ring1
 66:        175          0          0          0     GIC-0 262 Edge      ppdu-end-interrupts-mac2
 67:   22991850          0          0          0     GIC-0 261 Edge      ppdu-end-interrupts-mac1
 69:          1          0          0          0     GIC-0 256 Edge      rxdma2host-monitor-status-ring-mac2
 70:          1          0          0          0     GIC-0 255 Edge      rxdma2host-monitor-status-ring-mac1
 72:          1          0          0          0     GIC-0 215 Edge      host2rxdma-host-buf-ring-mac2
 73:         14          0          0          0     GIC-0 212 Edge      host2rxdma-host-buf-ring-mac1
 75:          0          0          0          0     GIC-0 210 Edge      rxdma2host-destination-ring-mac2
 76:          0          0          0          0     GIC-0 209 Edge      rxdma2host-destination-ring-mac1
 82:    8599318          0          0          0     GIC-0 191 Edge      wbm2host-tx-completions-ring3
 83:    7748909          0          0          0     GIC-0 190 Edge      wbm2host-tx-completions-ring2
 84:    5606897          0          0          0     GIC-0 189 Edge      wbm2host-tx-completions-ring1
 86:          0          0          0          0     GIC-0 198 Edge      tmc-etr
 87:          0          0          0          0     GIC-0 216 Edge      tsens_interrupt
 88:          4          0          0          0     GIC-0  47 Edge      cpr3
 89:          4          0          0          0     GIC-0 354 Edge      smp2p
 90:         24          0          0          0     GIC-0 200 Edge      glink-native
 91:          0          0          0          0     GIC-0 276 Edge      tzerror
 94:          0          0          0          0     smp2p   0 Edge      q6v5 fatal
 95:          2          0          0          0     smp2p   1 Edge      q6v5 ready
 96:          0          0          0          0     smp2p   2 Edge      q6v5 handover
 97:          0          0          0          0     smp2p   3 Edge      q6v5 stop
 98:          0          0          0          0   msmgpio  19 Edge      soc:gpio_keys
 99:          0          0          0          0     GIC-0 131 Level     xhci-hcd:usb1
100:          0          0          0          0     GIC-0 172 Level     xhci-hcd:usb3
101:        129          0          0          0     GIC-0 353 Edge      glink-native
IPI0:  55233649   89027829   89405655   93564545       Rescheduling interrupts
IPI1:      4176       4390       4037       4131       Function call interrupts
IPI2:         0          0          0          0       CPU stop interrupts
IPI3:         0          0          0          0       CPU stop (for crash dump) interrupts
IPI4:         0          0          0          0       Timer broadcast interrupts
IPI5:         0          0          0          0       IRQ work interrupts
IPI6:         0          0          0          0       CPU wake-up interrupts
Err:          0
