Running 30s test @ https://bench-eth2.netdev-lab.org/10k.bin
  4 threads and 100 connections
  Thread calibration: mean lat.: 4763.787ms, rate sampling interval: 15982ms
  Thread calibration: mean lat.: 4546.647ms, rate sampling interval: 15589ms
  Thread calibration: mean lat.: 4477.006ms, rate sampling interval: 15540ms
  Thread calibration: mean lat.: 4949.026ms, rate sampling interval: 16474ms
  Thread Stats   Avg      Stdev     Max   +/- Stdev
    Latency    17.36s     5.08s   29.18s    57.86%
    Req/Sec   128.25      9.91   138.00     75.00%
  Latency Distribution (HdrHistogram - Recorded Latency)
 50.000%   17.17s 
 75.000%   21.84s 
 90.000%   24.26s 
 99.000%   26.97s 
 99.900%   28.88s 
 99.990%   29.15s 
 99.999%   29.20s 
100.000%   29.20s 

  Detailed Percentile spectrum:
       Value   Percentile   TotalCount 1/(1-Percentile)

    8015.871     0.000000            1         1.00
   10436.607     0.100000         1032         1.11
   12083.199     0.200000         2061         1.25
   13885.439     0.300000         3089         1.43
   15622.143     0.400000         4116         1.67
   17170.431     0.500000         5150         2.00
   18071.551     0.550000         5666         2.22
   19021.823     0.600000         6186         2.50
   19857.407     0.650000         6694         2.86
   20856.831     0.700000         7212         3.33
   21839.871     0.750000         7720         4.00
   22233.087     0.775000         7984         4.44
   22626.303     0.800000         8233         5.00
   23068.671     0.825000         8495         5.71
   23478.271     0.850000         8763         6.67
   23871.487     0.875000         9004         8.00
   24051.711     0.887500         9136         8.89
   24264.703     0.900000         9263        10.00
   24526.847     0.912500         9390        11.43
   24805.375     0.925000         9524        13.33
   25083.903     0.937500         9656        16.00
   25182.207     0.943750         9718        17.78
   25296.895     0.950000         9785        20.00
   25411.583     0.956250         9839        22.86
   25559.039     0.962500         9906        26.67
   25690.111     0.968750         9970        32.00
   25755.647     0.971875        10000        35.56
   25837.567     0.975000        10033        40.00
   25935.871     0.978125        10067        45.71
   26083.327     0.981250        10099        53.33
   26214.399     0.984375        10132        64.00
   26296.319     0.985938        10146        71.11
   26427.391     0.987500        10163        80.00
   26607.615     0.989062        10177        91.43
   27181.055     0.990625        10195       106.67
   27459.583     0.992188        10210       128.00
   27656.191     0.992969        10217       142.22
   27852.799     0.993750        10225       160.00
   28016.639     0.994531        10233       182.86
   28147.711     0.995313        10241       213.33
   28262.399     0.996094        10249       256.00
   28360.703     0.996484        10254       284.44
   28393.471     0.996875        10257       320.00
   28540.927     0.997266        10262       365.71
   28573.695     0.997656        10266       426.67
   28639.231     0.998047        10271       512.00
   28639.231     0.998242        10271       568.89
   28704.767     0.998437        10273       640.00
   28721.151     0.998633        10275       731.43
   28835.839     0.998828        10277       853.33
   28884.991     0.999023        10279      1024.00
   28901.375     0.999121        10280      1137.78
   28917.759     0.999219        10282      1280.00
   28917.759     0.999316        10282      1462.86
   28950.527     0.999414        10283      1706.67
   28999.679     0.999512        10286      2048.00
   28999.679     0.999561        10286      2275.56
   28999.679     0.999609        10286      2560.00
   28999.679     0.999658        10286      2925.71
   28999.679     0.999707        10286      3413.33
   29048.831     0.999756        10287      4096.00
   29048.831     0.999780        10287      4551.11
   29048.831     0.999805        10287      5120.00
   29147.135     0.999829        10288      5851.43
   29147.135     0.999854        10288      6826.67
   29147.135     0.999878        10288      8192.00
   29147.135     0.999890        10288      9102.22
   29147.135     0.999902        10288     10240.00
   29196.287     0.999915        10289     11702.86
   29196.287     1.000000        10289          inf
#[Mean    =    17364.262, StdDeviation   =     5082.415]
#[Max     =    29179.904, Total count    =        10289]
#[Buckets =           27, SubBuckets     =         2048]
----------------------------------------------------------
  15511 requests in 30.01s, 155.26MB read
  Socket errors: connect 0, read 0, write 0, timeout 33
Requests/sec:    516.94
Transfer/sec:      5.17MB
