Running 30s test @ https://bench-eth2.netdev-lab.org/10k.bin
  4 threads and 100 connections
  Thread calibration: mean lat.: 4399.109ms, rate sampling interval: 16334ms
  Thread calibration: mean lat.: 4178.804ms, rate sampling interval: 14925ms
  Thread calibration: mean lat.: 4181.549ms, rate sampling interval: 15925ms
  Thread calibration: mean lat.: 4506.821ms, rate sampling interval: 16080ms
  Thread Stats   Avg      Stdev     Max   +/- Stdev
    Latency    18.26s     5.29s   29.39s    58.15%
    Req/Sec   121.50     17.11   134.00     75.00%
  Latency Distribution (HdrHistogram - Recorded Latency)
 50.000%   18.20s 
 75.000%   22.72s 
 90.000%   25.64s 
 99.000%   28.18s 
 99.900%   29.10s 
 99.990%   29.36s 
 99.999%   29.41s 
100.000%   29.41s 

  Detailed Percentile spectrum:
       Value   Percentile   TotalCount 1/(1-Percentile)

    8536.063     0.000000            1         1.00
   10985.471     0.100000          975         1.11
   12779.519     0.200000         1940         1.25
   14721.023     0.300000         2914         1.43
   16564.223     0.400000         3880         1.67
   18202.623     0.500000         4853         2.00
   18923.519     0.550000         5338         2.22
   19890.175     0.600000         5822         2.50
   20676.607     0.650000         6304         2.86
   21708.799     0.700000         6790         3.33
   22724.607     0.750000         7271         4.00
   23281.663     0.775000         7519         4.44
   23773.183     0.800000         7756         5.00
   24199.167     0.825000         8001         5.71
   24608.767     0.850000         8241         6.67
   25083.903     0.875000         8486         8.00
   25346.047     0.887500         8610         8.89
   25640.959     0.900000         8726        10.00
   25903.103     0.912500         8847        11.43
   26148.863     0.925000         8971        13.33
   26394.623     0.937500         9093        16.00
   26558.463     0.943750         9152        17.78
   26738.687     0.950000         9215        20.00
   26886.143     0.956250         9279        22.86
   27000.831     0.962500         9335        26.67
   27131.903     0.968750         9392        32.00
   27262.975     0.971875         9425        35.56
   27377.663     0.975000         9454        40.00
   27525.119     0.978125         9486        45.71
   27639.807     0.981250         9516        53.33
   27820.031     0.984375         9544        64.00
   27885.567     0.985938         9558        71.11
   28016.639     0.987500         9575        80.00
   28131.327     0.989062         9589        91.43
   28213.247     0.990625         9605       106.67
   28311.551     0.992188         9622       128.00
   28327.935     0.992969         9626       142.22
   28409.855     0.993750         9634       160.00
   28491.775     0.994531         9642       182.86
   28540.927     0.995313         9649       213.33
   28655.615     0.996094         9659       256.00
   28671.999     0.996484         9661       284.44
   28688.383     0.996875         9665       320.00
   28753.919     0.997266         9669       365.71
   28835.839     0.997656         9672       426.67
   28966.911     0.998047         9679       512.00
   28966.911     0.998242         9679       568.89
   28966.911     0.998437         9679       640.00
   29032.447     0.998633         9682       731.43
   29065.215     0.998828         9683       853.33
   29130.751     0.999023         9686      1024.00
   29130.751     0.999121         9686      1137.78
   29163.519     0.999219         9687      1280.00
   29196.287     0.999316         9688      1462.86
   29212.671     0.999414         9689      1706.67
   29245.439     0.999512         9690      2048.00
   29245.439     0.999561         9690      2275.56
   29261.823     0.999609         9692      2560.00
   29261.823     0.999658         9692      2925.71
   29261.823     0.999707         9692      3413.33
   29261.823     0.999756         9692      4096.00
   29261.823     0.999780         9692      4551.11
   29360.127     0.999805         9693      5120.00
   29360.127     0.999829         9693      5851.43
   29360.127     0.999854         9693      6826.67
   29360.127     0.999878         9693      8192.00
   29360.127     0.999890         9693      9102.22
   29409.279     0.999902         9694     10240.00
   29409.279     1.000000         9694          inf
#[Mean    =    18263.405, StdDeviation   =     5289.987]
#[Max     =    29392.896, Total count    =         9694]
#[Buckets =           27, SubBuckets     =         2048]
----------------------------------------------------------
  14598 requests in 30.00s, 146.12MB read
  Socket errors: connect 0, read 0, write 0, timeout 160
Requests/sec:    486.56
Transfer/sec:      4.87MB
