Running 30s test @ https://bench-eth2.netdev-lab.org/10k.bin
  4 threads and 100 connections
  Thread calibration: mean lat.: 4736.229ms, rate sampling interval: 16130ms
  Thread calibration: mean lat.: 4706.637ms, rate sampling interval: 16211ms
  Thread calibration: mean lat.: 4570.573ms, rate sampling interval: 15900ms
  Thread calibration: mean lat.: 4648.072ms, rate sampling interval: 15720ms
  Thread Stats   Avg      Stdev     Max   +/- Stdev
    Latency    17.77s     4.95s   29.00s    58.27%
    Req/Sec   127.00      9.46   134.00     75.00%
  Latency Distribution (HdrHistogram - Recorded Latency)
 50.000%   17.81s 
 75.000%   21.95s 
 90.000%   24.44s 
 99.000%   27.07s 
 99.900%   28.51s 
 99.990%   28.82s 
 99.999%   29.02s 
100.000%   29.02s 

  Detailed Percentile spectrum:
       Value   Percentile   TotalCount 1/(1-Percentile)

    8265.727     0.000000            1         1.00
   11091.967     0.100000         1022         1.11
   12632.063     0.200000         2044         1.25
   14417.919     0.300000         3062         1.43
   16187.391     0.400000         4079         1.67
   17809.407     0.500000         5100         2.00
   18694.143     0.550000         5606         2.22
   19562.495     0.600000         6120         2.50
   20332.543     0.650000         6632         2.86
   21151.743     0.700000         7144         3.33
   21954.559     0.750000         7645         4.00
   22396.927     0.775000         7907         4.44
   22822.911     0.800000         8158         5.00
   23232.511     0.825000         8412         5.71
   23691.263     0.850000         8667         6.67
   24051.711     0.875000         8925         8.00
   24264.703     0.887500         9058         8.89
   24444.927     0.900000         9178        10.00
   24625.151     0.912500         9305        11.43
   24805.375     0.925000         9429        13.33
   25018.367     0.937500         9556        16.00
   25149.439     0.943750         9624        17.78
   25280.511     0.950000         9685        20.00
   25427.967     0.956250         9755        22.86
   25559.039     0.962500         9816        26.67
   25755.647     0.968750         9874        32.00
   25870.335     0.971875         9910        35.56
   25985.023     0.975000         9938        40.00
   26116.095     0.978125         9970        45.71
   26263.551     0.981250        10003        53.33
   26394.623     0.984375        10034        64.00
   26607.615     0.985938        10050        71.11
   26722.303     0.987500        10065        80.00
   26935.295     0.989062        10082        91.43
   27181.055     0.990625        10098       106.67
   27443.199     0.992188        10116       128.00
   27557.887     0.992969        10121       142.22
   27656.191     0.993750        10130       160.00
   27738.111     0.994531        10137       182.86
   27869.183     0.995313        10145       213.33
   28016.639     0.996094        10153       256.00
   28049.407     0.996484        10157       284.44
   28082.175     0.996875        10161       320.00
   28131.327     0.997266        10166       365.71
   28164.095     0.997656        10170       426.67
   28246.015     0.998047        10173       512.00
   28278.783     0.998242        10175       568.89
   28311.551     0.998437        10177       640.00
   28377.087     0.998633        10179       731.43
   28409.855     0.998828        10181       853.33
   28540.927     0.999023        10183      1024.00
   28590.079     0.999121        10185      1137.78
   28590.079     0.999219        10185      1280.00
   28606.463     0.999316        10186      1462.86
   28639.231     0.999414        10187      1706.67
   28671.999     0.999512        10188      2048.00
   28671.999     0.999561        10188      2275.56
   28688.383     0.999609        10189      2560.00
   28688.383     0.999658        10189      2925.71
   28704.767     0.999707        10190      3413.33
   28704.767     0.999756        10190      4096.00
   28704.767     0.999780        10190      4551.11
   28819.455     0.999805        10191      5120.00
   28819.455     0.999829        10191      5851.43
   28819.455     0.999854        10191      6826.67
   28819.455     0.999878        10191      8192.00
   28819.455     0.999890        10191      9102.22
   29016.063     0.999902        10192     10240.00
   29016.063     1.000000        10192          inf
#[Mean    =    17769.248, StdDeviation   =     4947.883]
#[Max     =    28999.680, Total count    =        10192]
#[Buckets =           27, SubBuckets     =         2048]
----------------------------------------------------------
  15048 requests in 30.02s, 150.63MB read
  Socket errors: connect 0, read 0, write 0, timeout 31
Requests/sec:    501.31
Transfer/sec:      5.02MB
