Running 30s test @ https://bench-eth2.netdev-lab.org/10k.bin
  4 threads and 100 connections
  Thread calibration: mean lat.: 5008.012ms, rate sampling interval: 17154ms
  Thread calibration: mean lat.: 4804.400ms, rate sampling interval: 16490ms
  Thread calibration: mean lat.: 4716.204ms, rate sampling interval: 16465ms
  Thread calibration: mean lat.: 4626.216ms, rate sampling interval: 16654ms
  Thread Stats   Avg      Stdev     Max   +/- Stdev
    Latency    18.40s     5.40s   29.46s    57.25%
    Req/Sec   123.75      7.43   134.00     50.00%
  Latency Distribution (HdrHistogram - Recorded Latency)
 50.000%   18.30s 
 75.000%   23.23s 
 90.000%   25.80s 
 99.000%   28.15s 
 99.900%   28.90s 
 99.990%   29.28s 
 99.999%   29.47s 
100.000%   29.47s 

  Detailed Percentile spectrum:
       Value   Percentile   TotalCount 1/(1-Percentile)

    8847.359     0.000000            1         1.00
   11190.271     0.100000          985         1.11
   12746.751     0.200000         1967         1.25
   14614.527     0.300000         2952         1.43
   16310.271     0.400000         3937         1.67
   18300.927     0.500000         4927         2.00
   19185.663     0.550000         5408         2.22
   20086.783     0.600000         5904         2.50
   21037.055     0.650000         6396         2.86
   22134.783     0.700000         6885         3.33
   23232.511     0.750000         7381         4.00
   23592.959     0.775000         7625         4.44
   24068.095     0.800000         7869         5.00
   24510.463     0.825000         8114         5.71
   24870.911     0.850000         8366         6.67
   25280.511     0.875000         8609         8.00
   25575.423     0.887500         8728         8.89
   25804.799     0.900000         8849        10.00
   26034.175     0.912500         8975        11.43
   26329.087     0.925000         9099        13.33
   26640.383     0.937500         9219        16.00
   26804.223     0.943750         9281        17.78
   27000.831     0.950000         9342        20.00
   27213.823     0.956250         9405        22.86
   27394.047     0.962500         9469        26.67
   27541.503     0.968750         9526        32.00
   27623.423     0.971875         9557        35.56
   27705.343     0.975000         9592        40.00
   27787.263     0.978125         9622        45.71
   27885.567     0.981250         9654        53.33
   27934.719     0.984375         9679        64.00
   28000.255     0.985938         9698        71.11
   28049.407     0.987500         9713        80.00
   28098.559     0.989062         9726        91.43
   28180.479     0.990625         9743       106.67
   28278.783     0.992188         9758       128.00
   28344.319     0.992969         9765       142.22
   28377.087     0.993750         9771       160.00
   28426.239     0.994531         9780       182.86
   28491.775     0.995313         9787       213.33
   28540.927     0.996094         9795       256.00
   28573.695     0.996484         9798       284.44
   28639.231     0.996875         9804       320.00
   28671.999     0.997266         9806       365.71
   28688.383     0.997656         9809       426.67
   28721.151     0.998047         9813       512.00
   28770.303     0.998242         9815       568.89
   28786.687     0.998437         9817       640.00
   28803.071     0.998633         9819       731.43
   28868.607     0.998828         9821       853.33
   28917.759     0.999023         9823      1024.00
   28983.295     0.999121         9824      1137.78
   28999.679     0.999219         9825      1280.00
   29016.063     0.999316         9826      1462.86
   29065.215     0.999414         9827      1706.67
   29081.599     0.999512         9828      2048.00
   29081.599     0.999561         9828      2275.56
   29163.519     0.999609         9829      2560.00
   29163.519     0.999658         9829      2925.71
   29261.823     0.999707         9830      3413.33
   29261.823     0.999756         9830      4096.00
   29261.823     0.999780         9830      4551.11
   29278.207     0.999805         9831      5120.00
   29278.207     0.999829         9831      5851.43
   29278.207     0.999854         9831      6826.67
   29278.207     0.999878         9831      8192.00
   29278.207     0.999890         9831      9102.22
   29474.815     0.999902         9832     10240.00
   29474.815     1.000000         9832          inf
#[Mean    =    18395.410, StdDeviation   =     5397.901]
#[Max     =    29458.432, Total count    =         9832]
#[Buckets =           27, SubBuckets     =         2048]
----------------------------------------------------------
  14726 requests in 30.01s, 147.40MB read
  Socket errors: connect 0, read 0, write 0, timeout 36
Requests/sec:    490.65
Transfer/sec:      4.91MB
