Running 30s test @ https://bench-eth2.netdev-lab.org/10k.bin
  4 threads and 100 connections
  Thread calibration: mean lat.: 4539.128ms, rate sampling interval: 15564ms
  Thread calibration: mean lat.: 4404.395ms, rate sampling interval: 15630ms
  Thread calibration: mean lat.: 4631.066ms, rate sampling interval: 15802ms
  Thread calibration: mean lat.: 4391.883ms, rate sampling interval: 15745ms
  Thread Stats   Avg      Stdev     Max   +/- Stdev
    Latency    17.22s     5.03s   28.66s    57.41%
    Req/Sec   138.25     15.67   161.00     50.00%
  Latency Distribution (HdrHistogram - Recorded Latency)
 50.000%   17.32s 
 75.000%   21.51s 
 90.000%   24.02s 
 99.000%   26.18s 
 99.900%   28.15s 
 99.990%   28.62s 
 99.999%   28.67s 
100.000%   28.67s 

  Detailed Percentile spectrum:
       Value   Percentile   TotalCount 1/(1-Percentile)

    8286.207     0.000000            1         1.00
   10272.767     0.100000         1117         1.11
   11911.167     0.200000         2235         1.25
   13811.711     0.300000         3347         1.43
   15351.807     0.400000         4463         1.67
   17317.887     0.500000         5577         2.00
   18251.775     0.550000         6141         2.22
   19054.591     0.600000         6689         2.50
   19906.559     0.650000         7246         2.86
   20676.607     0.700000         7811         3.33
   21512.191     0.750000         8369         4.00
   21987.327     0.775000         8641         4.44
   22380.543     0.800000         8923         5.00
   22790.143     0.825000         9212         5.71
   23199.743     0.850000         9476         6.67
   23592.959     0.875000         9768         8.00
   23789.567     0.887500         9899         8.89
   24018.943     0.900000        10035        10.00
   24264.703     0.912500        10173        11.43
   24494.079     0.925000        10312        13.33
   24723.455     0.937500        10455        16.00
   24854.527     0.943750        10532        17.78
   24952.831     0.950000        10590        20.00
   25100.287     0.956250        10662        22.86
   25247.743     0.962500        10734        26.67
   25395.199     0.968750        10802        32.00
   25460.735     0.971875        10836        35.56
   25526.271     0.975000        10873        40.00
   25624.575     0.978125        10906        45.71
   25722.879     0.981250        10942        53.33
   25804.799     0.984375        10973        64.00
   25870.335     0.985938        10993        71.11
   25952.255     0.987500        11008        80.00
   26099.711     0.989062        11028        91.43
   26312.703     0.990625        11043       106.67
   26525.695     0.992188        11061       128.00
   26591.231     0.992969        11069       142.22
   26738.687     0.993750        11079       160.00
   26869.759     0.994531        11087       182.86
   27000.831     0.995313        11096       213.33
   27115.519     0.996094        11105       256.00
   27197.439     0.996484        11108       284.44
   27295.743     0.996875        11114       320.00
   27377.663     0.997266        11117       365.71
   27492.351     0.997656        11121       426.67
   27721.727     0.998047        11126       512.00
   27803.647     0.998242        11128       568.89
   27885.567     0.998437        11130       640.00
   27934.719     0.998633        11132       731.43
   27983.871     0.998828        11134       853.33
   28180.479     0.999023        11137      1024.00
   28196.863     0.999121        11140      1137.78
   28196.863     0.999219        11140      1280.00
   28196.863     0.999316        11140      1462.86
   28311.551     0.999414        11141      1706.67
   28327.935     0.999512        11142      2048.00
   28442.623     0.999561        11144      2275.56
   28442.623     0.999609        11144      2560.00
   28442.623     0.999658        11144      2925.71
   28442.623     0.999707        11144      3413.33
   28573.695     0.999756        11145      4096.00
   28573.695     0.999780        11145      4551.11
   28573.695     0.999805        11145      5120.00
   28622.847     0.999829        11146      5851.43
   28622.847     0.999854        11146      6826.67
   28622.847     0.999878        11146      8192.00
   28622.847     0.999890        11146      9102.22
   28622.847     0.999902        11146     10240.00
   28671.999     0.999915        11147     11702.86
   28671.999     1.000000        11147          inf
#[Mean    =    17216.399, StdDeviation   =     5030.530]
#[Max     =    28655.616, Total count    =        11147]
#[Buckets =           27, SubBuckets     =         2048]
----------------------------------------------------------
  16769 requests in 30.04s, 167.85MB read
  Socket errors: connect 0, read 0, write 0, timeout 181
Requests/sec:    558.19
Transfer/sec:      5.59MB
