Running 30s test @ https://bench-eth2.netdev-lab.org/10k.bin
  4 threads and 100 connections
  Thread calibration: mean lat.: 4200.287ms, rate sampling interval: 16007ms
  Thread calibration: mean lat.: 4351.209ms, rate sampling interval: 15990ms
  Thread calibration: mean lat.: 4154.819ms, rate sampling interval: 14893ms
  Thread calibration: mean lat.: 4046.583ms, rate sampling interval: 14819ms
  Thread Stats   Avg      Stdev     Max   +/- Stdev
    Latency    17.75s     5.25s   29.10s    58.99%
    Req/Sec   122.25     17.48   148.00     50.00%
  Latency Distribution (HdrHistogram - Recorded Latency)
 50.000%   17.74s 
 75.000%   22.17s 
 90.000%   24.95s 
 99.000%   27.34s 
 99.900%   28.31s 
 99.990%   28.90s 
 99.999%   29.11s 
100.000%   29.11s 

  Detailed Percentile spectrum:
       Value   Percentile   TotalCount 1/(1-Percentile)

    7942.143     0.000000            1         1.00
   10477.567     0.100000          970         1.11
   12410.879     0.200000         1935         1.25
   14188.543     0.300000         2905         1.43
   15851.519     0.400000         3871         1.67
   17743.871     0.500000         4835         2.00
   18677.759     0.550000         5323         2.22
   19578.879     0.600000         5812         2.50
   20348.927     0.650000         6293         2.86
   21184.511     0.700000         6769         3.33
   22167.551     0.750000         7257         4.00
   22675.455     0.775000         7503         4.44
   23068.671     0.800000         7741         5.00
   23543.807     0.825000         7979         5.71
   24018.943     0.850000         8220         6.67
   24526.847     0.875000         8458         8.00
   24756.223     0.887500         8588         8.89
   24952.831     0.900000         8706        10.00
   25198.591     0.912500         8824        11.43
   25460.735     0.925000         8946        13.33
   25722.879     0.937500         9069        16.00
   25886.719     0.943750         9124        17.78
   26034.175     0.950000         9186        20.00
   26198.015     0.956250         9250        22.86
   26345.471     0.962500         9306        26.67
   26525.695     0.968750         9365        32.00
   26591.231     0.971875         9398        35.56
   26689.535     0.975000         9426        40.00
   26820.607     0.978125         9458        45.71
   26935.295     0.981250         9486        53.33
   27066.367     0.984375         9520        64.00
   27131.903     0.985938         9534        71.11
   27197.439     0.987500         9546        80.00
   27295.743     0.989062         9563        91.43
   27361.279     0.990625         9576       106.67
   27508.735     0.992188         9591       128.00
   27574.271     0.992969         9601       142.22
   27639.807     0.993750         9608       160.00
   27705.343     0.994531         9615       182.86
   27738.111     0.995313         9622       213.33
   27820.031     0.996094         9629       256.00
   27885.567     0.996484         9633       284.44
   27951.103     0.996875         9638       320.00
   28016.639     0.997266         9641       365.71
   28049.407     0.997656         9644       426.67
   28213.247     0.998047         9650       512.00
   28213.247     0.998242         9650       568.89
   28229.631     0.998437         9651       640.00
   28262.399     0.998633         9653       731.43
   28311.551     0.998828         9656       853.33
   28409.855     0.999023         9658      1024.00
   28409.855     0.999121         9658      1137.78
   28508.159     0.999219         9659      1280.00
   28540.927     0.999316         9660      1462.86
   28590.079     0.999414         9661      1706.67
   28639.231     0.999512         9662      2048.00
   28639.231     0.999561         9662      2275.56
   28753.919     0.999609         9663      2560.00
   28753.919     0.999658         9663      2925.71
   28884.991     0.999707         9664      3413.33
   28884.991     0.999756         9664      4096.00
   28884.991     0.999780         9664      4551.11
   28901.375     0.999805         9665      5120.00
   28901.375     0.999829         9665      5851.43
   28901.375     0.999854         9665      6826.67
   28901.375     0.999878         9665      8192.00
   28901.375     0.999890         9665      9102.22
   29114.367     0.999902         9666     10240.00
   29114.367     1.000000         9666          inf
#[Mean    =    17748.403, StdDeviation   =     5245.187]
#[Max     =    29097.984, Total count    =         9666]
#[Buckets =           27, SubBuckets     =         2048]
----------------------------------------------------------
  14368 requests in 30.01s, 143.82MB read
  Socket errors: connect 0, read 0, write 0, timeout 215
Requests/sec:    478.76
Transfer/sec:      4.79MB
