Running 30s test @ https://bench-eth2.netdev-lab.org/10k.bin
  4 threads and 100 connections
  Thread calibration: mean lat.: 4679.634ms, rate sampling interval: 16015ms
  Thread calibration: mean lat.: 4677.834ms, rate sampling interval: 16449ms
  Thread calibration: mean lat.: 4841.225ms, rate sampling interval: 16990ms
  Thread calibration: mean lat.: 4580.078ms, rate sampling interval: 16695ms
  Thread Stats   Avg      Stdev     Max   +/- Stdev
    Latency    18.38s     5.34s   29.39s    56.53%
    Req/Sec   128.75     13.63   150.00     50.00%
  Latency Distribution (HdrHistogram - Recorded Latency)
 50.000%   18.33s 
 75.000%   23.07s 
 90.000%   25.69s 
 99.000%   27.98s 
 99.900%   28.80s 
 99.990%   29.23s 
 99.999%   29.41s 
100.000%   29.41s 

  Detailed Percentile spectrum:
       Value   Percentile   TotalCount 1/(1-Percentile)

    8318.975     0.000000            1         1.00
   11100.159     0.100000         1032         1.11
   12713.983     0.200000         2055         1.25
   14671.871     0.300000         3082         1.43
   16580.607     0.400000         4108         1.67
   18333.695     0.500000         5137         2.00
   19283.967     0.550000         5654         2.22
   20185.087     0.600000         6172         2.50
   21053.439     0.650000         6680         2.86
   21938.175     0.700000         7192         3.33
   23068.671     0.750000         7706         4.00
   23576.575     0.775000         7958         4.44
   24035.327     0.800000         8221         5.00
   24346.623     0.825000         8476         5.71
   24756.223     0.850000         8731         6.67
   25247.743     0.875000         8986         8.00
   25460.735     0.887500         9117         8.89
   25690.111     0.900000         9243        10.00
   25935.871     0.912500         9378        11.43
   26148.863     0.925000         9499        13.33
   26443.775     0.937500         9630        16.00
   26591.231     0.943750         9692        17.78
   26755.071     0.950000         9758        20.00
   26951.679     0.956250         9825        22.86
   27115.519     0.962500         9887        26.67
   27279.359     0.968750         9949        32.00
   27377.663     0.971875         9983        35.56
   27475.967     0.975000        10013        40.00
   27541.503     0.978125        10045        45.71
   27639.807     0.981250        10076        53.33
   27754.495     0.984375        10111        64.00
   27803.647     0.985938        10126        71.11
   27869.183     0.987500        10143        80.00
   27934.719     0.989062        10156        91.43
   28000.255     0.990625        10174       106.67
   28098.559     0.992188        10188       128.00
   28164.095     0.992969        10196       142.22
   28213.247     0.993750        10205       160.00
   28295.167     0.994531        10213       182.86
   28393.471     0.995313        10223       213.33
   28442.623     0.996094        10228       256.00
   28475.391     0.996484        10234       284.44
   28491.775     0.996875        10236       320.00
   28557.311     0.997266        10240       365.71
   28590.079     0.997656        10244       426.67
   28622.847     0.998047        10248       512.00
   28671.999     0.998242        10250       568.89
   28704.767     0.998437        10252       640.00
   28753.919     0.998633        10254       731.43
   28803.071     0.998828        10259       853.33
   28803.071     0.999023        10259      1024.00
   28803.071     0.999121        10259      1137.78
   28852.223     0.999219        10260      1280.00
   28884.991     0.999316        10261      1462.86
   28917.759     0.999414        10263      1706.67
   28917.759     0.999512        10263      2048.00
   29032.447     0.999561        10264      2275.56
   29032.447     0.999609        10264      2560.00
   29097.983     0.999658        10265      2925.71
   29097.983     0.999707        10265      3413.33
   29130.751     0.999756        10266      4096.00
   29130.751     0.999780        10266      4551.11
   29130.751     0.999805        10266      5120.00
   29229.055     0.999829        10267      5851.43
   29229.055     0.999854        10267      6826.67
   29229.055     0.999878        10267      8192.00
   29229.055     0.999890        10267      9102.22
   29229.055     0.999902        10267     10240.00
   29409.279     0.999915        10268     11702.86
   29409.279     1.000000        10268          inf
#[Mean    =    18380.507, StdDeviation   =     5343.074]
#[Max     =    29392.896, Total count    =        10268]
#[Buckets =           27, SubBuckets     =         2048]
----------------------------------------------------------
  15460 requests in 30.00s, 154.75MB read
  Socket errors: connect 0, read 0, write 0, timeout 29
Requests/sec:    515.29
Transfer/sec:      5.16MB
