Running 30s test @ https://bench-eth2.netdev-lab.org/10k.bin
  4 threads and 100 connections
  Thread calibration: mean lat.: 4838.362ms, rate sampling interval: 16957ms
  Thread calibration: mean lat.: 4964.661ms, rate sampling interval: 16752ms
  Thread calibration: mean lat.: 4579.992ms, rate sampling interval: 16941ms
  Thread calibration: mean lat.: 4230.469ms, rate sampling interval: 15122ms
  Thread Stats   Avg      Stdev     Max   +/- Stdev
    Latency    18.22s     5.31s   29.23s    58.47%
    Req/Sec   123.50      8.99   136.00     75.00%
  Latency Distribution (HdrHistogram - Recorded Latency)
 50.000%   18.25s 
 75.000%   22.77s 
 90.000%   25.38s 
 99.000%   27.89s 
 99.900%   28.92s 
 99.990%   29.21s 
 99.999%   29.25s 
100.000%   29.25s 

  Detailed Percentile spectrum:
       Value   Percentile   TotalCount 1/(1-Percentile)

    7974.911     0.000000            1         1.00
   10895.359     0.100000          981         1.11
   12738.559     0.200000         1966         1.25
   14614.527     0.300000         2943         1.43
   16498.687     0.400000         3927         1.67
   18251.775     0.500000         4919         2.00
   19054.591     0.550000         5395         2.22
   19955.711     0.600000         5886         2.50
   20938.751     0.650000         6378         2.86
   21839.871     0.700000         6871         3.33
   22773.759     0.750000         7362         4.00
   23199.743     0.775000         7603         4.44
   23691.263     0.800000         7850         5.00
   24150.015     0.825000         8093         5.71
   24592.383     0.850000         8342         6.67
   24969.215     0.875000         8585         8.00
   25149.439     0.887500         8707         8.89
   25378.815     0.900000         8830        10.00
   25640.959     0.912500         8954        11.43
   25919.487     0.925000         9081        13.33
   26198.015     0.937500         9198        16.00
   26329.087     0.943750         9257        17.78
   26492.927     0.950000         9318        20.00
   26738.687     0.956250         9382        22.86
   26918.911     0.962500         9442        26.67
   27099.135     0.968750         9504        32.00
   27213.823     0.971875         9539        35.56
   27295.743     0.975000         9566        40.00
   27410.431     0.978125         9599        45.71
   27508.735     0.981250         9625        53.33
   27623.423     0.984375         9657        64.00
   27721.727     0.985938         9673        71.11
   27770.879     0.987500         9688        80.00
   27869.183     0.989062         9705        91.43
   27951.103     0.990625         9717       106.67
   28082.175     0.992188         9733       128.00
   28147.711     0.992969         9743       142.22
   28180.479     0.993750         9750       160.00
   28246.015     0.994531         9756       182.86
   28344.319     0.995313         9763       213.33
   28409.855     0.996094         9770       256.00
   28459.007     0.996484         9776       284.44
   28475.391     0.996875         9779       320.00
   28540.927     0.997266         9782       365.71
   28606.463     0.997656         9786       426.67
   28688.383     0.998047         9789       512.00
   28721.151     0.998242         9791       568.89
   28753.919     0.998437         9793       640.00
   28786.687     0.998633         9795       731.43
   28917.759     0.998828         9798       853.33
   28950.527     0.999023         9799      1024.00
   28983.295     0.999121         9800      1137.78
   28999.679     0.999219         9801      1280.00
   29016.063     0.999316         9802      1462.86
   29032.447     0.999414         9803      1706.67
   29114.367     0.999512         9804      2048.00
   29114.367     0.999561         9804      2275.56
   29163.519     0.999609         9806      2560.00
   29163.519     0.999658         9806      2925.71
   29163.519     0.999707         9806      3413.33
   29163.519     0.999756         9806      4096.00
   29163.519     0.999780         9806      4551.11
   29212.671     0.999805         9807      5120.00
   29212.671     0.999829         9807      5851.43
   29212.671     0.999854         9807      6826.67
   29212.671     0.999878         9807      8192.00
   29212.671     0.999890         9807      9102.22
   29245.439     0.999902         9808     10240.00
   29245.439     1.000000         9808          inf
#[Mean    =    18223.683, StdDeviation   =     5310.355]
#[Max     =    29229.056, Total count    =         9808]
#[Buckets =           27, SubBuckets     =         2048]
----------------------------------------------------------
  14890 requests in 30.02s, 149.05MB read
  Socket errors: connect 0, read 0, write 0, timeout 44
Requests/sec:    496.04
Transfer/sec:      4.97MB
