Running 30s test @ https://bench-eth2.netdev-lab.org/10k.bin
  4 threads and 100 connections
  Thread calibration: mean lat.: 4975.014ms, rate sampling interval: 16990ms
  Thread calibration: mean lat.: 4806.580ms, rate sampling interval: 16556ms
  Thread calibration: mean lat.: 4480.134ms, rate sampling interval: 16564ms
  Thread calibration: mean lat.: 4559.168ms, rate sampling interval: 16465ms
  Thread Stats   Avg      Stdev     Max   +/- Stdev
    Latency    18.54s     5.28s   29.72s    58.46%
    Req/Sec   121.75     15.35   143.00     50.00%
  Latency Distribution (HdrHistogram - Recorded Latency)
 50.000%   18.60s 
 75.000%   23.17s 
 90.000%   25.76s 
 99.000%   27.82s 
 99.900%   28.95s 
 99.990%   29.46s 
 99.999%   29.74s 
100.000%   29.74s 

  Detailed Percentile spectrum:
       Value   Percentile   TotalCount 1/(1-Percentile)

    8495.103     0.000000            1         1.00
   11182.079     0.100000          971         1.11
   13238.271     0.200000         1940         1.25
   15015.935     0.300000         2913         1.43
   16670.719     0.400000         3879         1.67
   18595.839     0.500000         4846         2.00
   19578.879     0.550000         5337         2.22
   20332.543     0.600000         5822         2.50
   21102.591     0.650000         6300         2.86
   21987.327     0.700000         6781         3.33
   23166.975     0.750000         7272         4.00
   23658.495     0.775000         7513         4.44
   24051.711     0.800000         7762         5.00
   24477.695     0.825000         7995         5.71
   24920.063     0.850000         8243         6.67
   25329.663     0.875000         8479         8.00
   25542.655     0.887500         8603         8.89
   25755.647     0.900000         8721        10.00
   25985.023     0.912500         8848        11.43
   26181.631     0.925000         8968        13.33
   26427.391     0.937500         9085        16.00
   26558.463     0.943750         9143        17.78
   26722.303     0.950000         9209        20.00
   26853.375     0.956250         9268        22.86
   27000.831     0.962500         9327        26.67
   27181.055     0.968750         9388        32.00
   27246.591     0.971875         9421        35.56
   27312.127     0.975000         9445        40.00
   27410.431     0.978125         9477        45.71
   27508.735     0.981250         9512        53.33
   27590.655     0.984375         9537        64.00
   27639.807     0.985938         9551        71.11
   27705.343     0.987500         9569        80.00
   27787.263     0.989062         9585        91.43
   27885.567     0.990625         9598       106.67
   28049.407     0.992188         9614       128.00
   28114.943     0.992969         9622       142.22
   28164.095     0.993750         9627       160.00
   28246.015     0.994531         9636       182.86
   28360.703     0.995313         9642       213.33
   28475.391     0.996094         9650       256.00
   28491.775     0.996484         9655       284.44
   28524.543     0.996875         9657       320.00
   28606.463     0.997266         9661       365.71
   28655.615     0.997656         9668       426.67
   28688.383     0.998047         9669       512.00
   28721.151     0.998242         9673       568.89
   28721.151     0.998437         9673       640.00
   28753.919     0.998633         9674       731.43
   28819.455     0.998828         9676       853.33
   28966.911     0.999023         9678      1024.00
   29065.215     0.999121         9679      1137.78
   29097.983     0.999219         9680      1280.00
   29147.135     0.999316         9681      1462.86
   29179.903     0.999414         9682      1706.67
   29212.671     0.999512         9683      2048.00
   29212.671     0.999561         9683      2275.56
   29360.127     0.999609         9684      2560.00
   29360.127     0.999658         9684      2925.71
   29409.279     0.999707         9685      3413.33
   29409.279     0.999756         9685      4096.00
   29409.279     0.999780         9685      4551.11
   29458.431     0.999805         9686      5120.00
   29458.431     0.999829         9686      5851.43
   29458.431     0.999854         9686      6826.67
   29458.431     0.999878         9686      8192.00
   29458.431     0.999890         9686      9102.22
   29736.959     0.999902         9687     10240.00
   29736.959     1.000000         9687          inf
#[Mean    =    18543.110, StdDeviation   =     5277.749]
#[Max     =    29720.576, Total count    =         9687]
#[Buckets =           27, SubBuckets     =         2048]
----------------------------------------------------------
  14219 requests in 30.07s, 142.33MB read
  Socket errors: connect 0, read 0, write 0, timeout 60
Requests/sec:    472.86
Transfer/sec:      4.73MB
