Running 30s test @ https://bench-eth2.netdev-lab.org/10k.bin
  4 threads and 100 connections
  Thread calibration: mean lat.: 4584.704ms, rate sampling interval: 16228ms
  Thread calibration: mean lat.: 4762.609ms, rate sampling interval: 16465ms
  Thread calibration: mean lat.: 4619.519ms, rate sampling interval: 16506ms
  Thread calibration: mean lat.: 4653.221ms, rate sampling interval: 16277ms
  Thread Stats   Avg      Stdev     Max   +/- Stdev
    Latency    18.54s     5.30s   29.10s    58.60%
    Req/Sec   133.50      7.02   142.00     50.00%
  Latency Distribution (HdrHistogram - Recorded Latency)
 50.000%   18.63s 
 75.000%   23.13s 
 90.000%   25.76s 
 99.000%   27.69s 
 99.900%   28.59s 
 99.990%   28.98s 
 99.999%   29.11s 
100.000%   29.11s 

  Detailed Percentile spectrum:
       Value   Percentile   TotalCount 1/(1-Percentile)

    8445.951     0.000000            1         1.00
   11108.351     0.100000         1058         1.11
   12976.127     0.200000         2116         1.25
   14893.055     0.300000         3173         1.43
   16859.135     0.400000         4231         1.67
   18628.607     0.500000         5293         2.00
   19677.183     0.550000         5827         2.22
   20627.455     0.600000         6351         2.50
   21381.119     0.650000         6881         2.86
   22347.775     0.700000         7403         3.33
   23134.207     0.750000         7938         4.00
   23461.887     0.775000         8200         4.44
   23855.103     0.800000         8465         5.00
   24281.087     0.825000         8739         5.71
   24723.455     0.850000         8994         6.67
   25198.591     0.875000         9260         8.00
   25493.503     0.887500         9393         8.89
   25755.647     0.900000         9525        10.00
   26001.407     0.912500         9652        11.43
   26247.167     0.925000         9785        13.33
   26460.159     0.937500         9920        16.00
   26574.847     0.943750         9984        17.78
   26673.151     0.950000        10048        20.00
   26771.455     0.956250        10120        22.86
   26886.143     0.962500        10191        26.67
   27000.831     0.968750        10245        32.00
   27066.367     0.971875        10283        35.56
   27148.287     0.975000        10315        40.00
   27213.823     0.978125        10349        45.71
   27295.743     0.981250        10379        53.33
   27394.047     0.984375        10412        64.00
   27475.967     0.985938        10430        71.11
   27541.503     0.987500        10444        80.00
   27623.423     0.989062        10460        91.43
   27754.495     0.990625        10478       106.67
   27885.567     0.992188        10494       128.00
   27951.103     0.992969        10501       142.22
   28033.023     0.993750        10512       160.00
   28098.559     0.994531        10518       182.86
   28147.711     0.995313        10527       213.33
   28213.247     0.996094        10535       256.00
   28229.631     0.996484        10538       284.44
   28262.399     0.996875        10542       320.00
   28327.935     0.997266        10548       365.71
   28360.703     0.997656        10551       426.67
   28409.855     0.998047        10556       512.00
   28426.239     0.998242        10557       568.89
   28475.391     0.998437        10560       640.00
   28540.927     0.998633        10561       731.43
   28573.695     0.998828        10563       853.33
   28590.079     0.999023        10565      1024.00
   28622.847     0.999121        10566      1137.78
   28639.231     0.999219        10567      1280.00
   28655.615     0.999316        10568      1462.86
   28721.151     0.999414        10569      1706.67
   28770.303     0.999512        10570      2048.00
   28803.071     0.999561        10572      2275.56
   28803.071     0.999609        10572      2560.00
   28803.071     0.999658        10572      2925.71
   28803.071     0.999707        10572      3413.33
   28950.527     0.999756        10573      4096.00
   28950.527     0.999780        10573      4551.11
   28950.527     0.999805        10573      5120.00
   28983.295     0.999829        10574      5851.43
   28983.295     0.999854        10574      6826.67
   28983.295     0.999878        10574      8192.00
   28983.295     0.999890        10574      9102.22
   28983.295     0.999902        10574     10240.00
   29114.367     0.999915        10575     11702.86
   29114.367     1.000000        10575          inf
#[Mean    =    18536.988, StdDeviation   =     5296.995]
#[Max     =    29097.984, Total count    =        10575]
#[Buckets =           27, SubBuckets     =         2048]
----------------------------------------------------------
  15568 requests in 30.00s, 155.83MB read
  Socket errors: connect 0, read 0, write 0, timeout 101
Requests/sec:    518.91
Transfer/sec:      5.19MB
