Running 30s test @ https://bench-eth2.netdev-lab.org/10k.bin
  4 threads and 100 connections
  Thread calibration: mean lat.: 4576.759ms, rate sampling interval: 16072ms
  Thread calibration: mean lat.: 4250.479ms, rate sampling interval: 14213ms
  Thread calibration: mean lat.: 4346.676ms, rate sampling interval: 15540ms
  Thread calibration: mean lat.: 4336.761ms, rate sampling interval: 15319ms
  Thread Stats   Avg      Stdev     Max   +/- Stdev
    Latency    17.05s     5.15s   29.29s    57.56%
    Req/Sec   124.50     12.50   142.00     50.00%
  Latency Distribution (HdrHistogram - Recorded Latency)
 50.000%   16.67s 
 75.000%   21.74s 
 90.000%   24.13s 
 99.000%   26.43s 
 99.900%   28.38s 
 99.990%   29.18s 
 99.999%   29.31s 
100.000%   29.31s 

  Detailed Percentile spectrum:
       Value   Percentile   TotalCount 1/(1-Percentile)

    7356.415     0.000000            1         1.00
   10092.543     0.100000         1001         1.11
   11853.823     0.200000         2000         1.25
   13639.679     0.300000         3002         1.43
   15056.895     0.400000         4002         1.67
   16670.719     0.500000         5002         2.00
   17514.495     0.550000         5507         2.22
   18563.071     0.600000         6001         2.50
   19677.183     0.650000         6506         2.86
   20660.223     0.700000         7002         3.33
   21741.567     0.750000         7508         4.00
   22167.551     0.775000         7752         4.44
   22593.535     0.800000         8012         5.00
   22937.599     0.825000         8254         5.71
   23347.199     0.850000         8509         6.67
   23724.031     0.875000         8754         8.00
   23904.255     0.887500         8880         8.89
   24133.631     0.900000         9006        10.00
   24346.623     0.912500         9127        11.43
   24559.615     0.925000         9252        13.33
   24788.991     0.937500         9376        16.00
   24936.447     0.943750         9442        17.78
   25083.903     0.950000         9504        20.00
   25231.359     0.956250         9563        22.86
   25395.199     0.962500         9628        26.67
   25575.423     0.968750         9689        32.00
   25690.111     0.971875         9720        35.56
   25821.183     0.975000         9756        40.00
   25919.487     0.978125         9784        45.71
   26034.175     0.981250         9817        53.33
   26116.095     0.984375         9846        64.00
   26198.015     0.985938         9859        71.11
   26263.551     0.987500         9875        80.00
   26329.087     0.989062         9890        91.43
   26476.543     0.990625         9907       106.67
   26607.615     0.992188         9922       128.00
   26673.151     0.992969         9929       142.22
   26722.303     0.993750         9937       160.00
   26836.991     0.994531         9946       182.86
   27000.831     0.995313         9955       213.33
   27049.983     0.996094         9960       256.00
   27148.287     0.996484         9964       284.44
   27312.127     0.996875         9969       320.00
   27361.279     0.997266         9972       365.71
   27459.583     0.997656         9976       426.67
   27541.503     0.998047         9980       512.00
   27607.039     0.998242         9982       568.89
   27672.575     0.998437         9984       640.00
   27721.727     0.998633         9986       731.43
   28295.167     0.998828         9988       853.33
   28573.695     0.999023         9990      1024.00
   28622.847     0.999121         9991      1137.78
   28655.615     0.999219         9992      1280.00
   28721.151     0.999316         9993      1462.86
   28753.919     0.999414         9994      1706.67
   28917.759     0.999512         9995      2048.00
   28917.759     0.999561         9995      2275.56
   28999.679     0.999609         9996      2560.00
   28999.679     0.999658         9996      2925.71
   29016.063     0.999707         9997      3413.33
   29016.063     0.999756         9997      4096.00
   29016.063     0.999780         9997      4551.11
   29179.903     0.999805         9998      5120.00
   29179.903     0.999829         9998      5851.43
   29179.903     0.999854         9998      6826.67
   29179.903     0.999878         9998      8192.00
   29179.903     0.999890         9998      9102.22
   29310.975     0.999902         9999     10240.00
   29310.975     1.000000         9999          inf
#[Mean    =    17054.289, StdDeviation   =     5149.166]
#[Max     =    29294.592, Total count    =         9999]
#[Buckets =           27, SubBuckets     =         2048]
----------------------------------------------------------
  15139 requests in 30.00s, 151.54MB read
  Socket errors: connect 0, read 0, write 0, timeout 112
Requests/sec:    504.55
Transfer/sec:      5.05MB
