Running 30s test @ https://bench-eth2.netdev-lab.org/10k.bin
  4 threads and 100 connections
  Thread calibration: mean lat.: 4547.098ms, rate sampling interval: 16015ms
  Thread calibration: mean lat.: 4614.817ms, rate sampling interval: 16007ms
  Thread calibration: mean lat.: 4678.579ms, rate sampling interval: 16195ms
  Thread calibration: mean lat.: 4726.985ms, rate sampling interval: 16203ms
  Thread Stats   Avg      Stdev     Max   +/- Stdev
    Latency    17.48s     4.95s   29.34s    59.89%
    Req/Sec   134.00     15.31   155.00     50.00%
  Latency Distribution (HdrHistogram - Recorded Latency)
 50.000%   17.66s 
 75.000%   21.51s 
 90.000%   24.20s 
 99.000%   26.54s 
 99.900%   28.75s 
 99.990%   29.28s 
 99.999%   29.36s 
100.000%   29.36s 

  Detailed Percentile spectrum:
       Value   Percentile   TotalCount 1/(1-Percentile)

    8212.479     0.000000            1         1.00
   10354.687     0.100000         1072         1.11
   12468.223     0.200000         2146         1.25
   14221.311     0.300000         3214         1.43
   15917.055     0.400000         4285         1.67
   17661.951     0.500000         5365         2.00
   18415.615     0.550000         5891         2.22
   19234.815     0.600000         6428         2.50
   19988.479     0.650000         6970         2.86
   20725.759     0.700000         7495         3.33
   21512.191     0.750000         8040         4.00
   21938.175     0.775000         8299         4.44
   22396.927     0.800000         8568         5.00
   22790.143     0.825000         8844         5.71
   23232.511     0.850000         9105         6.67
   23740.415     0.875000         9372         8.00
   23969.791     0.887500         9503         8.89
   24199.167     0.900000         9645        10.00
   24428.543     0.912500         9776        11.43
   24674.303     0.925000         9907        13.33
   24936.447     0.937500        10043        16.00
   25083.903     0.943750        10117        17.78
   25231.359     0.950000        10172        20.00
   25411.583     0.956250        10239        22.86
   25575.423     0.962500        10313        26.67
   25722.879     0.968750        10373        32.00
   25788.415     0.971875        10410        35.56
   25870.335     0.975000        10442        40.00
   25952.255     0.978125        10474        45.71
   26066.943     0.981250        10507        53.33
   26181.631     0.984375        10542        64.00
   26247.167     0.985938        10557        71.11
   26394.623     0.987500        10577        80.00
   26443.775     0.989062        10590        91.43
   26607.615     0.990625        10607       106.67
   26722.303     0.992188        10624       128.00
   26771.455     0.992969        10632       142.22
   26836.991     0.993750        10642       160.00
   26935.295     0.994531        10649       182.86
   27213.823     0.995313        10659       213.33
   27754.495     0.996094        10666       256.00
   28098.559     0.996484        10670       284.44
   28229.631     0.996875        10675       320.00
   28360.703     0.997266        10678       365.71
   28459.007     0.997656        10682       426.67
   28540.927     0.998047        10688       512.00
   28573.695     0.998242        10690       568.89
   28606.463     0.998437        10691       640.00
   28622.847     0.998633        10693       731.43
   28704.767     0.998828        10695       853.33
   28753.919     0.999023        10697      1024.00
   28786.687     0.999121        10698      1137.78
   28884.991     0.999219        10700      1280.00
   28884.991     0.999316        10700      1462.86
   28901.375     0.999414        10701      1706.67
   28917.759     0.999512        10702      2048.00
   28966.911     0.999561        10703      2275.56
   28966.911     0.999609        10703      2560.00
   28999.679     0.999658        10704      2925.71
   28999.679     0.999707        10704      3413.33
   29179.903     0.999756        10705      4096.00
   29179.903     0.999780        10705      4551.11
   29179.903     0.999805        10705      5120.00
   29278.207     0.999829        10706      5851.43
   29278.207     0.999854        10706      6826.67
   29278.207     0.999878        10706      8192.00
   29278.207     0.999890        10706      9102.22
   29278.207     0.999902        10706     10240.00
   29360.127     0.999915        10707     11702.86
   29360.127     1.000000        10707          inf
#[Mean    =    17483.607, StdDeviation   =     4949.520]
#[Max     =    29343.744, Total count    =        10707]
#[Buckets =           27, SubBuckets     =         2048]
----------------------------------------------------------
  15825 requests in 30.04s, 158.40MB read
  Socket errors: connect 0, read 0, write 0, timeout 29
Requests/sec:    526.80
Transfer/sec:      5.27MB
