Running 30s test @ https://bench-eth2.netdev-lab.org/10k.bin
  4 threads and 100 connections
  Thread calibration: mean lat.: 4491.043ms, rate sampling interval: 16121ms
  Thread calibration: mean lat.: 4647.396ms, rate sampling interval: 16146ms
  Thread calibration: mean lat.: 4419.690ms, rate sampling interval: 16113ms
  Thread calibration: mean lat.: 4397.163ms, rate sampling interval: 16072ms
  Thread Stats   Avg      Stdev     Max   +/- Stdev
    Latency    17.51s     5.12s   29.20s    57.08%
    Req/Sec   137.50      6.42   146.00     50.00%
  Latency Distribution (HdrHistogram - Recorded Latency)
 50.000%   17.40s 
 75.000%   22.09s 
 90.000%   24.53s 
 99.000%   27.43s 
 99.900%   28.87s 
 99.990%   29.11s 
 99.999%   29.21s 
100.000%   29.21s 

  Detailed Percentile spectrum:
       Value   Percentile   TotalCount 1/(1-Percentile)

    8560.639     0.000000            1         1.00
   10625.023     0.100000         1111         1.11
   12214.271     0.200000         2224         1.25
   13803.519     0.300000         3328         1.43
   15589.375     0.400000         4434         1.67
   17399.807     0.500000         5543         2.00
   18350.079     0.550000         6104         2.22
   19202.047     0.600000         6662         2.50
   20152.319     0.650000         7213         2.86
   21069.823     0.700000         7768         3.33
   22085.631     0.750000         8317         4.00
   22544.383     0.775000         8591         4.44
   22904.831     0.800000         8872         5.00
   23298.047     0.825000         9152         5.71
   23691.263     0.850000         9423         6.67
   24133.631     0.875000         9702         8.00
   24330.239     0.887500         9841         8.89
   24526.847     0.900000         9985        10.00
   24707.071     0.912500        10116        11.43
   24903.679     0.925000        10259        13.33
   25083.903     0.937500        10392        16.00
   25198.591     0.943750        10467        17.78
   25313.279     0.950000        10539        20.00
   25427.967     0.956250        10606        22.86
   25542.655     0.962500        10680        26.67
   25690.111     0.968750        10744        32.00
   25755.647     0.971875        10775        35.56
   25853.951     0.975000        10809        40.00
   25952.255     0.978125        10844        45.71
   26132.479     0.981250        10879        53.33
   26345.471     0.984375        10911        64.00
   26591.231     0.985938        10929        71.11
   26935.295     0.987500        10946        80.00
   27230.207     0.989062        10963        91.43
   27508.735     0.990625        10981       106.67
   27754.495     0.992188        10998       128.00
   27934.719     0.992969        11007       142.22
   28049.407     0.993750        11019       160.00
   28114.943     0.994531        11024       182.86
   28213.247     0.995313        11034       213.33
   28295.167     0.996094        11041       256.00
   28360.703     0.996484        11046       284.44
   28442.623     0.996875        11050       320.00
   28508.159     0.997266        11054       365.71
   28606.463     0.997656        11059       426.67
   28688.383     0.998047        11065       512.00
   28688.383     0.998242        11065       568.89
   28770.303     0.998437        11067       640.00
   28803.071     0.998633        11069       731.43
   28852.223     0.998828        11072       853.33
   28868.607     0.999023        11074      1024.00
   28884.991     0.999121        11076      1137.78
   28884.991     0.999219        11076      1280.00
   28917.759     0.999316        11078      1462.86
   28917.759     0.999414        11078      1706.67
   28950.527     0.999512        11080      2048.00
   28950.527     0.999561        11080      2275.56
   28950.527     0.999609        11080      2560.00
   28966.911     0.999658        11082      2925.71
   28966.911     0.999707        11082      3413.33
   28966.911     0.999756        11082      4096.00
   28966.911     0.999780        11082      4551.11
   28966.911     0.999805        11082      5120.00
   29114.367     0.999829        11083      5851.43
   29114.367     0.999854        11083      6826.67
   29114.367     0.999878        11083      8192.00
   29114.367     0.999890        11083      9102.22
   29114.367     0.999902        11083     10240.00
   29212.671     0.999915        11084     11702.86
   29212.671     1.000000        11084          inf
#[Mean    =    17506.472, StdDeviation   =     5120.248]
#[Max     =    29196.288, Total count    =        11084]
#[Buckets =           27, SubBuckets     =         2048]
----------------------------------------------------------
  16249 requests in 30.02s, 162.65MB read
  Socket errors: connect 0, read 0, write 0, timeout 16
Requests/sec:    541.25
Transfer/sec:      5.42MB
