Running 30s test @ https://bench-eth2.netdev-lab.org/10k.bin
  4 threads and 100 connections
  Thread calibration: mean lat.: 4795.322ms, rate sampling interval: 16678ms
  Thread calibration: mean lat.: 4653.163ms, rate sampling interval: 16531ms
  Thread calibration: mean lat.: 4823.370ms, rate sampling interval: 16990ms
  Thread calibration: mean lat.: 4717.679ms, rate sampling interval: 16646ms
  Thread Stats   Avg      Stdev     Max   +/- Stdev
    Latency    18.46s     5.32s   29.41s    58.45%
    Req/Sec   118.75     16.30   142.00     50.00%
  Latency Distribution (HdrHistogram - Recorded Latency)
 50.000%   18.37s 
 75.000%   23.10s 
 90.000%   26.08s 
 99.000%   27.82s 
 99.900%   28.92s 
 99.990%   29.33s 
 99.999%   29.43s 
100.000%   29.43s 

  Detailed Percentile spectrum:
       Value   Percentile   TotalCount 1/(1-Percentile)

    8634.367     0.000000            2         1.00
   11280.383     0.100000          951         1.11
   13115.391     0.200000         1905         1.25
   14753.791     0.300000         2854         1.43
   16334.847     0.400000         3802         1.67
   18366.463     0.500000         4752         2.00
   19267.583     0.550000         5231         2.22
   20185.087     0.600000         5709         2.50
   21069.823     0.650000         6180         2.86
   22052.863     0.700000         6659         3.33
   23101.439     0.750000         7130         4.00
   23592.959     0.775000         7378         4.44
   24035.327     0.800000         7606         5.00
   24526.847     0.825000         7847         5.71
   24985.599     0.850000         8085         6.67
   25460.735     0.875000         8322         8.00
   25837.567     0.887500         8440         8.89
   26083.327     0.900000         8557        10.00
   26279.935     0.912500         8673        11.43
   26460.159     0.925000         8794        13.33
   26623.999     0.937500         8913        16.00
   26705.919     0.943750         8972        17.78
   26787.839     0.950000         9029        20.00
   26869.759     0.956250         9090        22.86
   26968.063     0.962500         9154        26.67
   27066.367     0.968750         9209        32.00
   27148.287     0.971875         9246        35.56
   27197.439     0.975000         9267        40.00
   27279.359     0.978125         9300        45.71
   27394.047     0.981250         9329        53.33
   27508.735     0.984375         9358        64.00
   27590.655     0.985938         9372        71.11
   27672.575     0.987500         9386        80.00
   27738.111     0.989062         9401        91.43
   27852.799     0.990625         9419       106.67
   27934.719     0.992188         9431       128.00
   28000.255     0.992969         9440       142.22
   28049.407     0.993750         9447       160.00
   28180.479     0.994531         9453       182.86
   28262.399     0.995313         9461       213.33
   28344.319     0.996094         9468       256.00
   28393.471     0.996484         9471       284.44
   28442.623     0.996875         9476       320.00
   28524.543     0.997266         9479       365.71
   28573.695     0.997656         9483       426.67
   28737.535     0.998047         9487       512.00
   28753.919     0.998242         9491       568.89
   28753.919     0.998437         9491       640.00
   28770.303     0.998633         9492       731.43
   28852.223     0.998828         9493       853.33
   28950.527     0.999023         9495      1024.00
   29016.063     0.999121         9497      1137.78
   29016.063     0.999219         9497      1280.00
   29065.215     0.999316         9498      1462.86
   29163.519     0.999414         9500      1706.67
   29163.519     0.999512         9500      2048.00
   29163.519     0.999561         9500      2275.56
   29212.671     0.999609         9501      2560.00
   29212.671     0.999658         9501      2925.71
   29245.439     0.999707         9502      3413.33
   29245.439     0.999756         9502      4096.00
   29245.439     0.999780         9502      4551.11
   29327.359     0.999805         9503      5120.00
   29327.359     0.999829         9503      5851.43
   29327.359     0.999854         9503      6826.67
   29327.359     0.999878         9503      8192.00
   29327.359     0.999890         9503      9102.22
   29425.663     0.999902         9504     10240.00
   29425.663     1.000000         9504          inf
#[Mean    =    18455.912, StdDeviation   =     5320.666]
#[Max     =    29409.280, Total count    =         9504]
#[Buckets =           27, SubBuckets     =         2048]
----------------------------------------------------------
  14226 requests in 30.00s, 142.40MB read
  Socket errors: connect 0, read 0, write 0, timeout 14
Requests/sec:    474.18
Transfer/sec:      4.75MB
