Running 30s test @ https://bench-eth2.netdev-lab.org/100k.bin
  4 threads and 100 connections
  Thread calibration: mean lat.: 4.724ms, rate sampling interval: 16ms
  Thread calibration: mean lat.: 4.542ms, rate sampling interval: 15ms
  Thread calibration: mean lat.: 4.552ms, rate sampling interval: 15ms
  Thread calibration: mean lat.: 4.688ms, rate sampling interval: 15ms
  Thread Stats   Avg      Stdev     Max   +/- Stdev
    Latency     4.57ms    2.36ms  65.54ms   73.60%
    Req/Sec   230.72     49.71   400.00     74.82%
  Latency Distribution (HdrHistogram - Recorded Latency)
 50.000%    4.04ms
 75.000%    5.60ms
 90.000%    7.84ms
 99.000%   12.13ms
 99.900%   16.01ms
 99.990%   30.30ms
 99.999%   65.60ms
100.000%   65.60ms

  Detailed Percentile spectrum:
       Value   Percentile   TotalCount 1/(1-Percentile)

       1.224     0.000000            1         1.00
       2.147     0.100000         1781         1.11
       2.735     0.200000         3559         1.25
       3.255     0.300000         5337         1.43
       3.671     0.400000         7116         1.67
       4.041     0.500000         8896         2.00
       4.235     0.550000         9789         2.22
       4.451     0.600000        10689         2.50
       4.715     0.650000        11576         2.86
       5.087     0.700000        12460         3.33
       5.603     0.750000        13345         4.00
       5.899     0.775000        13787         4.44
       6.251     0.800000        14233         5.00
       6.603     0.825000        14677         5.71
       6.987     0.850000        15123         6.67
       7.379     0.875000        15572         8.00
       7.591     0.887500        15794         8.89
       7.835     0.900000        16019        10.00
       8.075     0.912500        16237        11.43
       8.303     0.925000        16455        13.33
       8.607     0.937500        16683        16.00
       8.751     0.943750        16791        17.78
       8.951     0.950000        16903        20.00
       9.151     0.956250        17012        22.86
       9.415     0.962500        17125        26.67
       9.623     0.968750        17235        32.00
       9.791     0.971875        17294        35.56
       9.959     0.975000        17348        40.00
      10.143     0.978125        17402        45.71
      10.399     0.981250        17456        53.33
      10.743     0.984375        17513        64.00
      10.983     0.985938        17539        71.11
      11.415     0.987500        17567        80.00
      11.759     0.989062        17595        91.43
      12.615     0.990625        17623       106.67
      13.007     0.992188        17651       128.00
      13.119     0.992969        17664       142.22
      13.255     0.993750        17678       160.00
      13.407     0.994531        17693       182.86
      13.535     0.995313        17706       213.33
      13.711     0.996094        17720       256.00
      13.791     0.996484        17727       284.44
      13.919     0.996875        17734       320.00
      14.079     0.997266        17741       365.71
      14.271     0.997656        17748       426.67
      14.431     0.998047        17755       512.00
      14.535     0.998242        17758       568.89
      14.735     0.998437        17762       640.00
      14.959     0.998633        17765       731.43
      15.287     0.998828        17769       853.33
      16.215     0.999023        17772      1024.00
      16.831     0.999121        17774      1137.78
      17.519     0.999219        17776      1280.00
      17.567     0.999316        17777      1462.86
      17.711     0.999414        17779      1706.67
      20.703     0.999512        17781      2048.00
      22.415     0.999561        17782      2275.56
      26.703     0.999609        17783      2560.00
      26.703     0.999658        17783      2925.71
      29.711     0.999707        17784      3413.33
      29.935     0.999756        17785      4096.00
      30.271     0.999780        17786      4551.11
      30.271     0.999805        17786      5120.00
      30.271     0.999829        17786      5851.43
      30.303     0.999854        17787      6826.67
      30.303     0.999878        17787      8192.00
      30.479     0.999890        17788      9102.22
      30.479     0.999902        17788     10240.00
      30.479     0.999915        17788     11702.86
      30.479     0.999927        17788     13653.33
      30.479     0.999939        17788     16384.00
      65.599     0.999945        17789     18204.44
      65.599     1.000000        17789          inf
#[Mean    =        4.570, StdDeviation   =        2.356]
#[Max     =       65.536, Total count    =        17789]
#[Buckets =           27, SubBuckets     =         2048]
----------------------------------------------------------
  26848 requests in 30.00s, 2.57GB read
Requests/sec:    894.85
Transfer/sec:     87.61MB
