Running 30s test @ https://bench-eth2.netdev-lab.org/100k.bin
  4 threads and 100 connections
  Thread calibration: mean lat.: 28.259ms, rate sampling interval: 173ms
  Thread calibration: mean lat.: 39.782ms, rate sampling interval: 185ms
  Thread calibration: mean lat.: 31.995ms, rate sampling interval: 173ms
  Thread calibration: mean lat.: 27.104ms, rate sampling interval: 168ms
  Thread Stats   Avg      Stdev     Max   +/- Stdev
    Latency    26.29ms   60.55ms   1.17s    91.06%
    Req/Sec   180.16     18.11   260.00     72.85%
  Latency Distribution (HdrHistogram - Recorded Latency)
 50.000%    8.70ms
 75.000%   12.00ms
 90.000%   80.77ms
 99.000%  232.06ms
 99.900%  492.54ms
 99.990%    1.04s 
 99.999%    1.17s 
100.000%    1.17s 

  Detailed Percentile spectrum:
       Value   Percentile   TotalCount 1/(1-Percentile)

       2.557     0.000000            1         1.00
       5.363     0.100000         1433         1.11
       6.215     0.200000         2877         1.25
       7.015     0.300000         4302         1.43
       7.807     0.400000         5735         1.67
       8.695     0.500000         7183         2.00
       9.199     0.550000         7889         2.22
       9.743     0.600000         8604         2.50
      10.415     0.650000         9316         2.86
      11.143     0.700000        10031         3.33
      11.999     0.750000        10749         4.00
      12.607     0.775000        11116         4.44
      13.255     0.800000        11465         5.00
      14.023     0.825000        11826         5.71
      15.335     0.850000        12181         6.67
      17.695     0.875000        12541         8.00
      20.895     0.887500        12718         8.89
      80.767     0.900000        12897        10.00
      87.487     0.912500        13077        11.43
      93.695     0.925000        13258        13.33
     102.783     0.937500        13435        16.00
     177.151     0.943750        13524        17.78
     215.039     0.950000        13615        20.00
     216.959     0.956250        13706        22.86
     218.495     0.962500        13794        26.67
     220.159     0.968750        13887        32.00
     221.183     0.971875        13928        35.56
     222.335     0.975000        13974        40.00
     223.103     0.978125        14020        45.71
     223.999     0.981250        14062        53.33
     226.047     0.984375        14113        64.00
     226.943     0.985938        14131        71.11
     228.095     0.987500        14153        80.00
     230.271     0.989062        14175        91.43
     235.135     0.990625        14196       106.67
     287.487     0.992188        14219       128.00
     305.919     0.992969        14232       142.22
     309.247     0.993750        14241       160.00
     313.087     0.994531        14252       182.86
     319.487     0.995313        14264       213.33
     362.495     0.996094        14275       256.00
     396.031     0.996484        14280       284.44
     433.151     0.996875        14287       320.00
     434.943     0.997266        14291       365.71
     438.271     0.997656        14297       426.67
     440.575     0.998047        14303       512.00
     441.599     0.998242        14305       568.89
     445.439     0.998437        14308       640.00
     449.279     0.998633        14311       731.43
     455.679     0.998828        14314       853.33
     495.103     0.999023        14317      1024.00
     504.319     0.999121        14318      1137.78
     507.391     0.999219        14319      1280.00
     538.623     0.999316        14321      1462.86
     622.079     0.999414        14322      1706.67
     758.783     0.999512        14324      2048.00
     758.783     0.999561        14324      2275.56
     801.791     0.999609        14325      2560.00
     868.863     0.999658        14326      2925.71
     868.863     0.999707        14326      3413.33
     892.927     0.999756        14327      4096.00
     892.927     0.999780        14327      4551.11
     927.231     0.999805        14328      5120.00
     927.231     0.999829        14328      5851.43
     927.231     0.999854        14328      6826.67
    1041.407     0.999878        14329      8192.00
    1041.407     0.999890        14329      9102.22
    1041.407     0.999902        14329     10240.00
    1041.407     0.999915        14329     11702.86
    1041.407     0.999927        14329     13653.33
    1166.335     0.999939        14330     16384.00
    1166.335     1.000000        14330          inf
#[Mean    =       26.293, StdDeviation   =       60.546]
#[Max     =     1165.312, Total count    =        14330]
#[Buckets =           27, SubBuckets     =         2048]
----------------------------------------------------------
  21604 requests in 30.01s, 2.07GB read
Requests/sec:    720.00
Transfer/sec:     70.49MB
