Running 30s test @ https://bench-eth2.netdev-lab.org/100k.bin
  4 threads and 100 connections
  Thread calibration: mean lat.: 4.382ms, rate sampling interval: 15ms
  Thread calibration: mean lat.: 4.425ms, rate sampling interval: 15ms
  Thread calibration: mean lat.: 4.397ms, rate sampling interval: 15ms
  Thread calibration: mean lat.: 4.441ms, rate sampling interval: 15ms
  Thread Stats   Avg      Stdev     Max   +/- Stdev
    Latency     4.39ms    2.18ms  34.59ms   72.07%
    Req/Sec   230.87     49.19   400.00     73.10%
  Latency Distribution (HdrHistogram - Recorded Latency)
 50.000%    3.94ms
 75.000%    5.34ms
 90.000%    7.61ms
 99.000%   10.47ms
 99.900%   14.40ms
 99.990%   31.06ms
 99.999%   34.62ms
100.000%   34.62ms

  Detailed Percentile spectrum:
       Value   Percentile   TotalCount 1/(1-Percentile)

       1.229     0.000000            1         1.00
       2.053     0.100000         1790         1.11
       2.651     0.200000         3565         1.25
       3.119     0.300000         5338         1.43
       3.543     0.400000         7117         1.67
       3.939     0.500000         8897         2.00
       4.135     0.550000         9797         2.22
       4.323     0.600000        10678         2.50
       4.543     0.650000        11583         2.86
       4.855     0.700000        12465         3.33
       5.339     0.750000        13346         4.00
       5.631     0.775000        13793         4.44
       5.987     0.800000        14236         5.00
       6.307     0.825000        14680         5.71
       6.683     0.850000        15127         6.67
       7.147     0.875000        15568         8.00
       7.407     0.887500        15795         8.89
       7.611     0.900000        16016        10.00
       7.807     0.912500        16238        11.43
       8.047     0.925000        16459        13.33
       8.287     0.937500        16686        16.00
       8.415     0.943750        16795        17.78
       8.543     0.950000        16904        20.00
       8.719     0.956250        17016        22.86
       8.919     0.962500        17127        26.67
       9.191     0.968750        17240        32.00
       9.351     0.971875        17295        35.56
       9.503     0.975000        17349        40.00
       9.647     0.978125        17405        45.71
       9.807     0.981250        17459        53.33
       9.967     0.984375        17519        64.00
      10.055     0.985938        17545        71.11
      10.175     0.987500        17570        80.00
      10.327     0.989062        17598        91.43
      10.591     0.990625        17628       106.67
      11.087     0.992188        17653       128.00
      11.295     0.992969        17667       142.22
      11.863     0.993750        17681       160.00
      12.735     0.994531        17695       182.86
      12.967     0.995313        17709       213.33
      13.175     0.996094        17724       256.00
      13.199     0.996484        17730       284.44
      13.287     0.996875        17737       320.00
      13.351     0.997266        17744       365.71
      13.471     0.997656        17752       426.67
      13.615     0.998047        17758       512.00
      13.695     0.998242        17761       568.89
      13.783     0.998437        17765       640.00
      13.823     0.998633        17768       731.43
      14.247     0.998828        17772       853.33
      14.487     0.999023        17775      1024.00
      14.815     0.999121        17777      1137.78
      15.695     0.999219        17779      1280.00
      15.823     0.999316        17780      1462.86
      16.943     0.999414        17783      1706.67
      18.383     0.999512        17784      2048.00
      20.527     0.999561        17785      2275.56
      22.863     0.999609        17786      2560.00
      22.863     0.999658        17786      2925.71
      26.047     0.999707        17787      3413.33
      28.175     0.999756        17788      4096.00
      30.095     0.999780        17789      4551.11
      30.095     0.999805        17789      5120.00
      30.095     0.999829        17789      5851.43
      31.055     0.999854        17790      6826.67
      31.055     0.999878        17790      8192.00
      32.079     0.999890        17791      9102.22
      32.079     0.999902        17791     10240.00
      32.079     0.999915        17791     11702.86
      32.079     0.999927        17791     13653.33
      32.079     0.999939        17791     16384.00
      34.623     0.999945        17792     18204.44
      34.623     1.000000        17792          inf
#[Mean    =        4.389, StdDeviation   =        2.185]
#[Max     =       34.592, Total count    =        17792]
#[Buckets =           27, SubBuckets     =         2048]
----------------------------------------------------------
  26848 requests in 30.00s, 2.57GB read
Requests/sec:    894.82
Transfer/sec:     87.60MB
