Running 30s test @ https://bench-eth2.netdev-lab.org/100k.bin
  4 threads and 100 connections
  Thread calibration: mean lat.: 4.700ms, rate sampling interval: 16ms
  Thread calibration: mean lat.: 4.760ms, rate sampling interval: 16ms
  Thread calibration: mean lat.: 4.789ms, rate sampling interval: 16ms
  Thread calibration: mean lat.: 4.743ms, rate sampling interval: 16ms
  Thread Stats   Avg      Stdev     Max   +/- Stdev
    Latency     4.87ms    3.04ms  70.46ms   81.37%
    Req/Sec   230.33     53.99   437.00     78.81%
  Latency Distribution (HdrHistogram - Recorded Latency)
 50.000%    4.01ms
 75.000%    5.99ms
 90.000%    8.41ms
 99.000%   15.16ms
 99.900%   27.10ms
 99.990%   46.24ms
 99.999%   70.53ms
100.000%   70.53ms

  Detailed Percentile spectrum:
       Value   Percentile   TotalCount 1/(1-Percentile)

       1.218     0.000000            1         1.00
       2.133     0.100000         1788         1.11
       2.753     0.200000         3563         1.25
       3.247     0.300000         5346         1.43
       3.633     0.400000         7125         1.67
       4.009     0.500000         8896         2.00
       4.239     0.550000         9794         2.22
       4.507     0.600000        10674         2.50
       4.871     0.650000        11567         2.86
       5.387     0.700000        12453         3.33
       5.991     0.750000        13341         4.00
       6.347     0.775000        13788         4.44
       6.755     0.800000        14232         5.00
       7.123     0.825000        14674         5.71
       7.511     0.850000        15122         6.67
       7.899     0.875000        15564         8.00
       8.155     0.887500        15791         8.89
       8.407     0.900000        16013        10.00
       8.703     0.912500        16233        11.43
       9.095     0.925000        16455        13.33
       9.663     0.937500        16676        16.00
      10.079     0.943750        16790        17.78
      10.407     0.950000        16898        20.00
      10.919     0.956250        17008        22.86
      11.631     0.962500        17120        26.67
      12.319     0.968750        17231        32.00
      12.599     0.971875        17286        35.56
      12.911     0.975000        17343        40.00
      13.135     0.978125        17397        45.71
      13.415     0.981250        17453        53.33
      13.823     0.984375        17509        64.00
      14.079     0.985938        17536        71.11
      14.495     0.987500        17565        80.00
      14.839     0.989062        17592        91.43
      15.479     0.990625        17620       106.67
      16.063     0.992188        17648       128.00
      16.295     0.992969        17661       142.22
      16.415     0.993750        17675       160.00
      16.911     0.994531        17690       182.86
      17.439     0.995313        17703       213.33
      18.319     0.996094        17717       256.00
      18.815     0.996484        17724       284.44
      19.151     0.996875        17731       320.00
      19.503     0.997266        17738       365.71
      20.223     0.997656        17745       426.67
      21.151     0.998047        17752       512.00
      21.839     0.998242        17755       568.89
      23.071     0.998437        17759       640.00
      24.623     0.998633        17762       731.43
      26.991     0.998828        17766       853.33
      27.135     0.999023        17769      1024.00
      30.255     0.999121        17771      1137.78
      31.615     0.999219        17773      1280.00
      33.919     0.999316        17774      1462.86
      35.263     0.999414        17776      1706.67
      35.871     0.999512        17778      2048.00
      36.927     0.999561        17779      2275.56
      37.055     0.999609        17780      2560.00
      37.055     0.999658        17780      2925.71
      38.591     0.999707        17781      3413.33
      40.255     0.999756        17782      4096.00
      41.759     0.999780        17783      4551.11
      41.759     0.999805        17783      5120.00
      41.759     0.999829        17783      5851.43
      46.239     0.999854        17784      6826.67
      46.239     0.999878        17784      8192.00
      50.751     0.999890        17785      9102.22
      50.751     0.999902        17785     10240.00
      50.751     0.999915        17785     11702.86
      50.751     0.999927        17785     13653.33
      50.751     0.999939        17785     16384.00
      70.527     0.999945        17786     18204.44
      70.527     1.000000        17786          inf
#[Mean    =        4.871, StdDeviation   =        3.040]
#[Max     =       70.464, Total count    =        17786]
#[Buckets =           27, SubBuckets     =         2048]
----------------------------------------------------------
  26845 requests in 30.00s, 2.57GB read
Requests/sec:    894.69
Transfer/sec:     87.59MB
