Running 30s test @ https://bench-eth2.netdev-lab.org/100k.bin
  4 threads and 100 connections
  Thread calibration: mean lat.: 29.439ms, rate sampling interval: 175ms
  Thread calibration: mean lat.: 28.675ms, rate sampling interval: 129ms
  Thread calibration: mean lat.: 29.696ms, rate sampling interval: 153ms
  Thread calibration: mean lat.: 29.327ms, rate sampling interval: 84ms
  Thread Stats   Avg      Stdev     Max   +/- Stdev
    Latency    29.73ms   72.20ms   1.76s    92.97%
    Req/Sec   180.33     30.03   341.00     74.37%
  Latency Distribution (HdrHistogram - Recorded Latency)
 50.000%    9.65ms
 75.000%   15.38ms
 90.000%   82.43ms
 99.000%  304.64ms
 99.900%  783.87ms
 99.990%    1.63s 
 99.999%    1.76s 
100.000%    1.76s 

  Detailed Percentile spectrum:
       Value   Percentile   TotalCount 1/(1-Percentile)

       2.881     0.000000            1         1.00
       5.719     0.100000         1431         1.11
       6.851     0.200000         2862         1.25
       7.775     0.300000         4298         1.43
       8.607     0.400000         5726         1.67
       9.655     0.500000         7162         2.00
      10.351     0.550000         7879         2.22
      11.199     0.600000         8587         2.50
      12.367     0.650000         9304         2.86
      13.751     0.700000        10020         3.33
      15.375     0.750000        10733         4.00
      16.295     0.775000        11091         4.44
      17.231     0.800000        11454         5.00
      18.383     0.825000        11806         5.71
      19.743     0.850000        12164         6.67
      21.919     0.875000        12522         8.00
      25.055     0.887500        12701         8.89
      82.431     0.900000        12880        10.00
      91.199     0.912500        13058        11.43
      97.919     0.925000        13238        13.33
     115.967     0.937500        13418        16.00
     204.671     0.943750        13506        17.78
     216.703     0.950000        13598        20.00
     218.879     0.956250        13690        22.86
     221.183     0.962500        13777        26.67
     222.975     0.968750        13868        32.00
     223.871     0.971875        13913        35.56
     225.407     0.975000        13953        40.00
     227.199     0.978125        13998        45.71
     229.375     0.981250        14042        53.33
     232.447     0.984375        14088        64.00
     234.623     0.985938        14109        71.11
     238.079     0.987500        14132        80.00
     283.647     0.989062        14154        91.43
     310.271     0.990625        14177       106.67
     319.999     0.992188        14199       128.00
     329.727     0.992969        14211       142.22
     372.991     0.993750        14221       160.00
     429.567     0.994531        14232       182.86
     441.599     0.995313        14245       213.33
     446.975     0.996094        14256       256.00
     450.047     0.996484        14260       284.44
     459.007     0.996875        14267       320.00
     476.159     0.997266        14271       365.71
     505.855     0.997656        14277       426.67
     611.839     0.998047        14283       512.00
     620.031     0.998242        14285       568.89
     658.943     0.998437        14288       640.00
     746.495     0.998633        14291       731.43
     762.879     0.998828        14294       853.33
     833.535     0.999023        14297      1024.00
     877.055     0.999121        14298      1137.78
     878.591     0.999219        14299      1280.00
     891.903     0.999316        14301      1462.86
     899.071     0.999414        14302      1706.67
     962.559     0.999512        14304      2048.00
     962.559     0.999561        14304      2275.56
    1092.607     0.999609        14305      2560.00
    1225.727     0.999658        14306      2925.71
    1225.727     0.999707        14306      3413.33
    1360.895     0.999756        14307      4096.00
    1360.895     0.999780        14307      4551.11
    1496.063     0.999805        14308      5120.00
    1496.063     0.999829        14308      5851.43
    1496.063     0.999854        14308      6826.67
    1632.255     0.999878        14309      8192.00
    1632.255     0.999890        14309      9102.22
    1632.255     0.999902        14309     10240.00
    1632.255     0.999915        14309     11702.86
    1632.255     0.999927        14309     13653.33
    1761.279     0.999939        14310     16384.00
    1761.279     1.000000        14310          inf
#[Mean    =       29.728, StdDeviation   =       72.203]
#[Max     =     1760.256, Total count    =        14310]
#[Buckets =           27, SubBuckets     =         2048]
----------------------------------------------------------
  21590 requests in 30.01s, 2.06GB read
Requests/sec:    719.39
Transfer/sec:     70.43MB
