Running 30s test @ https://bench-eth2.netdev-lab.org/100k.bin
  4 threads and 100 connections
  Thread calibration: mean lat.: 5.283ms, rate sampling interval: 18ms
  Thread calibration: mean lat.: 5.348ms, rate sampling interval: 19ms
  Thread calibration: mean lat.: 5.366ms, rate sampling interval: 18ms
  Thread calibration: mean lat.: 5.265ms, rate sampling interval: 18ms
  Thread Stats   Avg      Stdev     Max   +/- Stdev
    Latency     5.53ms    3.95ms  63.97ms   85.11%
    Req/Sec   229.40     57.40   444.00     70.75%
  Latency Distribution (HdrHistogram - Recorded Latency)
 50.000%    4.26ms
 75.000%    6.68ms
 90.000%   10.33ms
 99.000%   20.42ms
 99.900%   31.42ms
 99.990%   45.06ms
 99.999%   64.00ms
100.000%   64.00ms

  Detailed Percentile spectrum:
       Value   Percentile   TotalCount 1/(1-Percentile)

       1.215     0.000000            1         1.00
       2.135     0.100000         1785         1.11
       2.825     0.200000         3561         1.25
       3.413     0.300000         5341         1.43
       3.841     0.400000         7118         1.67
       4.255     0.500000         8902         2.00
       4.511     0.550000         9793         2.22
       4.903     0.600000        10680         2.50
       5.447     0.650000        11575         2.86
       6.015     0.700000        12454         3.33
       6.683     0.750000        13346         4.00
       7.051     0.775000        13788         4.44
       7.479     0.800000        14235         5.00
       7.915     0.825000        14680         5.71
       8.447     0.850000        15127         6.67
       9.199     0.875000        15570         8.00
       9.727     0.887500        15790         8.89
      10.327     0.900000        16011        10.00
      11.103     0.912500        16234        11.43
      11.959     0.925000        16458        13.33
      12.927     0.937500        16681        16.00
      13.271     0.943750        16793        17.78
      13.559     0.950000        16901        20.00
      14.023     0.956250        17014        22.86
      14.871     0.962500        17124        26.67
      15.823     0.968750        17235        32.00
      16.399     0.971875        17290        35.56
      16.831     0.975000        17347        40.00
      17.295     0.978125        17402        45.71
      18.239     0.981250        17458        53.33
      18.863     0.984375        17513        64.00
      19.279     0.985938        17540        71.11
      19.583     0.987500        17569        80.00
      20.031     0.989062        17596        91.43
      20.687     0.990625        17625       106.67
      21.247     0.992188        17652       128.00
      21.615     0.992969        17665       142.22
      21.903     0.993750        17679       160.00
      22.351     0.994531        17694       182.86
      22.863     0.995313        17708       213.33
      23.471     0.996094        17722       256.00
      23.695     0.996484        17728       284.44
      23.855     0.996875        17735       320.00
      24.607     0.997266        17742       365.71
      25.231     0.997656        17749       426.67
      25.775     0.998047        17756       512.00
      26.271     0.998242        17759       568.89
      26.623     0.998437        17763       640.00
      27.007     0.998633        17766       731.43
      29.999     0.998828        17770       853.33
      32.047     0.999023        17773      1024.00
      32.335     0.999121        17775      1137.78
      34.239     0.999219        17777      1280.00
      34.399     0.999316        17778      1462.86
      34.719     0.999414        17780      1706.67
      34.911     0.999512        17782      2048.00
      35.679     0.999561        17783      2275.56
      36.127     0.999609        17784      2560.00
      36.127     0.999658        17784      2925.71
      36.351     0.999707        17785      3413.33
      37.663     0.999756        17786      4096.00
      39.743     0.999780        17787      4551.11
      39.743     0.999805        17787      5120.00
      39.743     0.999829        17787      5851.43
      45.055     0.999854        17788      6826.67
      45.055     0.999878        17788      8192.00
      50.335     0.999890        17789      9102.22
      50.335     0.999902        17789     10240.00
      50.335     0.999915        17789     11702.86
      50.335     0.999927        17789     13653.33
      50.335     0.999939        17789     16384.00
      63.999     0.999945        17790     18204.44
      63.999     1.000000        17790          inf
#[Mean    =        5.526, StdDeviation   =        3.948]
#[Max     =       63.968, Total count    =        17790]
#[Buckets =           27, SubBuckets     =         2048]
----------------------------------------------------------
  26848 requests in 30.00s, 2.57GB read
Requests/sec:    894.84
Transfer/sec:     87.61MB
