Running 30s test @ https://bench-eth2.netdev-lab.org/10k.bin
  4 threads and 100 connections
  Thread calibration: mean lat.: 207.520ms, rate sampling interval: 1141ms
  Thread calibration: mean lat.: 217.737ms, rate sampling interval: 1190ms
  Thread calibration: mean lat.: 277.750ms, rate sampling interval: 1168ms
  Thread calibration: mean lat.: 190.114ms, rate sampling interval: 1065ms
  Thread Stats   Avg      Stdev     Max   +/- Stdev
    Latency   342.52ms  445.09ms   3.73s    87.82%
    Req/Sec     1.22k   111.49     1.47k    69.12%
  Latency Distribution (HdrHistogram - Recorded Latency)
 50.000%  197.63ms
 75.000%  493.57ms
 90.000%  867.84ms
 99.000%    2.16s 
 99.900%    3.31s 
 99.990%    3.64s 
 99.999%    3.71s 
100.000%    3.73s 

  Detailed Percentile spectrum:
       Value   Percentile   TotalCount 1/(1-Percentile)

       1.628     0.000000            1         1.00
       4.111     0.100000         9679         1.11
       5.819     0.200000        19333         1.25
      26.175     0.300000        28984         1.43
     123.967     0.400000        38650         1.67
     197.631     0.500000        48313         2.00
     236.927     0.550000        53139         2.22
     296.447     0.600000        57970         2.50
     355.071     0.650000        62800         2.86
     417.791     0.700000        67646         3.33
     493.567     0.750000        72467         4.00
     535.551     0.775000        74890         4.44
     583.167     0.800000        77298         5.00
     637.951     0.825000        79707         5.71
     701.951     0.850000        82131         6.67
     777.727     0.875000        84544         8.00
     820.735     0.887500        85742         8.89
     867.839     0.900000        86955        10.00
     920.575     0.912500        88163        11.43
     982.015     0.925000        89371        13.33
    1057.791     0.937500        90573        16.00
    1106.943     0.943750        91183        17.78
    1165.311     0.950000        91783        20.00
    1232.895     0.956250        92384        22.86
    1309.695     0.962500        92990        26.67
    1400.831     0.968750        93601        32.00
    1454.079     0.971875        93892        35.56
    1522.687     0.975000        94195        40.00
    1611.775     0.978125        94496        45.71
    1731.583     0.981250        94799        53.33
    1867.775     0.984375        95101        64.00
    1940.479     0.985938        95253        71.11
    2021.375     0.987500        95403        80.00
    2111.487     0.989062        95554        91.43
    2195.455     0.990625        95707       106.67
    2306.047     0.992188        95856       128.00
    2398.207     0.992969        95930       142.22
    2488.319     0.993750        96007       160.00
    2576.383     0.994531        96082       182.86
    2664.447     0.995313        96157       213.33
    2785.279     0.996094        96233       256.00
    2859.007     0.996484        96271       284.44
    2936.831     0.996875        96308       320.00
    3014.655     0.997266        96346       365.71
    3082.239     0.997656        96384       426.67
    3151.871     0.998047        96422       512.00
    3184.639     0.998242        96441       568.89
    3211.263     0.998437        96459       640.00
    3244.031     0.998633        96479       731.43
    3272.703     0.998828        96496       853.33
    3307.519     0.999023        96515      1024.00
    3330.047     0.999121        96525      1137.78
    3348.479     0.999219        96535      1280.00
    3362.815     0.999316        96543      1462.86
    3389.439     0.999414        96553      1706.67
    3426.303     0.999512        96562      2048.00
    3448.831     0.999561        96567      2275.56
    3481.599     0.999609        96572      2560.00
    3516.415     0.999658        96576      2925.71
    3536.895     0.999707        96581      3413.33
    3569.663     0.999756        96587      4096.00
    3573.759     0.999780        96588      4551.11
    3590.143     0.999805        96591      5120.00
    3604.479     0.999829        96593      5851.43
    3620.863     0.999854        96595      6826.67
    3639.295     0.999878        96599      8192.00
    3639.295     0.999890        96599      9102.22
    3643.391     0.999902        96600     10240.00
    3655.679     0.999915        96601     11702.86
    3661.823     0.999927        96602     13653.33
    3678.207     0.999939        96604     16384.00
    3678.207     0.999945        96604     18204.44
    3690.495     0.999951        96605     20480.00
    3690.495     0.999957        96605     23405.71
    3694.591     0.999963        96606     27306.67
    3708.927     0.999969        96607     32768.00
    3708.927     0.999973        96607     36408.89
    3708.927     0.999976        96607     40960.00
    3708.927     0.999979        96607     46811.43
    3713.023     0.999982        96608     54613.33
    3713.023     0.999985        96608     65536.00
    3713.023     0.999986        96608     72817.78
    3713.023     0.999988        96608     81920.00
    3713.023     0.999989        96608     93622.86
    3729.407     0.999991        96609    109226.67
    3729.407     1.000000        96609          inf
#[Mean    =      342.523, StdDeviation   =      445.092]
#[Max     =     3727.360, Total count    =        96609]
#[Buckets =           27, SubBuckets     =         2048]
----------------------------------------------------------
  144438 requests in 30.00s, 1.41GB read
Requests/sec:   4814.18
Transfer/sec:     48.19MB
