Running 30s test @ https://bench-eth2.netdev-lab.org/10k.bin
  4 threads and 100 connections
  Thread calibration: mean lat.: 1.695ms, rate sampling interval: 10ms
  Thread calibration: mean lat.: 1.667ms, rate sampling interval: 10ms
  Thread calibration: mean lat.: 1.701ms, rate sampling interval: 10ms
  Thread calibration: mean lat.: 1.682ms, rate sampling interval: 10ms
  Thread Stats   Avg      Stdev     Max   +/- Stdev
    Latency     1.72ms  684.38us  17.25ms   69.22%
    Req/Sec     2.11k   209.32     3.00k    71.52%
  Latency Distribution (HdrHistogram - Recorded Latency)
 50.000%    1.68ms
 75.000%    2.15ms
 90.000%    2.56ms
 99.000%    3.35ms
 99.900%    5.23ms
 99.990%   13.36ms
 99.999%   15.98ms
100.000%   17.26ms

  Detailed Percentile spectrum:
       Value   Percentile   TotalCount 1/(1-Percentile)

       0.407     0.000000            1         1.00
       0.891     0.100000        15966         1.11
       1.114     0.200000        31833         1.25
       1.311     0.300000        47720         1.43
       1.497     0.400000        63676         1.67
       1.680     0.500000        79530         2.00
       1.769     0.550000        87452         2.22
       1.861     0.600000        95471         2.50
       1.953     0.650000       103421         2.86
       2.049     0.700000       111309         3.33
       2.153     0.750000       119368         4.00
       2.209     0.775000       123394         4.44
       2.265     0.800000       127328         5.00
       2.327     0.825000       131217         5.71
       2.393     0.850000       135190         6.67
       2.469     0.875000       139176         8.00
       2.509     0.887500       141166         8.89
       2.555     0.900000       143176        10.00
       2.603     0.912500       145135        11.43
       2.659     0.925000       147101        13.33
       2.721     0.937500       149110        16.00
       2.755     0.943750       150065        17.78
       2.797     0.950000       151074        20.00
       2.843     0.956250       152061        22.86
       2.895     0.962500       153059        26.67
       2.955     0.968750       154063        32.00
       2.989     0.971875       154529        35.56
       3.027     0.975000       155030        40.00
       3.075     0.978125       155531        45.71
       3.127     0.981250       156030        53.33
       3.191     0.984375       156527        64.00
       3.229     0.985938       156766        71.11
       3.273     0.987500       157014        80.00
       3.319     0.989062       157262        91.43
       3.377     0.990625       157512       106.67
       3.445     0.992188       157761       128.00
       3.489     0.992969       157883       142.22
       3.551     0.993750       158012       160.00
       3.617     0.994531       158132       182.86
       3.705     0.995313       158255       213.33
       3.789     0.996094       158380       256.00
       3.851     0.996484       158442       284.44
       3.923     0.996875       158505       320.00
       4.009     0.997266       158566       365.71
       4.119     0.997656       158630       426.67
       4.247     0.998047       158690       512.00
       4.375     0.998242       158722       568.89
       4.519     0.998437       158755       640.00
       4.627     0.998633       158783       731.43
       4.883     0.998828       158814       853.33
       5.271     0.999023       158845      1024.00
       5.527     0.999121       158861      1137.78
       5.979     0.999219       158877      1280.00
       6.715     0.999316       158892      1462.86
       7.787     0.999414       158907      1706.67
       8.871     0.999512       158923      2048.00
       9.087     0.999561       158931      2275.56
       9.391     0.999609       158939      2560.00
       9.855     0.999658       158946      2925.71
      10.495     0.999707       158954      3413.33
      10.951     0.999756       158962      4096.00
      11.439     0.999780       158966      4551.11
      11.743     0.999805       158969      5120.00
      11.895     0.999829       158973      5851.43
      12.151     0.999854       158977      6826.67
      12.511     0.999878       158981      8192.00
      13.311     0.999890       158983      9102.22
      13.423     0.999902       158985     10240.00
      13.535     0.999915       158987     11702.86
      13.583     0.999927       158989     13653.33
      13.631     0.999939       158992     16384.00
      13.631     0.999945       158992     18204.44
      13.663     0.999951       158993     20480.00
      13.831     0.999957       158994     23405.71
      13.983     0.999963       158995     27306.67
      14.239     0.999969       158996     32768.00
      14.239     0.999973       158996     36408.89
      14.943     0.999976       158997     40960.00
      14.943     0.999979       158997     46811.43
      15.983     0.999982       158998     54613.33
      15.983     0.999985       158998     65536.00
      15.983     0.999986       158998     72817.78
      16.719     0.999988       158999     81920.00
      16.719     0.999989       158999     93622.86
      16.719     0.999991       158999    109226.67
      16.719     0.999992       158999    131072.00
      16.719     0.999993       158999    145635.56
      17.263     0.999994       159000    163840.00
      17.263     1.000000       159000          inf
#[Mean    =        1.718, StdDeviation   =        0.684]
#[Max     =       17.248, Total count    =       159000]
#[Buckets =           27, SubBuckets     =         2048]
----------------------------------------------------------
  239559 requests in 30.00s, 2.34GB read
Requests/sec:   7985.05
Transfer/sec:     79.93MB
