Running 30s test @ https://bench-eth2.netdev-lab.org/10k.bin
  4 threads and 100 connections
  Thread calibration: mean lat.: 193.682ms, rate sampling interval: 1136ms
  Thread calibration: mean lat.: 211.836ms, rate sampling interval: 1227ms
  Thread calibration: mean lat.: 213.117ms, rate sampling interval: 1163ms
  Thread calibration: mean lat.: 285.884ms, rate sampling interval: 1647ms
  Thread Stats   Avg      Stdev     Max   +/- Stdev
    Latency   334.03ms  431.73ms   3.25s    86.51%
    Req/Sec     1.24k   128.20     1.63k    70.97%
  Latency Distribution (HdrHistogram - Recorded Latency)
 50.000%  182.14ms
 75.000%  475.65ms
 90.000%  912.89ms
 99.000%    1.93s 
 99.900%    2.62s 
 99.990%    3.15s 
 99.999%    3.24s 
100.000%    3.26s 

  Detailed Percentile spectrum:
       Value   Percentile   TotalCount 1/(1-Percentile)

       1.674     0.000000            1         1.00
       4.243     0.100000         9867         1.11
       5.771     0.200000        19675         1.25
      14.527     0.300000        29500         1.43
     109.439     0.400000        39339         1.67
     182.143     0.500000        49180         2.00
     213.247     0.550000        54093         2.22
     263.935     0.600000        59014         2.50
     323.839     0.650000        63923         2.86
     389.887     0.700000        68846         3.33
     475.647     0.750000        73760         4.00
     525.311     0.775000        76222         4.44
     580.095     0.800000        78675         5.00
     643.583     0.825000        81138         5.71
     715.263     0.850000        83585         6.67
     803.327     0.875000        86051         8.00
     854.015     0.887500        87277         8.89
     912.895     0.900000        88503        10.00
     979.455     0.912500        89732        11.43
    1056.767     0.925000        90959        13.33
    1148.927     0.937500        92187        16.00
    1204.223     0.943750        92804        17.78
    1262.591     0.950000        93416        20.00
    1325.055     0.956250        94030        22.86
    1394.687     0.962500        94646        26.67
    1470.463     0.968750        95257        32.00
    1513.471     0.971875        95569        35.56
    1561.599     0.975000        95872        40.00
    1616.895     0.978125        96183        45.71
    1681.407     0.981250        96487        53.33
    1750.015     0.984375        96794        64.00
    1789.951     0.985938        96948        71.11
    1831.935     0.987500        97102        80.00
    1887.231     0.989062        97254        91.43
    1970.175     0.990625        97411       106.67
    2051.071     0.992188        97562       128.00
    2093.055     0.992969        97639       142.22
    2136.063     0.993750        97716       160.00
    2183.167     0.994531        97794       182.86
    2238.463     0.995313        97871       213.33
    2301.951     0.996094        97948       256.00
    2330.623     0.996484        97985       284.44
    2357.247     0.996875        98023       320.00
    2383.871     0.997266        98061       365.71
    2420.735     0.997656        98101       426.67
    2465.791     0.998047        98138       512.00
    2488.319     0.998242        98157       568.89
    2514.943     0.998437        98176       640.00
    2545.663     0.998633        98196       731.43
    2578.431     0.998828        98214       853.33
    2619.391     0.999023        98233      1024.00
    2643.967     0.999121        98243      1137.78
    2668.543     0.999219        98253      1280.00
    2699.263     0.999316        98264      1462.86
    2729.983     0.999414        98272      1706.67
    2770.943     0.999512        98281      2048.00
    2805.759     0.999561        98286      2275.56
    2840.575     0.999609        98291      2560.00
    2910.207     0.999658        98296      2925.71
    2981.887     0.999707        98301      3413.33
    3041.279     0.999756        98305      4096.00
    3069.951     0.999780        98309      4551.11
    3084.287     0.999805        98311      5120.00
    3100.671     0.999829        98313      5851.43
    3119.103     0.999854        98315      6826.67
    3135.487     0.999878        98317      8192.00
    3151.871     0.999890        98319      9102.22
    3158.015     0.999902        98320     10240.00
    3166.207     0.999915        98321     11702.86
    3172.351     0.999927        98322     13653.33
    3182.591     0.999939        98323     16384.00
    3186.687     0.999945        98324     18204.44
    3203.071     0.999951        98325     20480.00
    3203.071     0.999957        98325     23405.71
    3219.455     0.999963        98326     27306.67
    3219.455     0.999969        98326     32768.00
    3231.743     0.999973        98327     36408.89
    3231.743     0.999976        98327     40960.00
    3231.743     0.999979        98327     46811.43
    3241.983     0.999982        98328     54613.33
    3241.983     0.999985        98328     65536.00
    3241.983     0.999986        98328     72817.78
    3241.983     0.999988        98328     81920.00
    3241.983     0.999989        98328     93622.86
    3256.319     0.999991        98329    109226.67
    3256.319     1.000000        98329          inf
#[Mean    =      334.034, StdDeviation   =      431.731]
#[Max     =     3254.272, Total count    =        98329]
#[Buckets =           27, SubBuckets     =         2048]
----------------------------------------------------------
  144743 requests in 30.00s, 1.41GB read
Requests/sec:   4824.71
Transfer/sec:     48.29MB
