Running 30s test @ https://bench-eth2.netdev-lab.org/10k.bin
  4 threads and 100 connections
  Thread calibration: mean lat.: 220.317ms, rate sampling interval: 1166ms
  Thread calibration: mean lat.: 236.370ms, rate sampling interval: 1329ms
  Thread calibration: mean lat.: 200.453ms, rate sampling interval: 1027ms
  Thread calibration: mean lat.: 245.693ms, rate sampling interval: 1257ms
  Thread Stats   Avg      Stdev     Max   +/- Stdev
    Latency   248.31ms  302.92ms   2.31s    85.73%
    Req/Sec     1.23k   134.03     1.53k    67.69%
  Latency Distribution (HdrHistogram - Recorded Latency)
 50.000%  155.39ms
 75.000%  378.62ms
 90.000%  657.41ms
 99.000%    1.31s 
 99.900%    1.99s 
 99.990%    2.18s 
 99.999%    2.29s 
100.000%    2.31s 

  Detailed Percentile spectrum:
       Value   Percentile   TotalCount 1/(1-Percentile)

       1.719     0.000000            1         1.00
       3.981     0.100000         9766         1.11
       5.327     0.200000        19528         1.25
       7.995     0.300000        29284         1.43
      77.247     0.400000        39049         1.67
     155.391     0.500000        48814         2.00
     187.391     0.550000        53685         2.22
     215.807     0.600000        58587         2.50
     266.495     0.650000        63451         2.86
     321.279     0.700000        68352         3.33
     378.623     0.750000        73217         4.00
     410.623     0.775000        75653         4.44
     447.231     0.800000        78090         5.00
     489.471     0.825000        80534         5.71
     536.063     0.850000        82970         6.67
     590.847     0.875000        85419         8.00
     622.591     0.887500        86639         8.89
     657.407     0.900000        87857        10.00
     694.783     0.912500        89071        11.43
     737.791     0.925000        90298        13.33
     787.455     0.937500        91510        16.00
     816.639     0.943750        92119        17.78
     850.431     0.950000        92730        20.00
     889.343     0.956250        93344        22.86
     937.471     0.962500        93949        26.67
     991.231     0.968750        94557        32.00
    1023.487     0.971875        94861        35.56
    1058.815     0.975000        95169        40.00
    1095.679     0.978125        95471        45.71
    1137.663     0.981250        95784        53.33
    1188.863     0.984375        96084        64.00
    1218.559     0.985938        96236        71.11
    1250.303     0.987500        96386        80.00
    1288.191     0.989062        96541        91.43
    1335.295     0.990625        96694       106.67
    1389.567     0.992188        96845       128.00
    1423.359     0.992969        96919       142.22
    1461.247     0.993750        96996       160.00
    1514.495     0.994531        97073       182.86
    1564.671     0.995313        97148       213.33
    1620.991     0.996094        97224       256.00
    1657.855     0.996484        97263       284.44
    1697.791     0.996875        97300       320.00
    1736.703     0.997266        97339       365.71
    1784.831     0.997656        97377       426.67
    1841.151     0.998047        97415       512.00
    1874.943     0.998242        97435       568.89
    1904.639     0.998437        97453       640.00
    1937.407     0.998633        97472       731.43
    1970.175     0.998828        97491       853.33
    1997.823     0.999023        97510      1024.00
    2014.207     0.999121        97521      1137.78
    2026.495     0.999219        97529      1280.00
    2043.903     0.999316        97540      1462.86
    2060.287     0.999414        97548      1706.67
    2080.767     0.999512        97558      2048.00
    2083.839     0.999561        97563      2275.56
    2099.199     0.999609        97569      2560.00
    2113.535     0.999658        97574      2925.71
    2123.775     0.999707        97577      3413.33
    2140.159     0.999756        97582      4096.00
    2142.207     0.999780        97584      4551.11
    2146.303     0.999805        97586      5120.00
    2158.591     0.999829        97590      5851.43
    2162.687     0.999854        97591      6826.67
    2172.927     0.999878        97594      8192.00
    2179.071     0.999890        97595      9102.22
    2185.215     0.999902        97596     10240.00
    2189.311     0.999915        97597     11702.86
    2203.647     0.999927        97598     13653.33
    2236.415     0.999939        97600     16384.00
    2236.415     0.999945        97600     18204.44
    2250.751     0.999951        97601     20480.00
    2250.751     0.999957        97601     23405.71
    2265.087     0.999963        97602     27306.67
    2279.423     0.999969        97603     32768.00
    2279.423     0.999973        97603     36408.89
    2279.423     0.999976        97603     40960.00
    2279.423     0.999979        97603     46811.43
    2293.759     0.999982        97604     54613.33
    2293.759     0.999985        97604     65536.00
    2293.759     0.999986        97604     72817.78
    2293.759     0.999988        97604     81920.00
    2293.759     0.999989        97604     93622.86
    2310.143     0.999991        97605    109226.67
    2310.143     1.000000        97605          inf
#[Mean    =      248.309, StdDeviation   =      302.917]
#[Max     =     2308.096, Total count    =        97605]
#[Buckets =           27, SubBuckets     =         2048]
----------------------------------------------------------
  145483 requests in 30.00s, 1.42GB read
Requests/sec:   4849.39
Transfer/sec:     48.54MB
