Running 30s test @ https://bench-eth2.netdev-lab.org/10k.bin
  4 threads and 100 connections
  Thread calibration: mean lat.: 1.653ms, rate sampling interval: 10ms
  Thread calibration: mean lat.: 1.689ms, rate sampling interval: 10ms
  Thread calibration: mean lat.: 1.690ms, rate sampling interval: 10ms
  Thread calibration: mean lat.: 1.710ms, rate sampling interval: 10ms
  Thread Stats   Avg      Stdev     Max   +/- Stdev
    Latency     1.74ms  680.56us  10.60ms   68.22%
    Req/Sec     2.11k   195.90     2.89k    67.62%
  Latency Distribution (HdrHistogram - Recorded Latency)
 50.000%    1.69ms
 75.000%    2.17ms
 90.000%    2.59ms
 99.000%    3.63ms
 99.900%    5.16ms
 99.990%    6.92ms
 99.999%   10.06ms
100.000%   10.61ms

  Detailed Percentile spectrum:
       Value   Percentile   TotalCount 1/(1-Percentile)

       0.409     0.000000            1         1.00
       0.897     0.100000        15932         1.11
       1.122     0.200000        31846         1.25
       1.324     0.300000        47754         1.43
       1.510     0.400000        63659         1.67
       1.693     0.500000        79553         2.00
       1.784     0.550000        87477         2.22
       1.875     0.600000        95405         2.50
       1.970     0.650000       103432         2.86
       2.067     0.700000       111329         3.33
       2.171     0.750000       119324         4.00
       2.227     0.775000       123299         4.44
       2.287     0.800000       127297         5.00
       2.349     0.825000       131234         5.71
       2.415     0.850000       135158         6.67
       2.495     0.875000       139143         8.00
       2.539     0.887500       141160         8.89
       2.589     0.900000       143148        10.00
       2.643     0.912500       145113        11.43
       2.705     0.925000       147120        13.33
       2.779     0.937500       149097        16.00
       2.819     0.943750       150073        17.78
       2.867     0.950000       151076        20.00
       2.921     0.956250       152046        22.86
       2.987     0.962500       153066        26.67
       3.063     0.968750       154043        32.00
       3.109     0.971875       154546        35.56
       3.161     0.975000       155029        40.00
       3.225     0.978125       155527        45.71
       3.299     0.981250       156030        53.33
       3.389     0.984375       156522        64.00
       3.445     0.985938       156775        71.11
       3.505     0.987500       157023        80.00
       3.579     0.989062       157264        91.43
       3.657     0.990625       157512       106.67
       3.761     0.992188       157765       128.00
       3.821     0.992969       157885       142.22
       3.891     0.993750       158009       160.00
       3.967     0.994531       158135       182.86
       4.055     0.995313       158262       213.33
       4.155     0.996094       158383       256.00
       4.219     0.996484       158445       284.44
       4.303     0.996875       158508       320.00
       4.387     0.997266       158568       365.71
       4.495     0.997656       158630       426.67
       4.651     0.998047       158692       512.00
       4.715     0.998242       158724       568.89
       4.803     0.998437       158755       640.00
       4.915     0.998633       158785       731.43
       4.999     0.998828       158816       853.33
       5.171     0.999023       158849      1024.00
       5.283     0.999121       158864      1137.78
       5.375     0.999219       158878      1280.00
       5.459     0.999316       158894      1462.86
       5.555     0.999414       158909      1706.67
       5.715     0.999512       158925      2048.00
       5.787     0.999561       158933      2275.56
       5.891     0.999609       158940      2560.00
       6.087     0.999658       158948      2925.71
       6.131     0.999707       158956      3413.33
       6.311     0.999756       158964      4096.00
       6.363     0.999780       158968      4551.11
       6.483     0.999805       158971      5120.00
       6.643     0.999829       158975      5851.43
       6.759     0.999854       158979      6826.67
       6.879     0.999878       158983      8192.00
       6.907     0.999890       158985      9102.22
       7.003     0.999902       158987     10240.00
       7.083     0.999915       158989     11702.86
       7.119     0.999927       158991     13653.33
       7.543     0.999939       158993     16384.00
       7.687     0.999945       158994     18204.44
       7.711     0.999951       158995     20480.00
       8.391     0.999957       158996     23405.71
       9.471     0.999963       158997     27306.67
       9.895     0.999969       158998     32768.00
       9.895     0.999973       158998     36408.89
       9.943     0.999976       158999     40960.00
       9.943     0.999979       158999     46811.43
      10.055     0.999982       159000     54613.33
      10.055     0.999985       159000     65536.00
      10.055     0.999986       159000     72817.78
      10.319     0.999988       159001     81920.00
      10.319     0.999989       159001     93622.86
      10.319     0.999991       159001    109226.67
      10.319     0.999992       159001    131072.00
      10.319     0.999993       159001    145635.56
      10.607     0.999994       159002    163840.00
      10.607     1.000000       159002          inf
#[Mean    =        1.738, StdDeviation   =        0.681]
#[Max     =       10.600, Total count    =       159002]
#[Buckets =           27, SubBuckets     =         2048]
----------------------------------------------------------
  239558 requests in 30.00s, 2.34GB read
Requests/sec:   7985.11
Transfer/sec:     79.93MB
