Running 30s test @ https://bench-eth2.netdev-lab.org/10k.bin
  4 threads and 100 connections
  Thread calibration: mean lat.: 237.292ms, rate sampling interval: 1259ms
  Thread calibration: mean lat.: 272.827ms, rate sampling interval: 1424ms
  Thread calibration: mean lat.: 207.543ms, rate sampling interval: 1072ms
  Thread calibration: mean lat.: 241.418ms, rate sampling interval: 1289ms
  Thread Stats   Avg      Stdev     Max   +/- Stdev
    Latency   392.56ms  436.40ms   2.96s    84.92%
    Req/Sec     1.21k   129.58     1.48k    67.21%
  Latency Distribution (HdrHistogram - Recorded Latency)
 50.000%  248.45ms
 75.000%  599.04ms
 90.000%    1.01s 
 99.000%    1.87s 
 99.900%    2.55s 
 99.990%    2.81s 
 99.999%    2.95s 
100.000%    2.97s 

  Detailed Percentile spectrum:
       Value   Percentile   TotalCount 1/(1-Percentile)

       1.624     0.000000            1         1.00
       4.263     0.100000         9589         1.11
       6.859     0.200000        19151         1.25
      73.919     0.300000        28726         1.43
     166.143     0.400000        38307         1.67
     248.447     0.500000        47884         2.00
     306.175     0.550000        52667         2.22
     367.103     0.600000        57451         2.50
     433.151     0.650000        62238         2.86
     511.999     0.700000        67023         3.33
     599.039     0.750000        71825         4.00
     648.191     0.775000        74207         4.44
     700.927     0.800000        76600         5.00
     762.367     0.825000        78999         5.71
     832.511     0.850000        81400         6.67
     914.431     0.875000        83788         8.00
     961.535     0.887500        84980         8.89
    1010.175     0.900000        86181        10.00
    1064.959     0.912500        87387        11.43
    1127.423     0.925000        88581        13.33
    1197.055     0.937500        89765        16.00
    1235.967     0.943750        90372        17.78
    1278.975     0.950000        90969        20.00
    1326.079     0.956250        91570        22.86
    1377.279     0.962500        92163        26.67
    1439.743     0.968750        92757        32.00
    1476.607     0.971875        93057        35.56
    1518.591     0.975000        93357        40.00
    1567.743     0.978125        93654        45.71
    1623.039     0.981250        93955        53.33
    1690.623     0.984375        94252        64.00
    1736.703     0.985938        94402        71.11
    1784.831     0.987500        94554        80.00
    1835.007     0.989062        94702        91.43
    1892.351     0.990625        94852       106.67
    1954.815     0.992188        95001       128.00
    1988.607     0.992969        95074       142.22
    2030.591     0.993750        95149       160.00
    2084.863     0.994531        95225       182.86
    2144.255     0.995313        95299       213.33
    2205.695     0.996094        95373       256.00
    2246.655     0.996484        95413       284.44
    2283.519     0.996875        95450       320.00
    2326.527     0.997266        95486       365.71
    2373.631     0.997656        95523       426.67
    2420.735     0.998047        95560       512.00
    2445.311     0.998242        95581       568.89
    2465.791     0.998437        95598       640.00
    2498.559     0.998633        95617       731.43
    2523.135     0.998828        95636       853.33
    2557.951     0.999023        95654      1024.00
    2574.335     0.999121        95663      1137.78
    2588.671     0.999219        95674      1280.00
    2603.007     0.999316        95683      1462.86
    2625.535     0.999414        95691      1706.67
    2654.207     0.999512        95702      2048.00
    2664.447     0.999561        95705      2275.56
    2676.735     0.999609        95710      2560.00
    2693.119     0.999658        95715      2925.71
    2707.455     0.999707        95720      3413.33
    2732.031     0.999756        95725      4096.00
    2736.127     0.999780        95726      4551.11
    2750.463     0.999805        95729      5120.00
    2762.751     0.999829        95733      5851.43
    2762.751     0.999854        95733      6826.67
    2793.471     0.999878        95736      8192.00
    2809.855     0.999890        95737      9102.22
    2826.239     0.999902        95738     10240.00
    2842.623     0.999915        95739     11702.86
    2859.007     0.999927        95740     13653.33
    2891.775     0.999939        95742     16384.00
    2891.775     0.999945        95742     18204.44
    2906.111     0.999951        95743     20480.00
    2906.111     0.999957        95743     23405.71
    2920.447     0.999963        95744     27306.67
    2934.783     0.999969        95745     32768.00
    2934.783     0.999973        95745     36408.89
    2934.783     0.999976        95745     40960.00
    2934.783     0.999979        95745     46811.43
    2951.167     0.999982        95746     54613.33
    2951.167     0.999985        95746     65536.00
    2951.167     0.999986        95746     72817.78
    2951.167     0.999988        95746     81920.00
    2951.167     0.999989        95746     93622.86
    2965.503     0.999991        95747    109226.67
    2965.503     1.000000        95747          inf
#[Mean    =      392.556, StdDeviation   =      436.403]
#[Max     =     2963.456, Total count    =        95747]
#[Buckets =           27, SubBuckets     =         2048]
----------------------------------------------------------
  143157 requests in 30.02s, 1.40GB read
Requests/sec:   4769.47
Transfer/sec:     47.74MB
