Running 30s test @ https://bench-eth2.netdev-lab.org/10k.bin
  4 threads and 100 connections
  Thread calibration: mean lat.: 251.290ms, rate sampling interval: 1296ms
  Thread calibration: mean lat.: 225.356ms, rate sampling interval: 1146ms
  Thread calibration: mean lat.: 246.917ms, rate sampling interval: 1272ms
  Thread calibration: mean lat.: 245.760ms, rate sampling interval: 1341ms
  Thread Stats   Avg      Stdev     Max   +/- Stdev
    Latency   263.71ms  332.58ms   2.88s    86.50%
    Req/Sec     1.24k   109.00     1.52k    67.21%
  Latency Distribution (HdrHistogram - Recorded Latency)
 50.000%  161.92ms
 75.000%  381.95ms
 90.000%  700.93ms
 99.000%    1.48s 
 99.900%    2.48s 
 99.990%    2.80s 
 99.999%    2.87s 
100.000%    2.88s 

  Detailed Percentile spectrum:
       Value   Percentile   TotalCount 1/(1-Percentile)

       1.679     0.000000            1         1.00
       4.085     0.100000         9846         1.11
       5.559     0.200000        19678         1.25
       9.247     0.300000        29504         1.43
      89.407     0.400000        39332         1.67
     161.919     0.500000        49164         2.00
     193.023     0.550000        54094         2.22
     219.391     0.600000        59009         2.50
     270.335     0.650000        63933         2.86
     323.583     0.700000        68840         3.33
     381.951     0.750000        73756         4.00
     417.023     0.775000        76217         4.44
     457.727     0.800000        78674         5.00
     505.343     0.825000        81129         5.71
     560.127     0.850000        83597         6.67
     624.127     0.875000        86054         8.00
     660.479     0.887500        87270         8.89
     700.927     0.900000        88503        10.00
     744.959     0.912500        89731        11.43
     795.135     0.925000        90956        13.33
     856.063     0.937500        92183        16.00
     891.391     0.943750        92806        17.78
     930.815     0.950000        93417        20.00
     973.311     0.956250        94027        22.86
    1021.951     0.962500        94644        26.67
    1075.199     0.968750        95258        32.00
    1105.919     0.971875        95568        35.56
    1142.783     0.975000        95874        40.00
    1186.815     0.978125        96181        45.71
    1238.015     0.981250        96488        53.33
    1311.743     0.984375        96794        64.00
    1353.727     0.985938        96951        71.11
    1396.735     0.987500        97101        80.00
    1445.887     0.989062        97253        91.43
    1507.327     0.990625        97409       106.67
    1575.935     0.992188        97562       128.00
    1619.967     0.992969        97639       142.22
    1665.023     0.993750        97715       160.00
    1708.031     0.994531        97792       182.86
    1776.639     0.995313        97868       213.33
    1852.415     0.996094        97944       256.00
    1906.687     0.996484        97983       284.44
    1965.055     0.996875        98022       320.00
    2019.327     0.997266        98060       365.71
    2081.791     0.997656        98098       426.67
    2148.351     0.998047        98136       512.00
    2189.311     0.998242        98156       568.89
    2238.463     0.998437        98175       640.00
    2353.151     0.998633        98194       731.43
    2430.975     0.998828        98214       853.33
    2484.223     0.999023        98232      1024.00
    2512.895     0.999121        98242      1137.78
    2537.471     0.999219        98255      1280.00
    2553.855     0.999316        98262      1462.86
    2578.431     0.999414        98271      1706.67
    2607.103     0.999512        98281      2048.00
    2623.487     0.999561        98285      2275.56
    2650.111     0.999609        98291      2560.00
    2670.591     0.999658        98295      2925.71
    2689.023     0.999707        98300      3413.33
    2707.455     0.999756        98305      4096.00
    2719.743     0.999780        98307      4551.11
    2727.935     0.999805        98309      5120.00
    2754.559     0.999829        98312      5851.43
    2770.943     0.999854        98314      6826.67
    2787.327     0.999878        98316      8192.00
    2803.711     0.999890        98318      9102.22
    2805.759     0.999902        98319     10240.00
    2818.047     0.999915        98320     11702.86
    2820.095     0.999927        98321     13653.33
    2834.431     0.999939        98322     16384.00
    2836.479     0.999945        98323     18204.44
    2848.767     0.999951        98324     20480.00
    2848.767     0.999957        98324     23405.71
    2850.815     0.999963        98325     27306.67
    2850.815     0.999969        98325     32768.00
    2865.151     0.999973        98326     36408.89
    2865.151     0.999976        98326     40960.00
    2865.151     0.999979        98326     46811.43
    2867.199     0.999982        98327     54613.33
    2867.199     0.999985        98327     65536.00
    2867.199     0.999986        98327     72817.78
    2867.199     0.999988        98327     81920.00
    2867.199     0.999989        98327     93622.86
    2879.487     0.999991        98328    109226.67
    2879.487     1.000000        98328          inf
#[Mean    =      263.708, StdDeviation   =      332.578]
#[Max     =     2877.440, Total count    =        98328]
#[Buckets =           27, SubBuckets     =         2048]
----------------------------------------------------------
  145527 requests in 30.01s, 1.42GB read
Requests/sec:   4849.28
Transfer/sec:     48.54MB
