Running 30s test @ https://bench-eth2.netdev-lab.org/10k.bin
  4 threads and 100 connections
  Thread calibration: mean lat.: 207.706ms, rate sampling interval: 1137ms
  Thread calibration: mean lat.: 203.733ms, rate sampling interval: 1074ms
  Thread calibration: mean lat.: 185.416ms, rate sampling interval: 1047ms
  Thread calibration: mean lat.: 211.961ms, rate sampling interval: 1161ms
  Thread Stats   Avg      Stdev     Max   +/- Stdev
    Latency   242.14ms  286.86ms   1.84s    85.37%
    Req/Sec     1.22k   146.47     1.70k    70.00%
  Latency Distribution (HdrHistogram - Recorded Latency)
 50.000%  156.03ms
 75.000%  370.94ms
 90.000%  635.90ms
 99.000%    1.24s 
 99.900%    1.65s 
 99.990%    1.76s 
 99.999%    1.82s 
100.000%    1.84s 

  Detailed Percentile spectrum:
       Value   Percentile   TotalCount 1/(1-Percentile)

       1.638     0.000000            1         1.00
       4.021     0.100000         9705         1.11
       5.403     0.200000        19415         1.25
       8.447     0.300000        29115         1.43
      82.367     0.400000        38811         1.67
     156.031     0.500000        48524         2.00
     186.751     0.550000        53375         2.22
     214.655     0.600000        58222         2.50
     261.119     0.650000        63074         2.86
     313.855     0.700000        67925         3.33
     370.943     0.750000        72789         4.00
     401.919     0.775000        75207         4.44
     435.967     0.800000        77636         5.00
     477.183     0.825000        80065         5.71
     521.983     0.850000        82472         6.67
     573.439     0.875000        84909         8.00
     603.135     0.887500        86123         8.89
     635.903     0.900000        87333        10.00
     672.255     0.912500        88535        11.43
     715.775     0.925000        89755        13.33
     769.535     0.937500        90961        16.00
     800.767     0.943750        91566        17.78
     833.535     0.950000        92170        20.00
     873.471     0.956250        92786        22.86
     917.503     0.962500        93387        26.67
     965.631     0.968750        93990        32.00
     991.743     0.971875        94294        35.56
    1020.415     0.975000        94596        40.00
    1053.695     0.978125        94899        45.71
    1092.607     0.981250        95206        53.33
    1134.591     0.984375        95507        64.00
    1159.167     0.985938        95657        71.11
    1186.815     0.987500        95810        80.00
    1219.583     0.989062        95965        91.43
    1257.471     0.990625        96112       106.67
    1299.455     0.992188        96266       128.00
    1321.983     0.992969        96338       142.22
    1348.607     0.993750        96417       160.00
    1379.327     0.994531        96492       182.86
    1413.119     0.995313        96567       213.33
    1447.935     0.996094        96642       256.00
    1471.487     0.996484        96678       284.44
    1492.991     0.996875        96718       320.00
    1518.591     0.997266        96754       365.71
    1546.239     0.997656        96792       426.67
    1570.815     0.998047        96830       512.00
    1584.127     0.998242        96849       568.89
    1600.511     0.998437        96869       640.00
    1612.799     0.998633        96887       731.43
    1630.207     0.998828        96906       853.33
    1651.711     0.999023        96925      1024.00
    1657.855     0.999121        96934      1137.78
    1669.119     0.999219        96945      1280.00
    1677.311     0.999316        96953      1462.86
    1689.599     0.999414        96963      1706.67
    1698.815     0.999512        96973      2048.00
    1704.959     0.999561        96977      2275.56
    1711.103     0.999609        96982      2560.00
    1715.199     0.999658        96987      2925.71
    1726.463     0.999707        96991      3413.33
    1730.559     0.999756        96997      4096.00
    1734.655     0.999780        96998      4551.11
    1742.847     0.999805        97001      5120.00
    1744.895     0.999829        97004      5851.43
    1745.919     0.999854        97005      6826.67
    1758.207     0.999878        97008      8192.00
    1761.279     0.999890        97009      9102.22
    1762.303     0.999902        97011     10240.00
    1762.303     0.999915        97011     11702.86
    1777.663     0.999927        97012     13653.33
    1779.711     0.999939        97014     16384.00
    1779.711     0.999945        97014     18204.44
    1793.023     0.999951        97015     20480.00
    1793.023     0.999957        97015     23405.71
    1794.047     0.999963        97016     27306.67
    1808.383     0.999969        97017     32768.00
    1808.383     0.999973        97017     36408.89
    1808.383     0.999976        97017     40960.00
    1808.383     0.999979        97017     46811.43
    1824.767     0.999982        97018     54613.33
    1824.767     0.999985        97018     65536.00
    1824.767     0.999986        97018     72817.78
    1824.767     0.999988        97018     81920.00
    1824.767     0.999989        97018     93622.86
    1840.127     0.999991        97019    109226.67
    1840.127     1.000000        97019          inf
#[Mean    =      242.142, StdDeviation   =      286.862]
#[Max     =     1839.104, Total count    =        97019]
#[Buckets =           27, SubBuckets     =         2048]
----------------------------------------------------------
  145653 requests in 30.00s, 1.42GB read
Requests/sec:   4854.75
Transfer/sec:     48.59MB
