Running 30s test @ https://bench-eth2.netdev-lab.org/10k.bin
  4 threads and 100 connections
  Thread calibration: mean lat.: 190.245ms, rate sampling interval: 1034ms
  Thread calibration: mean lat.: 188.486ms, rate sampling interval: 1011ms
  Thread calibration: mean lat.: 178.640ms, rate sampling interval: 906ms
  Thread calibration: mean lat.: 181.967ms, rate sampling interval: 1028ms
  Thread Stats   Avg      Stdev     Max   +/- Stdev
    Latency   298.79ms  384.25ms   3.15s    85.61%
    Req/Sec     1.20k   163.17     1.65k    73.08%
  Latency Distribution (HdrHistogram - Recorded Latency)
 50.000%  164.09ms
 75.000%  443.13ms
 90.000%  827.39ms
 99.000%    1.65s 
 99.900%    2.69s 
 99.990%    3.06s 
 99.999%    3.13s 
100.000%    3.15s 

  Detailed Percentile spectrum:
       Value   Percentile   TotalCount 1/(1-Percentile)

       1.569     0.000000            1         1.00
       4.029     0.100000         9557         1.11
       5.371     0.200000        19117         1.25
       8.231     0.300000        28673         1.43
      85.631     0.400000        38222         1.67
     164.095     0.500000        47770         2.00
     197.247     0.550000        52562         2.22
     235.263     0.600000        57326         2.50
     298.751     0.650000        62115         2.86
     364.799     0.700000        66892         3.33
     443.135     0.750000        71659         4.00
     490.495     0.775000        74046         4.44
     543.231     0.800000        76452         5.00
     600.063     0.825000        78820         5.71
     666.111     0.850000        81219         6.67
     741.375     0.875000        83607         8.00
     782.847     0.887500        84795         8.89
     827.391     0.900000        85994        10.00
     874.495     0.912500        87183        11.43
     928.255     0.925000        88378        13.33
     993.791     0.937500        89573        16.00
    1033.215     0.943750        90165        17.78
    1079.295     0.950000        90772        20.00
    1131.519     0.956250        91366        22.86
    1189.887     0.962500        91961        26.67
    1254.399     0.968750        92555        32.00
    1294.335     0.971875        92859        35.56
    1335.295     0.975000        93154        40.00
    1378.303     0.978125        93454        45.71
    1427.455     0.981250        93751        53.33
    1488.895     0.984375        94050        64.00
    1521.663     0.985938        94197        71.11
    1564.671     0.987500        94345        80.00
    1615.871     0.989062        94495        91.43
    1672.191     0.990625        94644       106.67
    1732.607     0.992188        94794       128.00
    1767.423     0.992969        94868       142.22
    1806.335     0.993750        94943       160.00
    1851.391     0.994531        95017       182.86
    1927.167     0.995313        95093       213.33
    2072.575     0.996094        95166       256.00
    2154.495     0.996484        95204       284.44
    2211.839     0.996875        95241       320.00
    2281.471     0.997266        95278       365.71
    2347.007     0.997656        95317       426.67
    2404.351     0.998047        95353       512.00
    2447.359     0.998242        95373       568.89
    2484.223     0.998437        95390       640.00
    2523.135     0.998633        95409       731.43
    2611.199     0.998828        95429       853.33
    2699.263     0.999023        95446      1024.00
    2732.031     0.999121        95456      1137.78
    2766.847     0.999219        95465      1280.00
    2811.903     0.999316        95474      1462.86
    2859.007     0.999414        95484      1706.67
    2887.679     0.999512        95493      2048.00
    2904.063     0.999561        95498      2275.56
    2932.735     0.999609        95502      2560.00
    2963.455     0.999658        95507      2925.71
    2988.031     0.999707        95512      3413.33
    3004.415     0.999756        95517      4096.00
    3016.703     0.999780        95520      4551.11
    3024.895     0.999805        95521      5120.00
    3033.087     0.999829        95523      5851.43
    3047.423     0.999854        95526      6826.67
    3055.615     0.999878        95528      8192.00
    3059.711     0.999890        95529      9102.22
    3061.759     0.999902        95530     10240.00
    3067.903     0.999915        95531     11702.86
    3082.239     0.999927        95534     13653.33
    3082.239     0.999939        95534     16384.00
    3082.239     0.999945        95534     18204.44
    3094.527     0.999951        95535     20480.00
    3094.527     0.999957        95535     23405.71
    3106.815     0.999963        95536     27306.67
    3119.103     0.999969        95537     32768.00
    3119.103     0.999973        95537     36408.89
    3119.103     0.999976        95537     40960.00
    3119.103     0.999979        95537     46811.43
    3133.439     0.999982        95538     54613.33
    3133.439     0.999985        95538     65536.00
    3133.439     0.999986        95538     72817.78
    3133.439     0.999988        95538     81920.00
    3133.439     0.999989        95538     93622.86
    3149.823     0.999991        95539    109226.67
    3149.823     1.000000        95539          inf
#[Mean    =      298.792, StdDeviation   =      384.252]
#[Max     =     3147.776, Total count    =        95539]
#[Buckets =           27, SubBuckets     =         2048]
----------------------------------------------------------
  142531 requests in 30.00s, 1.39GB read
Requests/sec:   4750.96
Transfer/sec:     47.56MB
