Running 30s test @ https://bench-eth2.netdev-lab.org/10k.bin
  4 threads and 100 connections
  Thread calibration: mean lat.: 1.731ms, rate sampling interval: 10ms
  Thread calibration: mean lat.: 1.738ms, rate sampling interval: 10ms
  Thread calibration: mean lat.: 1.712ms, rate sampling interval: 10ms
  Thread calibration: mean lat.: 1.738ms, rate sampling interval: 10ms
  Thread Stats   Avg      Stdev     Max   +/- Stdev
    Latency     1.74ms  681.43us  17.46ms   69.27%
    Req/Sec     2.11k   199.34     2.89k    68.68%
  Latency Distribution (HdrHistogram - Recorded Latency)
 50.000%    1.71ms
 75.000%    2.17ms
 90.000%    2.57ms
 99.000%    3.39ms
 99.900%    5.26ms
 99.990%   13.45ms
 99.999%   15.96ms
100.000%   17.47ms

  Detailed Percentile spectrum:
       Value   Percentile   TotalCount 1/(1-Percentile)

       0.414     0.000000            1         1.00
       0.906     0.100000        15900         1.11
       1.142     0.200000        31836         1.25
       1.346     0.300000        47738         1.43
       1.533     0.400000        63635         1.67
       1.713     0.500000        79568         2.00
       1.801     0.550000        87509         2.22
       1.889     0.600000        95435         2.50
       1.980     0.650000       103428         2.86
       2.073     0.700000       111304         3.33
       2.175     0.750000       119321         4.00
       2.227     0.775000       123290         4.44
       2.283     0.800000       127218         5.00
       2.345     0.825000       131251         5.71
       2.409     0.850000       135238         6.67
       2.481     0.875000       139158         8.00
       2.521     0.887500       141144         8.89
       2.565     0.900000       143123        10.00
       2.617     0.912500       145114        11.43
       2.673     0.925000       147115        13.33
       2.737     0.937500       149117        16.00
       2.773     0.943750       150114        17.78
       2.813     0.950000       151067        20.00
       2.857     0.956250       152054        22.86
       2.909     0.962500       153041        26.67
       2.971     0.968750       154053        32.00
       3.007     0.971875       154544        35.56
       3.045     0.975000       155026        40.00
       3.093     0.978125       155522        45.71
       3.159     0.981250       156026        53.33
       3.223     0.984375       156516        64.00
       3.261     0.985938       156778        71.11
       3.305     0.987500       157017        80.00
       3.351     0.989062       157260        91.43
       3.415     0.990625       157518       106.67
       3.485     0.992188       157756       128.00
       3.529     0.992969       157881       142.22
       3.579     0.993750       158007       160.00
       3.649     0.994531       158132       182.86
       3.717     0.995313       158253       213.33
       3.811     0.996094       158379       256.00
       3.871     0.996484       158441       284.44
       3.953     0.996875       158502       320.00
       4.053     0.997266       158564       365.71
       4.163     0.997656       158628       426.67
       4.295     0.998047       158688       512.00
       4.459     0.998242       158720       568.89
       4.571     0.998437       158750       640.00
       4.779     0.998633       158781       731.43
       4.959     0.998828       158812       853.33
       5.319     0.999023       158843      1024.00
       5.535     0.999121       158859      1137.78
       5.771     0.999219       158874      1280.00
       6.107     0.999316       158890      1462.86
       6.567     0.999414       158905      1706.67
       7.339     0.999512       158921      2048.00
       8.207     0.999561       158929      2275.56
       8.639     0.999609       158936      2560.00
       9.847     0.999658       158944      2925.71
      10.151     0.999707       158952      3413.33
      10.943     0.999756       158960      4096.00
      11.223     0.999780       158964      4551.11
      11.511     0.999805       158967      5120.00
      11.983     0.999829       158971      5851.43
      12.655     0.999854       158975      6826.67
      12.999     0.999878       158979      8192.00
      13.255     0.999890       158981      9102.22
      13.455     0.999902       158983     10240.00
      13.663     0.999915       158985     11702.86
      13.959     0.999927       158987     13653.33
      14.151     0.999939       158989     16384.00
      14.327     0.999945       158990     18204.44
      14.759     0.999951       158991     20480.00
      14.951     0.999957       158992     23405.71
      15.095     0.999963       158993     27306.67
      15.279     0.999969       158994     32768.00
      15.279     0.999973       158994     36408.89
      15.815     0.999976       158995     40960.00
      15.815     0.999979       158995     46811.43
      15.959     0.999982       158996     54613.33
      15.959     0.999985       158996     65536.00
      15.959     0.999986       158996     72817.78
      16.007     0.999988       158997     81920.00
      16.007     0.999989       158997     93622.86
      16.007     0.999991       158997    109226.67
      16.007     0.999992       158997    131072.00
      16.007     0.999993       158997    145635.56
      17.471     0.999994       158998    163840.00
      17.471     1.000000       158998          inf
#[Mean    =        1.743, StdDeviation   =        0.681]
#[Max     =       17.456, Total count    =       158998]
#[Buckets =           27, SubBuckets     =         2048]
----------------------------------------------------------
  239559 requests in 30.00s, 2.34GB read
Requests/sec:   7985.29
Transfer/sec:     79.93MB
