Running 30s test @ https://bench-eth2.netdev-lab.org/10k.bin
  4 threads and 100 connections
  Thread calibration: mean lat.: 121.668ms, rate sampling interval: 721ms
  Thread calibration: mean lat.: 148.665ms, rate sampling interval: 883ms
  Thread calibration: mean lat.: 148.533ms, rate sampling interval: 872ms
  Thread calibration: mean lat.: 150.833ms, rate sampling interval: 775ms
  Thread Stats   Avg      Stdev     Max   +/- Stdev
    Latency   235.57ms  278.24ms   1.94s    84.98%
    Req/Sec     1.22k   121.02     1.47k    65.62%
  Latency Distribution (HdrHistogram - Recorded Latency)
 50.000%  151.68ms
 75.000%  360.45ms
 90.000%  630.78ms
 99.000%    1.17s 
 99.900%    1.66s 
 99.990%    1.87s 
 99.999%    1.93s 
100.000%    1.94s 

  Detailed Percentile spectrum:
       Value   Percentile   TotalCount 1/(1-Percentile)

       1.652     0.000000            1         1.00
       4.053     0.100000         9686         1.11
       5.295     0.200000        19362         1.25
       7.899     0.300000        29014         1.43
      79.423     0.400000        38680         1.67
     151.679     0.500000        48357         2.00
     182.399     0.550000        53180         2.22
     210.943     0.600000        58030         2.50
     251.263     0.650000        62851         2.86
     303.871     0.700000        67682         3.33
     360.447     0.750000        72519         4.00
     390.911     0.775000        74941         4.44
     425.983     0.800000        77353         5.00
     467.967     0.825000        79775         5.71
     514.559     0.850000        82186         6.67
     567.295     0.875000        84604         8.00
     597.503     0.887500        85819         8.89
     630.783     0.900000        87025        10.00
     667.135     0.912500        88239        11.43
     708.607     0.925000        89451        13.33
     754.175     0.937500        90645        16.00
     780.287     0.943750        91251        17.78
     806.399     0.950000        91853        20.00
     836.607     0.956250        92456        22.86
     871.935     0.962500        93062        26.67
     911.871     0.968750        93669        32.00
     935.423     0.971875        93969        35.56
     960.511     0.975000        94269        40.00
     991.231     0.978125        94571        45.71
    1028.607     0.981250        94874        53.33
    1070.079     0.984375        95175        64.00
    1093.631     0.985938        95330        71.11
    1121.279     0.987500        95482        80.00
    1149.951     0.989062        95630        91.43
    1181.695     0.990625        95780       106.67
    1221.631     0.992188        95930       128.00
    1247.231     0.992969        96007       142.22
    1277.951     0.993750        96083       160.00
    1316.863     0.994531        96158       182.86
    1364.991     0.995313        96232       213.33
    1427.455     0.996094        96308       256.00
    1460.223     0.996484        96347       284.44
    1484.799     0.996875        96383       320.00
    1515.519     0.997266        96424       365.71
    1544.191     0.997656        96459       426.67
    1573.887     0.998047        96497       512.00
    1590.271     0.998242        96517       568.89
    1605.631     0.998437        96534       640.00
    1624.063     0.998633        96553       731.43
    1641.471     0.998828        96572       853.33
    1661.951     0.999023        96591      1024.00
    1674.239     0.999121        96601      1137.78
    1688.575     0.999219        96610      1280.00
    1708.031     0.999316        96619      1462.86
    1726.463     0.999414        96629      1706.67
    1752.063     0.999512        96638      2048.00
    1759.231     0.999561        96643      2275.56
    1776.639     0.999609        96648      2560.00
    1786.879     0.999658        96652      2925.71
    1805.311     0.999707        96657      3413.33
    1822.719     0.999756        96662      4096.00
    1828.863     0.999780        96664      4551.11
    1839.103     0.999805        96667      5120.00
    1842.175     0.999829        96669      5851.43
    1856.511     0.999854        96671      6826.67
    1872.895     0.999878        96674      8192.00
    1873.919     0.999890        96675      9102.22
    1876.991     0.999902        96676     10240.00
    1886.207     0.999915        96677     11702.86
    1892.351     0.999927        96678     13653.33
    1901.567     0.999939        96680     16384.00
    1901.567     0.999945        96680     18204.44
    1910.783     0.999951        96682     20480.00
    1910.783     0.999957        96682     23405.71
    1910.783     0.999963        96682     27306.67
    1917.951     0.999969        96683     32768.00
    1917.951     0.999973        96683     36408.89
    1917.951     0.999976        96683     40960.00
    1917.951     0.999979        96683     46811.43
    1927.167     0.999982        96684     54613.33
    1927.167     0.999985        96684     65536.00
    1927.167     0.999986        96684     72817.78
    1927.167     0.999988        96684     81920.00
    1927.167     0.999989        96684     93622.86
    1942.527     0.999991        96685    109226.67
    1942.527     1.000000        96685          inf
#[Mean    =      235.574, StdDeviation   =      278.237]
#[Max     =     1941.504, Total count    =        96685]
#[Buckets =           27, SubBuckets     =         2048]
----------------------------------------------------------
  144251 requests in 30.00s, 1.41GB read
Requests/sec:   4807.96
Transfer/sec:     48.13MB
