Running 30s test @ https://bench-eth2.netdev-lab.org/10k.bin
  4 threads and 100 connections
  Thread calibration: mean lat.: 248.633ms, rate sampling interval: 1330ms
  Thread calibration: mean lat.: 281.069ms, rate sampling interval: 1478ms
  Thread calibration: mean lat.: 408.462ms, rate sampling interval: 1975ms
  Thread calibration: mean lat.: 254.101ms, rate sampling interval: 1489ms
  Thread Stats   Avg      Stdev     Max   +/- Stdev
    Latency   258.79ms  350.27ms   3.14s    87.42%
    Req/Sec     1.25k   118.48     1.54k    68.00%
  Latency Distribution (HdrHistogram - Recorded Latency)
 50.000%  146.56ms
 75.000%  361.98ms
 90.000%  702.46ms
 99.000%    1.57s 
 99.900%    2.62s 
 99.990%    2.97s 
 99.999%    3.12s 
100.000%    3.14s 

  Detailed Percentile spectrum:
       Value   Percentile   TotalCount 1/(1-Percentile)

       1.599     0.000000            1         1.00
       3.937     0.100000         9907         1.11
       5.231     0.200000        19825         1.25
       7.699     0.300000        29719         1.43
      69.631     0.400000        39615         1.67
     146.559     0.500000        49526         2.00
     179.071     0.550000        54490         2.22
     209.151     0.600000        59440         2.50
     247.935     0.650000        64382         2.86
     302.335     0.700000        69326         3.33
     361.983     0.750000        74290         4.00
     395.775     0.775000        76759         4.44
     435.967     0.800000        79229         5.00
     485.375     0.825000        81704         5.71
     542.207     0.850000        84184         6.67
     612.351     0.875000        86668         8.00
     654.335     0.887500        87902         8.89
     702.463     0.900000        89138        10.00
     756.735     0.912500        90379        11.43
     816.127     0.925000        91612        13.33
     883.199     0.937500        92849        16.00
     923.647     0.943750        93466        17.78
     970.751     0.950000        94089        20.00
    1025.023     0.956250        94702        22.86
    1091.583     0.962500        95330        26.67
    1164.287     0.968750        95944        32.00
    1204.223     0.971875        96253        35.56
    1249.279     0.975000        96559        40.00
    1299.455     0.978125        96872        45.71
    1351.679     0.981250        97178        53.33
    1416.191     0.984375        97489        64.00
    1453.055     0.985938        97645        71.11
    1490.943     0.987500        97797        80.00
    1540.095     0.989062        97958        91.43
    1600.511     0.990625        98106       106.67
    1669.119     0.992188        98262       128.00
    1704.959     0.992969        98338       142.22
    1754.111     0.993750        98416       160.00
    1810.431     0.994531        98493       182.86
    1879.039     0.995313        98571       213.33
    1972.223     0.996094        98648       256.00
    2024.447     0.996484        98686       284.44
    2086.911     0.996875        98725       320.00
    2193.407     0.997266        98764       365.71
    2318.335     0.997656        98804       426.67
    2406.399     0.998047        98841       512.00
    2455.551     0.998242        98862       568.89
    2494.463     0.998437        98880       640.00
    2541.567     0.998633        98901       731.43
    2578.431     0.998828        98918       853.33
    2621.439     0.999023        98938      1024.00
    2641.919     0.999121        98947      1137.78
    2664.447     0.999219        98957      1280.00
    2686.975     0.999316        98968      1462.86
    2717.695     0.999414        98977      1706.67
    2744.319     0.999512        98986      2048.00
    2760.703     0.999561        98991      2275.56
    2781.183     0.999609        98997      2560.00
    2805.759     0.999658        99001      2925.71
    2824.191     0.999707        99005      3413.33
    2840.575     0.999756        99010      4096.00
    2859.007     0.999780        99013      4551.11
    2873.343     0.999805        99015      5120.00
    2893.823     0.999829        99018      5851.43
    2908.159     0.999854        99020      6826.67
    2938.879     0.999878        99022      8192.00
    2973.695     0.999890        99024      9102.22
    2988.031     0.999902        99025     10240.00
    3006.463     0.999915        99026     11702.86
    3022.847     0.999927        99027     13653.33
    3037.183     0.999939        99028     16384.00
    3053.567     0.999945        99029     18204.44
    3071.999     0.999951        99030     20480.00
    3071.999     0.999957        99030     23405.71
    3088.383     0.999963        99031     27306.67
    3088.383     0.999969        99031     32768.00
    3104.767     0.999973        99032     36408.89
    3104.767     0.999976        99032     40960.00
    3104.767     0.999979        99032     46811.43
    3121.151     0.999982        99033     54613.33
    3121.151     0.999985        99033     65536.00
    3121.151     0.999986        99033     72817.78
    3121.151     0.999988        99033     81920.00
    3121.151     0.999989        99033     93622.86
    3137.535     0.999991        99034    109226.67
    3137.535     1.000000        99034          inf
#[Mean    =      258.785, StdDeviation   =      350.274]
#[Max     =     3135.488, Total count    =        99034]
#[Buckets =           27, SubBuckets     =         2048]
----------------------------------------------------------
  146195 requests in 30.01s, 1.43GB read
Requests/sec:   4872.04
Transfer/sec:     48.77MB
