Running 30s test @ https://bench-eth2.netdev-lab.org/10k.bin
  4 threads and 100 connections
  Thread calibration: mean lat.: 2.302ms, rate sampling interval: 10ms
  Thread calibration: mean lat.: 1.882ms, rate sampling interval: 10ms
  Thread calibration: mean lat.: 1.909ms, rate sampling interval: 10ms
  Thread calibration: mean lat.: 1.885ms, rate sampling interval: 10ms
  Thread Stats   Avg      Stdev     Max   +/- Stdev
    Latency     2.05ms  794.22us   7.10ms   65.63%
    Req/Sec     2.11k   464.70     3.00k    82.70%
  Latency Distribution (HdrHistogram - Recorded Latency)
 50.000%    2.00ms
 75.000%    2.57ms
 90.000%    3.13ms
 99.000%    4.00ms
 99.900%    4.95ms
 99.990%    5.76ms
 99.999%    6.53ms
100.000%    7.10ms

  Detailed Percentile spectrum:
       Value   Percentile   TotalCount 1/(1-Percentile)

       0.394     0.000000            1         1.00
       1.028     0.100000        15931         1.11
       1.321     0.200000        31842         1.25
       1.567     0.300000        47706         1.43
       1.790     0.400000        63630         1.67
       1.995     0.500000        79541         2.00
       2.097     0.550000        87543         2.22
       2.201     0.600000        95436         2.50
       2.311     0.650000       103483         2.86
       2.433     0.700000       111329         3.33
       2.573     0.750000       119265         4.00
       2.651     0.775000       123242         4.44
       2.735     0.800000       127272         5.00
       2.821     0.825000       131228         5.71
       2.917     0.850000       135214         6.67
       3.019     0.875000       139183         8.00
       3.073     0.887500       141133         8.89
       3.133     0.900000       143109        10.00
       3.197     0.912500       145113        11.43
       3.263     0.925000       147078        13.33
       3.341     0.937500       149069        16.00
       3.383     0.943750       150075        17.78
       3.431     0.950000       151066        20.00
       3.483     0.956250       152061        22.86
       3.539     0.962500       153050        26.67
       3.609     0.968750       154052        32.00
       3.641     0.971875       154537        35.56
       3.683     0.975000       155039        40.00
       3.727     0.978125       155537        45.71
       3.775     0.981250       156019        53.33
       3.837     0.984375       156520        64.00
       3.875     0.985938       156770        71.11
       3.917     0.987500       157013        80.00
       3.969     0.989062       157260        91.43
       4.029     0.990625       157513       106.67
       4.089     0.992188       157758       128.00
       4.127     0.992969       157890       142.22
       4.167     0.993750       158007       160.00
       4.227     0.994531       158134       182.86
       4.287     0.995313       158254       213.33
       4.351     0.996094       158380       256.00
       4.387     0.996484       158446       284.44
       4.439     0.996875       158505       320.00
       4.499     0.997266       158566       365.71
       4.555     0.997656       158628       426.67
       4.631     0.998047       158690       512.00
       4.699     0.998242       158722       568.89
       4.759     0.998437       158755       640.00
       4.815     0.998633       158782       731.43
       4.879     0.998828       158814       853.33
       4.963     0.999023       158844      1024.00
       4.999     0.999121       158862      1137.78
       5.039     0.999219       158875      1280.00
       5.107     0.999316       158891      1462.86
       5.155     0.999414       158908      1706.67
       5.215     0.999512       158922      2048.00
       5.235     0.999561       158930      2275.56
       5.263     0.999609       158937      2560.00
       5.319     0.999658       158945      2925.71
       5.367     0.999707       158953      3413.33
       5.427     0.999756       158962      4096.00
       5.471     0.999780       158965      4551.11
       5.519     0.999805       158969      5120.00
       5.535     0.999829       158972      5851.43
       5.599     0.999854       158976      6826.67
       5.627     0.999878       158980      8192.00
       5.679     0.999890       158982      9102.22
       5.811     0.999902       158984     10240.00
       5.867     0.999915       158986     11702.86
       5.875     0.999927       158988     13653.33
       5.915     0.999939       158990     16384.00
       5.931     0.999945       158991     18204.44
       5.971     0.999951       158992     20480.00
       6.055     0.999957       158993     23405.71
       6.099     0.999963       158994     27306.67
       6.319     0.999969       158995     32768.00
       6.319     0.999973       158995     36408.89
       6.499     0.999976       158996     40960.00
       6.499     0.999979       158996     46811.43
       6.527     0.999982       158997     54613.33
       6.527     0.999985       158997     65536.00
       6.527     0.999986       158997     72817.78
       6.623     0.999988       158998     81920.00
       6.623     0.999989       158998     93622.86
       6.623     0.999991       158998    109226.67
       6.623     0.999992       158998    131072.00
       6.623     0.999993       158998    145635.56
       7.103     0.999994       158999    163840.00
       7.103     1.000000       158999          inf
#[Mean    =        2.046, StdDeviation   =        0.794]
#[Max     =        7.100, Total count    =       158999]
#[Buckets =           27, SubBuckets     =         2048]
----------------------------------------------------------
  237671 requests in 30.00s, 2.32GB read
Requests/sec:   7921.62
Transfer/sec:     79.29MB
