Running 30s test @ https://bench-eth2.netdev-lab.org/10k.bin
  4 threads and 100 connections
  Thread calibration: mean lat.: 249.965ms, rate sampling interval: 1364ms
  Thread calibration: mean lat.: 332.127ms, rate sampling interval: 1809ms
  Thread calibration: mean lat.: 326.374ms, rate sampling interval: 1752ms
  Thread calibration: mean lat.: 350.016ms, rate sampling interval: 1769ms
  Thread Stats   Avg      Stdev     Max   +/- Stdev
    Latency   304.98ms  395.28ms   3.20s    87.66%
    Req/Sec     1.21k    83.88     1.42k    67.39%
  Latency Distribution (HdrHistogram - Recorded Latency)
 50.000%  181.63ms
 75.000%  419.33ms
 90.000%  791.04ms
 99.000%    1.87s 
 99.900%    2.71s 
 99.990%    3.08s 
 99.999%    3.18s 
100.000%    3.20s 

  Detailed Percentile spectrum:
       Value   Percentile   TotalCount 1/(1-Percentile)

       1.615     0.000000            1         1.00
       4.037     0.100000         9676         1.11
       5.707     0.200000        19357         1.25
      25.935     0.300000        29016         1.43
     115.071     0.400000        38687         1.67
     181.631     0.500000        48370         2.00
     211.071     0.550000        53204         2.22
     251.903     0.600000        58038         2.50
     301.823     0.650000        62883         2.86
     356.607     0.700000        67723         3.33
     419.327     0.750000        72561         4.00
     458.239     0.775000        74959         4.44
     502.527     0.800000        77375         5.00
     555.007     0.825000        79803         5.71
     617.983     0.850000        82220         6.67
     695.295     0.875000        84648         8.00
     740.863     0.887500        85845         8.89
     791.039     0.900000        87046        10.00
     849.919     0.912500        88264        11.43
     918.527     0.925000        89466        13.33
    1001.471     0.937500        90676        16.00
    1050.623     0.943750        91281        17.78
    1104.895     0.950000        91885        20.00
    1170.431     0.956250        92490        22.86
    1244.159     0.962500        93092        26.67
    1328.127     0.968750        93702        32.00
    1372.159     0.971875        94000        35.56
    1421.311     0.975000        94304        40.00
    1471.487     0.978125        94602        45.71
    1535.999     0.981250        94906        53.33
    1612.799     0.984375        95212        64.00
    1661.951     0.985938        95358        71.11
    1727.487     0.987500        95511        80.00
    1810.431     0.989062        95660        91.43
    1906.687     0.990625        95812       106.67
    2027.519     0.992188        95963       128.00
    2101.247     0.992969        96038       142.22
    2172.927     0.993750        96114       160.00
    2234.367     0.994531        96189       182.86
    2299.903     0.995313        96264       213.33
    2359.295     0.996094        96341       256.00
    2394.111     0.996484        96380       284.44
    2426.879     0.996875        96416       320.00
    2471.935     0.997266        96456       365.71
    2510.847     0.997656        96491       426.67
    2562.047     0.998047        96529       512.00
    2584.575     0.998242        96549       568.89
    2615.295     0.998437        96568       640.00
    2646.015     0.998633        96586       731.43
    2678.783     0.998828        96605       853.33
    2715.647     0.999023        96623      1024.00
    2732.031     0.999121        96632      1137.78
    2750.463     0.999219        96642      1280.00
    2770.943     0.999316        96653      1462.86
    2791.423     0.999414        96661      1706.67
    2826.239     0.999512        96670      2048.00
    2844.671     0.999561        96675      2275.56
    2867.199     0.999609        96680      2560.00
    2895.871     0.999658        96684      2925.71
    2930.687     0.999707        96689      3413.33
    2979.839     0.999756        96695      4096.00
    2996.223     0.999780        96696      4551.11
    3014.655     0.999805        96700      5120.00
    3031.039     0.999829        96701      5851.43
    3047.423     0.999854        96703      6826.67
    3065.855     0.999878        96706      8192.00
    3082.239     0.999890        96708      9102.22
    3082.239     0.999902        96708     10240.00
    3098.623     0.999915        96710     11702.86
    3098.623     0.999927        96710     13653.33
    3117.055     0.999939        96712     16384.00
    3117.055     0.999945        96712     18204.44
    3131.391     0.999951        96713     20480.00
    3131.391     0.999957        96713     23405.71
    3149.823     0.999963        96714     27306.67
    3166.207     0.999969        96715     32768.00
    3166.207     0.999973        96715     36408.89
    3166.207     0.999976        96715     40960.00
    3166.207     0.999979        96715     46811.43
    3182.591     0.999982        96716     54613.33
    3182.591     0.999985        96716     65536.00
    3182.591     0.999986        96716     72817.78
    3182.591     0.999988        96716     81920.00
    3182.591     0.999989        96716     93622.86
    3201.023     0.999991        96717    109226.67
    3201.023     1.000000        96717          inf
#[Mean    =      304.982, StdDeviation   =      395.277]
#[Max     =     3198.976, Total count    =        96717]
#[Buckets =           27, SubBuckets     =         2048]
----------------------------------------------------------
  144787 requests in 30.00s, 1.42GB read
Requests/sec:   4826.07
Transfer/sec:     48.31MB
