Running 30s test @ https://bench-eth2.netdev-lab.org/10k.bin
  4 threads and 100 connections
  Thread calibration: mean lat.: 365.506ms, rate sampling interval: 2057ms
  Thread calibration: mean lat.: 253.621ms, rate sampling interval: 1342ms
  Thread calibration: mean lat.: 433.484ms, rate sampling interval: 2383ms
  Thread calibration: mean lat.: 281.415ms, rate sampling interval: 1582ms
  Thread Stats   Avg      Stdev     Max   +/- Stdev
    Latency   200.18ms  283.22ms   3.40s    87.56%
    Req/Sec     1.21k    90.88     1.41k    67.44%
  Latency Distribution (HdrHistogram - Recorded Latency)
 50.000%  105.73ms
 75.000%  293.38ms
 90.000%  543.74ms
 99.000%    1.18s 
 99.900%    2.79s 
 99.990%    3.30s 
 99.999%    3.38s 
100.000%    3.40s 

  Detailed Percentile spectrum:
       Value   Percentile   TotalCount 1/(1-Percentile)

       1.495     0.000000            1         1.00
       3.805     0.100000         9687         1.11
       4.763     0.200000        19390         1.25
       6.047     0.300000        29068         1.43
      23.583     0.400000        38735         1.67
     105.727     0.500000        48423         2.00
     140.927     0.550000        53276         2.22
     173.055     0.600000        58115         2.50
     200.319     0.650000        62948         2.86
     235.391     0.700000        67788         3.33
     293.375     0.750000        72637         4.00
     323.327     0.775000        75056         4.44
     354.815     0.800000        77473         5.00
     389.631     0.825000        79896         5.71
     429.567     0.850000        82316         6.67
     482.559     0.875000        84732         8.00
     511.743     0.887500        85953         8.89
     543.743     0.900000        87178        10.00
     578.559     0.912500        88365        11.43
     620.031     0.925000        89573        13.33
     668.159     0.937500        90784        16.00
     696.319     0.943750        91389        17.78
     729.087     0.950000        91999        20.00
     765.951     0.956250        92602        22.86
     806.399     0.962500        93204        26.67
     852.991     0.968750        93810        32.00
     880.639     0.971875        94114        35.56
     911.359     0.975000        94414        40.00
     947.199     0.978125        94720        45.71
     990.207     0.981250        95029        53.33
    1040.383     0.984375        95323        64.00
    1073.151     0.985938        95473        71.11
    1113.087     0.987500        95628        80.00
    1154.047     0.989062        95776        91.43
    1208.319     0.990625        95931       106.67
    1287.167     0.992188        96078       128.00
    1326.079     0.992969        96154       142.22
    1374.207     0.993750        96231       160.00
    1436.671     0.994531        96307       182.86
    1500.159     0.995313        96382       213.33
    1586.175     0.996094        96456       256.00
    1643.519     0.996484        96494       284.44
    1738.751     0.996875        96532       320.00
    1869.823     0.997266        96570       365.71
    2140.159     0.997656        96608       426.67
    2361.343     0.998047        96645       512.00
    2471.935     0.998242        96664       568.89
    2553.855     0.998437        96684       640.00
    2635.775     0.998633        96702       731.43
    2732.031     0.998828        96721       853.33
    2795.519     0.999023        96740      1024.00
    2820.095     0.999121        96749      1137.78
    2854.911     0.999219        96759      1280.00
    2891.775     0.999316        96768      1462.86
    2930.687     0.999414        96778      1706.67
    2998.271     0.999512        96787      2048.00
    3039.231     0.999561        96792      2275.56
    3084.287     0.999609        96797      2560.00
    3117.055     0.999658        96801      2925.71
    3160.063     0.999707        96806      3413.33
    3192.831     0.999756        96811      4096.00
    3209.215     0.999780        96813      4551.11
    3233.791     0.999805        96816      5120.00
    3252.223     0.999829        96818      5851.43
    3266.559     0.999854        96820      6826.67
    3289.087     0.999878        96823      8192.00
    3297.279     0.999890        96824      9102.22
    3307.519     0.999902        96825     10240.00
    3313.663     0.999915        96826     11702.86
    3323.903     0.999927        96827     13653.33
    3338.239     0.999939        96829     16384.00
    3338.239     0.999945        96829     18204.44
    3348.479     0.999951        96830     20480.00
    3348.479     0.999957        96830     23405.71
    3356.671     0.999963        96831     27306.67
    3364.863     0.999969        96832     32768.00
    3364.863     0.999973        96832     36408.89
    3364.863     0.999976        96832     40960.00
    3364.863     0.999979        96832     46811.43
    3381.247     0.999982        96833     54613.33
    3381.247     0.999985        96833     65536.00
    3381.247     0.999986        96833     72817.78
    3381.247     0.999988        96833     81920.00
    3381.247     0.999989        96833     93622.86
    3397.631     0.999991        96834    109226.67
    3397.631     1.000000        96834          inf
#[Mean    =      200.185, StdDeviation   =      283.218]
#[Max     =     3395.584, Total count    =        96834]
#[Buckets =           27, SubBuckets     =         2048]
----------------------------------------------------------
  145651 requests in 30.00s, 1.42GB read
Requests/sec:   4854.82
Transfer/sec:     48.60MB
