Running 30s test @ https://bench-eth2.netdev-lab.org/10k.bin
  4 threads and 100 connections
  Thread calibration: mean lat.: 1.655ms, rate sampling interval: 10ms
  Thread calibration: mean lat.: 1.678ms, rate sampling interval: 10ms
  Thread calibration: mean lat.: 1.634ms, rate sampling interval: 10ms
  Thread calibration: mean lat.: 1.663ms, rate sampling interval: 10ms
  Thread Stats   Avg      Stdev     Max   +/- Stdev
    Latency     1.65ms  594.16us   8.77ms   65.21%
    Req/Sec     2.11k   198.04     2.78k    65.22%
  Latency Distribution (HdrHistogram - Recorded Latency)
 50.000%    1.62ms
 75.000%    2.07ms
 90.000%    2.43ms
 99.000%    3.08ms
 99.900%    3.76ms
 99.990%    5.11ms
 99.999%    6.55ms
100.000%    8.77ms

  Detailed Percentile spectrum:
       Value   Percentile   TotalCount 1/(1-Percentile)

       0.404     0.000000            1         1.00
       0.876     0.100000        15941         1.11
       1.089     0.200000        31808         1.25
       1.276     0.300000        47717         1.43
       1.451     0.400000        63643         1.67
       1.622     0.500000        79592         2.00
       1.705     0.550000        87478         2.22
       1.790     0.600000        95401         2.50
       1.879     0.650000       103361         2.86
       1.969     0.700000       111303         3.33
       2.067     0.750000       119305         4.00
       2.117     0.775000       123294         4.44
       2.171     0.800000       127269         5.00
       2.227     0.825000       131263         5.71
       2.285     0.850000       135160         6.67
       2.351     0.875000       139142         8.00
       2.389     0.887500       141196         8.89
       2.427     0.900000       143135        10.00
       2.471     0.912500       145128        11.43
       2.521     0.925000       147092        13.33
       2.575     0.937500       149062        16.00
       2.607     0.943750       150115        17.78
       2.641     0.950000       151094        20.00
       2.679     0.956250       152060        22.86
       2.721     0.962500       153076        26.67
       2.771     0.968750       154046        32.00
       2.803     0.971875       154565        35.56
       2.833     0.975000       155023        40.00
       2.869     0.978125       155523        45.71
       2.913     0.981250       156031        53.33
       2.961     0.984375       156532        64.00
       2.989     0.985938       156780        71.11
       3.019     0.987500       157016        80.00
       3.055     0.989062       157265        91.43
       3.097     0.990625       157512       106.67
       3.147     0.992188       157755       128.00
       3.177     0.992969       157885       142.22
       3.205     0.993750       158016       160.00
       3.239     0.994531       158131       182.86
       3.281     0.995313       158255       213.33
       3.333     0.996094       158377       256.00
       3.363     0.996484       158441       284.44
       3.393     0.996875       158505       320.00
       3.435     0.997266       158564       365.71
       3.477     0.997656       158625       426.67
       3.533     0.998047       158687       512.00
       3.569     0.998242       158719       568.89
       3.617     0.998437       158750       640.00
       3.647     0.998633       158780       731.43
       3.695     0.998828       158815       853.33
       3.763     0.999023       158842      1024.00
       3.819     0.999121       158858      1137.78
       3.857     0.999219       158873      1280.00
       3.935     0.999316       158889      1462.86
       3.993     0.999414       158904      1706.67
       4.099     0.999512       158920      2048.00
       4.135     0.999561       158928      2275.56
       4.199     0.999609       158935      2560.00
       4.255     0.999658       158943      2925.71
       4.315     0.999707       158951      3413.33
       4.443     0.999756       158959      4096.00
       4.499     0.999780       158963      4551.11
       4.539     0.999805       158966      5120.00
       4.663     0.999829       158970      5851.43
       4.823     0.999854       158974      6826.67
       5.023     0.999878       158978      8192.00
       5.063     0.999890       158980      9102.22
       5.127     0.999902       158982     10240.00
       5.375     0.999915       158984     11702.86
       5.675     0.999927       158986     13653.33
       5.835     0.999939       158988     16384.00
       6.059     0.999945       158989     18204.44
       6.111     0.999951       158990     20480.00
       6.279     0.999957       158992     23405.71
       6.279     0.999963       158992     27306.67
       6.479     0.999969       158993     32768.00
       6.479     0.999973       158993     36408.89
       6.483     0.999976       158994     40960.00
       6.483     0.999979       158994     46811.43
       6.555     0.999982       158995     54613.33
       6.555     0.999985       158995     65536.00
       6.555     0.999986       158995     72817.78
       8.139     0.999988       158996     81920.00
       8.139     0.999989       158996     93622.86
       8.139     0.999991       158996    109226.67
       8.139     0.999992       158996    131072.00
       8.139     0.999993       158996    145635.56
       8.775     0.999994       158997    163840.00
       8.775     1.000000       158997          inf
#[Mean    =        1.646, StdDeviation   =        0.594]
#[Max     =        8.768, Total count    =       158997]
#[Buckets =           27, SubBuckets     =         2048]
----------------------------------------------------------
  239559 requests in 30.00s, 2.34GB read
Requests/sec:   7985.05
Transfer/sec:     79.93MB
