Running 30s test @ https://bench-eth2.netdev-lab.org/10k.bin
  4 threads and 100 connections
  Thread calibration: mean lat.: 1.642ms, rate sampling interval: 10ms
  Thread calibration: mean lat.: 1.691ms, rate sampling interval: 10ms
  Thread calibration: mean lat.: 1.670ms, rate sampling interval: 10ms
  Thread calibration: mean lat.: 1.661ms, rate sampling interval: 10ms
  Thread Stats   Avg      Stdev     Max   +/- Stdev
    Latency     1.67ms  630.60us  12.83ms   66.48%
    Req/Sec     2.11k   199.79     3.33k    66.68%
  Latency Distribution (HdrHistogram - Recorded Latency)
 50.000%    1.65ms
 75.000%    2.10ms
 90.000%    2.47ms
 99.000%    3.22ms
 99.900%    4.11ms
 99.990%    8.94ms
 99.999%   12.08ms
100.000%   12.84ms

  Detailed Percentile spectrum:
       Value   Percentile   TotalCount 1/(1-Percentile)

       0.408     0.000000            1         1.00
       0.863     0.100000        15917         1.11
       1.088     0.200000        31800         1.25
       1.288     0.300000        47779         1.43
       1.472     0.400000        63604         1.67
       1.646     0.500000        79556         2.00
       1.736     0.550000        87490         2.22
       1.824     0.600000        95446         2.50
       1.914     0.650000       103437         2.86
       2.006     0.700000       111310         3.33
       2.103     0.750000       119411         4.00
       2.153     0.775000       123356         4.44
       2.205     0.800000       127211         5.00
       2.263     0.825000       131285         5.71
       2.323     0.850000       135192         6.67
       2.393     0.875000       139184         8.00
       2.431     0.887500       141154         8.89
       2.473     0.900000       143149        10.00
       2.521     0.912500       145157        11.43
       2.571     0.925000       147119        13.33
       2.633     0.937500       149078        16.00
       2.667     0.943750       150063        17.78
       2.705     0.950000       151059        20.00
       2.747     0.956250       152044        22.86
       2.797     0.962500       153034        26.67
       2.855     0.968750       154045        32.00
       2.889     0.971875       154565        35.56
       2.925     0.975000       155043        40.00
       2.969     0.978125       155529        45.71
       3.017     0.981250       156029        53.33
       3.079     0.984375       156523        64.00
       3.115     0.985938       156771        71.11
       3.151     0.987500       157014        80.00
       3.193     0.989062       157261        91.43
       3.239     0.990625       157507       106.67
       3.301     0.992188       157760       128.00
       3.335     0.992969       157880       142.22
       3.377     0.993750       158005       160.00
       3.423     0.994531       158130       182.86
       3.481     0.995313       158255       213.33
       3.541     0.996094       158378       256.00
       3.575     0.996484       158438       284.44
       3.627     0.996875       158501       320.00
       3.679     0.997266       158563       365.71
       3.735     0.997656       158627       426.67
       3.811     0.998047       158686       512.00
       3.851     0.998242       158717       568.89
       3.907     0.998437       158748       640.00
       3.975     0.998633       158779       731.43
       4.053     0.998828       158811       853.33
       4.119     0.999023       158841      1024.00
       4.183     0.999121       158857      1137.78
       4.267     0.999219       158872      1280.00
       4.375     0.999316       158888      1462.86
       4.491     0.999414       158903      1706.67
       4.679     0.999512       158919      2048.00
       4.839     0.999561       158928      2275.56
       5.095     0.999609       158934      2560.00
       5.351     0.999658       158942      2925.71
       5.779     0.999707       158950      3413.33
       6.187     0.999756       158958      4096.00
       6.747     0.999780       158962      4551.11
       7.119     0.999805       158965      5120.00
       7.347     0.999829       158969      5851.43
       7.751     0.999854       158973      6826.67
       8.455     0.999878       158977      8192.00
       8.903     0.999890       158979      9102.22
       9.079     0.999902       158981     10240.00
       9.503     0.999915       158983     11702.86
       9.847     0.999927       158985     13653.33
      10.423     0.999939       158987     16384.00
      10.623     0.999945       158988     18204.44
      10.687     0.999951       158989     20480.00
      10.711     0.999957       158990     23405.71
      11.311     0.999963       158991     27306.67
      11.511     0.999969       158992     32768.00
      11.511     0.999973       158992     36408.89
      11.703     0.999976       158993     40960.00
      11.703     0.999979       158993     46811.43
      12.079     0.999982       158994     54613.33
      12.079     0.999985       158994     65536.00
      12.079     0.999986       158994     72817.78
      12.679     0.999988       158995     81920.00
      12.679     0.999989       158995     93622.86
      12.679     0.999991       158995    109226.67
      12.679     0.999992       158995    131072.00
      12.679     0.999993       158995    145635.56
      12.839     0.999994       158996    163840.00
      12.839     1.000000       158996          inf
#[Mean    =        1.672, StdDeviation   =        0.631]
#[Max     =       12.832, Total count    =       158996]
#[Buckets =           27, SubBuckets     =         2048]
----------------------------------------------------------
  239549 requests in 30.00s, 2.34GB read
Requests/sec:   7984.79
Transfer/sec:     79.93MB
