Running 30s test @ https://bench-eth2.netdev-lab.org/10k.bin
  4 threads and 100 connections
  Thread calibration: mean lat.: 160.542ms, rate sampling interval: 907ms
  Thread calibration: mean lat.: 193.935ms, rate sampling interval: 1105ms
  Thread calibration: mean lat.: 179.620ms, rate sampling interval: 891ms
  Thread calibration: mean lat.: 212.161ms, rate sampling interval: 1149ms
  Thread Stats   Avg      Stdev     Max   +/- Stdev
    Latency   328.69ms  384.48ms   2.71s    85.66%
    Req/Sec     1.22k   151.20     1.68k    71.43%
  Latency Distribution (HdrHistogram - Recorded Latency)
 50.000%  203.65ms
 75.000%  495.87ms
 90.000%  842.24ms
 99.000%    1.70s 
 99.900%    2.44s 
 99.990%    2.64s 
 99.999%    2.70s 
100.000%    2.72s 

  Detailed Percentile spectrum:
       Value   Percentile   TotalCount 1/(1-Percentile)

       1.423     0.000000            1         1.00
       4.231     0.100000         9723         1.11
       6.039     0.200000        19413         1.25
      37.887     0.300000        29115         1.43
     133.375     0.400000        38820         1.67
     203.647     0.500000        48528         2.00
     244.351     0.550000        53380         2.22
     299.263     0.600000        58253         2.50
     355.071     0.650000        63093         2.86
     418.815     0.700000        67935         3.33
     495.871     0.750000        72781         4.00
     539.647     0.775000        75228         4.44
     586.751     0.800000        77661         5.00
     638.463     0.825000        80080         5.71
     696.319     0.850000        82488         6.67
     763.391     0.875000        84924         8.00
     800.255     0.887500        86129         8.89
     842.239     0.900000        87339        10.00
     889.343     0.912500        88551        11.43
     944.127     0.925000        89770        13.33
    1012.223     0.937500        90982        16.00
    1051.647     0.943750        91588        17.78
    1093.631     0.950000        92192        20.00
    1142.783     0.956250        92798        22.86
    1201.151     0.962500        93406        26.67
    1264.639     0.968750        94014        32.00
    1304.575     0.971875        94319        35.56
    1346.559     0.975000        94621        40.00
    1391.615     0.978125        94923        45.71
    1445.887     0.981250        95222        53.33
    1507.327     0.984375        95530        64.00
    1547.263     0.985938        95681        71.11
    1595.391     0.987500        95831        80.00
    1656.831     0.989062        95982        91.43
    1723.391     0.990625        96131       106.67
    1800.191     0.992188        96282       128.00
    1848.319     0.992969        96359       142.22
    1898.495     0.993750        96434       160.00
    1963.007     0.994531        96511       182.86
    2047.999     0.995313        96586       213.33
    2127.871     0.996094        96661       256.00
    2168.831     0.996484        96699       284.44
    2213.887     0.996875        96739       320.00
    2248.703     0.997266        96778       365.71
    2287.615     0.997656        96813       426.67
    2330.623     0.998047        96851       512.00
    2351.103     0.998242        96870       568.89
    2373.631     0.998437        96890       640.00
    2390.015     0.998633        96908       731.43
    2410.495     0.998828        96927       853.33
    2437.119     0.999023        96947      1024.00
    2451.455     0.999121        96956      1137.78
    2461.695     0.999219        96965      1280.00
    2480.127     0.999316        96975      1462.86
    2494.463     0.999414        96985      1706.67
    2512.895     0.999512        96993      2048.00
    2525.183     0.999561        96999      2275.56
    2537.471     0.999609        97004      2560.00
    2543.615     0.999658        97007      2925.71
    2566.143     0.999707        97012      3413.33
    2586.623     0.999756        97017      4096.00
    2590.719     0.999780        97019      4551.11
    2603.007     0.999805        97022      5120.00
    2611.199     0.999829        97024      5851.43
    2619.391     0.999854        97026      6826.67
    2633.727     0.999878        97029      8192.00
    2637.823     0.999890        97030      9102.22
    2650.111     0.999902        97031     10240.00
    2652.159     0.999915        97033     11702.86
    2652.159     0.999927        97033     13653.33
    2668.543     0.999939        97036     16384.00
    2668.543     0.999945        97036     18204.44
    2668.543     0.999951        97036     20480.00
    2668.543     0.999957        97036     23405.71
    2678.783     0.999963        97037     27306.67
    2682.879     0.999969        97038     32768.00
    2682.879     0.999973        97038     36408.89
    2682.879     0.999976        97038     40960.00
    2682.879     0.999979        97038     46811.43
    2699.263     0.999982        97039     54613.33
    2699.263     0.999985        97039     65536.00
    2699.263     0.999986        97039     72817.78
    2699.263     0.999988        97039     81920.00
    2699.263     0.999989        97039     93622.86
    2715.647     0.999991        97040    109226.67
    2715.647     1.000000        97040          inf
#[Mean    =      328.693, StdDeviation   =      384.478]
#[Max     =     2713.600, Total count    =        97040]
#[Buckets =           27, SubBuckets     =         2048]
----------------------------------------------------------
  144127 requests in 30.00s, 1.41GB read
Requests/sec:   4804.13
Transfer/sec:     48.09MB
