Running 30s test @ https://bench-eth2.netdev-lab.org/10k.bin
  4 threads and 100 connections
  Thread calibration: mean lat.: 1.664ms, rate sampling interval: 10ms
  Thread calibration: mean lat.: 1.655ms, rate sampling interval: 10ms
  Thread calibration: mean lat.: 1.678ms, rate sampling interval: 10ms
  Thread calibration: mean lat.: 1.638ms, rate sampling interval: 10ms
  Thread Stats   Avg      Stdev     Max   +/- Stdev
    Latency     1.68ms  631.67us  13.61ms   67.28%
    Req/Sec     2.11k   209.33     3.00k    71.93%
  Latency Distribution (HdrHistogram - Recorded Latency)
 50.000%    1.66ms
 75.000%    2.10ms
 90.000%    2.48ms
 99.000%    3.27ms
 99.900%    4.36ms
 99.990%    9.36ms
 99.999%   11.76ms
100.000%   13.61ms

  Detailed Percentile spectrum:
       Value   Percentile   TotalCount 1/(1-Percentile)

       0.401     0.000000            2         1.00
       0.885     0.100000        15906         1.11
       1.109     0.200000        31831         1.25
       1.302     0.300000        47718         1.43
       1.482     0.400000        63660         1.67
       1.656     0.500000        79567         2.00
       1.742     0.550000        87535         2.22
       1.828     0.600000        95443         2.50
       1.917     0.650000       103403         2.86
       2.008     0.700000       111330         3.33
       2.103     0.750000       119326         4.00
       2.155     0.775000       123306         4.44
       2.207     0.800000       127256         5.00
       2.265     0.825000       131203         5.71
       2.329     0.850000       135220         6.67
       2.399     0.875000       139169         8.00
       2.437     0.887500       141120         8.89
       2.483     0.900000       143165        10.00
       2.529     0.912500       145101        11.43
       2.583     0.925000       147103        13.33
       2.649     0.937500       149119        16.00
       2.685     0.943750       150113        17.78
       2.725     0.950000       151095        20.00
       2.769     0.956250       152066        22.86
       2.819     0.962500       153045        26.67
       2.879     0.968750       154045        32.00
       2.917     0.971875       154553        35.56
       2.955     0.975000       155042        40.00
       3.001     0.978125       155543        45.71
       3.055     0.981250       156043        53.33
       3.115     0.984375       156525        64.00
       3.153     0.985938       156779        71.11
       3.195     0.987500       157030        80.00
       3.239     0.989062       157275        91.43
       3.301     0.990625       157527       106.67
       3.363     0.992188       157769       128.00
       3.399     0.992969       157895       142.22
       3.441     0.993750       158018       160.00
       3.489     0.994531       158138       182.86
       3.555     0.995313       158272       213.33
       3.633     0.996094       158385       256.00
       3.673     0.996484       158449       284.44
       3.727     0.996875       158511       320.00
       3.785     0.997266       158572       365.71
       3.861     0.997656       158634       426.67
       3.945     0.998047       158696       512.00
       4.007     0.998242       158727       568.89
       4.065     0.998437       158758       640.00
       4.135     0.998633       158792       731.43
       4.219     0.998828       158820       853.33
       4.383     0.999023       158851      1024.00
       4.491     0.999121       158867      1137.78
       4.563     0.999219       158882      1280.00
       4.739     0.999316       158899      1462.86
       4.847     0.999414       158913      1706.67
       5.003     0.999512       158929      2048.00
       5.243     0.999561       158938      2275.56
       5.371     0.999609       158944      2560.00
       5.527     0.999658       158952      2925.71
       5.839     0.999707       158960      3413.33
       6.903     0.999756       158968      4096.00
       7.251     0.999780       158972      4551.11
       7.559     0.999805       158975      5120.00
       7.955     0.999829       158979      5851.43
       8.215     0.999854       158983      6826.67
       9.015     0.999878       158987      8192.00
       9.271     0.999890       158989      9102.22
       9.415     0.999902       158992     10240.00
       9.447     0.999915       158994     11702.86
       9.559     0.999927       158995     13653.33
       9.775     0.999939       158997     16384.00
       9.919     0.999945       158998     18204.44
      10.087     0.999951       158999     20480.00
      10.719     0.999957       159000     23405.71
      10.815     0.999963       159002     27306.67
      10.815     0.999969       159002     32768.00
      10.815     0.999973       159002     36408.89
      10.959     0.999976       159003     40960.00
      10.959     0.999979       159003     46811.43
      11.759     0.999982       159004     54613.33
      11.759     0.999985       159004     65536.00
      11.759     0.999986       159004     72817.78
      13.471     0.999988       159005     81920.00
      13.471     0.999989       159005     93622.86
      13.471     0.999991       159005    109226.67
      13.471     0.999992       159005    131072.00
      13.471     0.999993       159005    145635.56
      13.615     0.999994       159006    163840.00
      13.615     1.000000       159006          inf
#[Mean    =        1.684, StdDeviation   =        0.632]
#[Max     =       13.608, Total count    =       159006]
#[Buckets =           27, SubBuckets     =         2048]
----------------------------------------------------------
  239560 requests in 30.00s, 2.34GB read
Requests/sec:   7984.97
Transfer/sec:     79.93MB
