Running 30s test @ https://bench-eth2.netdev-lab.org/10k.bin
  4 threads and 100 connections
  Thread calibration: mean lat.: 157.060ms, rate sampling interval: 929ms
  Thread calibration: mean lat.: 213.238ms, rate sampling interval: 1226ms
  Thread calibration: mean lat.: 188.629ms, rate sampling interval: 1091ms
  Thread calibration: mean lat.: 214.608ms, rate sampling interval: 1211ms
  Thread Stats   Avg      Stdev     Max   +/- Stdev
    Latency   298.83ms  388.65ms   3.39s    88.28%
    Req/Sec     1.20k   124.18     1.40k    63.38%
  Latency Distribution (HdrHistogram - Recorded Latency)
 50.000%  183.17ms
 75.000%  424.96ms
 90.000%  744.45ms
 99.000%    1.91s 
 99.900%    2.86s 
 99.990%    3.23s 
 99.999%    3.38s 
100.000%    3.39s 

  Detailed Percentile spectrum:
       Value   Percentile   TotalCount 1/(1-Percentile)

       1.660     0.000000            1         1.00
       4.015     0.100000         9592         1.11
       5.415     0.200000        19185         1.25
      11.071     0.300000        28754         1.43
     109.631     0.400000        38344         1.67
     183.167     0.500000        47925         2.00
     213.759     0.550000        52725         2.22
     260.607     0.600000        57525         2.50
     311.551     0.650000        62303         2.86
     365.567     0.700000        67097         3.33
     424.959     0.750000        71908         4.00
     463.103     0.775000        74296         4.44
     504.063     0.800000        76687         5.00
     549.375     0.825000        79085         5.71
     602.111     0.850000        81472         6.67
     665.599     0.875000        83877         8.00
     702.463     0.887500        85069         8.89
     744.447     0.900000        86263        10.00
     793.599     0.912500        87465        11.43
     852.479     0.925000        88674        13.33
     923.647     0.937500        89857        16.00
     967.679     0.943750        90455        17.78
    1016.831     0.950000        91058        20.00
    1075.199     0.956250        91660        22.86
    1147.903     0.962500        92259        26.67
    1241.087     0.968750        92854        32.00
    1296.383     0.971875        93152        35.56
    1358.847     0.975000        93450        40.00
    1424.383     0.978125        93751        45.71
    1514.495     0.981250        94050        53.33
    1633.279     0.984375        94351        64.00
    1694.719     0.985938        94500        71.11
    1763.327     0.987500        94651        80.00
    1847.295     0.989062        94798        91.43
    1959.935     0.990625        94948       106.67
    2094.079     0.992188        95098       128.00
    2168.831     0.992969        95175       142.22
    2228.223     0.993750        95248       160.00
    2287.615     0.994531        95325       182.86
    2340.863     0.995313        95399       213.33
    2400.255     0.996094        95473       256.00
    2445.311     0.996484        95511       284.44
    2486.271     0.996875        95547       320.00
    2545.663     0.997266        95585       365.71
    2627.583     0.997656        95622       426.67
    2699.263     0.998047        95659       512.00
    2736.127     0.998242        95680       568.89
    2770.943     0.998437        95697       640.00
    2799.615     0.998633        95715       731.43
    2830.335     0.998828        95734       853.33
    2867.199     0.999023        95753      1024.00
    2885.631     0.999121        95762      1137.78
    2912.255     0.999219        95772      1280.00
    2940.927     0.999316        95782      1462.86
    2961.407     0.999414        95790      1706.67
    3006.463     0.999512        95800      2048.00
    3024.895     0.999561        95804      2275.56
    3055.615     0.999609        95810      2560.00
    3088.383     0.999658        95814      2925.71
    3119.103     0.999707        95818      3413.33
    3158.015     0.999756        95823      4096.00
    3174.399     0.999780        95825      4551.11
    3194.879     0.999805        95828      5120.00
    3205.119     0.999829        95830      5851.43
    3215.359     0.999854        95832      6826.67
    3229.695     0.999878        95835      8192.00
    3233.791     0.999890        95836      9102.22
    3246.079     0.999902        95837     10240.00
    3262.463     0.999915        95838     11702.86
    3278.847     0.999927        95839     13653.33
    3311.615     0.999939        95841     16384.00
    3311.615     0.999945        95841     18204.44
    3325.951     0.999951        95842     20480.00
    3325.951     0.999957        95842     23405.71
    3344.383     0.999963        95843     27306.67
    3360.767     0.999969        95844     32768.00
    3360.767     0.999973        95844     36408.89
    3360.767     0.999976        95844     40960.00
    3360.767     0.999979        95844     46811.43
    3375.103     0.999982        95845     54613.33
    3375.103     0.999985        95845     65536.00
    3375.103     0.999986        95845     72817.78
    3375.103     0.999988        95845     81920.00
    3375.103     0.999989        95845     93622.86
    3391.487     0.999991        95846    109226.67
    3391.487     1.000000        95846          inf
#[Mean    =      298.826, StdDeviation   =      388.651]
#[Max     =     3389.440, Total count    =        95846]
#[Buckets =           27, SubBuckets     =         2048]
----------------------------------------------------------
  144556 requests in 30.00s, 1.41GB read
Requests/sec:   4818.20
Transfer/sec:     48.23MB
