Running 30s test @ https://bench-eth2.netdev-lab.org/10k.bin
  4 threads and 100 connections
  Thread calibration: mean lat.: 2.015ms, rate sampling interval: 10ms
  Thread calibration: mean lat.: 2.864ms, rate sampling interval: 10ms
  Thread calibration: mean lat.: 2.755ms, rate sampling interval: 10ms
  Thread calibration: mean lat.: 2.147ms, rate sampling interval: 10ms
  Thread Stats   Avg      Stdev     Max   +/- Stdev
    Latency     2.48ms    1.25ms  17.89ms   64.96%
    Req/Sec     2.10k   485.92     3.44k    76.54%
  Latency Distribution (HdrHistogram - Recorded Latency)
 50.000%    2.18ms
 75.000%    3.38ms
 90.000%    4.40ms
 99.000%    5.30ms
 99.900%    6.14ms
 99.990%   13.27ms
 99.999%   15.90ms
100.000%   17.90ms

  Detailed Percentile spectrum:
       Value   Percentile   TotalCount 1/(1-Percentile)

       0.407     0.000000            1         1.00
       1.078     0.100000        15945         1.11
       1.352     0.200000        31841         1.25
       1.600     0.300000        47726         1.43
       1.864     0.400000        63643         1.67
       2.177     0.500000        79513         2.00
       2.365     0.550000        87520         2.22
       2.583     0.600000        95409         2.50
       2.843     0.650000       103422         2.86
       3.101     0.700000       111345         3.33
       3.381     0.750000       119304         4.00
       3.537     0.775000       123269         4.44
       3.703     0.800000       127216         5.00
       3.883     0.825000       131198         5.71
       4.065     0.850000       135165         6.67
       4.239     0.875000       139206         8.00
       4.315     0.887500       141139         8.89
       4.399     0.900000       143132        10.00
       4.483     0.912500       145120        11.43
       4.567     0.925000       147116        13.33
       4.655     0.937500       149072        16.00
       4.707     0.943750       150121        17.78
       4.759     0.950000       151094        20.00
       4.819     0.956250       152105        22.86
       4.875     0.962500       153094        26.67
       4.939     0.968750       154040        32.00
       4.979     0.971875       154570        35.56
       5.015     0.975000       155032        40.00
       5.059     0.978125       155537        45.71
       5.111     0.981250       156055        53.33
       5.171     0.984375       156548        64.00
       5.203     0.985938       156788        71.11
       5.239     0.987500       157032        80.00
       5.275     0.989062       157280        91.43
       5.319     0.990625       157525       106.67
       5.367     0.992188       157765       128.00
       5.399     0.992969       157888       142.22
       5.435     0.993750       158013       160.00
       5.475     0.994531       158141       182.86
       5.519     0.995313       158265       213.33
       5.571     0.996094       158384       256.00
       5.607     0.996484       158453       284.44
       5.647     0.996875       158512       320.00
       5.691     0.997266       158572       365.71
       5.731     0.997656       158633       426.67
       5.815     0.998047       158696       512.00
       5.879     0.998242       158726       568.89
       5.927     0.998437       158760       640.00
       5.987     0.998633       158789       731.43
       6.055     0.998828       158821       853.33
       6.151     0.999023       158850      1024.00
       6.195     0.999121       158867      1137.78
       6.267     0.999219       158881      1280.00
       6.363     0.999316       158897      1462.86
       6.503     0.999414       158912      1706.67
       6.767     0.999512       158928      2048.00
       6.915     0.999561       158936      2275.56
       7.067     0.999609       158943      2560.00
       7.447     0.999658       158951      2925.71
       8.079     0.999707       158959      3413.33
       9.735     0.999756       158967      4096.00
      11.255     0.999780       158971      4551.11
      12.111     0.999805       158974      5120.00
      12.431     0.999829       158978      5851.43
      12.711     0.999854       158982      6826.67
      13.167     0.999878       158986      8192.00
      13.255     0.999890       158988      9102.22
      13.327     0.999902       158990     10240.00
      13.455     0.999915       158992     11702.86
      13.575     0.999927       158994     13653.33
      13.727     0.999939       158996     16384.00
      13.743     0.999945       158997     18204.44
      13.775     0.999951       158998     20480.00
      13.799     0.999957       158999     23405.71
      13.967     0.999963       159000     27306.67
      14.983     0.999969       159001     32768.00
      14.983     0.999973       159001     36408.89
      15.367     0.999976       159002     40960.00
      15.367     0.999979       159002     46811.43
      15.895     0.999982       159003     54613.33
      15.895     0.999985       159003     65536.00
      15.895     0.999986       159003     72817.78
      17.343     0.999988       159004     81920.00
      17.343     0.999989       159004     93622.86
      17.343     0.999991       159004    109226.67
      17.343     0.999992       159004    131072.00
      17.343     0.999993       159004    145635.56
      17.903     0.999994       159005    163840.00
      17.903     1.000000       159005          inf
#[Mean    =        2.482, StdDeviation   =        1.247]
#[Max     =       17.888, Total count    =       159005]
#[Buckets =           27, SubBuckets     =         2048]
----------------------------------------------------------
  235784 requests in 30.00s, 2.30GB read
Requests/sec:   7858.95
Transfer/sec:     78.67MB
