Running 30s test @ https://bench-eth2.netdev-lab.org/10k.bin
  4 threads and 100 connections
  Thread calibration: mean lat.: 182.061ms, rate sampling interval: 1030ms
  Thread calibration: mean lat.: 169.069ms, rate sampling interval: 911ms
  Thread calibration: mean lat.: 207.301ms, rate sampling interval: 1134ms
  Thread calibration: mean lat.: 167.833ms, rate sampling interval: 867ms
  Thread Stats   Avg      Stdev     Max   +/- Stdev
    Latency   359.71ms  439.40ms   2.95s    86.08%
    Req/Sec     1.23k   150.56     1.56k    69.62%
  Latency Distribution (HdrHistogram - Recorded Latency)
 50.000%  208.38ms
 75.000%  522.50ms
 90.000%  945.66ms
 99.000%    2.05s 
 99.900%    2.74s 
 99.990%    2.90s 
 99.999%    2.94s 
100.000%    2.95s 

  Detailed Percentile spectrum:
       Value   Percentile   TotalCount 1/(1-Percentile)

       1.647     0.000000            1         1.00
       4.263     0.100000         9782         1.11
       6.191     0.200000        19540         1.25
      44.159     0.300000        29300         1.43
     137.215     0.400000        39073         1.67
     208.383     0.500000        48831         2.00
     253.695     0.550000        53718         2.22
     311.807     0.600000        58601         2.50
     371.455     0.650000        63483         2.86
     439.039     0.700000        68387         3.33
     522.495     0.750000        73255         4.00
     571.391     0.775000        75694         4.44
     627.711     0.800000        78138         5.00
     692.223     0.825000        80572         5.71
     764.927     0.850000        83016         6.67
     847.871     0.875000        85456         8.00
     895.487     0.887500        86695         8.89
     945.663     0.900000        87900        10.00
    1002.495     0.912500        89120        11.43
    1071.103     0.925000        90344        13.33
    1148.927     0.937500        91566        16.00
    1193.983     0.943750        92174        17.78
    1242.111     0.950000        92780        20.00
    1297.407     0.956250        93397        22.86
    1360.895     0.962500        94007        26.67
    1444.863     0.968750        94613        32.00
    1495.039     0.971875        94918        35.56
    1552.383     0.975000        95221        40.00
    1615.871     0.978125        95531        45.71
    1684.479     0.981250        95831        53.33
    1784.831     0.984375        96138        64.00
    1851.391     0.985938        96290        71.11
    1926.143     0.987500        96443        80.00
    2001.919     0.989062        96597        91.43
    2079.743     0.990625        96749       106.67
    2166.783     0.992188        96902       128.00
    2209.791     0.992969        96980       142.22
    2252.799     0.993750        97053       160.00
    2297.855     0.994531        97128       182.86
    2353.151     0.995313        97209       213.33
    2424.831     0.996094        97281       256.00
    2473.983     0.996484        97320       284.44
    2523.135     0.996875        97362       320.00
    2559.999     0.997266        97397       365.71
    2600.959     0.997656        97436       426.67
    2637.823     0.998047        97472       512.00
    2658.303     0.998242        97491       568.89
    2676.735     0.998437        97511       640.00
    2695.167     0.998633        97530       731.43
    2719.743     0.998828        97548       853.33
    2744.319     0.999023        97570      1024.00
    2756.607     0.999121        97578      1137.78
    2764.799     0.999219        97586      1280.00
    2781.183     0.999316        97597      1462.86
    2795.519     0.999414        97606      1706.67
    2811.903     0.999512        97615      2048.00
    2820.095     0.999561        97620      2275.56
    2828.287     0.999609        97624      2560.00
    2840.575     0.999658        97629      2925.71
    2846.719     0.999707        97634      3413.33
    2861.055     0.999756        97639      4096.00
    2863.103     0.999780        97641      4551.11
    2873.343     0.999805        97643      5120.00
    2881.535     0.999829        97646      5851.43
    2887.679     0.999854        97648      6826.67
    2895.871     0.999878        97651      8192.00
    2904.063     0.999890        97652      9102.22
    2906.111     0.999902        97653     10240.00
    2908.159     0.999915        97654     11702.86
    2912.255     0.999927        97655     13653.33
    2920.447     0.999939        97657     16384.00
    2920.447     0.999945        97657     18204.44
    2922.495     0.999951        97658     20480.00
    2922.495     0.999957        97658     23405.71
    2928.639     0.999963        97659     27306.67
    2936.831     0.999969        97660     32768.00
    2936.831     0.999973        97660     36408.89
    2936.831     0.999976        97660     40960.00
    2936.831     0.999979        97660     46811.43
    2940.927     0.999982        97661     54613.33
    2940.927     0.999985        97661     65536.00
    2940.927     0.999986        97661     72817.78
    2940.927     0.999988        97661     81920.00
    2940.927     0.999989        97661     93622.86
    2953.215     0.999991        97662    109226.67
    2953.215     1.000000        97662          inf
#[Mean    =      359.710, StdDeviation   =      439.400]
#[Max     =     2951.168, Total count    =        97662]
#[Buckets =           27, SubBuckets     =         2048]
----------------------------------------------------------
  144212 requests in 30.00s, 1.41GB read
Requests/sec:   4806.75
Transfer/sec:     48.11MB
