Running 30s test @ https://bench-eth2.netdev-lab.org/10k.bin
  4 threads and 100 connections
  Thread calibration: mean lat.: 225.352ms, rate sampling interval: 1210ms
  Thread calibration: mean lat.: 179.209ms, rate sampling interval: 898ms
  Thread calibration: mean lat.: 184.627ms, rate sampling interval: 945ms
  Thread calibration: mean lat.: 193.836ms, rate sampling interval: 1013ms
  Thread Stats   Avg      Stdev     Max   +/- Stdev
    Latency   209.46ms  273.15ms   2.24s    85.70%
    Req/Sec     1.22k   126.89     1.51k    67.95%
  Latency Distribution (HdrHistogram - Recorded Latency)
 50.000%  114.30ms
 75.000%  320.25ms
 90.000%  579.07ms
 99.000%    1.14s 
 99.900%    1.98s 
 99.990%    2.16s 
 99.999%    2.22s 
100.000%    2.24s 

  Detailed Percentile spectrum:
       Value   Percentile   TotalCount 1/(1-Percentile)

       1.486     0.000000            1         1.00
       3.853     0.100000         9725         1.11
       4.939     0.200000        19421         1.25
       6.663     0.300000        29134         1.43
      33.759     0.400000        38832         1.67
     114.303     0.500000        48548         2.00
     149.375     0.550000        53394         2.22
     181.503     0.600000        58261         2.50
     211.071     0.650000        63123         2.86
     257.663     0.700000        67960         3.33
     320.255     0.750000        72818         4.00
     352.255     0.775000        75250         4.44
     385.535     0.800000        77677         5.00
     423.935     0.825000        80101         5.71
     469.503     0.850000        82518         6.67
     519.167     0.875000        84952         8.00
     547.327     0.887500        86175         8.89
     579.071     0.900000        87394        10.00
     615.423     0.912500        88594        11.43
     656.383     0.925000        89799        13.33
     703.999     0.937500        91012        16.00
     731.647     0.943750        91627        17.78
     760.831     0.950000        92232        20.00
     792.575     0.956250        92832        22.86
     827.391     0.962500        93441        26.67
     866.303     0.968750        94047        32.00
     889.343     0.971875        94355        35.56
     914.943     0.975000        94652        40.00
     943.103     0.978125        94957        45.71
     977.919     0.981250        95259        53.33
    1019.903     0.984375        95564        64.00
    1046.015     0.985938        95713        71.11
    1076.223     0.987500        95865        80.00
    1113.087     0.989062        96020        91.43
    1159.167     0.990625        96168       106.67
    1217.535     0.992188        96321       128.00
    1258.495     0.992969        96398       142.22
    1306.623     0.993750        96473       160.00
    1357.823     0.994531        96550       182.86
    1424.383     0.995313        96623       213.33
    1523.711     0.996094        96699       256.00
    1587.199     0.996484        96737       284.44
    1655.807     0.996875        96775       320.00
    1722.367     0.997266        96813       365.71
    1802.239     0.997656        96851       426.67
    1864.703     0.998047        96889       512.00
    1894.399     0.998242        96909       568.89
    1915.903     0.998437        96927       640.00
    1939.455     0.998633        96946       731.43
    1963.007     0.998828        96965       853.33
    1986.559     0.999023        96984      1024.00
    1999.871     0.999121        96993      1137.78
    2015.231     0.999219        97004      1280.00
    2029.567     0.999316        97012      1462.86
    2045.951     0.999414        97022      1706.67
    2059.263     0.999512        97031      2048.00
    2064.383     0.999561        97036      2275.56
    2075.647     0.999609        97041      2560.00
    2079.743     0.999658        97045      2925.71
    2095.103     0.999707        97050      3413.33
    2107.391     0.999756        97055      4096.00
    2117.631     0.999780        97057      4551.11
    2127.871     0.999805        97060      5120.00
    2136.063     0.999829        97062      5851.43
    2142.207     0.999854        97064      6826.67
    2158.591     0.999878        97068      8192.00
    2158.591     0.999890        97068      9102.22
    2170.879     0.999902        97069     10240.00
    2177.023     0.999915        97071     11702.86
    2177.023     0.999927        97071     13653.33
    2191.359     0.999939        97073     16384.00
    2191.359     0.999945        97073     18204.44
    2195.455     0.999951        97074     20480.00
    2195.455     0.999957        97074     23405.71
    2203.647     0.999963        97075     27306.67
    2209.791     0.999969        97076     32768.00
    2209.791     0.999973        97076     36408.89
    2209.791     0.999976        97076     40960.00
    2209.791     0.999979        97076     46811.43
    2224.127     0.999982        97077     54613.33
    2224.127     0.999985        97077     65536.00
    2224.127     0.999986        97077     72817.78
    2224.127     0.999988        97077     81920.00
    2224.127     0.999989        97077     93622.86
    2240.511     0.999991        97078    109226.67
    2240.511     1.000000        97078          inf
#[Mean    =      209.461, StdDeviation   =      273.154]
#[Max     =     2238.464, Total count    =        97078]
#[Buckets =           27, SubBuckets     =         2048]
----------------------------------------------------------
  145378 requests in 30.00s, 1.42GB read
Requests/sec:   4845.98
Transfer/sec:     48.51MB
