Running 30s test @ https://bench-eth2.netdev-lab.org/10k.bin
  4 threads and 100 connections
  Thread calibration: mean lat.: 2.621ms, rate sampling interval: 10ms
  Thread calibration: mean lat.: 2.038ms, rate sampling interval: 10ms
  Thread calibration: mean lat.: 2.071ms, rate sampling interval: 10ms
  Thread calibration: mean lat.: 2.896ms, rate sampling interval: 10ms
  Thread Stats   Avg      Stdev     Max   +/- Stdev
    Latency     2.40ms    1.21ms  11.12ms   65.30%
    Req/Sec     2.10k   503.23     3.40k    76.12%
  Latency Distribution (HdrHistogram - Recorded Latency)
 50.000%    2.07ms
 75.000%    3.32ms
 90.000%    4.25ms
 99.000%    5.18ms
 99.900%    5.99ms
 99.990%    8.96ms
 99.999%   10.99ms
100.000%   11.13ms

  Detailed Percentile spectrum:
       Value   Percentile   TotalCount 1/(1-Percentile)

       0.387     0.000000            1         1.00
       1.063     0.100000        15913         1.11
       1.309     0.200000        31845         1.25
       1.523     0.300000        47722         1.43
       1.762     0.400000        63627         1.67
       2.065     0.500000        79560         2.00
       2.255     0.550000        87449         2.22
       2.483     0.600000        95446         2.50
       2.753     0.650000       103361         2.86
       3.041     0.700000       111349         3.33
       3.315     0.750000       119264         4.00
       3.457     0.775000       123228         4.44
       3.603     0.800000       127225         5.00
       3.757     0.825000       131171         5.71
       3.921     0.850000       135160         6.67
       4.087     0.875000       139171         8.00
       4.171     0.887500       141174         8.89
       4.251     0.900000       143132        10.00
       4.335     0.912500       145125        11.43
       4.423     0.925000       147107        13.33
       4.519     0.937500       149137        16.00
       4.567     0.943750       150110        17.78
       4.619     0.950000       151102        20.00
       4.675     0.956250       152064        22.86
       4.739     0.962500       153082        26.67
       4.807     0.968750       154053        32.00
       4.847     0.971875       154558        35.56
       4.891     0.975000       155067        40.00
       4.935     0.978125       155536        45.71
       4.983     0.981250       156028        53.33
       5.043     0.984375       156539        64.00
       5.075     0.985938       156764        71.11
       5.111     0.987500       157010        80.00
       5.155     0.989062       157262        91.43
       5.203     0.990625       157521       106.67
       5.259     0.992188       157764       128.00
       5.295     0.992969       157894       142.22
       5.331     0.993750       158009       160.00
       5.379     0.994531       158132       182.86
       5.431     0.995313       158250       213.33
       5.491     0.996094       158377       256.00
       5.519     0.996484       158440       284.44
       5.555     0.996875       158503       320.00
       5.607     0.997266       158562       365.71
       5.659     0.997656       158625       426.67
       5.711     0.998047       158685       512.00
       5.739     0.998242       158717       568.89
       5.787     0.998437       158749       640.00
       5.855     0.998633       158781       731.43
       5.915     0.998828       158809       853.33
       5.999     0.999023       158840      1024.00
       6.031     0.999121       158857      1137.78
       6.099     0.999219       158871      1280.00
       6.127     0.999316       158887      1462.86
       6.179     0.999414       158902      1706.67
       6.271     0.999512       158918      2048.00
       6.371     0.999561       158926      2275.56
       6.459     0.999609       158933      2560.00
       6.487     0.999658       158941      2925.71
       6.603     0.999707       158949      3413.33
       6.915     0.999756       158957      4096.00
       7.067     0.999780       158961      4551.11
       7.167     0.999805       158964      5120.00
       7.551     0.999829       158968      5851.43
       7.987     0.999854       158972      6826.67
       8.247     0.999878       158976      8192.00
       8.711     0.999890       158978      9102.22
       8.983     0.999902       158980     10240.00
       9.351     0.999915       158982     11702.86
       9.479     0.999927       158984     13653.33
       9.567     0.999939       158986     16384.00
       9.711     0.999945       158987     18204.44
       9.903     0.999951       158988     20480.00
       9.967     0.999957       158989     23405.71
      10.151     0.999963       158990     27306.67
      10.639     0.999969       158991     32768.00
      10.639     0.999973       158991     36408.89
      10.759     0.999976       158992     40960.00
      10.759     0.999979       158992     46811.43
      10.991     0.999982       158993     54613.33
      10.991     0.999985       158993     65536.00
      10.991     0.999986       158993     72817.78
      11.055     0.999988       158994     81920.00
      11.055     0.999989       158994     93622.86
      11.055     0.999991       158994    109226.67
      11.055     0.999992       158994    131072.00
      11.055     0.999993       158994    145635.56
      11.127     0.999994       158995    163840.00
      11.127     1.000000       158995          inf
#[Mean    =        2.398, StdDeviation   =        1.207]
#[Max     =       11.120, Total count    =       158995]
#[Buckets =           27, SubBuckets     =         2048]
----------------------------------------------------------
  235778 requests in 30.00s, 2.30GB read
Requests/sec:   7858.41
Transfer/sec:     78.66MB
