Running 30s test @ https://bench-eth2.netdev-lab.org/10k.bin
  4 threads and 100 connections
  Thread calibration: mean lat.: 2.093ms, rate sampling interval: 10ms
  Thread calibration: mean lat.: 2.868ms, rate sampling interval: 10ms
  Thread calibration: mean lat.: 2.800ms, rate sampling interval: 10ms
  Thread calibration: mean lat.: 2.141ms, rate sampling interval: 10ms
  Thread Stats   Avg      Stdev     Max   +/- Stdev
    Latency     2.48ms    1.19ms  11.47ms   63.85%
    Req/Sec     2.11k   477.22     3.22k    78.24%
  Latency Distribution (HdrHistogram - Recorded Latency)
 50.000%    2.18ms
 75.000%    3.44ms
 90.000%    4.26ms
 99.000%    5.17ms
 99.900%    5.95ms
 99.990%    8.04ms
 99.999%   10.10ms
100.000%   11.48ms

  Detailed Percentile spectrum:
       Value   Percentile   TotalCount 1/(1-Percentile)

       0.407     0.000000            1         1.00
       1.122     0.100000        15919         1.11
       1.399     0.200000        31842         1.25
       1.650     0.300000        47740         1.43
       1.901     0.400000        63623         1.67
       2.179     0.500000        79510         2.00
       2.347     0.550000        87457         2.22
       2.565     0.600000        95449         2.50
       2.857     0.650000       103396         2.86
       3.183     0.700000       111333         3.33
       3.445     0.750000       119268         4.00
       3.561     0.775000       123280         4.44
       3.679     0.800000       127243         5.00
       3.801     0.825000       131227         5.71
       3.939     0.850000       135176         6.67
       4.085     0.875000       139141         8.00
       4.171     0.887500       141187         8.89
       4.255     0.900000       143118        10.00
       4.347     0.912500       145127        11.43
       4.439     0.925000       147118        13.33
       4.535     0.937500       149083        16.00
       4.587     0.943750       150089        17.78
       4.639     0.950000       151119        20.00
       4.691     0.956250       152054        22.86
       4.747     0.962500       153039        26.67
       4.815     0.968750       154073        32.00
       4.847     0.971875       154525        35.56
       4.887     0.975000       155040        40.00
       4.931     0.978125       155543        45.71
       4.983     0.981250       156048        53.33
       5.039     0.984375       156540        64.00
       5.071     0.985938       156786        71.11
       5.103     0.987500       157009        80.00
       5.147     0.989062       157267        91.43
       5.187     0.990625       157515       106.67
       5.239     0.992188       157756       128.00
       5.271     0.992969       157883       142.22
       5.307     0.993750       158019       160.00
       5.339     0.994531       158130       182.86
       5.395     0.995313       158256       213.33
       5.451     0.996094       158377       256.00
       5.491     0.996484       158447       284.44
       5.523     0.996875       158509       320.00
       5.563     0.997266       158561       365.71
       5.611     0.997656       158627       426.67
       5.675     0.998047       158690       512.00
       5.691     0.998242       158716       568.89
       5.743     0.998437       158748       640.00
       5.795     0.998633       158779       731.43
       5.863     0.998828       158812       853.33
       5.979     0.999023       158840      1024.00
       6.015     0.999121       158856      1137.78
       6.071     0.999219       158872      1280.00
       6.115     0.999316       158889      1462.86
       6.171     0.999414       158903      1706.67
       6.267     0.999512       158918      2048.00
       6.363     0.999561       158926      2275.56
       6.399     0.999609       158933      2560.00
       6.543     0.999658       158941      2925.71
       6.659     0.999707       158950      3413.33
       6.791     0.999756       158957      4096.00
       6.867     0.999780       158961      4551.11
       6.939     0.999805       158965      5120.00
       7.051     0.999829       158968      5851.43
       7.203     0.999854       158972      6826.67
       7.535     0.999878       158976      8192.00
       8.031     0.999890       158978      9102.22
       8.043     0.999902       158980     10240.00
       8.187     0.999915       158982     11702.86
       8.511     0.999927       158984     13653.33
       8.871     0.999939       158986     16384.00
       8.879     0.999945       158987     18204.44
       9.135     0.999951       158988     20480.00
       9.303     0.999957       158989     23405.71
       9.519     0.999963       158990     27306.67
       9.671     0.999969       158991     32768.00
       9.671     0.999973       158991     36408.89
       9.895     0.999976       158992     40960.00
       9.895     0.999979       158992     46811.43
      10.103     0.999982       158993     54613.33
      10.103     0.999985       158993     65536.00
      10.103     0.999986       158993     72817.78
      10.183     0.999988       158994     81920.00
      10.183     0.999989       158994     93622.86
      10.183     0.999991       158994    109226.67
      10.183     0.999992       158994    131072.00
      10.183     0.999993       158994    145635.56
      11.479     0.999994       158995    163840.00
      11.479     1.000000       158995          inf
#[Mean    =        2.483, StdDeviation   =        1.186]
#[Max     =       11.472, Total count    =       158995]
#[Buckets =           27, SubBuckets     =         2048]
----------------------------------------------------------
  235777 requests in 30.00s, 2.30GB read
Requests/sec:   7858.76
Transfer/sec:     78.66MB
