Running 30s test @ https://bench-eth2.netdev-lab.org/1024k.bin
  4 threads and 100 connections
  Thread calibration: mean lat.: 658.802ms, rate sampling interval: 1791ms
  Thread calibration: mean lat.: 658.221ms, rate sampling interval: 1796ms
  Thread calibration: mean lat.: 580.456ms, rate sampling interval: 1699ms
  Thread calibration: mean lat.: 690.615ms, rate sampling interval: 1817ms
  Thread Stats   Avg      Stdev     Max   +/- Stdev
    Latency   650.41ms  233.80ms   1.16s    70.53%
    Req/Sec    17.26      2.76    24.00     90.70%
  Latency Distribution (HdrHistogram - Recorded Latency)
 50.000%  711.17ms
 75.000%  822.78ms
 90.000%  894.98ms
 99.000%    1.04s 
 99.900%    1.12s 
 99.990%    1.16s 
 99.999%    1.16s 
100.000%    1.16s 

  Detailed Percentile spectrum:
       Value   Percentile   TotalCount 1/(1-Percentile)

      36.927     0.000000            1         1.00
     304.127     0.100000          141         1.11
     457.727     0.200000          282         1.25
     546.303     0.300000          423         1.43
     632.831     0.400000          564         1.67
     711.167     0.500000          705         2.00
     751.615     0.550000          776         2.22
     778.239     0.600000          845         2.50
     795.135     0.650000          917         2.86
     807.423     0.700000          990         3.33
     822.783     0.750000         1056         4.00
     834.047     0.775000         1092         4.44
     848.895     0.800000         1127         5.00
     863.743     0.825000         1162         5.71
     875.007     0.850000         1197         6.67
     886.271     0.875000         1234         8.00
     888.831     0.887500         1251         8.89
     895.487     0.900000         1269        10.00
     899.583     0.912500         1285        11.43
     906.751     0.925000         1303        13.33
     915.967     0.937500         1320        16.00
     921.087     0.943750         1329        17.78
     928.255     0.950000         1338        20.00
     932.863     0.956250         1347        22.86
     941.055     0.962500         1356        26.67
     948.223     0.968750         1366        32.00
     952.319     0.971875         1369        35.56
     955.903     0.975000         1373        40.00
     960.511     0.978125         1378        45.71
     964.095     0.981250         1383        53.33
     966.143     0.984375         1386        64.00
    1002.495     0.985938         1389        71.11
    1025.535     0.987500         1391        80.00
    1039.871     0.989062         1393        91.43
    1041.919     0.990625         1395       106.67
    1044.991     0.992188         1397       128.00
    1063.935     0.992969         1399       142.22
    1068.031     0.993750         1400       160.00
    1072.127     0.994531         1401       182.86
    1087.487     0.995313         1403       213.33
    1087.487     0.996094         1403       256.00
    1088.511     0.996484         1404       284.44
    1088.511     0.996875         1404       320.00
    1100.799     0.997266         1405       365.71
    1100.799     0.997656         1405       426.67
    1110.015     0.998047         1406       512.00
    1110.015     0.998242         1406       568.89
    1110.015     0.998437         1406       640.00
    1116.159     0.998633         1407       731.43
    1116.159     0.998828         1407       853.33
    1116.159     0.999023         1407      1024.00
    1116.159     0.999121         1407      1137.78
    1116.159     0.999219         1407      1280.00
    1158.143     0.999316         1408      1462.86
    1158.143     1.000000         1408          inf
#[Mean    =      650.406, StdDeviation   =      233.801]
#[Max     =     1157.120, Total count    =         1408]
#[Buckets =           27, SubBuckets     =         2048]
----------------------------------------------------------
  2120 requests in 30.06s, 2.10GB read
Requests/sec:     70.53
Transfer/sec:     71.44MB
