Running 30s test @ https://bench-eth2.netdev-lab.org/1024k.bin
  4 threads and 100 connections
  Thread calibration: mean lat.: 499.940ms, rate sampling interval: 1368ms
  Thread calibration: mean lat.: 420.694ms, rate sampling interval: 1370ms
  Thread calibration: mean lat.: 489.809ms, rate sampling interval: 1355ms
  Thread calibration: mean lat.: 202.879ms, rate sampling interval: 511ms
  Thread Stats   Avg      Stdev     Max   +/- Stdev
    Latency   403.39ms  197.44ms   1.04s    50.78%
    Req/Sec    17.58     15.20    49.00     58.02%
  Latency Distribution (HdrHistogram - Recorded Latency)
 50.000%  424.19ms
 75.000%  584.19ms
 90.000%  657.41ms
 99.000%  740.35ms
 99.900%  921.09ms
 99.990%    1.04s 
 99.999%    1.04s 
100.000%    1.04s 

  Detailed Percentile spectrum:
       Value   Percentile   TotalCount 1/(1-Percentile)

      24.143     0.000000            1         1.00
     155.647     0.100000          141         1.11
     188.159     0.200000          283         1.25
     235.647     0.300000          423         1.43
     324.351     0.400000          564         1.67
     424.191     0.500000          704         2.00
     457.727     0.550000          775         2.22
     487.167     0.600000          845         2.50
     516.095     0.650000          916         2.86
     555.007     0.700000          987         3.33
     584.191     0.750000         1057         4.00
     600.063     0.775000         1092         4.44
     612.351     0.800000         1127         5.00
     624.639     0.825000         1162         5.71
     634.879     0.850000         1197         6.67
     647.679     0.875000         1234         8.00
     653.311     0.887500         1251         8.89
     657.407     0.900000         1268        10.00
     664.063     0.912500         1285        11.43
     670.719     0.925000         1304        13.33
     675.839     0.937500         1322        16.00
     677.375     0.943750         1330        17.78
     680.959     0.950000         1338        20.00
     686.591     0.956250         1347        22.86
     693.247     0.962500         1356        26.67
     700.415     0.968750         1364        32.00
     706.559     0.971875         1369        35.56
     713.215     0.975000         1374        40.00
     716.287     0.978125         1378        45.71
     722.431     0.981250         1382        53.33
     726.527     0.984375         1387        64.00
     728.063     0.985938         1390        71.11
     729.087     0.987500         1391        80.00
     732.159     0.989062         1393        91.43
     741.887     0.990625         1395       106.67
     747.519     0.992188         1397       128.00
     755.199     0.992969         1399       142.22
     762.367     0.993750         1400       160.00
     764.927     0.994531         1401       182.86
     785.919     0.995313         1402       213.33
     813.567     0.996094         1403       256.00
     826.879     0.996484         1404       284.44
     826.879     0.996875         1404       320.00
     858.623     0.997266         1405       365.71
     858.623     0.997656         1405       426.67
     881.663     0.998047         1406       512.00
     881.663     0.998242         1406       568.89
     881.663     0.998437         1406       640.00
     921.087     0.998633         1407       731.43
     921.087     0.998828         1407       853.33
     921.087     0.999023         1407      1024.00
     921.087     0.999121         1407      1137.78
     921.087     0.999219         1407      1280.00
    1036.799     0.999316         1408      1462.86
    1036.799     1.000000         1408          inf
#[Mean    =      403.389, StdDeviation   =      197.437]
#[Max     =     1036.288, Total count    =         1408]
#[Buckets =           27, SubBuckets     =         2048]
----------------------------------------------------------
  2119 requests in 30.13s, 2.10GB read
Requests/sec:     70.33
Transfer/sec:     71.24MB
