Running 30s test @ https://bench-eth2.netdev-lab.org/1024k.bin
  4 threads and 100 connections
  Thread calibration: mean lat.: 681.126ms, rate sampling interval: 1844ms
  Thread calibration: mean lat.: 630.287ms, rate sampling interval: 1806ms
  Thread calibration: mean lat.: 674.496ms, rate sampling interval: 1803ms
  Thread calibration: mean lat.: 660.579ms, rate sampling interval: 1855ms
  Thread Stats   Avg      Stdev     Max   +/- Stdev
    Latency   667.84ms  250.97ms   1.23s    71.50%
    Req/Sec    17.19      3.16    24.00     78.57%
  Latency Distribution (HdrHistogram - Recorded Latency)
 50.000%  762.88ms
 75.000%  860.16ms
 90.000%  913.41ms
 99.000%    1.00s 
 99.900%    1.18s 
 99.990%    1.23s 
 99.999%    1.23s 
100.000%    1.23s 

  Detailed Percentile spectrum:
       Value   Percentile   TotalCount 1/(1-Percentile)

      54.687     0.000000            1         1.00
     267.519     0.100000          141         1.11
     422.143     0.200000          282         1.25
     569.855     0.300000          423         1.43
     678.911     0.400000          564         1.67
     762.879     0.500000          706         2.00
     797.183     0.550000          774         2.22
     814.591     0.600000          845         2.50
     828.415     0.650000          916         2.86
     844.287     0.700000          985         3.33
     860.159     0.750000         1056         4.00
     867.839     0.775000         1093         4.44
     872.959     0.800000         1126         5.00
     881.663     0.825000         1161         5.71
     890.367     0.850000         1197         6.67
     900.607     0.875000         1232         8.00
     906.239     0.887500         1251         8.89
     914.431     0.900000         1267        10.00
     920.575     0.912500         1284        11.43
     929.279     0.925000         1302        13.33
     941.055     0.937500         1320        16.00
     944.127     0.943750         1328        17.78
     949.247     0.950000         1337        20.00
     957.439     0.956250         1347        22.86
     966.143     0.962500         1355        26.67
     972.799     0.968750         1364        32.00
     978.431     0.971875         1369        35.56
     980.991     0.975000         1373        40.00
     986.623     0.978125         1377        45.71
     988.671     0.981250         1381        53.33
     994.815     0.984375         1387        64.00
     995.327     0.985938         1388        71.11
     999.423     0.987500         1390        80.00
    1002.495     0.989062         1392        91.43
    1006.591     0.990625         1394       106.67
    1019.391     0.992188         1397       128.00
    1022.975     0.992969         1398       142.22
    1026.559     0.993750         1399       160.00
    1034.239     0.994531         1400       182.86
    1060.863     0.995313         1401       213.33
    1087.487     0.996094         1402       256.00
    1122.303     0.996484         1403       284.44
    1122.303     0.996875         1403       320.00
    1143.807     0.997266         1404       365.71
    1143.807     0.997656         1404       426.67
    1148.927     0.998047         1405       512.00
    1148.927     0.998242         1405       568.89
    1148.927     0.998437         1405       640.00
    1178.623     0.998633         1406       731.43
    1178.623     0.998828         1406       853.33
    1178.623     0.999023         1406      1024.00
    1178.623     0.999121         1406      1137.78
    1178.623     0.999219         1406      1280.00
    1229.823     0.999316         1407      1462.86
    1229.823     1.000000         1407          inf
#[Mean    =      667.835, StdDeviation   =      250.972]
#[Max     =     1228.800, Total count    =         1407]
#[Buckets =           27, SubBuckets     =         2048]
----------------------------------------------------------
  2121 requests in 30.11s, 2.10GB read
Requests/sec:     70.43
Transfer/sec:     71.34MB
